  {
    "Channel": "Security",
    "Data.AccessList": "%%1552\r\n\t\t\t\t",
    "Data.AccessMask": "0x1",
    "Data.AdditionalInfo": "Local Read (GetObject)",
    "Data.AdditionalInfo2": "ROOT\\CIMV2\\Security\\MicrosoftVolumeEncryption:Win32_EncryptableVolume",
    "Data.HandleId": "0x0",
    "Data.ObjectName": "ROOT\\CIMV2\\Security\\MicrosoftVolumeEncryption",
    "Data.ObjectServer": "WMI",
    "Data.ObjectType": "WMI Namespace",
    "Data.OperationType": "Object Access",
    "Data.Properties": "-",
    "Data.SubjectDomainName": "FRANZBROT",
    "Data.SubjectLogonId": "0x3e7",
    "Data.SubjectUserName": "PRETZEL$",
    "Data.SubjectUserSid": "S-1-5-18",
    "dataSource.category": "security",
    "dataSource.name": "win-events",
    "dataSource.vendor": "Jan Tietze",
    "Description": "An operation was performed on an object.\r\n\r\nSubject :\r\n\tSecurity ID:\t\tS-1-5-18\r\n\tAccount Name:\t\tPRETZEL$\r\n\tAccount Domain:\t\tFRANZBROT\r\n\tLogon ID:\t\t0x3E7\r\n\r\nObject:\r\n\tObject Server:\t\tWMI\r\n\tObject Type:\t\tWMI Namespace\r\n\tObject Name:\t\tROOT\\CIMV2\\Security\\MicrosoftVolumeEncryption\r\n\tHandle ID:\t\t0x0\r\n\r\nOperation:\r\n\tOperation Type:\t\tObject Access\r\n\tAccesses:\t\tUnknown specific access (bit 0)\r\n\t\t\t\t\r\n\tAccess Mask:\t\t0x1\r\n\tProperties:\t\t-\r\n\r\nAdditional Information:\r\n\tParameter 1:\t\tLocal Read (GetObject)\r\n\tParameter 2:\t\tROOT\\CIMV2\\Security\\MicrosoftVolumeEncryption:Win32_EncryptableVolume",
    "endpoint.name": "pretzel",
    "endpoint.os": "windows",
    "endpoint.type": "desktop",
    "endpoint.uuid": "d859d8e6a7c64c56b8a29ea7e19530df",
    "EventID": 4662,
    "Level": "Information",
    "logfile": "event-log",
    "OriginalXml": "<Event xmlns='http://schemas.microsoft.com/win/2004/08/events/event'><System><Provider Name='Microsoft-Windows-Security-Auditing' Guid='{54849625-5478-4994-a5ba-3e3b0328c30d}'/><EventID>4662</EventID><Version>0</Version><Level>0</Level><Task>12804</Task><Opcode>0</Opcode><Keywords>0x8020000000000000</Keywords><TimeCreated SystemTime='2023-03-15T23:53:13.2426758Z'/><EventRecordID>1460313</EventRecordID><Correlation ActivityID='{d0a8d543-2da3-4a32-a49b-655fe4a3e179}'/><Execution ProcessID='776' ThreadID='1108'/><Channel>Security</Channel><Computer>pretzel.franzbrot.lab</Computer><Security/></System><EventData><Data Name='SubjectUserSid'>S-1-5-18</Data><Data Name='SubjectUserName'>PRETZEL$</Data><Data Name='SubjectDomainName'>FRANZBROT</Data><Data Name='SubjectLogonId'>0x3e7</Data><Data Name='ObjectServer'>WMI</Data><Data Name='ObjectType'>WMI Namespace</Data><Data Name='ObjectName'>ROOT\\CIMV2\\Security\\MicrosoftVolumeEncryption</Data><Data Name='OperationType'>Object Access</Data><Data Name='HandleId'>0x0</Data><Data Name='AccessList'>%%1552\r\n\t\t\t\t</Data><Data Name='AccessMask'>0x1</Data><Data Name='Properties'>-</Data><Data Name='AdditionalInfo'>Local Read (GetObject)</Data><Data Name='AdditionalInfo2'>ROOT\\CIMV2\\Security\\MicrosoftVolumeEncryption:Win32_EncryptableVolume</Data></EventData></Event>",
    "serverHost": "usea1-purple-sentinelone-export-event-logs-4264180302120732rxc7",
    "serverIP": "10.192.97.57",
    "severity": 3,
    "site.id": "1507783031301602210",
    "System.Channel": "Security",
    "System.Computer": "pretzel.franzbrot.lab",
    "System.Correlation.ActivityID": "{d0a8d543-2da3-4a32-a49b-655fe4a3e179}",
    "System.EventID": "4662",
    "System.EventRecordID": "1460313",
    "System.Execution.ProcessID": "776",
    "System.Execution.ThreadID": "1108",
    "System.Keywords": "0x8020000000000000",
    "System.Level": "0",
    "System.Opcode": "0",
    "System.Provider.Guid": "{54849625-5478-4994-a5ba-3e3b0328c30d}",
    "System.Provider.Name": "Microsoft-Windows-Security-Auditing",
    "System.Task": "12804",
    "System.TimeCreated.SystemTime": "2023-03-15T23:53:13.2426758Z",
    "System.Version": "0",
    "threadId": "default"
  },
  {
    "Channel": "Security",
    "Data.AccessList": "%%1552\r\n\t\t\t\t%%1553\r\n\t\t\t\t",
    "Data.AccessMask": "0x3",
    "Data.AdditionalInfo": "Local Execute (ExecMethod)",
    "Data.AdditionalInfo2": "ROOT\\CIMV2\\Security\\MicrosoftVolumeEncryption:\\\\PRETZEL\\ROOT\\CIMV2\\Security\\MicrosoftVolumeEncryption:Win32_EncryptableVolume.DeviceID=\"\\\\\\\\?\\\\Volume{f7b9f45f-edde-11ec-ab3c-eb5f1ef6d768}\\\\\"::GetProtectionStatus",
    "Data.HandleId": "0x0",
    "Data.ObjectName": "ROOT\\CIMV2\\Security\\MicrosoftVolumeEncryption",
    "Data.ObjectServer": "WMI",
    "Data.ObjectType": "WMI Namespace",
    "Data.OperationType": "Object Access",
    "Data.Properties": "-",
    "Data.SubjectDomainName": "FRANZBROT",
    "Data.SubjectLogonId": "0x3e7",
    "Data.SubjectUserName": "PRETZEL$",
    "Data.SubjectUserSid": "S-1-5-18",
    "dataSource.category": "security",
    "dataSource.name": "win-events",
    "dataSource.vendor": "Jan Tietze",
    "Description": "An operation was performed on an object.\r\n\r\nSubject :\r\n\tSecurity ID:\t\tS-1-5-18\r\n\tAccount Name:\t\tPRETZEL$\r\n\tAccount Domain:\t\tFRANZBROT\r\n\tLogon ID:\t\t0x3E7\r\n\r\nObject:\r\n\tObject Server:\t\tWMI\r\n\tObject Type:\t\tWMI Namespace\r\n\tObject Name:\t\tROOT\\CIMV2\\Security\\MicrosoftVolumeEncryption\r\n\tHandle ID:\t\t0x0\r\n\r\nOperation:\r\n\tOperation Type:\t\tObject Access\r\n\tAccesses:\t\tUnknown specific access (bit 0)\r\n\t\t\t\tUnknown specific access (bit 1)\r\n\t\t\t\t\r\n\tAccess Mask:\t\t0x3\r\n\tProperties:\t\t-\r\n\r\nAdditional Information:\r\n\tParameter 1:\t\tLocal Execute (ExecMethod)\r\n\tParameter 2:\t\tROOT\\CIMV2\\Security\\MicrosoftVolumeEncryption:\\\\PRETZEL\\ROOT\\CIMV2\\Security\\MicrosoftVolumeEncryption:Win32_EncryptableVolume.DeviceID=\"\\\\\\\\?\\\\Volume{f7b9f45f-edde-11ec-ab3c-eb5f1ef6d768}\\\\\"::GetProtectionStatus",
    "endpoint.name": "pretzel",
    "endpoint.os": "windows",
    "endpoint.type": "desktop",
    "endpoint.uuid": "d859d8e6a7c64c56b8a29ea7e19530df",
    "EventID": 4662,
    "Level": "Information",
    "logfile": "event-log",
    "OriginalXml": "<Event xmlns='http://schemas.microsoft.com/win/2004/08/events/event'><System><Provider Name='Microsoft-Windows-Security-Auditing' Guid='{54849625-5478-4994-a5ba-3e3b0328c30d}'/><EventID>4662</EventID><Version>0</Version><Level>0</Level><Task>12804</Task><Opcode>0</Opcode><Keywords>0x8020000000000000</Keywords><TimeCreated SystemTime='2023-03-15T23:53:13.2477644Z'/><EventRecordID>1460314</EventRecordID><Correlation ActivityID='{df9f1ab0-5edb-4832-8f3e-6415734f4871}'/><Execution ProcessID='776' ThreadID='1108'/><Channel>Security</Channel><Computer>pretzel.franzbrot.lab</Computer><Security/></System><EventData><Data Name='SubjectUserSid'>S-1-5-18</Data><Data Name='SubjectUserName'>PRETZEL$</Data><Data Name='SubjectDomainName'>FRANZBROT</Data><Data Name='SubjectLogonId'>0x3e7</Data><Data Name='ObjectServer'>WMI</Data><Data Name='ObjectType'>WMI Namespace</Data><Data Name='ObjectName'>ROOT\\CIMV2\\Security\\MicrosoftVolumeEncryption</Data><Data Name='OperationType'>Object Access</Data><Data Name='HandleId'>0x0</Data><Data Name='AccessList'>%%1552\r\n\t\t\t\t%%1553\r\n\t\t\t\t</Data><Data Name='AccessMask'>0x3</Data><Data Name='Properties'>-</Data><Data Name='AdditionalInfo'>Local Execute (ExecMethod)</Data><Data Name='AdditionalInfo2'>ROOT\\CIMV2\\Security\\MicrosoftVolumeEncryption:\\\\PRETZEL\\ROOT\\CIMV2\\Security\\MicrosoftVolumeEncryption:Win32_EncryptableVolume.DeviceID=\"\\\\\\\\?\\\\Volume{f7b9f45f-edde-11ec-ab3c-eb5f1ef6d768}\\\\\"::GetProtectionStatus</Data></EventData></Event>",
    "serverHost": "usea1-purple-sentinelone-export-event-logs-4264180302120732rxc7",
    "serverIP": "10.192.103.252",
    "severity": 3,
    "site.id": "1507783031301602210",
    "System.Channel": "Security",
    "System.Computer": "pretzel.franzbrot.lab",
    "System.Correlation.ActivityID": "{df9f1ab0-5edb-4832-8f3e-6415734f4871}",
    "System.EventID": "4662",
    "System.EventRecordID": "1460314",
    "System.Execution.ProcessID": "776",
    "System.Execution.ThreadID": "1108",
    "System.Keywords": "0x8020000000000000",
    "System.Level": "0",
    "System.Opcode": "0",
    "System.Provider.Guid": "{54849625-5478-4994-a5ba-3e3b0328c30d}",
    "System.Provider.Name": "Microsoft-Windows-Security-Auditing",
    "System.Task": "12804",
    "System.TimeCreated.SystemTime": "2023-03-15T23:53:13.2477644Z",
    "System.Version": "0",
    "threadId": "default"
  },
  {
    "Account_Domain": "FRANZBROT",
    "Account_Name": "PRETZEL$",
    "ActivityId": "{0E205AC1-E964-4CEE-A35C-F9F1213401D1}",
    "Channel": "Security",
    "Computer": "pretzel.franzbrot.lab",
    "dataSource.category": "security",
    "dataSource.name": "Skylight Agent Metrics",
    "dataSource.vendor": "RoarinPenguin",
    "EventID": 4662,
    "Keywords": "Audit Success",
    "Level": "Information",
    "logfile": "C:\\Program Files (x86)\\Scalyr\\log\\windows_event_log_monitor.log",
    "Logon_Id": "0x3E7",
    "Message": "An operation was performed on an object.\r\n\r\nSubject :\r\n\tSecurity ID:\t\tS-1-5-18\r\n\tAccount Name:\t\tPRETZEL$\r\n\tAccount Domain:\t\tFRANZBROT\r\n\tLogon ID:\t\t0x3E7\r\n\r\nObject:\r\n\tObject Server:\t\tWMI\r\n\tObject Type:\t\tWMI Namespace\r\n\tObject Name:\t\tROOT\\CIMV2\\Security\\MicrosoftVolumeEncryption\r\n\tHandle ID:\t\t0x0\r\n\r\nOperation:\r\n\tOperation Type:\t\tObject Access\r\n\tAccesses:\t\tUnknown specific access (bit 0)\r\n\t\t\t\t\r\n\tAccess Mask:\t\t0x1\r\n\tProperties:\t\t-\r\n\r\nAdditional Information:\r\n\tParameter 1:\t\tLocal Read (ConnectServer)\r\n\tParameter 2:\t\tROOT\\CIMV2\\Security\\MicrosoftVolumeEncryption",
    "metric": "EventLog",
    "monitor": "windows_event_log_monitor",
    "Opcode": "Info",
    "parser": "agent-metrics",
    "path1": "EventLog",
    "ProcessId": 776,
    "ProviderGuid": "{54849625-5478-4994-A5BA-3E3B0328C30D}",
    "ProviderName": "Microsoft-Windows-Security-Auditing",
    "RecordId": 1460309,
    "serverHost": "pretzel",
    "serverIP": "10.192.107.215",
    "severity": 3,
    "site.id": "1336402404792178959",
    "source": "tsdb",
    "Task": "Other Object Access Events",
    "threadId": "log_2",
    "ThreadId": 1108,
    "TimeCreated": "2023-03-15 23:53:13Z",
    "user.displayName": "PRETZEL$",
    "value": "Microsoft-Windows-Security-Auditing",
    "Version": "0\r"
  },
  {
    "Account_Domain": "FRANZBROT",
    "Account_Name": "PRETZEL$",
    "ActivityId": "{5F03D6EF-97B9-49A6-880B-12D73D4290F2}",
    "Channel": "Security",
    "Computer": "pretzel.franzbrot.lab",
    "dataSource.category": "security",
    "dataSource.name": "Skylight Agent Metrics",
    "dataSource.vendor": "RoarinPenguin",
    "EventID": 4662,
    "Keywords": "Audit Success",
    "Level": "Information",
    "logfile": "C:\\Program Files (x86)\\Scalyr\\log\\windows_event_log_monitor.log",
    "Logon_Id": "0x3E7",
    "Message": "An operation was performed on an object.\r\n\r\nSubject :\r\n\tSecurity ID:\t\tS-1-5-18\r\n\tAccount Name:\t\tPRETZEL$\r\n\tAccount Domain:\t\tFRANZBROT\r\n\tLogon ID:\t\t0x3E7\r\n\r\nObject:\r\n\tObject Server:\t\tWMI\r\n\tObject Type:\t\tWMI Namespace\r\n\tObject Name:\t\tROOT\\CIMV2\\Security\\MicrosoftVolumeEncryption\r\n\tHandle ID:\t\t0x0\r\n\r\nOperation:\r\n\tOperation Type:\t\tObject Access\r\n\tAccesses:\t\tUnknown specific access (bit 0)\r\n\t\t\t\t\r\n\tAccess Mask:\t\t0x1\r\n\tProperties:\t\t-\r\n\r\nAdditional Information:\r\n\tParameter 1:\t\tLocal Read (ExecQuery)\r\n\tParameter 2:\t\tROOT\\CIMV2\\Security\\MicrosoftVolumeEncryption:SELECT * FROM Win32_EncryptableVolume",
    "metric": "EventLog",
    "monitor": "windows_event_log_monitor",
    "Opcode": "Info",
    "parser": "agent-metrics",
    "path1": "EventLog",
    "ProcessId": 776,
    "ProviderGuid": "{54849625-5478-4994-A5BA-3E3B0328C30D}",
    "ProviderName": "Microsoft-Windows-Security-Auditing",
    "RecordId": 1460310,
    "serverHost": "pretzel",
    "serverIP": "10.192.107.215",
    "severity": 3,
    "site.id": "1336402404792178959",
    "source": "tsdb",
    "Task": "Other Object Access Events",
    "threadId": "log_2",
    "ThreadId": 1108,
    "TimeCreated": "2023-03-15 23:53:13Z",
    "user.displayName": "PRETZEL$",
    "value": "Microsoft-Windows-Security-Auditing",
    "Version": "0\r"
  },
  {
    "Account_Domain": "FRANZBROT",
    "Account_Name": "PRETZEL$",
    "ActivityId": "{A582D059-5BC5-4D10-989E-9419DB5A7E1F}",
    "Channel": "Security",
    "Computer": "pretzel.franzbrot.lab",
    "dataSource.category": "security",
    "dataSource.name": "Skylight Agent Metrics",
    "dataSource.vendor": "RoarinPenguin",
    "EventID": 4662,
    "Keywords": "Audit Success",
    "Level": "Information",
    "logfile": "C:\\Program Files (x86)\\Scalyr\\log\\windows_event_log_monitor.log",
    "Logon_Id": "0x3E7",
    "Message": "An operation was performed on an object.\r\n\r\nSubject :\r\n\tSecurity ID:\t\tS-1-5-18\r\n\tAccount Name:\t\tPRETZEL$\r\n\tAccount Domain:\t\tFRANZBROT\r\n\tLogon ID:\t\t0x3E7\r\n\r\nObject:\r\n\tObject Server:\t\tWMI\r\n\tObject Type:\t\tWMI Namespace\r\n\tObject Name:\t\tROOT\\CIMV2\\Security\\MicrosoftVolumeEncryption\r\n\tHandle ID:\t\t0x0\r\n\r\nOperation:\r\n\tOperation Type:\t\tObject Access\r\n\tAccesses:\t\tUnknown specific access (bit 0)\r\n\t\t\t\t\r\n\tAccess Mask:\t\t0x1\r\n\tProperties:\t\t-\r\n\r\nAdditional Information:\r\n\tParameter 1:\t\tLocal Read (ConnectServer)\r\n\tParameter 2:\t\tROOT\\CIMV2\\Security\\MicrosoftVolumeEncryption",
    "metric": "EventLog",
    "monitor": "windows_event_log_monitor",
    "Opcode": "Info",
    "parser": "agent-metrics",
    "path1": "EventLog",
    "ProcessId": 776,
    "ProviderGuid": "{54849625-5478-4994-A5BA-3E3B0328C30D}",
    "ProviderName": "Microsoft-Windows-Security-Auditing",
    "RecordId": 1460311,
    "serverHost": "pretzel",
    "serverIP": "10.192.107.215",
    "severity": 3,
    "site.id": "1336402404792178959",
    "source": "tsdb",
    "Task": "Other Object Access Events",
    "threadId": "log_2",
    "ThreadId": 1108,
    "TimeCreated": "2023-03-15 23:53:13Z",
    "user.displayName": "PRETZEL$",
    "value": "Microsoft-Windows-Security-Auditing",
    "Version": "0\r"
  },
  {
    "Account_Domain": "FRANZBROT",
    "Account_Name": "PRETZEL$",
    "ActivityId": "{279E6CFC-FC72-4ADC-8D68-F1815CBCAC46}",
    "Channel": "Security",
    "Computer": "pretzel.franzbrot.lab",
    "dataSource.category": "security",
    "dataSource.name": "Skylight Agent Metrics",
    "dataSource.vendor": "RoarinPenguin",
    "DeviceID": "'\\\\\\\\\\\\\\\\?\\\\\\\\Volume{f7b9f45f-edde-11ec-ab3c-eb5f1ef6d768}\\\\\\\\'",
    "EventID": 4662,
    "Keywords": "Audit Success",
    "Level": "Information",
    "logfile": "C:\\Program Files (x86)\\Scalyr\\log\\windows_event_log_monitor.log",
    "Logon_Id": "0x3E7",
    "Message": "An operation was performed on an object.\r\n\r\nSubject :\r\n\tSecurity ID:\t\tS-1-5-18\r\n\tAccount Name:\t\tPRETZEL$\r\n\tAccount Domain:\t\tFRANZBROT\r\n\tLogon ID:\t\t0x3E7\r\n\r\nObject:\r\n\tObject Server:\t\tWMI\r\n\tObject Type:\t\tWMI Namespace\r\n\tObject Name:\t\tROOT\\CIMV2\\Security\\MicrosoftVolumeEncryption\r\n\tHandle ID:\t\t0x0\r\n\r\nOperation:\r\n\tOperation Type:\t\tObject Access\r\n\tAccesses:\t\tUnknown specific access (bit 0)\r\n\t\t\t\t\r\n\tAccess Mask:\t\t0x1\r\n\tProperties:\t\t-\r\n\r\nAdditional Information:\r\n\tParameter 1:\t\tLocal Read (ExecQuery)\r\n\tParameter 2:\t\tROOT\\CIMV2\\Security\\MicrosoftVolumeEncryption:SELECT * FROM Win32_EncryptableVolume WHERE DeviceID='\\\\\\\\?\\\\Volume{f7b9f45f-edde-11ec-ab3c-eb5f1ef6d768}\\\\'",
    "metric": "EventLog",
    "monitor": "windows_event_log_monitor",
    "Opcode": "Info",
    "parser": "agent-metrics",
    "path1": "EventLog",
    "ProcessId": 776,
    "ProviderGuid": "{54849625-5478-4994-A5BA-3E3B0328C30D}",
    "ProviderName": "Microsoft-Windows-Security-Auditing",
    "RecordId": 1460312,
    "serverHost": "pretzel",
    "serverIP": "10.192.107.215",
    "severity": 3,
    "site.id": "1336402404792178959",
    "source": "tsdb",
    "Task": "Other Object Access Events",
    "threadId": "log_2",
    "ThreadId": 1108,
    "TimeCreated": "2023-03-15 23:53:13Z",
    "user.displayName": "PRETZEL$",
    "value": "Microsoft-Windows-Security-Auditing",
    "Version": "0\r"
  },
  {
    "Account_Domain": "FRANZBROT",
    "Account_Name": "PRETZEL$",
    "ActivityId": "{D0A8D543-2DA3-4A32-A49B-655FE4A3E179}",
    "Channel": "Security",
    "Computer": "pretzel.franzbrot.lab",
    "dataSource.category": "security",
    "dataSource.name": "Skylight Agent Metrics",
    "dataSource.vendor": "RoarinPenguin",
    "EventID": 4662,
    "Keywords": "Audit Success",
    "Level": "Information",
    "logfile": "C:\\Program Files (x86)\\Scalyr\\log\\windows_event_log_monitor.log",
    "Logon_Id": "0x3E7",
    "Message": "An operation was performed on an object.\r\n\r\nSubject :\r\n\tSecurity ID:\t\tS-1-5-18\r\n\tAccount Name:\t\tPRETZEL$\r\n\tAccount Domain:\t\tFRANZBROT\r\n\tLogon ID:\t\t0x3E7\r\n\r\nObject:\r\n\tObject Server:\t\tWMI\r\n\tObject Type:\t\tWMI Namespace\r\n\tObject Name:\t\tROOT\\CIMV2\\Security\\MicrosoftVolumeEncryption\r\n\tHandle ID:\t\t0x0\r\n\r\nOperation:\r\n\tOperation Type:\t\tObject Access\r\n\tAccesses:\t\tUnknown specific access (bit 0)\r\n\t\t\t\t\r\n\tAccess Mask:\t\t0x1\r\n\tProperties:\t\t-\r\n\r\nAdditional Information:\r\n\tParameter 1:\t\tLocal Read (GetObject)\r\n\tParameter 2:\t\tROOT\\CIMV2\\Security\\MicrosoftVolumeEncryption:Win32_EncryptableVolume",
    "metric": "EventLog",
    "monitor": "windows_event_log_monitor",
    "Opcode": "Info",
    "parser": "agent-metrics",
    "path1": "EventLog",
    "ProcessId": 776,
    "ProviderGuid": "{54849625-5478-4994-A5BA-3E3B0328C30D}",
    "ProviderName": "Microsoft-Windows-Security-Auditing",
    "RecordId": 1460313,
    "serverHost": "pretzel",
    "serverIP": "10.192.107.215",
    "severity": 3,
    "site.id": "1336402404792178959",
    "source": "tsdb",
    "Task": "Other Object Access Events",
    "threadId": "log_2",
    "ThreadId": 1108,
    "TimeCreated": "2023-03-15 23:53:13Z",
    "user.displayName": "PRETZEL$",
    "value": "Microsoft-Windows-Security-Auditing",
    "Version": "0\r"
  },
  {
    "Account_Domain": "FRANZBROT",
    "Account_Name": "PRETZEL$",
    "ActivityId": "{DF9F1AB0-5EDB-4832-8F3E-6415734F4871}",
    "Channel": "Security",
    "Computer": "pretzel.franzbrot.lab",
    "dataSource.category": "security",
    "dataSource.name": "Skylight Agent Metrics",
    "dataSource.vendor": "RoarinPenguin",
    "EventID": 4662,
    "Keywords": "Audit Success",
    "Level": "Information",
    "logfile": "C:\\Program Files (x86)\\Scalyr\\log\\windows_event_log_monitor.log",
    "Logon_Id": "0x3E7",
    "Message": "An operation was performed on an object.\r\n\r\nSubject :\r\n\tSecurity ID:\t\tS-1-5-18\r\n\tAccount Name:\t\tPRETZEL$\r\n\tAccount Domain:\t\tFRANZBROT\r\n\tLogon ID:\t\t0x3E7\r\n\r\nObject:\r\n\tObject Server:\t\tWMI\r\n\tObject Type:\t\tWMI Namespace\r\n\tObject Name:\t\tROOT\\CIMV2\\Security\\MicrosoftVolumeEncryption\r\n\tHandle ID:\t\t0x0\r\n\r\nOperation:\r\n\tOperation Type:\t\tObject Access\r\n\tAccesses:\t\tUnknown specific access (bit 0)\r\n\t\t\t\tUnknown specific access (bit 1)\r\n\t\t\t\t\r\n\tAccess Mask:\t\t0x3\r\n\tProperties:\t\t-\r\n\r\nAdditional Information:\r\n\tParameter 1:\t\tLocal Execute (ExecMethod)\r\n\tParameter 2:\t\tROOT\\CIMV2\\Security\\MicrosoftVolumeEncryption:\\\\PRETZEL\\ROOT\\CIMV2\\Security\\MicrosoftVolumeEncryption:Win32_EncryptableVolume.DeviceID=\"\\\\\\\\?\\\\Volume{f7b9f45f-edde-11ec-ab3c-eb5f1ef6d768}\\\\\"::GetProtectionStatus",
    "metric": "EventLog",
    "monitor": "windows_event_log_monitor",
    "Opcode": "Info",
    "parser": "agent-metrics",
    "path1": "EventLog",
    "ProcessId": 776,
    "ProviderGuid": "{54849625-5478-4994-A5BA-3E3B0328C30D}",
    "ProviderName": "Microsoft-Windows-Security-Auditing",
    "RecordId": 1460314,
    "serverHost": "pretzel",
    "serverIP": "10.192.107.215",
    "severity": 3,
    "site.id": "1336402404792178959",
    "source": "tsdb",
    "Task": "Other Object Access Events",
    "threadId": "log_2",
    "ThreadId": 1108,
    "TimeCreated": "2023-03-15 23:53:13Z",
    "user.displayName": "PRETZEL$",
    "value": "Microsoft-Windows-Security-Auditing",
    "Version": "0\r"
  },
  {
    "ActivityId": "{9298ABF6-7932-4C76-96A5-034371C067CE}",
    "Channel": "Security",
    "Computer": "THEBORG.starfleet.corp",
    "dataSource.category": "security",
    "dataSource.name": "Active Directory ",
    "dataSource.vendor": "ActiveDirectory",
    "endpoint.name": "THEBORG.starfleet.corp",
    "event.category": "process",
    "event.details": "System audit policy was changed.\\r\\n\\r\\nSubject:\\r\\n\\tSecurity ID:\\t\\tS-1-5-18\\r\\n\\tAccount Name:\\t\\tTHEBORG$\\r\\n\\tAccount Domain:\\t\\tSTARFLEET\\r\\n\\tLogon ID:\\t\\t0x3E7\\r\\n\\r\\nAudit Policy Change:\\r\\n\\tCategory:\\t\\tLogon/Logoff\\r\\n\\tSubcategory:\\t\\tLogoff\\r\\n\\tSubcategory GUID:\\t{0cce9216-69ae-11d9-bed3-505054503030}\\r\\n\\tChanges:\\t\\tSuccess removed",
    "event.type": "Security",
    "EventID": 4719,
    "Keywords": "Audit Success",
    "Level": "Information",
    "logfile": "C:\\Program Files (x86)\\Scalyr\\log\\windows_event_log_monitor.log",
    "Message": "System audit policy was changed.\\r\\n\\r\\nSubject:\\r\\n\\tSecurity ID:\\t\\tS-1-5-18\\r\\n\\tAccount Name:\\t\\tTHEBORG$\\r\\n\\tAccount Domain:\\t\\tSTARFLEET\\r\\n\\tLogon ID:\\t\\t0x3E7\\r\\n\\r\\nAudit Policy Change:\\r\\n\\tCategory:\\t\\tLogon/Logoff\\r\\n\\tSubcategory:\\t\\tLogoff\\r\\n\\tSubcategory GUID:\\t{0cce9216-69ae-11d9-bed3-505054503030}\\r\\n\\tChanges:\\t\\tSuccess removed",
    "Opcode": "Info",
    "parser": "ad-rjo",
    "ProcessId": 692,
    "ProviderGuid": "{54849625-5478-4994-A5BA-3E3B0328C30D}",
    "ProviderName": "Microsoft-Windows-Security-Auditing",
    "RecordId": 45015,
    "serverHost": "THEBORG",
    "serverIP": "108.76.207.50",
    "severity": 3,
    "severity_": "Information",
    "src.process.uid": 692,
    "Task": "Audit Policy Change",
    "threadId": "default",
    "ThreadId": 3112,
    "threadId_": "log_3",
    "TimeCreated": "2023-03-15 23:53:14Z",
    "timestamp_": 1678924394726.8867,
    "Version": 0
  },
  {
    "Account_Domain": "WORKGROUP",
    "Account_Name": "THIB-ATOMIC$",
    "ActivityId": "{6EDABF97-6EA2-42D4-A86F-FDDCE6C01FDD}",
    "Channel": "Security",
    "Computer": "Thib-Atomic",
    "dataSource.category": "security",
    "dataSource.name": "Skylight Agent Metrics",
    "dataSource.vendor": "RoarinPenguin",
    "EventID": 4662,
    "Keywords": "Audit Success",
    "Level": "Information",
    "logfile": "C:\\Program Files (x86)\\Scalyr\\log\\windows_event_log_monitor.log",
    "Logon_Id": "0x3E7",
    "Message": "An operation was performed on an object.\r\n\r\nSubject :\r\n\tSecurity ID:\t\tS-1-5-18\r\n\tAccount Name:\t\tTHIB-ATOMIC$\r\n\tAccount Domain:\t\tWORKGROUP\r\n\tLogon ID:\t\t0x3E7\r\n\r\nObject:\r\n\tObject Server:\t\tWMI\r\n\tObject Type:\t\tWMI Namespace\r\n\tObject Name:\t\tROOT\\CIMV2\\Security\\MicrosoftVolumeEncryption\r\n\tHandle ID:\t\t0x0\r\n\r\nOperation:\r\n\tOperation Type:\t\tObject Access\r\n\tAccesses:\t\tUnknown specific access (bit 0)\r\n\t\t\t\t\r\n\tAccess Mask:\t\t0x1\r\n\tProperties:\t\t-\r\n\r\nAdditional Information:\r\n\tParameter 1:\t\tLocal Read (ConnectServer)\r\n\tParameter 2:\t\tROOT\\CIMV2\\Security\\MicrosoftVolumeEncryption",
    "metric": "EventLog",
    "monitor": "windows_event_log_monitor",
    "Opcode": "Info",
    "parser": "agent-metrics",
    "path1": "EventLog",
    "ProcessId": 780,
    "ProviderGuid": "{54849625-5478-4994-A5BA-3E3B0328C30D}",
    "ProviderName": "Microsoft-Windows-Security-Auditing",
    "RecordId": 2393049,
    "serverHost": "ThibaultB-WindowsEvents",
    "serverIP": "10.192.97.57",
    "severity": 3,
    "site.id": "1336402404792178959",
    "source": "tsdb",
    "Task": "Other Object Access Events",
    "threadId": "log_2",
    "ThreadId": 6048,
    "tier": "Purple",
    "TimeCreated": "2023-03-15 23:53:13Z",
    "user.displayName": "THIB-ATOMIC$",
    "value": "Microsoft-Windows-Security-Auditing",
    "Version": "0\r"
  },
  {
    "Account_Domain": "WORKGROUP",
    "Account_Name": "THIB-ATOMIC$",
    "ActivityId": "{CDAA4D54-67B7-47B9-8941-3157165C3506}",
    "Channel": "Security",
    "Computer": "Thib-Atomic",
    "dataSource.category": "security",
    "dataSource.name": "Skylight Agent Metrics",
    "dataSource.vendor": "RoarinPenguin",
    "EventID": 4662,
    "Keywords": "Audit Success",
    "Level": "Information",
    "logfile": "C:\\Program Files (x86)\\Scalyr\\log\\windows_event_log_monitor.log",
    "Logon_Id": "0x3E7",
    "Message": "An operation was performed on an object.\r\n\r\nSubject :\r\n\tSecurity ID:\t\tS-1-5-18\r\n\tAccount Name:\t\tTHIB-ATOMIC$\r\n\tAccount Domain:\t\tWORKGROUP\r\n\tLogon ID:\t\t0x3E7\r\n\r\nObject:\r\n\tObject Server:\t\tWMI\r\n\tObject Type:\t\tWMI Namespace\r\n\tObject Name:\t\tROOT\\CIMV2\\Security\\MicrosoftVolumeEncryption\r\n\tHandle ID:\t\t0x0\r\n\r\nOperation:\r\n\tOperation Type:\t\tObject Access\r\n\tAccesses:\t\tUnknown specific access (bit 0)\r\n\t\t\t\t\r\n\tAccess Mask:\t\t0x1\r\n\tProperties:\t\t-\r\n\r\nAdditional Information:\r\n\tParameter 1:\t\tLocal Read (ExecQuery)\r\n\tParameter 2:\t\tROOT\\CIMV2\\Security\\MicrosoftVolumeEncryption:SELECT * FROM Win32_EncryptableVolume",
    "metric": "EventLog",
    "monitor": "windows_event_log_monitor",
    "Opcode": "Info",
    "parser": "agent-metrics",
    "path1": "EventLog",
    "ProcessId": 780,
    "ProviderGuid": "{54849625-5478-4994-A5BA-3E3B0328C30D}",
    "ProviderName": "Microsoft-Windows-Security-Auditing",
    "RecordId": 2393050,
    "serverHost": "ThibaultB-WindowsEvents",
    "serverIP": "10.192.97.57",
    "severity": 3,
    "site.id": "1336402404792178959",
    "source": "tsdb",
    "Task": "Other Object Access Events",
    "threadId": "log_2",
    "ThreadId": 6048,
    "tier": "Purple",
    "TimeCreated": "2023-03-15 23:53:13Z",
    "user.displayName": "THIB-ATOMIC$",
    "value": "Microsoft-Windows-Security-Auditing",
    "Version": "0\r"
  },
  {
    "Account_Domain": "WORKGROUP",
    "Account_Name": "THIB-ATOMIC$",
    "ActivityId": "{4FA2115B-F18B-4A9B-B100-B1A0540B5119}",
    "Channel": "Security",
    "Computer": "Thib-Atomic",
    "dataSource.category": "security",
    "dataSource.name": "Skylight Agent Metrics",
    "dataSource.vendor": "RoarinPenguin",
    "EventID": 4662,
    "Keywords": "Audit Success",
    "Level": "Information",
    "logfile": "C:\\Program Files (x86)\\Scalyr\\log\\windows_event_log_monitor.log",
    "Logon_Id": "0x3E7",
    "Message": "An operation was performed on an object.\r\n\r\nSubject :\r\n\tSecurity ID:\t\tS-1-5-18\r\n\tAccount Name:\t\tTHIB-ATOMIC$\r\n\tAccount Domain:\t\tWORKGROUP\r\n\tLogon ID:\t\t0x3E7\r\n\r\nObject:\r\n\tObject Server:\t\tWMI\r\n\tObject Type:\t\tWMI Namespace\r\n\tObject Name:\t\tROOT\\CIMV2\\Security\\MicrosoftVolumeEncryption\r\n\tHandle ID:\t\t0x0\r\n\r\nOperation:\r\n\tOperation Type:\t\tObject Access\r\n\tAccesses:\t\tUnknown specific access (bit 0)\r\n\t\t\t\t\r\n\tAccess Mask:\t\t0x1\r\n\tProperties:\t\t-\r\n\r\nAdditional Information:\r\n\tParameter 1:\t\tLocal Read (ConnectServer)\r\n\tParameter 2:\t\tROOT\\CIMV2\\Security\\MicrosoftVolumeEncryption",
    "metric": "EventLog",
    "monitor": "windows_event_log_monitor",
    "Opcode": "Info",
    "parser": "agent-metrics",
    "path1": "EventLog",
    "ProcessId": 780,
    "ProviderGuid": "{54849625-5478-4994-A5BA-3E3B0328C30D}",
    "ProviderName": "Microsoft-Windows-Security-Auditing",
    "RecordId": 2393051,
    "serverHost": "ThibaultB-WindowsEvents",
    "serverIP": "10.192.97.57",
    "severity": 3,
    "site.id": "1336402404792178959",
    "source": "tsdb",
    "Task": "Other Object Access Events",
    "threadId": "log_2",
    "ThreadId": 6048,
    "tier": "Purple",
    "TimeCreated": "2023-03-15 23:53:13Z",
    "user.displayName": "THIB-ATOMIC$",
    "value": "Microsoft-Windows-Security-Auditing",
    "Version": "0\r"
  },
  {
    "Account_Domain": "WORKGROUP",
    "Account_Name": "THIB-ATOMIC$",
    "ActivityId": "{FD46B323-F231-436B-89FB-2FCC9DC1F5DE}",
    "Channel": "Security",
    "Computer": "Thib-Atomic",
    "dataSource.category": "security",
    "dataSource.name": "Skylight Agent Metrics",
    "dataSource.vendor": "RoarinPenguin",
    "DeviceID": "'\\\\\\\\\\\\\\\\?\\\\\\\\Volume{36bc809d-2653-4a24-8181-42720d603084}\\\\\\\\'",
    "EventID": 4662,
    "Keywords": "Audit Success",
    "Level": "Information",
    "logfile": "C:\\Program Files (x86)\\Scalyr\\log\\windows_event_log_monitor.log",
    "Logon_Id": "0x3E7",
    "Message": "An operation was performed on an object.\r\n\r\nSubject :\r\n\tSecurity ID:\t\tS-1-5-18\r\n\tAccount Name:\t\tTHIB-ATOMIC$\r\n\tAccount Domain:\t\tWORKGROUP\r\n\tLogon ID:\t\t0x3E7\r\n\r\nObject:\r\n\tObject Server:\t\tWMI\r\n\tObject Type:\t\tWMI Namespace\r\n\tObject Name:\t\tROOT\\CIMV2\\Security\\MicrosoftVolumeEncryption\r\n\tHandle ID:\t\t0x0\r\n\r\nOperation:\r\n\tOperation Type:\t\tObject Access\r\n\tAccesses:\t\tUnknown specific access (bit 0)\r\n\t\t\t\t\r\n\tAccess Mask:\t\t0x1\r\n\tProperties:\t\t-\r\n\r\nAdditional Information:\r\n\tParameter 1:\t\tLocal Read (ExecQuery)\r\n\tParameter 2:\t\tROOT\\CIMV2\\Security\\MicrosoftVolumeEncryption:SELECT * FROM Win32_EncryptableVolume WHERE DeviceID='\\\\\\\\?\\\\Volume{36bc809d-2653-4a24-8181-42720d603084}\\\\'",
    "metric": "EventLog",
    "monitor": "windows_event_log_monitor",
    "Opcode": "Info",
    "parser": "agent-metrics",
    "path1": "EventLog",
    "ProcessId": 780,
    "ProviderGuid": "{54849625-5478-4994-A5BA-3E3B0328C30D}",
    "ProviderName": "Microsoft-Windows-Security-Auditing",
    "RecordId": 2393052,
    "serverHost": "ThibaultB-WindowsEvents",
    "serverIP": "10.192.97.57",
    "severity": 3,
    "site.id": "1336402404792178959",
    "source": "tsdb",
    "Task": "Other Object Access Events",
    "threadId": "log_2",
    "ThreadId": 6048,
    "tier": "Purple",
    "TimeCreated": "2023-03-15 23:53:13Z",
    "user.displayName": "THIB-ATOMIC$",
    "value": "Microsoft-Windows-Security-Auditing",
    "Version": "0\r"
  },
  {
    "Account_Domain": "WORKGROUP",
    "Account_Name": "THIB-ATOMIC$",
    "ActivityId": "{7F7265CA-C9DF-4081-B341-382B442C1F39}",
    "Channel": "Security",
    "Computer": "Thib-Atomic",
    "dataSource.category": "security",
    "dataSource.name": "Skylight Agent Metrics",
    "dataSource.vendor": "RoarinPenguin",
    "EventID": 4662,
    "Keywords": "Audit Success",
    "Level": "Information",
    "logfile": "C:\\Program Files (x86)\\Scalyr\\log\\windows_event_log_monitor.log",
    "Logon_Id": "0x3E7",
    "Message": "An operation was performed on an object.\r\n\r\nSubject :\r\n\tSecurity ID:\t\tS-1-5-18\r\n\tAccount Name:\t\tTHIB-ATOMIC$\r\n\tAccount Domain:\t\tWORKGROUP\r\n\tLogon ID:\t\t0x3E7\r\n\r\nObject:\r\n\tObject Server:\t\tWMI\r\n\tObject Type:\t\tWMI Namespace\r\n\tObject Name:\t\tROOT\\CIMV2\\Security\\MicrosoftVolumeEncryption\r\n\tHandle ID:\t\t0x0\r\n\r\nOperation:\r\n\tOperation Type:\t\tObject Access\r\n\tAccesses:\t\tUnknown specific access (bit 0)\r\n\t\t\t\t\r\n\tAccess Mask:\t\t0x1\r\n\tProperties:\t\t-\r\n\r\nAdditional Information:\r\n\tParameter 1:\t\tLocal Read (GetObject)\r\n\tParameter 2:\t\tROOT\\CIMV2\\Security\\MicrosoftVolumeEncryption:Win32_EncryptableVolume",
    "metric": "EventLog",
    "monitor": "windows_event_log_monitor",
    "Opcode": "Info",
    "parser": "agent-metrics",
    "path1": "EventLog",
    "ProcessId": 780,
    "ProviderGuid": "{54849625-5478-4994-A5BA-3E3B0328C30D}",
    "ProviderName": "Microsoft-Windows-Security-Auditing",
    "RecordId": 2393053,
    "serverHost": "ThibaultB-WindowsEvents",
    "serverIP": "10.192.97.57",
    "severity": 3,
    "site.id": "1336402404792178959",
    "source": "tsdb",
    "Task": "Other Object Access Events",
    "threadId": "log_2",
    "ThreadId": 6048,
    "tier": "Purple",
    "TimeCreated": "2023-03-15 23:53:13Z",
    "user.displayName": "THIB-ATOMIC$",
    "value": "Microsoft-Windows-Security-Auditing",
    "Version": "0\r"
  },
  {
    "Account_Domain": "WORKGROUP",
    "Account_Name": "THIB-ATOMIC$",
    "ActivityId": "{B05750B8-E642-4711-B717-36D170CEA399}",
    "Channel": "Security",
    "Computer": "Thib-Atomic",
    "dataSource.category": "security",
    "dataSource.name": "Skylight Agent Metrics",
    "dataSource.vendor": "RoarinPenguin",
    "EventID": 4662,
    "Keywords": "Audit Success",
    "Level": "Information",
    "logfile": "C:\\Program Files (x86)\\Scalyr\\log\\windows_event_log_monitor.log",
    "Logon_Id": "0x3E7",
    "Message": "An operation was performed on an object.\r\n\r\nSubject :\r\n\tSecurity ID:\t\tS-1-5-18\r\n\tAccount Name:\t\tTHIB-ATOMIC$\r\n\tAccount Domain:\t\tWORKGROUP\r\n\tLogon ID:\t\t0x3E7\r\n\r\nObject:\r\n\tObject Server:\t\tWMI\r\n\tObject Type:\t\tWMI Namespace\r\n\tObject Name:\t\tROOT\\CIMV2\\Security\\MicrosoftVolumeEncryption\r\n\tHandle ID:\t\t0x0\r\n\r\nOperation:\r\n\tOperation Type:\t\tObject Access\r\n\tAccesses:\t\tUnknown specific access (bit 0)\r\n\t\t\t\tUnknown specific access (bit 1)\r\n\t\t\t\t\r\n\tAccess Mask:\t\t0x3\r\n\tProperties:\t\t-\r\n\r\nAdditional Information:\r\n\tParameter 1:\t\tLocal Execute (ExecMethod)\r\n\tParameter 2:\t\tROOT\\CIMV2\\Security\\MicrosoftVolumeEncryption:\\\\THIB-ATOMIC\\ROOT\\CIMV2\\Security\\MicrosoftVolumeEncryption:Win32_EncryptableVolume.DeviceID=\"\\\\\\\\?\\\\Volume{36bc809d-2653-4a24-8181-42720d603084}\\\\\"::GetProtectionStatus",
    "metric": "EventLog",
    "monitor": "windows_event_log_monitor",
    "Opcode": "Info",
    "parser": "agent-metrics",
    "path1": "EventLog",
    "ProcessId": 780,
    "ProviderGuid": "{54849625-5478-4994-A5BA-3E3B0328C30D}",
    "ProviderName": "Microsoft-Windows-Security-Auditing",
    "RecordId": 2393054,
    "serverHost": "ThibaultB-WindowsEvents",
    "serverIP": "10.192.97.57",
    "severity": 3,
    "site.id": "1336402404792178959",
    "source": "tsdb",
    "Task": "Other Object Access Events",
    "threadId": "log_2",
    "ThreadId": 6048,
    "tier": "Purple",
    "TimeCreated": "2023-03-15 23:53:13Z",
    "user.displayName": "THIB-ATOMIC$",
    "value": "Microsoft-Windows-Security-Auditing",
    "Version": "0\r"
  },
