  {
    "Account_Domain": "WORKGROUP",
    "Account_Name": "JKM-HOST$",
    "ActivityId": "{3AEF0EF0-C111-42FB-B681-66C1F8C1F24F}",
    "Channel": "Security",
    "Computer": "JKM-HOST",
    "dataSource.category": "security",
    "dataSource.name": "Skylight Agent Metrics",
    "dataSource.vendor": "RoarinPenguin",
    "EventID": 4662,
    "Keywords": "Audit Success",
    "Level": "Information",
    "logfile": "C:\\Program Files (x86)\\Scalyr\\log\\windows_event_log_monitor.log",
    "Logon_Id": "0x3E7",
    "Message": "An operation was performed on an object.\r\n\r\nSubject :\r\n\tSecurity ID:\t\tS-1-5-18\r\n\tAccount Name:\t\tJKM-HOST$\r\n\tAccount Domain:\t\tWORKGROUP\r\n\tLogon ID:\t\t0x3E7\r\n\r\nObject:\r\n\tObject Server:\t\tWMI\r\n\tObject Type:\t\tWMI Namespace\r\n\tObject Name:\t\tROOT\\CIMV2\\Security\\MicrosoftVolumeEncryption\r\n\tHandle ID:\t\t0x0\r\n\r\nOperation:\r\n\tOperation Type:\t\tObject Access\r\n\tAccesses:\t\tUnknown specific access (bit 0)\r\n\t\t\t\t\r\n\tAccess Mask:\t\t0x1\r\n\tProperties:\t\t-\r\n\r\nAdditional Information:\r\n\tParameter 1:\t\tLocal Read (GetObject)\r\n\tParameter 2:\t\tROOT\\CIMV2\\Security\\MicrosoftVolumeEncryption:Win32_EncryptableVolume",
    "metric": "EventLog",
    "monitor": "windows_event_log_monitor",
    "Opcode": "Info",
    "parser": "agent-metrics",
    "path1": "EventLog",
    "ProcessId": 1012,
    "ProviderGuid": "{54849625-5478-4994-A5BA-3E3B0328C30D}",
    "ProviderName": "Microsoft-Windows-Security-Auditing",
    "RecordId": 461685,
    "serverHost": "JKM-HOST",
    "serverIP": "10.192.107.215",
    "severity": 3,
    "site.id": "1336402404792178959",
    "source": "tsdb",
    "Task": "Other Object Access Events",
    "threadId": "log_2",
    "ThreadId": 6608,
    "TimeCreated": "2023-03-15 23:53:28Z",
    "user.displayName": "JKM-HOST$",
    "value": "Microsoft-Windows-Security-Auditing",
    "Version": "0\r"
  },
  {
    "Account_Domain": "WORKGROUP",
    "Account_Name": "JKM-HOST$",
    "ActivityId": "{D6FD5B39-4082-41FB-AFE1-C8829C7F4D63}",
    "Channel": "Security",
    "Computer": "JKM-HOST",
    "dataSource.category": "security",
    "dataSource.name": "Skylight Agent Metrics",
    "dataSource.vendor": "RoarinPenguin",
    "EventID": 4662,
    "Keywords": "Audit Success",
    "Level": "Information",
    "logfile": "C:\\Program Files (x86)\\Scalyr\\log\\windows_event_log_monitor.log",
    "Logon_Id": "0x3E7",
    "Message": "An operation was performed on an object.\r\n\r\nSubject :\r\n\tSecurity ID:\t\tS-1-5-18\r\n\tAccount Name:\t\tJKM-HOST$\r\n\tAccount Domain:\t\tWORKGROUP\r\n\tLogon ID:\t\t0x3E7\r\n\r\nObject:\r\n\tObject Server:\t\tWMI\r\n\tObject Type:\t\tWMI Namespace\r\n\tObject Name:\t\tROOT\\CIMV2\\Security\\MicrosoftVolumeEncryption\r\n\tHandle ID:\t\t0x0\r\n\r\nOperation:\r\n\tOperation Type:\t\tObject Access\r\n\tAccesses:\t\tUnknown specific access (bit 0)\r\n\t\t\t\tUnknown specific access (bit 1)\r\n\t\t\t\t\r\n\tAccess Mask:\t\t0x3\r\n\tProperties:\t\t-\r\n\r\nAdditional Information:\r\n\tParameter 1:\t\tLocal Execute (ExecMethod)\r\n\tParameter 2:\t\tROOT\\CIMV2\\Security\\MicrosoftVolumeEncryption:\\\\JKM-HOST\\ROOT\\CIMV2\\Security\\MicrosoftVolumeEncryption:Win32_EncryptableVolume.DeviceID=\"\\\\\\\\?\\\\Volume{fc647694-f763-4652-8b94-68cfa835769c}\\\\\"::GetProtectionStatus",
    "metric": "EventLog",
    "monitor": "windows_event_log_monitor",
    "Opcode": "Info",
    "parser": "agent-metrics",
    "path1": "EventLog",
    "ProcessId": 1012,
    "ProviderGuid": "{54849625-5478-4994-A5BA-3E3B0328C30D}",
    "ProviderName": "Microsoft-Windows-Security-Auditing",
    "RecordId": 461686,
    "serverHost": "JKM-HOST",
    "serverIP": "10.192.107.215",
    "severity": 3,
    "site.id": "1336402404792178959",
    "source": "tsdb",
    "Task": "Other Object Access Events",
    "threadId": "log_2",
    "ThreadId": 6608,
    "TimeCreated": "2023-03-15 23:53:28Z",
    "user.displayName": "JKM-HOST$",
    "value": "Microsoft-Windows-Security-Auditing",
    "Version": "0\r"
  },
  {
    "Account_Domain": "FRANZBROT",
    "Account_Name": "PRETZEL$",
    "ActivityId": "{3928D0B6-9ADF-48A2-8B4F-FDCF0814FAAD}",
    "Channel": "Security",
    "Computer": "pretzel.franzbrot.lab",
    "dataSource.category": "security",
    "dataSource.name": "Skylight Agent Metrics",
    "dataSource.vendor": "RoarinPenguin",
    "EventID": 4662,
    "Keywords": "Audit Success",
    "Level": "Information",
    "logfile": "C:\\Program Files (x86)\\Scalyr\\log\\windows_event_log_monitor.log",
    "Logon_Id": "0x3E7",
    "Message": "An operation was performed on an object.\r\n\r\nSubject :\r\n\tSecurity ID:\t\tS-1-5-18\r\n\tAccount Name:\t\tPRETZEL$\r\n\tAccount Domain:\t\tFRANZBROT\r\n\tLogon ID:\t\t0x3E7\r\n\r\nObject:\r\n\tObject Server:\t\tWMI\r\n\tObject Type:\t\tWMI Namespace\r\n\tObject Name:\t\tROOT\\CIMV2\\Security\\MicrosoftVolumeEncryption\r\n\tHandle ID:\t\t0x0\r\n\r\nOperation:\r\n\tOperation Type:\t\tObject Access\r\n\tAccesses:\t\tUnknown specific access (bit 0)\r\n\t\t\t\t\r\n\tAccess Mask:\t\t0x1\r\n\tProperties:\t\t-\r\n\r\nAdditional Information:\r\n\tParameter 1:\t\tLocal Read (ConnectServer)\r\n\tParameter 2:\t\tROOT\\CIMV2\\Security\\MicrosoftVolumeEncryption",
    "metric": "EventLog",
    "monitor": "windows_event_log_monitor",
    "Opcode": "Info",
    "parser": "agent-metrics",
    "path1": "EventLog",
    "ProcessId": 776,
    "ProviderGuid": "{54849625-5478-4994-A5BA-3E3B0328C30D}",
    "ProviderName": "Microsoft-Windows-Security-Auditing",
    "RecordId": 1460327,
    "serverHost": "pretzel",
    "serverIP": "10.192.107.215",
    "severity": 3,
    "site.id": "1336402404792178959",
    "source": "tsdb",
    "Task": "Other Object Access Events",
    "threadId": "log_2",
    "ThreadId": 1108,
    "TimeCreated": "2023-03-15 23:53:28Z",
    "user.displayName": "PRETZEL$",
    "value": "Microsoft-Windows-Security-Auditing",
    "Version": "0\r"
  },
  {
    "Account_Domain": "FRANZBROT",
    "Account_Name": "PRETZEL$",
    "ActivityId": "{AB6FCB2D-B495-452A-911B-5C33E96CE46D}",
    "Channel": "Security",
    "Computer": "pretzel.franzbrot.lab",
    "dataSource.category": "security",
    "dataSource.name": "Skylight Agent Metrics",
    "dataSource.vendor": "RoarinPenguin",
    "EventID": 4662,
    "Keywords": "Audit Success",
    "Level": "Information",
    "logfile": "C:\\Program Files (x86)\\Scalyr\\log\\windows_event_log_monitor.log",
    "Logon_Id": "0x3E7",
    "Message": "An operation was performed on an object.\r\n\r\nSubject :\r\n\tSecurity ID:\t\tS-1-5-18\r\n\tAccount Name:\t\tPRETZEL$\r\n\tAccount Domain:\t\tFRANZBROT\r\n\tLogon ID:\t\t0x3E7\r\n\r\nObject:\r\n\tObject Server:\t\tWMI\r\n\tObject Type:\t\tWMI Namespace\r\n\tObject Name:\t\tROOT\\CIMV2\\Security\\MicrosoftVolumeEncryption\r\n\tHandle ID:\t\t0x0\r\n\r\nOperation:\r\n\tOperation Type:\t\tObject Access\r\n\tAccesses:\t\tUnknown specific access (bit 0)\r\n\t\t\t\t\r\n\tAccess Mask:\t\t0x1\r\n\tProperties:\t\t-\r\n\r\nAdditional Information:\r\n\tParameter 1:\t\tLocal Read (ExecQuery)\r\n\tParameter 2:\t\tROOT\\CIMV2\\Security\\MicrosoftVolumeEncryption:SELECT * FROM Win32_EncryptableVolume",
    "metric": "EventLog",
    "monitor": "windows_event_log_monitor",
    "Opcode": "Info",
    "parser": "agent-metrics",
    "path1": "EventLog",
    "ProcessId": 776,
    "ProviderGuid": "{54849625-5478-4994-A5BA-3E3B0328C30D}",
    "ProviderName": "Microsoft-Windows-Security-Auditing",
    "RecordId": 1460328,
    "serverHost": "pretzel",
    "serverIP": "10.192.107.215",
    "severity": 3,
    "site.id": "1336402404792178959",
    "source": "tsdb",
    "Task": "Other Object Access Events",
    "threadId": "log_2",
    "ThreadId": 1108,
    "TimeCreated": "2023-03-15 23:53:28Z",
    "user.displayName": "PRETZEL$",
    "value": "Microsoft-Windows-Security-Auditing",
    "Version": "0\r"
  },
  {
    "Account_Domain": "FRANZBROT",
    "Account_Name": "PRETZEL$",
    "ActivityId": "{D003E52B-2770-4D9B-B07E-7524D18E29E3}",
    "Channel": "Security",
    "Computer": "pretzel.franzbrot.lab",
    "dataSource.category": "security",
    "dataSource.name": "Skylight Agent Metrics",
    "dataSource.vendor": "RoarinPenguin",
    "EventID": 4662,
    "Keywords": "Audit Success",
    "Level": "Information",
    "logfile": "C:\\Program Files (x86)\\Scalyr\\log\\windows_event_log_monitor.log",
    "Logon_Id": "0x3E7",
    "Message": "An operation was performed on an object.\r\n\r\nSubject :\r\n\tSecurity ID:\t\tS-1-5-18\r\n\tAccount Name:\t\tPRETZEL$\r\n\tAccount Domain:\t\tFRANZBROT\r\n\tLogon ID:\t\t0x3E7\r\n\r\nObject:\r\n\tObject Server:\t\tWMI\r\n\tObject Type:\t\tWMI Namespace\r\n\tObject Name:\t\tROOT\\CIMV2\\Security\\MicrosoftVolumeEncryption\r\n\tHandle ID:\t\t0x0\r\n\r\nOperation:\r\n\tOperation Type:\t\tObject Access\r\n\tAccesses:\t\tUnknown specific access (bit 0)\r\n\t\t\t\t\r\n\tAccess Mask:\t\t0x1\r\n\tProperties:\t\t-\r\n\r\nAdditional Information:\r\n\tParameter 1:\t\tLocal Read (ConnectServer)\r\n\tParameter 2:\t\tROOT\\CIMV2\\Security\\MicrosoftVolumeEncryption",
    "metric": "EventLog",
    "monitor": "windows_event_log_monitor",
    "Opcode": "Info",
    "parser": "agent-metrics",
    "path1": "EventLog",
    "ProcessId": 776,
    "ProviderGuid": "{54849625-5478-4994-A5BA-3E3B0328C30D}",
    "ProviderName": "Microsoft-Windows-Security-Auditing",
    "RecordId": 1460329,
    "serverHost": "pretzel",
    "serverIP": "10.192.107.215",
    "severity": 3,
    "site.id": "1336402404792178959",
    "source": "tsdb",
    "Task": "Other Object Access Events",
    "threadId": "log_2",
    "ThreadId": 1108,
    "TimeCreated": "2023-03-15 23:53:28Z",
    "user.displayName": "PRETZEL$",
    "value": "Microsoft-Windows-Security-Auditing",
    "Version": "0\r"
  },
  {
    "Account_Domain": "FRANZBROT",
    "Account_Name": "PRETZEL$",
    "ActivityId": "{DF4456AB-22D1-463C-9C95-C444F0073839}",
    "Channel": "Security",
    "Computer": "pretzel.franzbrot.lab",
    "dataSource.category": "security",
    "dataSource.name": "Skylight Agent Metrics",
    "dataSource.vendor": "RoarinPenguin",
    "DeviceID": "'\\\\\\\\\\\\\\\\?\\\\\\\\Volume{f7b9f45f-edde-11ec-ab3c-eb5f1ef6d768}\\\\\\\\'",
    "EventID": 4662,
    "Keywords": "Audit Success",
    "Level": "Information",
    "logfile": "C:\\Program Files (x86)\\Scalyr\\log\\windows_event_log_monitor.log",
    "Logon_Id": "0x3E7",
    "Message": "An operation was performed on an object.\r\n\r\nSubject :\r\n\tSecurity ID:\t\tS-1-5-18\r\n\tAccount Name:\t\tPRETZEL$\r\n\tAccount Domain:\t\tFRANZBROT\r\n\tLogon ID:\t\t0x3E7\r\n\r\nObject:\r\n\tObject Server:\t\tWMI\r\n\tObject Type:\t\tWMI Namespace\r\n\tObject Name:\t\tROOT\\CIMV2\\Security\\MicrosoftVolumeEncryption\r\n\tHandle ID:\t\t0x0\r\n\r\nOperation:\r\n\tOperation Type:\t\tObject Access\r\n\tAccesses:\t\tUnknown specific access (bit 0)\r\n\t\t\t\t\r\n\tAccess Mask:\t\t0x1\r\n\tProperties:\t\t-\r\n\r\nAdditional Information:\r\n\tParameter 1:\t\tLocal Read (ExecQuery)\r\n\tParameter 2:\t\tROOT\\CIMV2\\Security\\MicrosoftVolumeEncryption:SELECT * FROM Win32_EncryptableVolume WHERE DeviceID='\\\\\\\\?\\\\Volume{f7b9f45f-edde-11ec-ab3c-eb5f1ef6d768}\\\\'",
    "metric": "EventLog",
    "monitor": "windows_event_log_monitor",
    "Opcode": "Info",
    "parser": "agent-metrics",
    "path1": "EventLog",
    "ProcessId": 776,
    "ProviderGuid": "{54849625-5478-4994-A5BA-3E3B0328C30D}",
    "ProviderName": "Microsoft-Windows-Security-Auditing",
    "RecordId": 1460330,
    "serverHost": "pretzel",
    "serverIP": "10.192.107.215",
    "severity": 3,
    "site.id": "1336402404792178959",
    "source": "tsdb",
    "Task": "Other Object Access Events",
    "threadId": "log_2",
    "ThreadId": 1108,
    "TimeCreated": "2023-03-15 23:53:28Z",
    "user.displayName": "PRETZEL$",
    "value": "Microsoft-Windows-Security-Auditing",
    "Version": "0\r"
  },
  {
    "Account_Domain": "FRANZBROT",
    "Account_Name": "PRETZEL$",
    "ActivityId": "{268A2C62-24E4-4A99-84D4-457E79C7E430}",
    "Channel": "Security",
    "Computer": "pretzel.franzbrot.lab",
    "dataSource.category": "security",
    "dataSource.name": "Skylight Agent Metrics",
    "dataSource.vendor": "RoarinPenguin",
    "EventID": 4662,
    "Keywords": "Audit Success",
    "Level": "Information",
    "logfile": "C:\\Program Files (x86)\\Scalyr\\log\\windows_event_log_monitor.log",
    "Logon_Id": "0x3E7",
    "Message": "An operation was performed on an object.\r\n\r\nSubject :\r\n\tSecurity ID:\t\tS-1-5-18\r\n\tAccount Name:\t\tPRETZEL$\r\n\tAccount Domain:\t\tFRANZBROT\r\n\tLogon ID:\t\t0x3E7\r\n\r\nObject:\r\n\tObject Server:\t\tWMI\r\n\tObject Type:\t\tWMI Namespace\r\n\tObject Name:\t\tROOT\\CIMV2\\Security\\MicrosoftVolumeEncryption\r\n\tHandle ID:\t\t0x0\r\n\r\nOperation:\r\n\tOperation Type:\t\tObject Access\r\n\tAccesses:\t\tUnknown specific access (bit 0)\r\n\t\t\t\t\r\n\tAccess Mask:\t\t0x1\r\n\tProperties:\t\t-\r\n\r\nAdditional Information:\r\n\tParameter 1:\t\tLocal Read (GetObject)\r\n\tParameter 2:\t\tROOT\\CIMV2\\Security\\MicrosoftVolumeEncryption:Win32_EncryptableVolume",
    "metric": "EventLog",
    "monitor": "windows_event_log_monitor",
    "Opcode": "Info",
    "parser": "agent-metrics",
    "path1": "EventLog",
    "ProcessId": 776,
    "ProviderGuid": "{54849625-5478-4994-A5BA-3E3B0328C30D}",
    "ProviderName": "Microsoft-Windows-Security-Auditing",
    "RecordId": 1460331,
    "serverHost": "pretzel",
    "serverIP": "10.192.107.215",
    "severity": 3,
    "site.id": "1336402404792178959",
    "source": "tsdb",
    "Task": "Other Object Access Events",
    "threadId": "log_2",
    "ThreadId": 1108,
    "TimeCreated": "2023-03-15 23:53:28Z",
    "user.displayName": "PRETZEL$",
    "value": "Microsoft-Windows-Security-Auditing",
    "Version": "0\r"
  },
  {
    "Account_Domain": "FRANZBROT",
    "Account_Name": "PRETZEL$",
    "ActivityId": "{159DB0EA-5E6D-4A37-847A-D16635ABA203}",
    "Channel": "Security",
    "Computer": "pretzel.franzbrot.lab",
    "dataSource.category": "security",
    "dataSource.name": "Skylight Agent Metrics",
    "dataSource.vendor": "RoarinPenguin",
    "EventID": 4662,
    "Keywords": "Audit Success",
    "Level": "Information",
    "logfile": "C:\\Program Files (x86)\\Scalyr\\log\\windows_event_log_monitor.log",
    "Logon_Id": "0x3E7",
    "Message": "An operation was performed on an object.\r\n\r\nSubject :\r\n\tSecurity ID:\t\tS-1-5-18\r\n\tAccount Name:\t\tPRETZEL$\r\n\tAccount Domain:\t\tFRANZBROT\r\n\tLogon ID:\t\t0x3E7\r\n\r\nObject:\r\n\tObject Server:\t\tWMI\r\n\tObject Type:\t\tWMI Namespace\r\n\tObject Name:\t\tROOT\\CIMV2\\Security\\MicrosoftVolumeEncryption\r\n\tHandle ID:\t\t0x0\r\n\r\nOperation:\r\n\tOperation Type:\t\tObject Access\r\n\tAccesses:\t\tUnknown specific access (bit 0)\r\n\t\t\t\tUnknown specific access (bit 1)\r\n\t\t\t\t\r\n\tAccess Mask:\t\t0x3\r\n\tProperties:\t\t-\r\n\r\nAdditional Information:\r\n\tParameter 1:\t\tLocal Execute (ExecMethod)\r\n\tParameter 2:\t\tROOT\\CIMV2\\Security\\MicrosoftVolumeEncryption:\\\\PRETZEL\\ROOT\\CIMV2\\Security\\MicrosoftVolumeEncryption:Win32_EncryptableVolume.DeviceID=\"\\\\\\\\?\\\\Volume{f7b9f45f-edde-11ec-ab3c-eb5f1ef6d768}\\\\\"::GetProtectionStatus",
    "metric": "EventLog",
    "monitor": "windows_event_log_monitor",
    "Opcode": "Info",
    "parser": "agent-metrics",
    "path1": "EventLog",
    "ProcessId": 776,
    "ProviderGuid": "{54849625-5478-4994-A5BA-3E3B0328C30D}",
    "ProviderName": "Microsoft-Windows-Security-Auditing",
    "RecordId": 1460332,
    "serverHost": "pretzel",
    "serverIP": "10.192.107.215",
    "severity": 3,
    "site.id": "1336402404792178959",
    "source": "tsdb",
    "Task": "Other Object Access Events",
    "threadId": "log_2",
    "ThreadId": 1108,
    "TimeCreated": "2023-03-15 23:53:28Z",
    "user.displayName": "PRETZEL$",
    "value": "Microsoft-Windows-Security-Auditing",
    "Version": "0\r"
  },
  {
    "Channel": "Security",
    "Data.AccessList": "%%1552\r\n\t\t\t\t",
    "Data.AccessMask": "0x1",
    "Data.AdditionalInfo": "Local Read (ConnectServer)",
    "Data.AdditionalInfo2": "ROOT\\CIMV2\\Security\\MicrosoftVolumeEncryption",
    "Data.HandleId": "0x0",
    "Data.ObjectName": "ROOT\\CIMV2\\Security\\MicrosoftVolumeEncryption",
    "Data.ObjectServer": "WMI",
    "Data.ObjectType": "WMI Namespace",
    "Data.OperationType": "Object Access",
    "Data.Properties": "-",
    "Data.SubjectDomainName": "STARFLEET",
    "Data.SubjectLogonId": "0x3e7",
    "Data.SubjectUserName": "THEMELBOURNE$",
    "Data.SubjectUserSid": "S-1-5-18",
    "dataSource.category": "security",
    "dataSource.name": "win-events",
    "dataSource.vendor": "Jan Tietze",
    "Description": "An operation was performed on an object.\r\n\r\nSubject :\r\n\tSecurity ID:\t\tS-1-5-18\r\n\tAccount Name:\t\tTHEMELBOURNE$\r\n\tAccount Domain:\t\tSTARFLEET\r\n\tLogon ID:\t\t0x3E7\r\n\r\nObject:\r\n\tObject Server:\t\tWMI\r\n\tObject Type:\t\tWMI Namespace\r\n\tObject Name:\t\tROOT\\CIMV2\\Security\\MicrosoftVolumeEncryption\r\n\tHandle ID:\t\t0x0\r\n\r\nOperation:\r\n\tOperation Type:\t\tObject Access\r\n\tAccesses:\t\tUnknown specific access (bit 0)\r\n\t\t\t\t\r\n\tAccess Mask:\t\t0x1\r\n\tProperties:\t\t-\r\n\r\nAdditional Information:\r\n\tParameter 1:\t\tLocal Read (ConnectServer)\r\n\tParameter 2:\t\tROOT\\CIMV2\\Security\\MicrosoftVolumeEncryption",
    "endpoint.name": "TheMelbourne",
    "endpoint.os": "windows",
    "endpoint.type": "desktop",
    "endpoint.uuid": "dd6e49bfe9a8401a989c3aba3972a199",
    "EventID": 4662,
    "Level": "Information",
    "logfile": "event-log",
    "OriginalXml": "<Event xmlns='http://schemas.microsoft.com/win/2004/08/events/event'><System><Provider Name='Microsoft-Windows-Security-Auditing' Guid='{54849625-5478-4994-a5ba-3e3b0328c30d}'/><EventID>4662</EventID><Version>0</Version><Level>0</Level><Task>12804</Task><Opcode>0</Opcode><Keywords>0x8020000000000000</Keywords><TimeCreated SystemTime='2023-03-15T23:53:29.6126877Z'/><EventRecordID>38407</EventRecordID><Correlation ActivityID='{e6d74438-2cdd-4ca7-9231-91ead56929f3}'/><Execution ProcessID='660' ThreadID='732'/><Channel>Security</Channel><Computer>TheMelbourne.starfleet.corp</Computer><Security/></System><EventData><Data Name='SubjectUserSid'>S-1-5-18</Data><Data Name='SubjectUserName'>THEMELBOURNE$</Data><Data Name='SubjectDomainName'>STARFLEET</Data><Data Name='SubjectLogonId'>0x3e7</Data><Data Name='ObjectServer'>WMI</Data><Data Name='ObjectType'>WMI Namespace</Data><Data Name='ObjectName'>ROOT\\CIMV2\\Security\\MicrosoftVolumeEncryption</Data><Data Name='OperationType'>Object Access</Data><Data Name='HandleId'>0x0</Data><Data Name='AccessList'>%%1552\r\n\t\t\t\t</Data><Data Name='AccessMask'>0x1</Data><Data Name='Properties'>-</Data><Data Name='AdditionalInfo'>Local Read (ConnectServer)</Data><Data Name='AdditionalInfo2'>ROOT\\CIMV2\\Security\\MicrosoftVolumeEncryption</Data></EventData></Event>",
    "serverHost": "usea1-purple-sentinelone-export-event-logs-4264180302120732rxc7",
    "serverIP": "10.192.107.215",
    "severity": 3,
    "site.id": "1535547606855605874",
    "System.Channel": "Security",
    "System.Computer": "TheMelbourne.starfleet.corp",
    "System.Correlation.ActivityID": "{e6d74438-2cdd-4ca7-9231-91ead56929f3}",
    "System.EventID": "4662",
    "System.EventRecordID": "38407",
    "System.Execution.ProcessID": "660",
    "System.Execution.ThreadID": "732",
    "System.Keywords": "0x8020000000000000",
    "System.Level": "0",
    "System.Opcode": "0",
    "System.Provider.Guid": "{54849625-5478-4994-a5ba-3e3b0328c30d}",
    "System.Provider.Name": "Microsoft-Windows-Security-Auditing",
    "System.Task": "12804",
    "System.TimeCreated.SystemTime": "2023-03-15T23:53:29.6126877Z",
    "System.Version": "0",
    "threadId": "default"
  },
  {
    "Channel": "Security",
    "Data.AccessList": "%%1552\r\n\t\t\t\t",
    "Data.AccessMask": "0x1",
    "Data.AdditionalInfo": "Local Read (ExecQuery)",
    "Data.AdditionalInfo2": "ROOT\\CIMV2\\Security\\MicrosoftVolumeEncryption:SELECT * FROM Win32_EncryptableVolume",
    "Data.HandleId": "0x0",
    "Data.ObjectName": "ROOT\\CIMV2\\Security\\MicrosoftVolumeEncryption",
    "Data.ObjectServer": "WMI",
    "Data.ObjectType": "WMI Namespace",
    "Data.OperationType": "Object Access",
    "Data.Properties": "-",
    "Data.SubjectDomainName": "STARFLEET",
    "Data.SubjectLogonId": "0x3e7",
    "Data.SubjectUserName": "THEMELBOURNE$",
    "Data.SubjectUserSid": "S-1-5-18",
    "dataSource.category": "security",
    "dataSource.name": "win-events",
    "dataSource.vendor": "Jan Tietze",
    "Description": "An operation was performed on an object.\r\n\r\nSubject :\r\n\tSecurity ID:\t\tS-1-5-18\r\n\tAccount Name:\t\tTHEMELBOURNE$\r\n\tAccount Domain:\t\tSTARFLEET\r\n\tLogon ID:\t\t0x3E7\r\n\r\nObject:\r\n\tObject Server:\t\tWMI\r\n\tObject Type:\t\tWMI Namespace\r\n\tObject Name:\t\tROOT\\CIMV2\\Security\\MicrosoftVolumeEncryption\r\n\tHandle ID:\t\t0x0\r\n\r\nOperation:\r\n\tOperation Type:\t\tObject Access\r\n\tAccesses:\t\tUnknown specific access (bit 0)\r\n\t\t\t\t\r\n\tAccess Mask:\t\t0x1\r\n\tProperties:\t\t-\r\n\r\nAdditional Information:\r\n\tParameter 1:\t\tLocal Read (ExecQuery)\r\n\tParameter 2:\t\tROOT\\CIMV2\\Security\\MicrosoftVolumeEncryption:SELECT * FROM Win32_EncryptableVolume",
    "endpoint.name": "TheMelbourne",
    "endpoint.os": "windows",
    "endpoint.type": "desktop",
    "endpoint.uuid": "dd6e49bfe9a8401a989c3aba3972a199",
    "EventID": 4662,
    "Level": "Information",
    "logfile": "event-log",
    "OriginalXml": "<Event xmlns='http://schemas.microsoft.com/win/2004/08/events/event'><System><Provider Name='Microsoft-Windows-Security-Auditing' Guid='{54849625-5478-4994-a5ba-3e3b0328c30d}'/><EventID>4662</EventID><Version>0</Version><Level>0</Level><Task>12804</Task><Opcode>0</Opcode><Keywords>0x8020000000000000</Keywords><TimeCreated SystemTime='2023-03-15T23:53:29.6141524Z'/><EventRecordID>38408</EventRecordID><Correlation ActivityID='{c097d74f-a8da-4b98-9e21-b9745fa22b8c}'/><Execution ProcessID='660' ThreadID='732'/><Channel>Security</Channel><Computer>TheMelbourne.starfleet.corp</Computer><Security/></System><EventData><Data Name='SubjectUserSid'>S-1-5-18</Data><Data Name='SubjectUserName'>THEMELBOURNE$</Data><Data Name='SubjectDomainName'>STARFLEET</Data><Data Name='SubjectLogonId'>0x3e7</Data><Data Name='ObjectServer'>WMI</Data><Data Name='ObjectType'>WMI Namespace</Data><Data Name='ObjectName'>ROOT\\CIMV2\\Security\\MicrosoftVolumeEncryption</Data><Data Name='OperationType'>Object Access</Data><Data Name='HandleId'>0x0</Data><Data Name='AccessList'>%%1552\r\n\t\t\t\t</Data><Data Name='AccessMask'>0x1</Data><Data Name='Properties'>-</Data><Data Name='AdditionalInfo'>Local Read (ExecQuery)</Data><Data Name='AdditionalInfo2'>ROOT\\CIMV2\\Security\\MicrosoftVolumeEncryption:SELECT * FROM Win32_EncryptableVolume</Data></EventData></Event>",
    "serverHost": "usea1-purple-sentinelone-export-event-logs-4264180302120732rxc7",
    "serverIP": "10.192.103.252",
    "severity": 3,
    "site.id": "1535547606855605874",
    "System.Channel": "Security",
    "System.Computer": "TheMelbourne.starfleet.corp",
    "System.Correlation.ActivityID": "{c097d74f-a8da-4b98-9e21-b9745fa22b8c}",
    "System.EventID": "4662",
    "System.EventRecordID": "38408",
    "System.Execution.ProcessID": "660",
    "System.Execution.ThreadID": "732",
    "System.Keywords": "0x8020000000000000",
    "System.Level": "0",
    "System.Opcode": "0",
    "System.Provider.Guid": "{54849625-5478-4994-a5ba-3e3b0328c30d}",
    "System.Provider.Name": "Microsoft-Windows-Security-Auditing",
    "System.Task": "12804",
    "System.TimeCreated.SystemTime": "2023-03-15T23:53:29.6141524Z",
    "System.Version": "0",
    "threadId": "default"
  },
  {
    "Channel": "Security",
    "Data.AccessList": "%%1552\r\n\t\t\t\t",
    "Data.AccessMask": "0x1",
    "Data.AdditionalInfo": "Local Read (ConnectServer)",
    "Data.AdditionalInfo2": "ROOT\\CIMV2\\Security\\MicrosoftVolumeEncryption",
    "Data.HandleId": "0x0",
    "Data.ObjectName": "ROOT\\CIMV2\\Security\\MicrosoftVolumeEncryption",
    "Data.ObjectServer": "WMI",
    "Data.ObjectType": "WMI Namespace",
    "Data.OperationType": "Object Access",
    "Data.Properties": "-",
    "Data.SubjectDomainName": "STARFLEET",
    "Data.SubjectLogonId": "0x3e7",
    "Data.SubjectUserName": "THEMELBOURNE$",
    "Data.SubjectUserSid": "S-1-5-18",
    "dataSource.category": "security",
    "dataSource.name": "win-events",
    "dataSource.vendor": "Jan Tietze",
    "Description": "An operation was performed on an object.\r\n\r\nSubject :\r\n\tSecurity ID:\t\tS-1-5-18\r\n\tAccount Name:\t\tTHEMELBOURNE$\r\n\tAccount Domain:\t\tSTARFLEET\r\n\tLogon ID:\t\t0x3E7\r\n\r\nObject:\r\n\tObject Server:\t\tWMI\r\n\tObject Type:\t\tWMI Namespace\r\n\tObject Name:\t\tROOT\\CIMV2\\Security\\MicrosoftVolumeEncryption\r\n\tHandle ID:\t\t0x0\r\n\r\nOperation:\r\n\tOperation Type:\t\tObject Access\r\n\tAccesses:\t\tUnknown specific access (bit 0)\r\n\t\t\t\t\r\n\tAccess Mask:\t\t0x1\r\n\tProperties:\t\t-\r\n\r\nAdditional Information:\r\n\tParameter 1:\t\tLocal Read (ConnectServer)\r\n\tParameter 2:\t\tROOT\\CIMV2\\Security\\MicrosoftVolumeEncryption",
    "endpoint.name": "TheMelbourne",
    "endpoint.os": "windows",
    "endpoint.type": "desktop",
    "endpoint.uuid": "dd6e49bfe9a8401a989c3aba3972a199",
    "EventID": 4662,
    "Level": "Information",
    "logfile": "event-log",
    "OriginalXml": "<Event xmlns='http://schemas.microsoft.com/win/2004/08/events/event'><System><Provider Name='Microsoft-Windows-Security-Auditing' Guid='{54849625-5478-4994-a5ba-3e3b0328c30d}'/><EventID>4662</EventID><Version>0</Version><Level>0</Level><Task>12804</Task><Opcode>0</Opcode><Keywords>0x8020000000000000</Keywords><TimeCreated SystemTime='2023-03-15T23:53:29.6348632Z'/><EventRecordID>38409</EventRecordID><Correlation ActivityID='{fa02382d-329a-434c-8612-db5ab4cb8159}'/><Execution ProcessID='660' ThreadID='732'/><Channel>Security</Channel><Computer>TheMelbourne.starfleet.corp</Computer><Security/></System><EventData><Data Name='SubjectUserSid'>S-1-5-18</Data><Data Name='SubjectUserName'>THEMELBOURNE$</Data><Data Name='SubjectDomainName'>STARFLEET</Data><Data Name='SubjectLogonId'>0x3e7</Data><Data Name='ObjectServer'>WMI</Data><Data Name='ObjectType'>WMI Namespace</Data><Data Name='ObjectName'>ROOT\\CIMV2\\Security\\MicrosoftVolumeEncryption</Data><Data Name='OperationType'>Object Access</Data><Data Name='HandleId'>0x0</Data><Data Name='AccessList'>%%1552\r\n\t\t\t\t</Data><Data Name='AccessMask'>0x1</Data><Data Name='Properties'>-</Data><Data Name='AdditionalInfo'>Local Read (ConnectServer)</Data><Data Name='AdditionalInfo2'>ROOT\\CIMV2\\Security\\MicrosoftVolumeEncryption</Data></EventData></Event>",
    "serverHost": "usea1-purple-sentinelone-export-event-logs-4264180302120732rxc7",
    "serverIP": "10.192.107.215",
    "severity": 3,
    "site.id": "1535547606855605874",
    "System.Channel": "Security",
    "System.Computer": "TheMelbourne.starfleet.corp",
    "System.Correlation.ActivityID": "{fa02382d-329a-434c-8612-db5ab4cb8159}",
    "System.EventID": "4662",
    "System.EventRecordID": "38409",
    "System.Execution.ProcessID": "660",
    "System.Execution.ThreadID": "732",
    "System.Keywords": "0x8020000000000000",
    "System.Level": "0",
    "System.Opcode": "0",
    "System.Provider.Guid": "{54849625-5478-4994-a5ba-3e3b0328c30d}",
    "System.Provider.Name": "Microsoft-Windows-Security-Auditing",
    "System.Task": "12804",
    "System.TimeCreated.SystemTime": "2023-03-15T23:53:29.6348632Z",
    "System.Version": "0",
    "threadId": "default"
  },
  {
    "Channel": "Security",
    "Data.AccessList": "%%1552\r\n\t\t\t\t",
    "Data.AccessMask": "0x1",
    "Data.AdditionalInfo": "Local Read (ExecQuery)",
    "Data.AdditionalInfo2": "ROOT\\CIMV2\\Security\\MicrosoftVolumeEncryption:SELECT * FROM Win32_EncryptableVolume WHERE DeviceID='\\\\\\\\?\\\\Volume{22386507-0000-0000-0000-300300000000}\\\\'",
    "Data.HandleId": "0x0",
    "Data.ObjectName": "ROOT\\CIMV2\\Security\\MicrosoftVolumeEncryption",
    "Data.ObjectServer": "WMI",
    "Data.ObjectType": "WMI Namespace",
    "Data.OperationType": "Object Access",
    "Data.Properties": "-",
    "Data.SubjectDomainName": "STARFLEET",
    "Data.SubjectLogonId": "0x3e7",
    "Data.SubjectUserName": "THEMELBOURNE$",
    "Data.SubjectUserSid": "S-1-5-18",
    "dataSource.category": "security",
    "dataSource.name": "win-events",
    "dataSource.vendor": "Jan Tietze",
    "Description": "An operation was performed on an object.\r\n\r\nSubject :\r\n\tSecurity ID:\t\tS-1-5-18\r\n\tAccount Name:\t\tTHEMELBOURNE$\r\n\tAccount Domain:\t\tSTARFLEET\r\n\tLogon ID:\t\t0x3E7\r\n\r\nObject:\r\n\tObject Server:\t\tWMI\r\n\tObject Type:\t\tWMI Namespace\r\n\tObject Name:\t\tROOT\\CIMV2\\Security\\MicrosoftVolumeEncryption\r\n\tHandle ID:\t\t0x0\r\n\r\nOperation:\r\n\tOperation Type:\t\tObject Access\r\n\tAccesses:\t\tUnknown specific access (bit 0)\r\n\t\t\t\t\r\n\tAccess Mask:\t\t0x1\r\n\tProperties:\t\t-\r\n\r\nAdditional Information:\r\n\tParameter 1:\t\tLocal Read (ExecQuery)\r\n\tParameter 2:\t\tROOT\\CIMV2\\Security\\MicrosoftVolumeEncryption:SELECT * FROM Win32_EncryptableVolume WHERE DeviceID='\\\\\\\\?\\\\Volume{22386507-0000-0000-0000-300300000000}\\\\'",
    "endpoint.name": "TheMelbourne",
    "endpoint.os": "windows",
    "endpoint.type": "desktop",
    "endpoint.uuid": "dd6e49bfe9a8401a989c3aba3972a199",
    "EventID": 4662,
    "Level": "Information",
    "logfile": "event-log",
    "OriginalXml": "<Event xmlns='http://schemas.microsoft.com/win/2004/08/events/event'><System><Provider Name='Microsoft-Windows-Security-Auditing' Guid='{54849625-5478-4994-a5ba-3e3b0328c30d}'/><EventID>4662</EventID><Version>0</Version><Level>0</Level><Task>12804</Task><Opcode>0</Opcode><Keywords>0x8020000000000000</Keywords><TimeCreated SystemTime='2023-03-15T23:53:29.6350133Z'/><EventRecordID>38410</EventRecordID><Correlation ActivityID='{0e7c72fd-6e34-4ae2-9aae-ed3d3d2f6e20}'/><Execution ProcessID='660' ThreadID='732'/><Channel>Security</Channel><Computer>TheMelbourne.starfleet.corp</Computer><Security/></System><EventData><Data Name='SubjectUserSid'>S-1-5-18</Data><Data Name='SubjectUserName'>THEMELBOURNE$</Data><Data Name='SubjectDomainName'>STARFLEET</Data><Data Name='SubjectLogonId'>0x3e7</Data><Data Name='ObjectServer'>WMI</Data><Data Name='ObjectType'>WMI Namespace</Data><Data Name='ObjectName'>ROOT\\CIMV2\\Security\\MicrosoftVolumeEncryption</Data><Data Name='OperationType'>Object Access</Data><Data Name='HandleId'>0x0</Data><Data Name='AccessList'>%%1552\r\n\t\t\t\t</Data><Data Name='AccessMask'>0x1</Data><Data Name='Properties'>-</Data><Data Name='AdditionalInfo'>Local Read (ExecQuery)</Data><Data Name='AdditionalInfo2'>ROOT\\CIMV2\\Security\\MicrosoftVolumeEncryption:SELECT * FROM Win32_EncryptableVolume WHERE DeviceID='\\\\\\\\?\\\\Volume{22386507-0000-0000-0000-300300000000}\\\\'</Data></EventData></Event>",
    "serverHost": "usea1-purple-sentinelone-export-event-logs-4264180302120732rxc7",
    "serverIP": "10.192.103.252",
    "severity": 3,
    "site.id": "1535547606855605874",
    "System.Channel": "Security",
    "System.Computer": "TheMelbourne.starfleet.corp",
    "System.Correlation.ActivityID": "{0e7c72fd-6e34-4ae2-9aae-ed3d3d2f6e20}",
    "System.EventID": "4662",
    "System.EventRecordID": "38410",
    "System.Execution.ProcessID": "660",
    "System.Execution.ThreadID": "732",
    "System.Keywords": "0x8020000000000000",
    "System.Level": "0",
    "System.Opcode": "0",
    "System.Provider.Guid": "{54849625-5478-4994-a5ba-3e3b0328c30d}",
    "System.Provider.Name": "Microsoft-Windows-Security-Auditing",
    "System.Task": "12804",
    "System.TimeCreated.SystemTime": "2023-03-15T23:53:29.6350133Z",
    "System.Version": "0",
    "threadId": "default"
  },
  {
    "Channel": "Security",
    "Data.AccessList": "%%1552\r\n\t\t\t\t",
    "Data.AccessMask": "0x1",
    "Data.AdditionalInfo": "Local Read (GetObject)",
    "Data.AdditionalInfo2": "ROOT\\CIMV2\\Security\\MicrosoftVolumeEncryption:Win32_EncryptableVolume",
    "Data.HandleId": "0x0",
    "Data.ObjectName": "ROOT\\CIMV2\\Security\\MicrosoftVolumeEncryption",
    "Data.ObjectServer": "WMI",
    "Data.ObjectType": "WMI Namespace",
    "Data.OperationType": "Object Access",
    "Data.Properties": "-",
    "Data.SubjectDomainName": "STARFLEET",
    "Data.SubjectLogonId": "0x3e7",
    "Data.SubjectUserName": "THEMELBOURNE$",
    "Data.SubjectUserSid": "S-1-5-18",
    "dataSource.category": "security",
    "dataSource.name": "win-events",
    "dataSource.vendor": "Jan Tietze",
    "Description": "An operation was performed on an object.\r\n\r\nSubject :\r\n\tSecurity ID:\t\tS-1-5-18\r\n\tAccount Name:\t\tTHEMELBOURNE$\r\n\tAccount Domain:\t\tSTARFLEET\r\n\tLogon ID:\t\t0x3E7\r\n\r\nObject:\r\n\tObject Server:\t\tWMI\r\n\tObject Type:\t\tWMI Namespace\r\n\tObject Name:\t\tROOT\\CIMV2\\Security\\MicrosoftVolumeEncryption\r\n\tHandle ID:\t\t0x0\r\n\r\nOperation:\r\n\tOperation Type:\t\tObject Access\r\n\tAccesses:\t\tUnknown specific access (bit 0)\r\n\t\t\t\t\r\n\tAccess Mask:\t\t0x1\r\n\tProperties:\t\t-\r\n\r\nAdditional Information:\r\n\tParameter 1:\t\tLocal Read (GetObject)\r\n\tParameter 2:\t\tROOT\\CIMV2\\Security\\MicrosoftVolumeEncryption:Win32_EncryptableVolume",
    "endpoint.name": "TheMelbourne",
    "endpoint.os": "windows",
    "endpoint.type": "desktop",
    "endpoint.uuid": "dd6e49bfe9a8401a989c3aba3972a199",
    "EventID": 4662,
    "Level": "Information",
    "logfile": "event-log",
    "OriginalXml": "<Event xmlns='http://schemas.microsoft.com/win/2004/08/events/event'><System><Provider Name='Microsoft-Windows-Security-Auditing' Guid='{54849625-5478-4994-a5ba-3e3b0328c30d}'/><EventID>4662</EventID><Version>0</Version><Level>0</Level><Task>12804</Task><Opcode>0</Opcode><Keywords>0x8020000000000000</Keywords><TimeCreated SystemTime='2023-03-15T23:53:29.6411736Z'/><EventRecordID>38411</EventRecordID><Correlation ActivityID='{3822c182-5a45-4758-83c5-d5ca4f363838}'/><Execution ProcessID='660' ThreadID='732'/><Channel>Security</Channel><Computer>TheMelbourne.starfleet.corp</Computer><Security/></System><EventData><Data Name='SubjectUserSid'>S-1-5-18</Data><Data Name='SubjectUserName'>THEMELBOURNE$</Data><Data Name='SubjectDomainName'>STARFLEET</Data><Data Name='SubjectLogonId'>0x3e7</Data><Data Name='ObjectServer'>WMI</Data><Data Name='ObjectType'>WMI Namespace</Data><Data Name='ObjectName'>ROOT\\CIMV2\\Security\\MicrosoftVolumeEncryption</Data><Data Name='OperationType'>Object Access</Data><Data Name='HandleId'>0x0</Data><Data Name='AccessList'>%%1552\r\n\t\t\t\t</Data><Data Name='AccessMask'>0x1</Data><Data Name='Properties'>-</Data><Data Name='AdditionalInfo'>Local Read (GetObject)</Data><Data Name='AdditionalInfo2'>ROOT\\CIMV2\\Security\\MicrosoftVolumeEncryption:Win32_EncryptableVolume</Data></EventData></Event>",
    "serverHost": "usea1-purple-sentinelone-export-event-logs-4264180302120732rxc7",
    "serverIP": "10.192.107.215",
    "severity": 3,
    "site.id": "1535547606855605874",
    "System.Channel": "Security",
    "System.Computer": "TheMelbourne.starfleet.corp",
    "System.Correlation.ActivityID": "{3822c182-5a45-4758-83c5-d5ca4f363838}",
    "System.EventID": "4662",
    "System.EventRecordID": "38411",
    "System.Execution.ProcessID": "660",
    "System.Execution.ThreadID": "732",
    "System.Keywords": "0x8020000000000000",
    "System.Level": "0",
    "System.Opcode": "0",
    "System.Provider.Guid": "{54849625-5478-4994-a5ba-3e3b0328c30d}",
    "System.Provider.Name": "Microsoft-Windows-Security-Auditing",
    "System.Task": "12804",
    "System.TimeCreated.SystemTime": "2023-03-15T23:53:29.6411736Z",
    "System.Version": "0",
    "threadId": "default"
  },
  {
    "Channel": "Security",
    "Data.AccessList": "%%1552\r\n\t\t\t\t%%1553\r\n\t\t\t\t",
    "Data.AccessMask": "0x3",
    "Data.AdditionalInfo": "Local Execute (ExecMethod)",
    "Data.AdditionalInfo2": "ROOT\\CIMV2\\Security\\MicrosoftVolumeEncryption:\\\\THEMELBOURNE\\ROOT\\CIMV2\\Security\\MicrosoftVolumeEncryption:Win32_EncryptableVolume.DeviceID=\"\\\\\\\\?\\\\Volume{22386507-0000-0000-0000-300300000000}\\\\\"::GetProtectionStatus",
    "Data.HandleId": "0x0",
    "Data.ObjectName": "ROOT\\CIMV2\\Security\\MicrosoftVolumeEncryption",
    "Data.ObjectServer": "WMI",
    "Data.ObjectType": "WMI Namespace",
    "Data.OperationType": "Object Access",
    "Data.Properties": "-",
    "Data.SubjectDomainName": "STARFLEET",
    "Data.SubjectLogonId": "0x3e7",
    "Data.SubjectUserName": "THEMELBOURNE$",
    "Data.SubjectUserSid": "S-1-5-18",
    "dataSource.category": "security",
    "dataSource.name": "win-events",
    "dataSource.vendor": "Jan Tietze",
    "Description": "An operation was performed on an object.\r\n\r\nSubject :\r\n\tSecurity ID:\t\tS-1-5-18\r\n\tAccount Name:\t\tTHEMELBOURNE$\r\n\tAccount Domain:\t\tSTARFLEET\r\n\tLogon ID:\t\t0x3E7\r\n\r\nObject:\r\n\tObject Server:\t\tWMI\r\n\tObject Type:\t\tWMI Namespace\r\n\tObject Name:\t\tROOT\\CIMV2\\Security\\MicrosoftVolumeEncryption\r\n\tHandle ID:\t\t0x0\r\n\r\nOperation:\r\n\tOperation Type:\t\tObject Access\r\n\tAccesses:\t\tUnknown specific access (bit 0)\r\n\t\t\t\tUnknown specific access (bit 1)\r\n\t\t\t\t\r\n\tAccess Mask:\t\t0x3\r\n\tProperties:\t\t-\r\n\r\nAdditional Information:\r\n\tParameter 1:\t\tLocal Execute (ExecMethod)\r\n\tParameter 2:\t\tROOT\\CIMV2\\Security\\MicrosoftVolumeEncryption:\\\\THEMELBOURNE\\ROOT\\CIMV2\\Security\\MicrosoftVolumeEncryption:Win32_EncryptableVolume.DeviceID=\"\\\\\\\\?\\\\Volume{22386507-0000-0000-0000-300300000000}\\\\\"::GetProtectionStatus",
    "endpoint.name": "TheMelbourne",
    "endpoint.os": "windows",
    "endpoint.type": "desktop",
    "endpoint.uuid": "dd6e49bfe9a8401a989c3aba3972a199",
    "EventID": 4662,
    "Level": "Information",
    "logfile": "event-log",
    "OriginalXml": "<Event xmlns='http://schemas.microsoft.com/win/2004/08/events/event'><System><Provider Name='Microsoft-Windows-Security-Auditing' Guid='{54849625-5478-4994-a5ba-3e3b0328c30d}'/><EventID>4662</EventID><Version>0</Version><Level>0</Level><Task>12804</Task><Opcode>0</Opcode><Keywords>0x8020000000000000</Keywords><TimeCreated SystemTime='2023-03-15T23:53:29.6435356Z'/><EventRecordID>38412</EventRecordID><Correlation ActivityID='{c2a9206a-0eb9-451e-9d58-0eef1add82a7}'/><Execution ProcessID='660' ThreadID='732'/><Channel>Security</Channel><Computer>TheMelbourne.starfleet.corp</Computer><Security/></System><EventData><Data Name='SubjectUserSid'>S-1-5-18</Data><Data Name='SubjectUserName'>THEMELBOURNE$</Data><Data Name='SubjectDomainName'>STARFLEET</Data><Data Name='SubjectLogonId'>0x3e7</Data><Data Name='ObjectServer'>WMI</Data><Data Name='ObjectType'>WMI Namespace</Data><Data Name='ObjectName'>ROOT\\CIMV2\\Security\\MicrosoftVolumeEncryption</Data><Data Name='OperationType'>Object Access</Data><Data Name='HandleId'>0x0</Data><Data Name='AccessList'>%%1552\r\n\t\t\t\t%%1553\r\n\t\t\t\t</Data><Data Name='AccessMask'>0x3</Data><Data Name='Properties'>-</Data><Data Name='AdditionalInfo'>Local Execute (ExecMethod)</Data><Data Name='AdditionalInfo2'>ROOT\\CIMV2\\Security\\MicrosoftVolumeEncryption:\\\\THEMELBOURNE\\ROOT\\CIMV2\\Security\\MicrosoftVolumeEncryption:Win32_EncryptableVolume.DeviceID=\"\\\\\\\\?\\\\Volume{22386507-0000-0000-0000-300300000000}\\\\\"::GetProtectionStatus</Data></EventData></Event>",
    "serverHost": "usea1-purple-sentinelone-export-event-logs-4264180302120732rxc7",
    "serverIP": "10.192.107.215",
    "severity": 3,
    "site.id": "1535547606855605874",
    "System.Channel": "Security",
    "System.Computer": "TheMelbourne.starfleet.corp",
    "System.Correlation.ActivityID": "{c2a9206a-0eb9-451e-9d58-0eef1add82a7}",
    "System.EventID": "4662",
    "System.EventRecordID": "38412",
    "System.Execution.ProcessID": "660",
    "System.Execution.ThreadID": "732",
    "System.Keywords": "0x8020000000000000",
    "System.Level": "0",
    "System.Opcode": "0",
    "System.Provider.Guid": "{54849625-5478-4994-a5ba-3e3b0328c30d}",
    "System.Provider.Name": "Microsoft-Windows-Security-Auditing",
    "System.Task": "12804",
    "System.TimeCreated.SystemTime": "2023-03-15T23:53:29.6435356Z",
    "System.Version": "0",
    "threadId": "default"
  },
  {
    "Account_Domain": "WORKGROUP",
    "Account_Name": "THIB-ATOMIC$",
    "ActivityId": "{54F640F6-584D-4EB7-B0B5-121B3A8B78CF}",
    "Channel": "Security",
    "Computer": "Thib-Atomic",
    "dataSource.category": "security",
    "dataSource.name": "Skylight Agent Metrics",
    "dataSource.vendor": "RoarinPenguin",
    "EventID": 4662,
    "Keywords": "Audit Success",
    "Level": "Information",
    "logfile": "C:\\Program Files (x86)\\Scalyr\\log\\windows_event_log_monitor.log",
    "Logon_Id": "0x3E7",
    "Message": "An operation was performed on an object.\r\n\r\nSubject :\r\n\tSecurity ID:\t\tS-1-5-18\r\n\tAccount Name:\t\tTHIB-ATOMIC$\r\n\tAccount Domain:\t\tWORKGROUP\r\n\tLogon ID:\t\t0x3E7\r\n\r\nObject:\r\n\tObject Server:\t\tWMI\r\n\tObject Type:\t\tWMI Namespace\r\n\tObject Name:\t\tROOT\\CIMV2\\Security\\MicrosoftVolumeEncryption\r\n\tHandle ID:\t\t0x0\r\n\r\nOperation:\r\n\tOperation Type:\t\tObject Access\r\n\tAccesses:\t\tUnknown specific access (bit 0)\r\n\t\t\t\t\r\n\tAccess Mask:\t\t0x1\r\n\tProperties:\t\t-\r\n\r\nAdditional Information:\r\n\tParameter 1:\t\tLocal Read (ConnectServer)\r\n\tParameter 2:\t\tROOT\\CIMV2\\Security\\MicrosoftVolumeEncryption",
    "metric": "EventLog",
    "monitor": "windows_event_log_monitor",
    "Opcode": "Info",
    "parser": "agent-metrics",
    "path1": "EventLog",
    "ProcessId": 780,
    "ProviderGuid": "{54849625-5478-4994-A5BA-3E3B0328C30D}",
    "ProviderName": "Microsoft-Windows-Security-Auditing",
    "RecordId": 2393067,
    "serverHost": "ThibaultB-WindowsEvents",
    "serverIP": "10.192.97.57",
    "severity": 3,
    "site.id": "1336402404792178959",
    "source": "tsdb",
    "Task": "Other Object Access Events",
    "threadId": "log_2",
    "ThreadId": 7640,
    "tier": "Purple",
    "TimeCreated": "2023-03-15 23:53:29Z",
    "user.displayName": "THIB-ATOMIC$",
    "value": "Microsoft-Windows-Security-Auditing",
    "Version": "0\r"
  },
  {
    "Account_Domain": "WORKGROUP",
    "Account_Name": "THIB-ATOMIC$",
    "ActivityId": "{3A44656E-AA86-404B-8A8B-30C160C2589A}",
    "Channel": "Security",
    "Computer": "Thib-Atomic",
    "dataSource.category": "security",
    "dataSource.name": "Skylight Agent Metrics",
    "dataSource.vendor": "RoarinPenguin",
    "EventID": 4662,
    "Keywords": "Audit Success",
    "Level": "Information",
    "logfile": "C:\\Program Files (x86)\\Scalyr\\log\\windows_event_log_monitor.log",
    "Logon_Id": "0x3E7",
    "Message": "An operation was performed on an object.\r\n\r\nSubject :\r\n\tSecurity ID:\t\tS-1-5-18\r\n\tAccount Name:\t\tTHIB-ATOMIC$\r\n\tAccount Domain:\t\tWORKGROUP\r\n\tLogon ID:\t\t0x3E7\r\n\r\nObject:\r\n\tObject Server:\t\tWMI\r\n\tObject Type:\t\tWMI Namespace\r\n\tObject Name:\t\tROOT\\CIMV2\\Security\\MicrosoftVolumeEncryption\r\n\tHandle ID:\t\t0x0\r\n\r\nOperation:\r\n\tOperation Type:\t\tObject Access\r\n\tAccesses:\t\tUnknown specific access (bit 0)\r\n\t\t\t\t\r\n\tAccess Mask:\t\t0x1\r\n\tProperties:\t\t-\r\n\r\nAdditional Information:\r\n\tParameter 1:\t\tLocal Read (ExecQuery)\r\n\tParameter 2:\t\tROOT\\CIMV2\\Security\\MicrosoftVolumeEncryption:SELECT * FROM Win32_EncryptableVolume",
    "metric": "EventLog",
    "monitor": "windows_event_log_monitor",
    "Opcode": "Info",
    "parser": "agent-metrics",
    "path1": "EventLog",
    "ProcessId": 780,
    "ProviderGuid": "{54849625-5478-4994-A5BA-3E3B0328C30D}",
    "ProviderName": "Microsoft-Windows-Security-Auditing",
    "RecordId": 2393068,
    "serverHost": "ThibaultB-WindowsEvents",
    "serverIP": "10.192.97.57",
    "severity": 3,
    "site.id": "1336402404792178959",
    "source": "tsdb",
    "Task": "Other Object Access Events",
    "threadId": "log_2",
    "ThreadId": 7640,
    "tier": "Purple",
    "TimeCreated": "2023-03-15 23:53:29Z",
    "user.displayName": "THIB-ATOMIC$",
    "value": "Microsoft-Windows-Security-Auditing",
    "Version": "0\r"
  },
  {
    "Account_Domain": "WORKGROUP",
    "Account_Name": "THIB-ATOMIC$",
    "ActivityId": "{1E2E5970-E54E-4956-9248-C87FD67A5103}",
    "Channel": "Security",
    "Computer": "Thib-Atomic",
    "dataSource.category": "security",
    "dataSource.name": "Skylight Agent Metrics",
    "dataSource.vendor": "RoarinPenguin",
    "EventID": 4662,
    "Keywords": "Audit Success",
    "Level": "Information",
    "logfile": "C:\\Program Files (x86)\\Scalyr\\log\\windows_event_log_monitor.log",
    "Logon_Id": "0x3E7",
    "Message": "An operation was performed on an object.\r\n\r\nSubject :\r\n\tSecurity ID:\t\tS-1-5-18\r\n\tAccount Name:\t\tTHIB-ATOMIC$\r\n\tAccount Domain:\t\tWORKGROUP\r\n\tLogon ID:\t\t0x3E7\r\n\r\nObject:\r\n\tObject Server:\t\tWMI\r\n\tObject Type:\t\tWMI Namespace\r\n\tObject Name:\t\tROOT\\CIMV2\\Security\\MicrosoftVolumeEncryption\r\n\tHandle ID:\t\t0x0\r\n\r\nOperation:\r\n\tOperation Type:\t\tObject Access\r\n\tAccesses:\t\tUnknown specific access (bit 0)\r\n\t\t\t\t\r\n\tAccess Mask:\t\t0x1\r\n\tProperties:\t\t-\r\n\r\nAdditional Information:\r\n\tParameter 1:\t\tLocal Read (ConnectServer)\r\n\tParameter 2:\t\tROOT\\CIMV2\\Security\\MicrosoftVolumeEncryption",
    "metric": "EventLog",
    "monitor": "windows_event_log_monitor",
    "Opcode": "Info",
    "parser": "agent-metrics",
    "path1": "EventLog",
    "ProcessId": 780,
    "ProviderGuid": "{54849625-5478-4994-A5BA-3E3B0328C30D}",
    "ProviderName": "Microsoft-Windows-Security-Auditing",
    "RecordId": 2393069,
    "serverHost": "ThibaultB-WindowsEvents",
    "serverIP": "10.192.97.57",
    "severity": 3,
    "site.id": "1336402404792178959",
    "source": "tsdb",
    "Task": "Other Object Access Events",
    "threadId": "log_2",
    "ThreadId": 7640,
    "tier": "Purple",
    "TimeCreated": "2023-03-15 23:53:29Z",
    "user.displayName": "THIB-ATOMIC$",
    "value": "Microsoft-Windows-Security-Auditing",
    "Version": "0\r"
  },
  {
    "Account_Domain": "WORKGROUP",
    "Account_Name": "THIB-ATOMIC$",
    "ActivityId": "{E08F6FD7-1A70-4225-8970-F2E004D29F9C}",
    "Channel": "Security",
    "Computer": "Thib-Atomic",
    "dataSource.category": "security",
    "dataSource.name": "Skylight Agent Metrics",
    "dataSource.vendor": "RoarinPenguin",
    "DeviceID": "'\\\\\\\\\\\\\\\\?\\\\\\\\Volume{36bc809d-2653-4a24-8181-42720d603084}\\\\\\\\'",
    "EventID": 4662,
    "Keywords": "Audit Success",
    "Level": "Information",
    "logfile": "C:\\Program Files (x86)\\Scalyr\\log\\windows_event_log_monitor.log",
    "Logon_Id": "0x3E7",
    "Message": "An operation was performed on an object.\r\n\r\nSubject :\r\n\tSecurity ID:\t\tS-1-5-18\r\n\tAccount Name:\t\tTHIB-ATOMIC$\r\n\tAccount Domain:\t\tWORKGROUP\r\n\tLogon ID:\t\t0x3E7\r\n\r\nObject:\r\n\tObject Server:\t\tWMI\r\n\tObject Type:\t\tWMI Namespace\r\n\tObject Name:\t\tROOT\\CIMV2\\Security\\MicrosoftVolumeEncryption\r\n\tHandle ID:\t\t0x0\r\n\r\nOperation:\r\n\tOperation Type:\t\tObject Access\r\n\tAccesses:\t\tUnknown specific access (bit 0)\r\n\t\t\t\t\r\n\tAccess Mask:\t\t0x1\r\n\tProperties:\t\t-\r\n\r\nAdditional Information:\r\n\tParameter 1:\t\tLocal Read (ExecQuery)\r\n\tParameter 2:\t\tROOT\\CIMV2\\Security\\MicrosoftVolumeEncryption:SELECT * FROM Win32_EncryptableVolume WHERE DeviceID='\\\\\\\\?\\\\Volume{36bc809d-2653-4a24-8181-42720d603084}\\\\'",
    "metric": "EventLog",
    "monitor": "windows_event_log_monitor",
    "Opcode": "Info",
    "parser": "agent-metrics",
    "path1": "EventLog",
    "ProcessId": 780,
    "ProviderGuid": "{54849625-5478-4994-A5BA-3E3B0328C30D}",
    "ProviderName": "Microsoft-Windows-Security-Auditing",
    "RecordId": 2393070,
    "serverHost": "ThibaultB-WindowsEvents",
    "serverIP": "10.192.97.57",
    "severity": 3,
    "site.id": "1336402404792178959",
    "source": "tsdb",
    "Task": "Other Object Access Events",
    "threadId": "log_2",
    "ThreadId": 7640,
    "tier": "Purple",
    "TimeCreated": "2023-03-15 23:53:29Z",
    "user.displayName": "THIB-ATOMIC$",
    "value": "Microsoft-Windows-Security-Auditing",
    "Version": "0\r"
  },
