  {
    "Channel": "Security",
    "Data.AccessList": "%%1552\r\n\t\t\t\t",
    "Data.AccessMask": "0x1",
    "Data.AdditionalInfo": "Local Read (ConnectServer)",
    "Data.AdditionalInfo2": "ROOT\\CIMV2\\Security\\MicrosoftVolumeEncryption",
    "Data.HandleId": "0x0",
    "Data.ObjectName": "ROOT\\CIMV2\\Security\\MicrosoftVolumeEncryption",
    "Data.ObjectServer": "WMI",
    "Data.ObjectType": "WMI Namespace",
    "Data.OperationType": "Object Access",
    "Data.Properties": "-",
    "Data.SubjectDomainName": "FRANZBROT",
    "Data.SubjectLogonId": "0x3e7",
    "Data.SubjectUserName": "PRETZEL$",
    "Data.SubjectUserSid": "S-1-5-18",
    "dataSource.category": "security",
    "dataSource.name": "win-events",
    "dataSource.vendor": "Jan Tietze",
    "Description": "An operation was performed on an object.\r\n\r\nSubject :\r\n\tSecurity ID:\t\tS-1-5-18\r\n\tAccount Name:\t\tPRETZEL$\r\n\tAccount Domain:\t\tFRANZBROT\r\n\tLogon ID:\t\t0x3E7\r\n\r\nObject:\r\n\tObject Server:\t\tWMI\r\n\tObject Type:\t\tWMI Namespace\r\n\tObject Name:\t\tROOT\\CIMV2\\Security\\MicrosoftVolumeEncryption\r\n\tHandle ID:\t\t0x0\r\n\r\nOperation:\r\n\tOperation Type:\t\tObject Access\r\n\tAccesses:\t\tUnknown specific access (bit 0)\r\n\t\t\t\t\r\n\tAccess Mask:\t\t0x1\r\n\tProperties:\t\t-\r\n\r\nAdditional Information:\r\n\tParameter 1:\t\tLocal Read (ConnectServer)\r\n\tParameter 2:\t\tROOT\\CIMV2\\Security\\MicrosoftVolumeEncryption",
    "endpoint.name": "pretzel",
    "endpoint.os": "windows",
    "endpoint.type": "desktop",
    "endpoint.uuid": "d859d8e6a7c64c56b8a29ea7e19530df",
    "EventID": 4662,
    "Level": "Information",
    "logfile": "event-log",
    "OriginalXml": "<Event xmlns='http://schemas.microsoft.com/win/2004/08/events/event'><System><Provider Name='Microsoft-Windows-Security-Auditing' Guid='{54849625-5478-4994-a5ba-3e3b0328c30d}'/><EventID>4662</EventID><Version>0</Version><Level>0</Level><Task>12804</Task><Opcode>0</Opcode><Keywords>0x8020000000000000</Keywords><TimeCreated SystemTime='2023-03-15T23:53:28.4460448Z'/><EventRecordID>1460327</EventRecordID><Correlation ActivityID='{3928d0b6-9adf-48a2-8b4f-fdcf0814faad}'/><Execution ProcessID='776' ThreadID='1108'/><Channel>Security</Channel><Computer>pretzel.franzbrot.lab</Computer><Security/></System><EventData><Data Name='SubjectUserSid'>S-1-5-18</Data><Data Name='SubjectUserName'>PRETZEL$</Data><Data Name='SubjectDomainName'>FRANZBROT</Data><Data Name='SubjectLogonId'>0x3e7</Data><Data Name='ObjectServer'>WMI</Data><Data Name='ObjectType'>WMI Namespace</Data><Data Name='ObjectName'>ROOT\\CIMV2\\Security\\MicrosoftVolumeEncryption</Data><Data Name='OperationType'>Object Access</Data><Data Name='HandleId'>0x0</Data><Data Name='AccessList'>%%1552\r\n\t\t\t\t</Data><Data Name='AccessMask'>0x1</Data><Data Name='Properties'>-</Data><Data Name='AdditionalInfo'>Local Read (ConnectServer)</Data><Data Name='AdditionalInfo2'>ROOT\\CIMV2\\Security\\MicrosoftVolumeEncryption</Data></EventData></Event>",
    "serverHost": "usea1-purple-sentinelone-export-event-logs-4264180302120732rxc7",
    "serverIP": "10.192.107.215",
    "severity": 3,
    "site.id": "1507783031301602210",
    "System.Channel": "Security",
    "System.Computer": "pretzel.franzbrot.lab",
    "System.Correlation.ActivityID": "{3928d0b6-9adf-48a2-8b4f-fdcf0814faad}",
    "System.EventID": "4662",
    "System.EventRecordID": "1460327",
    "System.Execution.ProcessID": "776",
    "System.Execution.ThreadID": "1108",
    "System.Keywords": "0x8020000000000000",
    "System.Level": "0",
    "System.Opcode": "0",
    "System.Provider.Guid": "{54849625-5478-4994-a5ba-3e3b0328c30d}",
    "System.Provider.Name": "Microsoft-Windows-Security-Auditing",
    "System.Task": "12804",
    "System.TimeCreated.SystemTime": "2023-03-15T23:53:28.4460448Z",
    "System.Version": "0",
    "threadId": "default"
  },
  {
    "Channel": "Security",
    "Data.AccessList": "%%1552\r\n\t\t\t\t",
    "Data.AccessMask": "0x1",
    "Data.AdditionalInfo": "Local Read (ExecQuery)",
    "Data.AdditionalInfo2": "ROOT\\CIMV2\\Security\\MicrosoftVolumeEncryption:SELECT * FROM Win32_EncryptableVolume WHERE DeviceID='\\\\\\\\?\\\\Volume{f7b9f45f-edde-11ec-ab3c-eb5f1ef6d768}\\\\'",
    "Data.HandleId": "0x0",
    "Data.ObjectName": "ROOT\\CIMV2\\Security\\MicrosoftVolumeEncryption",
    "Data.ObjectServer": "WMI",
    "Data.ObjectType": "WMI Namespace",
    "Data.OperationType": "Object Access",
    "Data.Properties": "-",
    "Data.SubjectDomainName": "FRANZBROT",
    "Data.SubjectLogonId": "0x3e7",
    "Data.SubjectUserName": "PRETZEL$",
    "Data.SubjectUserSid": "S-1-5-18",
    "dataSource.category": "security",
    "dataSource.name": "win-events",
    "dataSource.vendor": "Jan Tietze",
    "Description": "An operation was performed on an object.\r\n\r\nSubject :\r\n\tSecurity ID:\t\tS-1-5-18\r\n\tAccount Name:\t\tPRETZEL$\r\n\tAccount Domain:\t\tFRANZBROT\r\n\tLogon ID:\t\t0x3E7\r\n\r\nObject:\r\n\tObject Server:\t\tWMI\r\n\tObject Type:\t\tWMI Namespace\r\n\tObject Name:\t\tROOT\\CIMV2\\Security\\MicrosoftVolumeEncryption\r\n\tHandle ID:\t\t0x0\r\n\r\nOperation:\r\n\tOperation Type:\t\tObject Access\r\n\tAccesses:\t\tUnknown specific access (bit 0)\r\n\t\t\t\t\r\n\tAccess Mask:\t\t0x1\r\n\tProperties:\t\t-\r\n\r\nAdditional Information:\r\n\tParameter 1:\t\tLocal Read (ExecQuery)\r\n\tParameter 2:\t\tROOT\\CIMV2\\Security\\MicrosoftVolumeEncryption:SELECT * FROM Win32_EncryptableVolume WHERE DeviceID='\\\\\\\\?\\\\Volume{f7b9f45f-edde-11ec-ab3c-eb5f1ef6d768}\\\\'",
    "endpoint.name": "pretzel",
    "endpoint.os": "windows",
    "endpoint.type": "desktop",
    "endpoint.uuid": "d859d8e6a7c64c56b8a29ea7e19530df",
    "EventID": 4662,
    "Level": "Information",
    "logfile": "event-log",
    "OriginalXml": "<Event xmlns='http://schemas.microsoft.com/win/2004/08/events/event'><System><Provider Name='Microsoft-Windows-Security-Auditing' Guid='{54849625-5478-4994-a5ba-3e3b0328c30d}'/><EventID>4662</EventID><Version>0</Version><Level>0</Level><Task>12804</Task><Opcode>0</Opcode><Keywords>0x8020000000000000</Keywords><TimeCreated SystemTime='2023-03-15T23:53:28.4668470Z'/><EventRecordID>1460330</EventRecordID><Correlation ActivityID='{df4456ab-22d1-463c-9c95-c444f0073839}'/><Execution ProcessID='776' ThreadID='1108'/><Channel>Security</Channel><Computer>pretzel.franzbrot.lab</Computer><Security/></System><EventData><Data Name='SubjectUserSid'>S-1-5-18</Data><Data Name='SubjectUserName'>PRETZEL$</Data><Data Name='SubjectDomainName'>FRANZBROT</Data><Data Name='SubjectLogonId'>0x3e7</Data><Data Name='ObjectServer'>WMI</Data><Data Name='ObjectType'>WMI Namespace</Data><Data Name='ObjectName'>ROOT\\CIMV2\\Security\\MicrosoftVolumeEncryption</Data><Data Name='OperationType'>Object Access</Data><Data Name='HandleId'>0x0</Data><Data Name='AccessList'>%%1552\r\n\t\t\t\t</Data><Data Name='AccessMask'>0x1</Data><Data Name='Properties'>-</Data><Data Name='AdditionalInfo'>Local Read (ExecQuery)</Data><Data Name='AdditionalInfo2'>ROOT\\CIMV2\\Security\\MicrosoftVolumeEncryption:SELECT * FROM Win32_EncryptableVolume WHERE DeviceID='\\\\\\\\?\\\\Volume{f7b9f45f-edde-11ec-ab3c-eb5f1ef6d768}\\\\'</Data></EventData></Event>",
    "serverHost": "usea1-purple-sentinelone-export-event-logs-4264180302120732rxc7",
    "serverIP": "10.192.103.252",
    "severity": 3,
    "site.id": "1507783031301602210",
    "System.Channel": "Security",
    "System.Computer": "pretzel.franzbrot.lab",
    "System.Correlation.ActivityID": "{df4456ab-22d1-463c-9c95-c444f0073839}",
    "System.EventID": "4662",
    "System.EventRecordID": "1460330",
    "System.Execution.ProcessID": "776",
    "System.Execution.ThreadID": "1108",
    "System.Keywords": "0x8020000000000000",
    "System.Level": "0",
    "System.Opcode": "0",
    "System.Provider.Guid": "{54849625-5478-4994-a5ba-3e3b0328c30d}",
    "System.Provider.Name": "Microsoft-Windows-Security-Auditing",
    "System.Task": "12804",
    "System.TimeCreated.SystemTime": "2023-03-15T23:53:28.4668470Z",
    "System.Version": "0",
    "threadId": "default"
  },
  {
    "Channel": "Security",
    "Data.AccessList": "%%1552\r\n\t\t\t\t",
    "Data.AccessMask": "0x1",
    "Data.AdditionalInfo": "Local Read (ConnectServer)",
    "Data.AdditionalInfo2": "ROOT\\CIMV2\\Security\\MicrosoftVolumeEncryption",
    "Data.HandleId": "0x0",
    "Data.ObjectName": "ROOT\\CIMV2\\Security\\MicrosoftVolumeEncryption",
    "Data.ObjectServer": "WMI",
    "Data.ObjectType": "WMI Namespace",
    "Data.OperationType": "Object Access",
    "Data.Properties": "-",
    "Data.SubjectDomainName": "FRANZBROT",
    "Data.SubjectLogonId": "0x3e7",
    "Data.SubjectUserName": "PRETZEL$",
    "Data.SubjectUserSid": "S-1-5-18",
    "dataSource.category": "security",
    "dataSource.name": "win-events",
    "dataSource.vendor": "Jan Tietze",
    "Description": "An operation was performed on an object.\r\n\r\nSubject :\r\n\tSecurity ID:\t\tS-1-5-18\r\n\tAccount Name:\t\tPRETZEL$\r\n\tAccount Domain:\t\tFRANZBROT\r\n\tLogon ID:\t\t0x3E7\r\n\r\nObject:\r\n\tObject Server:\t\tWMI\r\n\tObject Type:\t\tWMI Namespace\r\n\tObject Name:\t\tROOT\\CIMV2\\Security\\MicrosoftVolumeEncryption\r\n\tHandle ID:\t\t0x0\r\n\r\nOperation:\r\n\tOperation Type:\t\tObject Access\r\n\tAccesses:\t\tUnknown specific access (bit 0)\r\n\t\t\t\t\r\n\tAccess Mask:\t\t0x1\r\n\tProperties:\t\t-\r\n\r\nAdditional Information:\r\n\tParameter 1:\t\tLocal Read (ConnectServer)\r\n\tParameter 2:\t\tROOT\\CIMV2\\Security\\MicrosoftVolumeEncryption",
    "endpoint.name": "pretzel",
    "endpoint.os": "windows",
    "endpoint.type": "desktop",
    "endpoint.uuid": "d859d8e6a7c64c56b8a29ea7e19530df",
    "EventID": 4662,
    "Level": "Information",
    "logfile": "event-log",
    "OriginalXml": "<Event xmlns='http://schemas.microsoft.com/win/2004/08/events/event'><System><Provider Name='Microsoft-Windows-Security-Auditing' Guid='{54849625-5478-4994-a5ba-3e3b0328c30d}'/><EventID>4662</EventID><Version>0</Version><Level>0</Level><Task>12804</Task><Opcode>0</Opcode><Keywords>0x8020000000000000</Keywords><TimeCreated SystemTime='2023-03-15T23:53:28.4664518Z'/><EventRecordID>1460329</EventRecordID><Correlation ActivityID='{d003e52b-2770-4d9b-b07e-7524d18e29e3}'/><Execution ProcessID='776' ThreadID='1108'/><Channel>Security</Channel><Computer>pretzel.franzbrot.lab</Computer><Security/></System><EventData><Data Name='SubjectUserSid'>S-1-5-18</Data><Data Name='SubjectUserName'>PRETZEL$</Data><Data Name='SubjectDomainName'>FRANZBROT</Data><Data Name='SubjectLogonId'>0x3e7</Data><Data Name='ObjectServer'>WMI</Data><Data Name='ObjectType'>WMI Namespace</Data><Data Name='ObjectName'>ROOT\\CIMV2\\Security\\MicrosoftVolumeEncryption</Data><Data Name='OperationType'>Object Access</Data><Data Name='HandleId'>0x0</Data><Data Name='AccessList'>%%1552\r\n\t\t\t\t</Data><Data Name='AccessMask'>0x1</Data><Data Name='Properties'>-</Data><Data Name='AdditionalInfo'>Local Read (ConnectServer)</Data><Data Name='AdditionalInfo2'>ROOT\\CIMV2\\Security\\MicrosoftVolumeEncryption</Data></EventData></Event>",
    "serverHost": "usea1-purple-sentinelone-export-event-logs-4264180302120732rxc7",
    "serverIP": "10.192.107.215",
    "severity": 3,
    "site.id": "1507783031301602210",
    "System.Channel": "Security",
    "System.Computer": "pretzel.franzbrot.lab",
    "System.Correlation.ActivityID": "{d003e52b-2770-4d9b-b07e-7524d18e29e3}",
    "System.EventID": "4662",
    "System.EventRecordID": "1460329",
    "System.Execution.ProcessID": "776",
    "System.Execution.ThreadID": "1108",
    "System.Keywords": "0x8020000000000000",
    "System.Level": "0",
    "System.Opcode": "0",
    "System.Provider.Guid": "{54849625-5478-4994-a5ba-3e3b0328c30d}",
    "System.Provider.Name": "Microsoft-Windows-Security-Auditing",
    "System.Task": "12804",
    "System.TimeCreated.SystemTime": "2023-03-15T23:53:28.4664518Z",
    "System.Version": "0",
    "threadId": "default"
  },
  {
    "Channel": "Security",
    "Data.AccessList": "%%1552\r\n\t\t\t\t",
    "Data.AccessMask": "0x1",
    "Data.AdditionalInfo": "Local Read (GetObject)",
    "Data.AdditionalInfo2": "ROOT\\CIMV2\\Security\\MicrosoftVolumeEncryption:Win32_EncryptableVolume",
    "Data.HandleId": "0x0",
    "Data.ObjectName": "ROOT\\CIMV2\\Security\\MicrosoftVolumeEncryption",
    "Data.ObjectServer": "WMI",
    "Data.ObjectType": "WMI Namespace",
    "Data.OperationType": "Object Access",
    "Data.Properties": "-",
    "Data.SubjectDomainName": "FRANZBROT",
    "Data.SubjectLogonId": "0x3e7",
    "Data.SubjectUserName": "PRETZEL$",
    "Data.SubjectUserSid": "S-1-5-18",
    "dataSource.category": "security",
    "dataSource.name": "win-events",
    "dataSource.vendor": "Jan Tietze",
    "Description": "An operation was performed on an object.\r\n\r\nSubject :\r\n\tSecurity ID:\t\tS-1-5-18\r\n\tAccount Name:\t\tPRETZEL$\r\n\tAccount Domain:\t\tFRANZBROT\r\n\tLogon ID:\t\t0x3E7\r\n\r\nObject:\r\n\tObject Server:\t\tWMI\r\n\tObject Type:\t\tWMI Namespace\r\n\tObject Name:\t\tROOT\\CIMV2\\Security\\MicrosoftVolumeEncryption\r\n\tHandle ID:\t\t0x0\r\n\r\nOperation:\r\n\tOperation Type:\t\tObject Access\r\n\tAccesses:\t\tUnknown specific access (bit 0)\r\n\t\t\t\t\r\n\tAccess Mask:\t\t0x1\r\n\tProperties:\t\t-\r\n\r\nAdditional Information:\r\n\tParameter 1:\t\tLocal Read (GetObject)\r\n\tParameter 2:\t\tROOT\\CIMV2\\Security\\MicrosoftVolumeEncryption:Win32_EncryptableVolume",
    "endpoint.name": "pretzel",
    "endpoint.os": "windows",
    "endpoint.type": "desktop",
    "endpoint.uuid": "d859d8e6a7c64c56b8a29ea7e19530df",
    "EventID": 4662,
    "Level": "Information",
    "logfile": "event-log",
    "OriginalXml": "<Event xmlns='http://schemas.microsoft.com/win/2004/08/events/event'><System><Provider Name='Microsoft-Windows-Security-Auditing' Guid='{54849625-5478-4994-a5ba-3e3b0328c30d}'/><EventID>4662</EventID><Version>0</Version><Level>0</Level><Task>12804</Task><Opcode>0</Opcode><Keywords>0x8020000000000000</Keywords><TimeCreated SystemTime='2023-03-15T23:53:28.4756631Z'/><EventRecordID>1460331</EventRecordID><Correlation ActivityID='{268a2c62-24e4-4a99-84d4-457e79c7e430}'/><Execution ProcessID='776' ThreadID='1108'/><Channel>Security</Channel><Computer>pretzel.franzbrot.lab</Computer><Security/></System><EventData><Data Name='SubjectUserSid'>S-1-5-18</Data><Data Name='SubjectUserName'>PRETZEL$</Data><Data Name='SubjectDomainName'>FRANZBROT</Data><Data Name='SubjectLogonId'>0x3e7</Data><Data Name='ObjectServer'>WMI</Data><Data Name='ObjectType'>WMI Namespace</Data><Data Name='ObjectName'>ROOT\\CIMV2\\Security\\MicrosoftVolumeEncryption</Data><Data Name='OperationType'>Object Access</Data><Data Name='HandleId'>0x0</Data><Data Name='AccessList'>%%1552\r\n\t\t\t\t</Data><Data Name='AccessMask'>0x1</Data><Data Name='Properties'>-</Data><Data Name='AdditionalInfo'>Local Read (GetObject)</Data><Data Name='AdditionalInfo2'>ROOT\\CIMV2\\Security\\MicrosoftVolumeEncryption:Win32_EncryptableVolume</Data></EventData></Event>",
    "serverHost": "usea1-purple-sentinelone-export-event-logs-4264180302120732rxc7",
    "serverIP": "10.192.107.215",
    "severity": 3,
    "site.id": "1507783031301602210",
    "System.Channel": "Security",
    "System.Computer": "pretzel.franzbrot.lab",
    "System.Correlation.ActivityID": "{268a2c62-24e4-4a99-84d4-457e79c7e430}",
    "System.EventID": "4662",
    "System.EventRecordID": "1460331",
    "System.Execution.ProcessID": "776",
    "System.Execution.ThreadID": "1108",
    "System.Keywords": "0x8020000000000000",
    "System.Level": "0",
    "System.Opcode": "0",
    "System.Provider.Guid": "{54849625-5478-4994-a5ba-3e3b0328c30d}",
    "System.Provider.Name": "Microsoft-Windows-Security-Auditing",
    "System.Task": "12804",
    "System.TimeCreated.SystemTime": "2023-03-15T23:53:28.4756631Z",
    "System.Version": "0",
    "threadId": "default"
  },
  {
    "Channel": "Security",
    "Data.AccessList": "%%1552\r\n\t\t\t\t%%1553\r\n\t\t\t\t",
    "Data.AccessMask": "0x3",
    "Data.AdditionalInfo": "Local Execute (ExecMethod)",
    "Data.AdditionalInfo2": "ROOT\\CIMV2\\Security\\MicrosoftVolumeEncryption:\\\\PRETZEL\\ROOT\\CIMV2\\Security\\MicrosoftVolumeEncryption:Win32_EncryptableVolume.DeviceID=\"\\\\\\\\?\\\\Volume{f7b9f45f-edde-11ec-ab3c-eb5f1ef6d768}\\\\\"::GetProtectionStatus",
    "Data.HandleId": "0x0",
    "Data.ObjectName": "ROOT\\CIMV2\\Security\\MicrosoftVolumeEncryption",
    "Data.ObjectServer": "WMI",
    "Data.ObjectType": "WMI Namespace",
    "Data.OperationType": "Object Access",
    "Data.Properties": "-",
    "Data.SubjectDomainName": "FRANZBROT",
    "Data.SubjectLogonId": "0x3e7",
    "Data.SubjectUserName": "PRETZEL$",
    "Data.SubjectUserSid": "S-1-5-18",
    "dataSource.category": "security",
    "dataSource.name": "win-events",
    "dataSource.vendor": "Jan Tietze",
    "Description": "An operation was performed on an object.\r\n\r\nSubject :\r\n\tSecurity ID:\t\tS-1-5-18\r\n\tAccount Name:\t\tPRETZEL$\r\n\tAccount Domain:\t\tFRANZBROT\r\n\tLogon ID:\t\t0x3E7\r\n\r\nObject:\r\n\tObject Server:\t\tWMI\r\n\tObject Type:\t\tWMI Namespace\r\n\tObject Name:\t\tROOT\\CIMV2\\Security\\MicrosoftVolumeEncryption\r\n\tHandle ID:\t\t0x0\r\n\r\nOperation:\r\n\tOperation Type:\t\tObject Access\r\n\tAccesses:\t\tUnknown specific access (bit 0)\r\n\t\t\t\tUnknown specific access (bit 1)\r\n\t\t\t\t\r\n\tAccess Mask:\t\t0x3\r\n\tProperties:\t\t-\r\n\r\nAdditional Information:\r\n\tParameter 1:\t\tLocal Execute (ExecMethod)\r\n\tParameter 2:\t\tROOT\\CIMV2\\Security\\MicrosoftVolumeEncryption:\\\\PRETZEL\\ROOT\\CIMV2\\Security\\MicrosoftVolumeEncryption:Win32_EncryptableVolume.DeviceID=\"\\\\\\\\?\\\\Volume{f7b9f45f-edde-11ec-ab3c-eb5f1ef6d768}\\\\\"::GetProtectionStatus",
    "endpoint.name": "pretzel",
    "endpoint.os": "windows",
    "endpoint.type": "desktop",
    "endpoint.uuid": "d859d8e6a7c64c56b8a29ea7e19530df",
    "EventID": 4662,
    "Level": "Information",
    "logfile": "event-log",
    "OriginalXml": "<Event xmlns='http://schemas.microsoft.com/win/2004/08/events/event'><System><Provider Name='Microsoft-Windows-Security-Auditing' Guid='{54849625-5478-4994-a5ba-3e3b0328c30d}'/><EventID>4662</EventID><Version>0</Version><Level>0</Level><Task>12804</Task><Opcode>0</Opcode><Keywords>0x8020000000000000</Keywords><TimeCreated SystemTime='2023-03-15T23:53:28.4796469Z'/><EventRecordID>1460332</EventRecordID><Correlation ActivityID='{159db0ea-5e6d-4a37-847a-d16635aba203}'/><Execution ProcessID='776' ThreadID='1108'/><Channel>Security</Channel><Computer>pretzel.franzbrot.lab</Computer><Security/></System><EventData><Data Name='SubjectUserSid'>S-1-5-18</Data><Data Name='SubjectUserName'>PRETZEL$</Data><Data Name='SubjectDomainName'>FRANZBROT</Data><Data Name='SubjectLogonId'>0x3e7</Data><Data Name='ObjectServer'>WMI</Data><Data Name='ObjectType'>WMI Namespace</Data><Data Name='ObjectName'>ROOT\\CIMV2\\Security\\MicrosoftVolumeEncryption</Data><Data Name='OperationType'>Object Access</Data><Data Name='HandleId'>0x0</Data><Data Name='AccessList'>%%1552\r\n\t\t\t\t%%1553\r\n\t\t\t\t</Data><Data Name='AccessMask'>0x3</Data><Data Name='Properties'>-</Data><Data Name='AdditionalInfo'>Local Execute (ExecMethod)</Data><Data Name='AdditionalInfo2'>ROOT\\CIMV2\\Security\\MicrosoftVolumeEncryption:\\\\PRETZEL\\ROOT\\CIMV2\\Security\\MicrosoftVolumeEncryption:Win32_EncryptableVolume.DeviceID=\"\\\\\\\\?\\\\Volume{f7b9f45f-edde-11ec-ab3c-eb5f1ef6d768}\\\\\"::GetProtectionStatus</Data></EventData></Event>",
    "serverHost": "usea1-purple-sentinelone-export-event-logs-4264180302120732rxc7",
    "serverIP": "10.192.103.252",
    "severity": 3,
    "site.id": "1507783031301602210",
    "System.Channel": "Security",
    "System.Computer": "pretzel.franzbrot.lab",
    "System.Correlation.ActivityID": "{159db0ea-5e6d-4a37-847a-d16635aba203}",
    "System.EventID": "4662",
    "System.EventRecordID": "1460332",
    "System.Execution.ProcessID": "776",
    "System.Execution.ThreadID": "1108",
    "System.Keywords": "0x8020000000000000",
    "System.Level": "0",
    "System.Opcode": "0",
    "System.Provider.Guid": "{54849625-5478-4994-a5ba-3e3b0328c30d}",
    "System.Provider.Name": "Microsoft-Windows-Security-Auditing",
    "System.Task": "12804",
    "System.TimeCreated.SystemTime": "2023-03-15T23:53:28.4796469Z",
    "System.Version": "0",
    "threadId": "default"
  },
  {
    "Account_Domain": "WORKGROUP",
    "Account_Name": "BUILDO-WINDOWS$",
    "ActivityId": "{A85DD16F-B580-4FBB-876B-5DEAA769C410}",
    "Channel": "Security",
    "Computer": "buildo-windows",
    "dataSource.category": "security",
    "dataSource.name": "Skylight Agent Metrics",
    "dataSource.vendor": "RoarinPenguin",
    "EventID": 4662,
    "Keywords": "Audit Success",
    "Level": "Information",
    "logfile": "C:\\Program Files (x86)\\Scalyr\\log\\windows_event_log_monitor.log",
    "Logon_Id": "0x3E7",
    "Message": "An operation was performed on an object.\r\n\r\nSubject :\r\n\tSecurity ID:\t\tS-1-5-18\r\n\tAccount Name:\t\tBUILDO-WINDOWS$\r\n\tAccount Domain:\t\tWORKGROUP\r\n\tLogon ID:\t\t0x3E7\r\n\r\nObject:\r\n\tObject Server:\t\tWMI\r\n\tObject Type:\t\tWMI Namespace\r\n\tObject Name:\t\tROOT\\CIMV2\\Security\\MicrosoftVolumeEncryption\r\n\tHandle ID:\t\t0x0\r\n\r\nOperation:\r\n\tOperation Type:\t\tObject Access\r\n\tAccesses:\t\tUnknown specific access (bit 0)\r\n\t\t\t\t\r\n\tAccess Mask:\t\t0x1\r\n\tProperties:\t\t-\r\n\r\nAdditional Information:\r\n\tParameter 1:\t\tLocal Read (ConnectServer)\r\n\tParameter 2:\t\tROOT\\CIMV2\\Security\\MicrosoftVolumeEncryption",
    "metric": "EventLog",
    "monitor": "windows_event_log_monitor",
    "Opcode": "Info",
    "parser": "agent-metrics",
    "path1": "EventLog",
    "ProcessId": 856,
    "ProviderGuid": "{54849625-5478-4994-A5BA-3E3B0328C30D}",
    "ProviderName": "Microsoft-Windows-Security-Auditing",
    "RecordId": 2202304,
    "serverHost": "buildo-windows",
    "serverIP": "10.192.107.215",
    "severity": 3,
    "site.id": "1336402404792178959",
    "source": "tsdb",
    "Task": "Other Object Access Events",
    "threadId": "log_2",
    "ThreadId": 9548,
    "TimeCreated": "2023-03-15 23:53:27Z",
    "user.displayName": "BUILDO-WINDOWS$",
    "value": "Microsoft-Windows-Security-Auditing",
    "Version": "0\r"
  },
  {
    "Account_Domain": "WORKGROUP",
    "Account_Name": "BUILDO-WINDOWS$",
    "ActivityId": "{0E351E6B-E29A-4679-B398-E1309A6EB490}",
    "Channel": "Security",
    "Computer": "buildo-windows",
    "dataSource.category": "security",
    "dataSource.name": "Skylight Agent Metrics",
    "dataSource.vendor": "RoarinPenguin",
    "EventID": 4662,
    "Keywords": "Audit Success",
    "Level": "Information",
    "logfile": "C:\\Program Files (x86)\\Scalyr\\log\\windows_event_log_monitor.log",
    "Logon_Id": "0x3E7",
    "Message": "An operation was performed on an object.\r\n\r\nSubject :\r\n\tSecurity ID:\t\tS-1-5-18\r\n\tAccount Name:\t\tBUILDO-WINDOWS$\r\n\tAccount Domain:\t\tWORKGROUP\r\n\tLogon ID:\t\t0x3E7\r\n\r\nObject:\r\n\tObject Server:\t\tWMI\r\n\tObject Type:\t\tWMI Namespace\r\n\tObject Name:\t\tROOT\\CIMV2\\Security\\MicrosoftVolumeEncryption\r\n\tHandle ID:\t\t0x0\r\n\r\nOperation:\r\n\tOperation Type:\t\tObject Access\r\n\tAccesses:\t\tUnknown specific access (bit 0)\r\n\t\t\t\t\r\n\tAccess Mask:\t\t0x1\r\n\tProperties:\t\t-\r\n\r\nAdditional Information:\r\n\tParameter 1:\t\tLocal Read (ExecQuery)\r\n\tParameter 2:\t\tROOT\\CIMV2\\Security\\MicrosoftVolumeEncryption:SELECT * FROM Win32_EncryptableVolume",
    "metric": "EventLog",
    "monitor": "windows_event_log_monitor",
    "Opcode": "Info",
    "parser": "agent-metrics",
    "path1": "EventLog",
    "ProcessId": 856,
    "ProviderGuid": "{54849625-5478-4994-A5BA-3E3B0328C30D}",
    "ProviderName": "Microsoft-Windows-Security-Auditing",
    "RecordId": 2202305,
    "serverHost": "buildo-windows",
    "serverIP": "10.192.107.215",
    "severity": 3,
    "site.id": "1336402404792178959",
    "source": "tsdb",
    "Task": "Other Object Access Events",
    "threadId": "log_2",
    "ThreadId": 9548,
    "TimeCreated": "2023-03-15 23:53:27Z",
    "user.displayName": "BUILDO-WINDOWS$",
    "value": "Microsoft-Windows-Security-Auditing",
    "Version": "0\r"
  },
  {
    "Account_Domain": "WORKGROUP",
    "Account_Name": "BUILDO-WINDOWS$",
    "ActivityId": "{F4F8538D-44E4-4AE3-855C-905497AA297E}",
    "Channel": "Security",
    "Computer": "buildo-windows",
    "dataSource.category": "security",
    "dataSource.name": "Skylight Agent Metrics",
    "dataSource.vendor": "RoarinPenguin",
    "EventID": 4662,
    "Keywords": "Audit Success",
    "Level": "Information",
    "logfile": "C:\\Program Files (x86)\\Scalyr\\log\\windows_event_log_monitor.log",
    "Logon_Id": "0x3E7",
    "Message": "An operation was performed on an object.\r\n\r\nSubject :\r\n\tSecurity ID:\t\tS-1-5-18\r\n\tAccount Name:\t\tBUILDO-WINDOWS$\r\n\tAccount Domain:\t\tWORKGROUP\r\n\tLogon ID:\t\t0x3E7\r\n\r\nObject:\r\n\tObject Server:\t\tWMI\r\n\tObject Type:\t\tWMI Namespace\r\n\tObject Name:\t\tROOT\\CIMV2\\Security\\MicrosoftVolumeEncryption\r\n\tHandle ID:\t\t0x0\r\n\r\nOperation:\r\n\tOperation Type:\t\tObject Access\r\n\tAccesses:\t\tUnknown specific access (bit 0)\r\n\t\t\t\t\r\n\tAccess Mask:\t\t0x1\r\n\tProperties:\t\t-\r\n\r\nAdditional Information:\r\n\tParameter 1:\t\tLocal Read (ConnectServer)\r\n\tParameter 2:\t\tROOT\\CIMV2\\Security\\MicrosoftVolumeEncryption",
    "metric": "EventLog",
    "monitor": "windows_event_log_monitor",
    "Opcode": "Info",
    "parser": "agent-metrics",
    "path1": "EventLog",
    "ProcessId": 856,
    "ProviderGuid": "{54849625-5478-4994-A5BA-3E3B0328C30D}",
    "ProviderName": "Microsoft-Windows-Security-Auditing",
    "RecordId": 2202306,
    "serverHost": "buildo-windows",
    "serverIP": "10.192.107.215",
    "severity": 3,
    "site.id": "1336402404792178959",
    "source": "tsdb",
    "Task": "Other Object Access Events",
    "threadId": "log_2",
    "ThreadId": 9548,
    "TimeCreated": "2023-03-15 23:53:27Z",
    "user.displayName": "BUILDO-WINDOWS$",
    "value": "Microsoft-Windows-Security-Auditing",
    "Version": "0\r"
  },
  {
    "Account_Domain": "WORKGROUP",
    "Account_Name": "BUILDO-WINDOWS$",
    "ActivityId": "{0F24B345-8D9B-44BF-AD5F-D4F57383F4CC}",
    "Channel": "Security",
    "Computer": "buildo-windows",
    "dataSource.category": "security",
    "dataSource.name": "Skylight Agent Metrics",
    "dataSource.vendor": "RoarinPenguin",
    "DeviceID": "'\\\\\\\\\\\\\\\\?\\\\\\\\Volume{f7b9f45f-edde-11ec-ab3c-eb5f1ef6d768}\\\\\\\\'",
    "EventID": 4662,
    "Keywords": "Audit Success",
    "Level": "Information",
    "logfile": "C:\\Program Files (x86)\\Scalyr\\log\\windows_event_log_monitor.log",
    "Logon_Id": "0x3E7",
    "Message": "An operation was performed on an object.\r\n\r\nSubject :\r\n\tSecurity ID:\t\tS-1-5-18\r\n\tAccount Name:\t\tBUILDO-WINDOWS$\r\n\tAccount Domain:\t\tWORKGROUP\r\n\tLogon ID:\t\t0x3E7\r\n\r\nObject:\r\n\tObject Server:\t\tWMI\r\n\tObject Type:\t\tWMI Namespace\r\n\tObject Name:\t\tROOT\\CIMV2\\Security\\MicrosoftVolumeEncryption\r\n\tHandle ID:\t\t0x0\r\n\r\nOperation:\r\n\tOperation Type:\t\tObject Access\r\n\tAccesses:\t\tUnknown specific access (bit 0)\r\n\t\t\t\t\r\n\tAccess Mask:\t\t0x1\r\n\tProperties:\t\t-\r\n\r\nAdditional Information:\r\n\tParameter 1:\t\tLocal Read (ExecQuery)\r\n\tParameter 2:\t\tROOT\\CIMV2\\Security\\MicrosoftVolumeEncryption:SELECT * FROM Win32_EncryptableVolume WHERE DeviceID='\\\\\\\\?\\\\Volume{f7b9f45f-edde-11ec-ab3c-eb5f1ef6d768}\\\\'",
    "metric": "EventLog",
    "monitor": "windows_event_log_monitor",
    "Opcode": "Info",
    "parser": "agent-metrics",
    "path1": "EventLog",
    "ProcessId": 856,
    "ProviderGuid": "{54849625-5478-4994-A5BA-3E3B0328C30D}",
    "ProviderName": "Microsoft-Windows-Security-Auditing",
    "RecordId": 2202307,
    "serverHost": "buildo-windows",
    "serverIP": "10.192.107.215",
    "severity": 3,
    "site.id": "1336402404792178959",
    "source": "tsdb",
    "Task": "Other Object Access Events",
    "threadId": "log_2",
    "ThreadId": 9548,
    "TimeCreated": "2023-03-15 23:53:27Z",
    "user.displayName": "BUILDO-WINDOWS$",
    "value": "Microsoft-Windows-Security-Auditing",
    "Version": "0\r"
  },
  {
    "Account_Domain": "WORKGROUP",
    "Account_Name": "BUILDO-WINDOWS$",
    "ActivityId": "{75EE3F60-3DA0-4EA5-B750-5F79D541C175}",
    "Channel": "Security",
    "Computer": "buildo-windows",
    "dataSource.category": "security",
    "dataSource.name": "Skylight Agent Metrics",
    "dataSource.vendor": "RoarinPenguin",
    "EventID": 4662,
    "Keywords": "Audit Success",
    "Level": "Information",
    "logfile": "C:\\Program Files (x86)\\Scalyr\\log\\windows_event_log_monitor.log",
    "Logon_Id": "0x3E7",
    "Message": "An operation was performed on an object.\r\n\r\nSubject :\r\n\tSecurity ID:\t\tS-1-5-18\r\n\tAccount Name:\t\tBUILDO-WINDOWS$\r\n\tAccount Domain:\t\tWORKGROUP\r\n\tLogon ID:\t\t0x3E7\r\n\r\nObject:\r\n\tObject Server:\t\tWMI\r\n\tObject Type:\t\tWMI Namespace\r\n\tObject Name:\t\tROOT\\CIMV2\\Security\\MicrosoftVolumeEncryption\r\n\tHandle ID:\t\t0x0\r\n\r\nOperation:\r\n\tOperation Type:\t\tObject Access\r\n\tAccesses:\t\tUnknown specific access (bit 0)\r\n\t\t\t\t\r\n\tAccess Mask:\t\t0x1\r\n\tProperties:\t\t-\r\n\r\nAdditional Information:\r\n\tParameter 1:\t\tLocal Read (GetObject)\r\n\tParameter 2:\t\tROOT\\CIMV2\\Security\\MicrosoftVolumeEncryption:Win32_EncryptableVolume",
    "metric": "EventLog",
    "monitor": "windows_event_log_monitor",
    "Opcode": "Info",
    "parser": "agent-metrics",
    "path1": "EventLog",
    "ProcessId": 856,
    "ProviderGuid": "{54849625-5478-4994-A5BA-3E3B0328C30D}",
    "ProviderName": "Microsoft-Windows-Security-Auditing",
    "RecordId": 2202308,
    "serverHost": "buildo-windows",
    "serverIP": "10.192.107.215",
    "severity": 3,
    "site.id": "1336402404792178959",
    "source": "tsdb",
    "Task": "Other Object Access Events",
    "threadId": "log_2",
    "ThreadId": 9548,
    "TimeCreated": "2023-03-15 23:53:27Z",
    "user.displayName": "BUILDO-WINDOWS$",
    "value": "Microsoft-Windows-Security-Auditing",
    "Version": "0\r"
  },
  {
    "Account_Domain": "WORKGROUP",
    "Account_Name": "BUILDO-WINDOWS$",
    "ActivityId": "{8862FAD8-018A-4110-ABE0-4B9D1A67ABB8}",
    "Channel": "Security",
    "Computer": "buildo-windows",
    "dataSource.category": "security",
    "dataSource.name": "Skylight Agent Metrics",
    "dataSource.vendor": "RoarinPenguin",
    "EventID": 4662,
    "Keywords": "Audit Success",
    "Level": "Information",
    "logfile": "C:\\Program Files (x86)\\Scalyr\\log\\windows_event_log_monitor.log",
    "Logon_Id": "0x3E7",
    "Message": "An operation was performed on an object.\r\n\r\nSubject :\r\n\tSecurity ID:\t\tS-1-5-18\r\n\tAccount Name:\t\tBUILDO-WINDOWS$\r\n\tAccount Domain:\t\tWORKGROUP\r\n\tLogon ID:\t\t0x3E7\r\n\r\nObject:\r\n\tObject Server:\t\tWMI\r\n\tObject Type:\t\tWMI Namespace\r\n\tObject Name:\t\tROOT\\CIMV2\\Security\\MicrosoftVolumeEncryption\r\n\tHandle ID:\t\t0x0\r\n\r\nOperation:\r\n\tOperation Type:\t\tObject Access\r\n\tAccesses:\t\tUnknown specific access (bit 0)\r\n\t\t\t\tUnknown specific access (bit 1)\r\n\t\t\t\t\r\n\tAccess Mask:\t\t0x3\r\n\tProperties:\t\t-\r\n\r\nAdditional Information:\r\n\tParameter 1:\t\tLocal Execute (ExecMethod)\r\n\tParameter 2:\t\tROOT\\CIMV2\\Security\\MicrosoftVolumeEncryption:\\\\BUILDO-WINDOWS\\ROOT\\CIMV2\\Security\\MicrosoftVolumeEncryption:Win32_EncryptableVolume.DeviceID=\"\\\\\\\\?\\\\Volume{f7b9f45f-edde-11ec-ab3c-eb5f1ef6d768}\\\\\"::GetProtectionStatus",
    "metric": "EventLog",
    "monitor": "windows_event_log_monitor",
    "Opcode": "Info",
    "parser": "agent-metrics",
    "path1": "EventLog",
    "ProcessId": 856,
    "ProviderGuid": "{54849625-5478-4994-A5BA-3E3B0328C30D}",
    "ProviderName": "Microsoft-Windows-Security-Auditing",
    "RecordId": 2202309,
    "serverHost": "buildo-windows",
    "serverIP": "10.192.107.215",
    "severity": 3,
    "site.id": "1336402404792178959",
    "source": "tsdb",
    "Task": "Other Object Access Events",
    "threadId": "log_2",
    "ThreadId": 9548,
    "TimeCreated": "2023-03-15 23:53:27Z",
    "user.displayName": "BUILDO-WINDOWS$",
    "value": "Microsoft-Windows-Security-Auditing",
    "Version": "0\r"
  },
  {
    "Channel": "Security",
    "Computer": "THEBORG.starfleet.corp",
    "dataSource.category": "security",
    "dataSource.name": "Active Directory ",
    "dataSource.vendor": "ActiveDirectory",
    "endpoint.name": "THEBORG.starfleet.corp",
    "event.category": "process",
    "event.details": "An operation was performed on an object.\\r\\n\\r\\nSubject :\\r\\n\\tSecurity ID:\\t\\tS-1-5-21-1141098282-2327295619-3895100066-1104\\r\\n\\tAccount Name:\\t\\tSentinel\\r\\n\\tAccount Domain:\\t\\tSTARFLEET\\r\\n\\tLogon ID:\\t\\t0x32DB10\\r\\n\\r\\nObject:\\r\\n\\tObject Server:\\t\\tDS\\r\\n\\tObject Type:\\t\\t%{bf967a8b-0de6-11d0-a285-00aa003049e2}\\r\\n\\tObject Name:\\t\\t%{ac63fdf7-bca2-4e7d-b70c-0aea08ed7619}\\r\\n\\tHandle ID:\\t\\t0x0\\r\\n\\r\\nOperation:\\r\\n\\tOperation Type:\\t\\tObject Access\\r\\n\\tAccesses:\\t\\tRead Property\\r\\n\\t\\t\\t\\t\\r\\n\\tAccess Mask:\\t\\t0x10\\r\\n\\tProperties:\\t\\tRead Property\\r\\n\\t\\t{771727b1-31b8-4cdf-ae62-4fe39fadf89e}\\r\\n\\t\\t\\t{bf967a6f-0de6-11d0-a285-00aa003049e2}\\r\\n\\t{bf967a8b-0de6-11d0-a285-00aa003049e2}\\r\\n\\r\\n\\r\\nAdditional Information:\\r\\n\\tParameter 1:\\t\\t-\\r\\n\\tParameter 2:\\t\\t",
    "event.type": "Security",
    "EventID": 4662,
    "Keywords": "Audit Success",
    "Level": "Information",
    "logfile": "C:\\Program Files (x86)\\Scalyr\\log\\windows_event_log_monitor.log",
    "Message": "An operation was performed on an object.\\r\\n\\r\\nSubject :\\r\\n\\tSecurity ID:\\t\\tS-1-5-21-1141098282-2327295619-3895100066-1104\\r\\n\\tAccount Name:\\t\\tSentinel\\r\\n\\tAccount Domain:\\t\\tSTARFLEET\\r\\n\\tLogon ID:\\t\\t0x32DB10\\r\\n\\r\\nObject:\\r\\n\\tObject Server:\\t\\tDS\\r\\n\\tObject Type:\\t\\t%{bf967a8b-0de6-11d0-a285-00aa003049e2}\\r\\n\\tObject Name:\\t\\t%{ac63fdf7-bca2-4e7d-b70c-0aea08ed7619}\\r\\n\\tHandle ID:\\t\\t0x0\\r\\n\\r\\nOperation:\\r\\n\\tOperation Type:\\t\\tObject Access\\r\\n\\tAccesses:\\t\\tRead Property\\r\\n\\t\\t\\t\\t\\r\\n\\tAccess Mask:\\t\\t0x10\\r\\n\\tProperties:\\t\\tRead Property\\r\\n\\t\\t{771727b1-31b8-4cdf-ae62-4fe39fadf89e}\\r\\n\\t\\t\\t{bf967a6f-0de6-11d0-a285-00aa003049e2}\\r\\n\\t{bf967a8b-0de6-11d0-a285-00aa003049e2}\\r\\n\\r\\n\\r\\nAdditional Information:\\r\\n\\tParameter 1:\\t\\t-\\r\\n\\tParameter 2:\\t\\t",
    "Opcode": "Info",
    "parser": "ad-rjo",
    "ProcessId": 684,
    "ProviderGuid": "{54849625-5478-4994-A5BA-3E3B0328C30D}",
    "ProviderName": "Microsoft-Windows-Security-Auditing",
    "RecordId": 33424,
    "serverHost": "THEBORG",
    "serverIP": "108.76.207.50",
    "severity": 3,
    "severity_": "Information",
    "src.process.uid": 684,
    "Task": "Directory Service Access",
    "threadId": "default",
    "ThreadId": 804,
    "threadId_": "log_2",
    "TimeCreated": "2023-03-15 23:53:28Z",
    "timestamp_": 1678924408616.8162,
    "Version": 0
  },
  {
    "ActivityId": "{4662B544-1607-4B30-A5AA-88BAAFD4B64C}",
    "Channel": "Security",
    "Computer": "TheDefiant.starfleet.corp",
    "dataSource.category": "security",
    "dataSource.name": "Active Directory ",
    "dataSource.vendor": "ActiveDirectory",
    "endpoint.name": "TheDefiant.starfleet.corp",
    "event.category": "process",
    "event.details": "Special privileges assigned to new logon.\\r\\n\\r\\nSubject:\\r\\n\\tSecurity ID:\\t\\tS-1-5-18\\r\\n\\tAccount Name:\\t\\tSYSTEM\\r\\n\\tAccount Domain:\\t\\tNT AUTHORITY\\r\\n\\tLogon ID:\\t\\t0x3E7\\r\\n\\r\\nPrivileges:\\t\\tSeAssignPrimaryTokenPrivilege\\r\\n\\t\\t\\tSeTcbPrivilege\\r\\n\\t\\t\\tSeSecurityPrivilege\\r\\n\\t\\t\\tSeTakeOwnershipPrivilege\\r\\n\\t\\t\\tSeLoadDriverPrivilege\\r\\n\\t\\t\\tSeBackupPrivilege\\r\\n\\t\\t\\tSeRestorePrivilege\\r\\n\\t\\t\\tSeDebugPrivilege\\r\\n\\t\\t\\tSeAuditPrivilege\\r\\n\\t\\t\\tSeSystemEnvironmentPrivilege\\r\\n\\t\\t\\tSeImpersonatePrivilege\\r\\n\\t\\t\\tSeDelegateSessionUserImpersonatePrivilege",
    "event.type": "Security",
    "EventID": 4672,
    "Keywords": "Audit Success",
    "Level": "Information",
    "logfile": "C:\\Program Files (x86)\\Scalyr\\log\\windows_event_log_monitor.log",
    "Message": "Special privileges assigned to new logon.\\r\\n\\r\\nSubject:\\r\\n\\tSecurity ID:\\t\\tS-1-5-18\\r\\n\\tAccount Name:\\t\\tSYSTEM\\r\\n\\tAccount Domain:\\t\\tNT AUTHORITY\\r\\n\\tLogon ID:\\t\\t0x3E7\\r\\n\\r\\nPrivileges:\\t\\tSeAssignPrimaryTokenPrivilege\\r\\n\\t\\t\\tSeTcbPrivilege\\r\\n\\t\\t\\tSeSecurityPrivilege\\r\\n\\t\\t\\tSeTakeOwnershipPrivilege\\r\\n\\t\\t\\tSeLoadDriverPrivilege\\r\\n\\t\\t\\tSeBackupPrivilege\\r\\n\\t\\t\\tSeRestorePrivilege\\r\\n\\t\\t\\tSeDebugPrivilege\\r\\n\\t\\t\\tSeAuditPrivilege\\r\\n\\t\\t\\tSeSystemEnvironmentPrivilege\\r\\n\\t\\t\\tSeImpersonatePrivilege\\r\\n\\t\\t\\tSeDelegateSessionUserImpersonatePrivilege",
    "Opcode": "Info",
    "parser": "ad-rjo",
    "ProcessId": 768,
    "ProviderGuid": "{54849625-5478-4994-A5BA-3E3B0328C30D}",
    "ProviderName": "Microsoft-Windows-Security-Auditing",
    "RecordId": 17663,
    "serverHost": "TheDefiant",
    "serverIP": "108.76.207.50",
    "severity": 3,
    "severity_": "Information",
    "src.process.uid": 768,
    "Task": "Special Logon",
    "threadId": "default",
    "ThreadId": 3104,
    "threadId_": "log_2",
    "TimeCreated": "2023-03-15 23:53:28Z",
    "timestamp_": 1678924408648.837,
    "Version": 0
  },
  {
    "Account_Domain": "WORKGROUP",
    "Account_Name": "JKM-HOST$",
    "ActivityId": "{116E6B6B-0062-4FAB-9DF0-FF94833B38C0}",
    "Channel": "Security",
    "Computer": "JKM-HOST",
    "dataSource.category": "security",
    "dataSource.name": "Skylight Agent Metrics",
    "dataSource.vendor": "RoarinPenguin",
    "EventID": 4662,
    "Keywords": "Audit Success",
    "Level": "Information",
    "logfile": "C:\\Program Files (x86)\\Scalyr\\log\\windows_event_log_monitor.log",
    "Logon_Id": "0x3E7",
    "Message": "An operation was performed on an object.\r\n\r\nSubject :\r\n\tSecurity ID:\t\tS-1-5-18\r\n\tAccount Name:\t\tJKM-HOST$\r\n\tAccount Domain:\t\tWORKGROUP\r\n\tLogon ID:\t\t0x3E7\r\n\r\nObject:\r\n\tObject Server:\t\tWMI\r\n\tObject Type:\t\tWMI Namespace\r\n\tObject Name:\t\tROOT\\CIMV2\\Security\\MicrosoftVolumeEncryption\r\n\tHandle ID:\t\t0x0\r\n\r\nOperation:\r\n\tOperation Type:\t\tObject Access\r\n\tAccesses:\t\tUnknown specific access (bit 0)\r\n\t\t\t\t\r\n\tAccess Mask:\t\t0x1\r\n\tProperties:\t\t-\r\n\r\nAdditional Information:\r\n\tParameter 1:\t\tLocal Read (ConnectServer)\r\n\tParameter 2:\t\tROOT\\CIMV2\\Security\\MicrosoftVolumeEncryption",
    "metric": "EventLog",
    "monitor": "windows_event_log_monitor",
    "Opcode": "Info",
    "parser": "agent-metrics",
    "path1": "EventLog",
    "ProcessId": 1012,
    "ProviderGuid": "{54849625-5478-4994-A5BA-3E3B0328C30D}",
    "ProviderName": "Microsoft-Windows-Security-Auditing",
    "RecordId": 461679,
    "serverHost": "JKM-HOST",
    "serverIP": "10.192.107.215",
    "severity": 3,
    "site.id": "1336402404792178959",
    "source": "tsdb",
    "Task": "Other Object Access Events",
    "threadId": "log_2",
    "ThreadId": 6608,
    "TimeCreated": "2023-03-15 23:53:28Z",
    "user.displayName": "JKM-HOST$",
    "value": "Microsoft-Windows-Security-Auditing",
    "Version": "0\r"
  },
  {
    "Account_Domain": "WORKGROUP",
    "Account_Name": "JKM-HOST$",
    "ActivityId": "{5AF3DE43-6DD7-44D4-AF7A-420322A7F25F}",
    "Channel": "Security",
    "Computer": "JKM-HOST",
    "dataSource.category": "security",
    "dataSource.name": "Skylight Agent Metrics",
    "dataSource.vendor": "RoarinPenguin",
    "EventID": 4662,
    "Keywords": "Audit Success",
    "Level": "Information",
    "logfile": "C:\\Program Files (x86)\\Scalyr\\log\\windows_event_log_monitor.log",
    "Logon_Id": "0x3E7",
    "Message": "An operation was performed on an object.\r\n\r\nSubject :\r\n\tSecurity ID:\t\tS-1-5-18\r\n\tAccount Name:\t\tJKM-HOST$\r\n\tAccount Domain:\t\tWORKGROUP\r\n\tLogon ID:\t\t0x3E7\r\n\r\nObject:\r\n\tObject Server:\t\tWMI\r\n\tObject Type:\t\tWMI Namespace\r\n\tObject Name:\t\tROOT\\CIMV2\\Security\\MicrosoftVolumeEncryption\r\n\tHandle ID:\t\t0x0\r\n\r\nOperation:\r\n\tOperation Type:\t\tObject Access\r\n\tAccesses:\t\tUnknown specific access (bit 0)\r\n\t\t\t\t\r\n\tAccess Mask:\t\t0x1\r\n\tProperties:\t\t-\r\n\r\nAdditional Information:\r\n\tParameter 1:\t\tLocal Read (ExecQuery)\r\n\tParameter 2:\t\tROOT\\CIMV2\\Security\\MicrosoftVolumeEncryption:SELECT * FROM Win32_EncryptableVolume",
    "metric": "EventLog",
    "monitor": "windows_event_log_monitor",
    "Opcode": "Info",
    "parser": "agent-metrics",
    "path1": "EventLog",
    "ProcessId": 1012,
    "ProviderGuid": "{54849625-5478-4994-A5BA-3E3B0328C30D}",
    "ProviderName": "Microsoft-Windows-Security-Auditing",
    "RecordId": 461680,
    "serverHost": "JKM-HOST",
    "serverIP": "10.192.107.215",
    "severity": 3,
    "site.id": "1336402404792178959",
    "source": "tsdb",
    "Task": "Other Object Access Events",
    "threadId": "log_2",
    "ThreadId": 6608,
    "TimeCreated": "2023-03-15 23:53:28Z",
    "user.displayName": "JKM-HOST$",
    "value": "Microsoft-Windows-Security-Auditing",
    "Version": "0\r"
  },
  {
    "Account_Domain": "WORKGROUP",
    "Account_Name": "JKM-HOST$",
    "ActivityId": "{6B839D64-19C4-4C73-BE25-F3B30C2070D9}",
    "Channel": "Security",
    "Computer": "JKM-HOST",
    "dataSource.category": "security",
    "dataSource.name": "Skylight Agent Metrics",
    "dataSource.vendor": "RoarinPenguin",
    "EventID": 4662,
    "Keywords": "Audit Success",
    "Level": "Information",
    "logfile": "C:\\Program Files (x86)\\Scalyr\\log\\windows_event_log_monitor.log",
    "Logon_Id": "0x3E7",
    "Message": "An operation was performed on an object.\r\n\r\nSubject :\r\n\tSecurity ID:\t\tS-1-5-18\r\n\tAccount Name:\t\tJKM-HOST$\r\n\tAccount Domain:\t\tWORKGROUP\r\n\tLogon ID:\t\t0x3E7\r\n\r\nObject:\r\n\tObject Server:\t\tWMI\r\n\tObject Type:\t\tWMI Namespace\r\n\tObject Name:\t\tROOT\\CIMV2\\Security\\MicrosoftVolumeEncryption\r\n\tHandle ID:\t\t0x0\r\n\r\nOperation:\r\n\tOperation Type:\t\tObject Access\r\n\tAccesses:\t\tUnknown specific access (bit 0)\r\n\t\t\t\t\r\n\tAccess Mask:\t\t0x1\r\n\tProperties:\t\t-\r\n\r\nAdditional Information:\r\n\tParameter 1:\t\tLocal Read (ConnectServer)\r\n\tParameter 2:\t\tROOT\\CIMV2\\Security\\MicrosoftVolumeEncryption",
    "metric": "EventLog",
    "monitor": "windows_event_log_monitor",
    "Opcode": "Info",
    "parser": "agent-metrics",
    "path1": "EventLog",
    "ProcessId": 1012,
    "ProviderGuid": "{54849625-5478-4994-A5BA-3E3B0328C30D}",
    "ProviderName": "Microsoft-Windows-Security-Auditing",
    "RecordId": 461681,
    "serverHost": "JKM-HOST",
    "serverIP": "10.192.107.215",
    "severity": 3,
    "site.id": "1336402404792178959",
    "source": "tsdb",
    "Task": "Other Object Access Events",
    "threadId": "log_2",
    "ThreadId": 6608,
    "TimeCreated": "2023-03-15 23:53:28Z",
    "user.displayName": "JKM-HOST$",
    "value": "Microsoft-Windows-Security-Auditing",
    "Version": "0\r"
  },
  {
    "Account_Domain": "WORKGROUP",
    "Account_Name": "JKM-HOST$",
    "ActivityId": "{6AED60C2-4E79-49DA-B1C6-8ACAB2587A56}",
    "Channel": "Security",
    "Computer": "JKM-HOST",
    "dataSource.category": "security",
    "dataSource.name": "Skylight Agent Metrics",
    "dataSource.vendor": "RoarinPenguin",
    "DeviceID": "'\\\\\\\\\\\\\\\\?\\\\\\\\Volume{fc647694-f763-4652-8b94-68cfa835769c}\\\\\\\\'",
    "EventID": 4662,
    "Keywords": "Audit Success",
    "Level": "Information",
    "logfile": "C:\\Program Files (x86)\\Scalyr\\log\\windows_event_log_monitor.log",
    "Logon_Id": "0x3E7",
    "Message": "An operation was performed on an object.\r\n\r\nSubject :\r\n\tSecurity ID:\t\tS-1-5-18\r\n\tAccount Name:\t\tJKM-HOST$\r\n\tAccount Domain:\t\tWORKGROUP\r\n\tLogon ID:\t\t0x3E7\r\n\r\nObject:\r\n\tObject Server:\t\tWMI\r\n\tObject Type:\t\tWMI Namespace\r\n\tObject Name:\t\tROOT\\CIMV2\\Security\\MicrosoftVolumeEncryption\r\n\tHandle ID:\t\t0x0\r\n\r\nOperation:\r\n\tOperation Type:\t\tObject Access\r\n\tAccesses:\t\tUnknown specific access (bit 0)\r\n\t\t\t\t\r\n\tAccess Mask:\t\t0x1\r\n\tProperties:\t\t-\r\n\r\nAdditional Information:\r\n\tParameter 1:\t\tLocal Read (ExecQuery)\r\n\tParameter 2:\t\tROOT\\CIMV2\\Security\\MicrosoftVolumeEncryption:SELECT * FROM Win32_EncryptableVolume WHERE DeviceID='\\\\\\\\?\\\\Volume{fc647694-f763-4652-8b94-68cfa835769c}\\\\'",
    "metric": "EventLog",
    "monitor": "windows_event_log_monitor",
    "Opcode": "Info",
    "parser": "agent-metrics",
    "path1": "EventLog",
    "ProcessId": 1012,
    "ProviderGuid": "{54849625-5478-4994-A5BA-3E3B0328C30D}",
    "ProviderName": "Microsoft-Windows-Security-Auditing",
    "RecordId": 461682,
    "serverHost": "JKM-HOST",
    "serverIP": "10.192.107.215",
    "severity": 3,
    "site.id": "1336402404792178959",
    "source": "tsdb",
    "Task": "Other Object Access Events",
    "threadId": "log_2",
    "ThreadId": 6608,
    "TimeCreated": "2023-03-15 23:53:28Z",
    "user.displayName": "JKM-HOST$",
    "value": "Microsoft-Windows-Security-Auditing",
    "Version": "0\r"
  },
  {
    "Account_Domain": "WORKGROUP",
    "Account_Name": "JKM-HOST$",
    "ActivityId": "{4279E85F-9143-4085-8605-A2A0D93CBA05}",
    "Channel": "Security",
    "Computer": "JKM-HOST",
    "dataSource.category": "security",
    "dataSource.name": "Skylight Agent Metrics",
    "dataSource.vendor": "RoarinPenguin",
    "EventID": 4662,
    "Keywords": "Audit Success",
    "Level": "Information",
    "logfile": "C:\\Program Files (x86)\\Scalyr\\log\\windows_event_log_monitor.log",
    "Logon_Id": "0x3E7",
    "Message": "An operation was performed on an object.\r\n\r\nSubject :\r\n\tSecurity ID:\t\tS-1-5-18\r\n\tAccount Name:\t\tJKM-HOST$\r\n\tAccount Domain:\t\tWORKGROUP\r\n\tLogon ID:\t\t0x3E7\r\n\r\nObject:\r\n\tObject Server:\t\tWMI\r\n\tObject Type:\t\tWMI Namespace\r\n\tObject Name:\t\tROOT\\CIMV2\\Security\\MicrosoftVolumeEncryption\r\n\tHandle ID:\t\t0x0\r\n\r\nOperation:\r\n\tOperation Type:\t\tObject Access\r\n\tAccesses:\t\tUnknown specific access (bit 0)\r\n\t\t\t\t\r\n\tAccess Mask:\t\t0x1\r\n\tProperties:\t\t-\r\n\r\nAdditional Information:\r\n\tParameter 1:\t\tLocal Read (ConnectServer)\r\n\tParameter 2:\t\tROOT\\CIMV2\\Security\\MicrosoftVolumeEncryption",
    "metric": "EventLog",
    "monitor": "windows_event_log_monitor",
    "Opcode": "Info",
    "parser": "agent-metrics",
    "path1": "EventLog",
    "ProcessId": 1012,
    "ProviderGuid": "{54849625-5478-4994-A5BA-3E3B0328C30D}",
    "ProviderName": "Microsoft-Windows-Security-Auditing",
    "RecordId": 461683,
    "serverHost": "JKM-HOST",
    "serverIP": "10.192.107.215",
    "severity": 3,
    "site.id": "1336402404792178959",
    "source": "tsdb",
    "Task": "Other Object Access Events",
    "threadId": "log_2",
    "ThreadId": 6608,
    "TimeCreated": "2023-03-15 23:53:28Z",
    "user.displayName": "JKM-HOST$",
    "value": "Microsoft-Windows-Security-Auditing",
    "Version": "0\r"
  },
  {
    "Account_Domain": "WORKGROUP",
    "Account_Name": "JKM-HOST$",
    "ActivityId": "{45144CAD-E7DB-4101-9B15-D108F840FE75}",
    "Channel": "Security",
    "Computer": "JKM-HOST",
    "dataSource.category": "security",
    "dataSource.name": "Skylight Agent Metrics",
    "dataSource.vendor": "RoarinPenguin",
    "DeviceID": "'\\\\\\\\\\\\\\\\?\\\\\\\\Volume{fb5cad1c-b1f4-11ed-8d05-c4d0e35fae00}\\\\\\\\'",
    "EventID": 4662,
    "Keywords": "Audit Success",
    "Level": "Information",
    "logfile": "C:\\Program Files (x86)\\Scalyr\\log\\windows_event_log_monitor.log",
    "Logon_Id": "0x3E7",
    "Message": "An operation was performed on an object.\r\n\r\nSubject :\r\n\tSecurity ID:\t\tS-1-5-18\r\n\tAccount Name:\t\tJKM-HOST$\r\n\tAccount Domain:\t\tWORKGROUP\r\n\tLogon ID:\t\t0x3E7\r\n\r\nObject:\r\n\tObject Server:\t\tWMI\r\n\tObject Type:\t\tWMI Namespace\r\n\tObject Name:\t\tROOT\\CIMV2\\Security\\MicrosoftVolumeEncryption\r\n\tHandle ID:\t\t0x0\r\n\r\nOperation:\r\n\tOperation Type:\t\tObject Access\r\n\tAccesses:\t\tUnknown specific access (bit 0)\r\n\t\t\t\t\r\n\tAccess Mask:\t\t0x1\r\n\tProperties:\t\t-\r\n\r\nAdditional Information:\r\n\tParameter 1:\t\tLocal Read (ExecQuery)\r\n\tParameter 2:\t\tROOT\\CIMV2\\Security\\MicrosoftVolumeEncryption:SELECT * FROM Win32_EncryptableVolume WHERE DeviceID='\\\\\\\\?\\\\Volume{fb5cad1c-b1f4-11ed-8d05-c4d0e35fae00}\\\\'",
    "metric": "EventLog",
    "monitor": "windows_event_log_monitor",
    "Opcode": "Info",
    "parser": "agent-metrics",
    "path1": "EventLog",
    "ProcessId": 1012,
    "ProviderGuid": "{54849625-5478-4994-A5BA-3E3B0328C30D}",
    "ProviderName": "Microsoft-Windows-Security-Auditing",
    "RecordId": 461684,
    "serverHost": "JKM-HOST",
    "serverIP": "10.192.107.215",
    "severity": 3,
    "site.id": "1336402404792178959",
    "source": "tsdb",
    "Task": "Other Object Access Events",
    "threadId": "log_2",
    "ThreadId": 6608,
    "TimeCreated": "2023-03-15 23:53:28Z",
    "user.displayName": "JKM-HOST$",
    "value": "Microsoft-Windows-Security-Auditing",
    "Version": "0\r"
  },
