  {
    "Channel": "Security",
    "Computer": "THEBORG.starfleet.corp",
    "dataSource.category": "security",
    "dataSource.name": "Active Directory ",
    "dataSource.vendor": "ActiveDirectory",
    "endpoint.name": "THEBORG.starfleet.corp",
    "event.category": "process",
    "event.details": "Special privileges assigned to new logon.\\r\\n\\r\\nSubject:\\r\\n\\tSecurity ID:\\t\\tS-1-5-18\\r\\n\\tAccount Name:\\t\\tTHEBORG$\\r\\n\\tAccount Domain:\\t\\tSTARFLEET\\r\\n\\tLogon ID:\\t\\t0xE9274\\r\\n\\r\\nPrivileges:\\t\\tSeSecurityPrivilege\\r\\n\\t\\t\\tSeBackupPrivilege\\r\\n\\t\\t\\tSeRestorePrivilege\\r\\n\\t\\t\\tSeTakeOwnershipPrivilege\\r\\n\\t\\t\\tSeDebugPrivilege\\r\\n\\t\\t\\tSeSystemEnvironmentPrivilege\\r\\n\\t\\t\\tSeLoadDriverPrivilege\\r\\n\\t\\t\\tSeImpersonatePrivilege\\r\\n\\t\\t\\tSeDelegateSessionUserImpersonatePrivilege\\r\\n\\t\\t\\tSeEnableDelegationPrivilege",
    "event.type": "Security",
    "EventID": 4672,
    "Keywords": "Audit Success",
    "Level": "Information",
    "logfile": "C:\\Program Files (x86)\\Scalyr\\log\\windows_event_log_monitor.log",
    "Message": "Special privileges assigned to new logon.\\r\\n\\r\\nSubject:\\r\\n\\tSecurity ID:\\t\\tS-1-5-18\\r\\n\\tAccount Name:\\t\\tTHEBORG$\\r\\n\\tAccount Domain:\\t\\tSTARFLEET\\r\\n\\tLogon ID:\\t\\t0xE9274\\r\\n\\r\\nPrivileges:\\t\\tSeSecurityPrivilege\\r\\n\\t\\t\\tSeBackupPrivilege\\r\\n\\t\\t\\tSeRestorePrivilege\\r\\n\\t\\t\\tSeTakeOwnershipPrivilege\\r\\n\\t\\t\\tSeDebugPrivilege\\r\\n\\t\\t\\tSeSystemEnvironmentPrivilege\\r\\n\\t\\t\\tSeLoadDriverPrivilege\\r\\n\\t\\t\\tSeImpersonatePrivilege\\r\\n\\t\\t\\tSeDelegateSessionUserImpersonatePrivilege\\r\\n\\t\\t\\tSeEnableDelegationPrivilege",
    "Opcode": "Info",
    "parser": "ad-rjo",
    "ProcessId": 684,
    "ProviderGuid": "{54849625-5478-4994-A5BA-3E3B0328C30D}",
    "ProviderName": "Microsoft-Windows-Security-Auditing",
    "RecordId": 30865,
    "serverHost": "THEBORG",
    "serverIP": "108.76.207.50",
    "severity": 3,
    "severity_": "Information",
    "src.process.uid": 684,
    "Task": "Special Logon",
    "threadId": "default",
    "ThreadId": 2500,
    "threadId_": "log_6",
    "TimeCreated": "2023-03-15 23:53:20Z",
    "timestamp_": 1678924400115.8203,
    "Version": 0
  },
  {
    "Channel": "Security",
    "Computer": "THEBORG.starfleet.corp",
    "dataSource.category": "security",
    "dataSource.name": "Active Directory ",
    "dataSource.vendor": "ActiveDirectory",
    "endpoint.name": "THEBORG.starfleet.corp",
    "event.category": "process",
    "event.details": "An account was successfully logged on.\\r\\n\\r\\nSubject:\\r\\n\\tSecurity ID:\\t\\tS-1-0-0\\r\\n\\tAccount Name:\\t\\t-\\r\\n\\tAccount Domain:\\t\\t-\\r\\n\\tLogon ID:\\t\\t0x0\\r\\n\\r\\nLogon Information:\\r\\n\\tLogon Type:\\t\\t3\\r\\n\\tRestricted Admin Mode:\\t-\\r\\n\\tVirtual Account:\\t\\tNo\\r\\n\\tElevated Token:\\t\\tYes\\r\\n\\r\\nImpersonation Level:\\t\\tImpersonation\\r\\n\\r\\nNew Logon:\\r\\n\\tSecurity ID:\\t\\tS-1-5-18\\r\\n\\tAccount Name:\\t\\tTHEBORG$\\r\\n\\tAccount Domain:\\t\\tSTARFLEET.CORP\\r\\n\\tLogon ID:\\t\\t0x21C31F\\r\\n\\tLinked Logon ID:\\t\\t0x0\\r\\n\\tNetwork Account Name:\\t-\\r\\n\\tNetwork Account Domain:\\t-\\r\\n\\tLogon GUID:\\t\\t{410633b1-2f53-a43a-fc05-b7c2463fa65c}\\r\\n\\r\\nProcess Information:\\r\\n\\tProcess ID:\\t\\t0x0\\r\\n\\tProcess Name:\\t\\t-\\r\\n\\r\\nNetwork Information:\\r\\n\\tWorkstation Name:\\t-\\r\\n\\tSource Network Address:\\t::1\\r\\n\\tSource Port:\\t\\t64642\\r\\n\\r\\nDetailed Authentication Information:\\r\\n\\tLogon Process:\\t\\tKerberos\\r\\n\\tAuthentication Package:\\tKerberos\\r\\n\\tTransited Services:\\t-\\r\\n\\tPackage Name (NTLM only):\\t-\\r\\n\\tKey Length:\\t\\t0\\r\\n\\r\\nThis event is generated when a logon session is created. It is generated on the computer that was accessed.\\r\\n\\r\\nThe subject fields indicate the account on the local system which requested the logon. This is most commonly a service such as the Server service, or a local process such as Winlogon.exe or Services.exe.\\r\\n\\r\\nThe logon type field indicates the kind of logon that occurred. The most common types are 2 (interactive) and 3 (network).\\r\\n\\r\\nThe New Logon fields indicate the account for whom the new logon was created, i.e. the account that was logged on.\\r\\n\\r\\nThe network fields indicate where a remote logon request originated. Workstation name is not always available and may be left blank in some cases.\\r\\n\\r\\nThe impersonation level field indicates the extent to which a process in the logon session can impersonate.\\r\\n\\r\\nThe authentication information fields provide detailed information about this specific logon request.\\r\\n\\t- Logon GUID is a unique identifier that can be used to correlate this event with a KDC event.\\r\\n\\t- Transited services indicate which intermediate services have participated in this logon request.\\r\\n\\t- Package name indicates which sub-protocol was used among the NTLM protocols.\\r\\n\\t- Key length indicates the length of the generated session key. This will be 0 if no session key was requested.",
    "event.type": "Security",
    "EventID": 4624,
    "Keywords": "Audit Success",
    "Level": "Information",
    "logfile": "C:\\Program Files (x86)\\Scalyr\\log\\windows_event_log_monitor.log",
    "Message": "An account was successfully logged on.\\r\\n\\r\\nSubject:\\r\\n\\tSecurity ID:\\t\\tS-1-0-0\\r\\n\\tAccount Name:\\t\\t-\\r\\n\\tAccount Domain:\\t\\t-\\r\\n\\tLogon ID:\\t\\t0x0\\r\\n\\r\\nLogon Information:\\r\\n\\tLogon Type:\\t\\t3\\r\\n\\tRestricted Admin Mode:\\t-\\r\\n\\tVirtual Account:\\t\\tNo\\r\\n\\tElevated Token:\\t\\tYes\\r\\n\\r\\nImpersonation Level:\\t\\tImpersonation\\r\\n\\r\\nNew Logon:\\r\\n\\tSecurity ID:\\t\\tS-1-5-18\\r\\n\\tAccount Name:\\t\\tTHEBORG$\\r\\n\\tAccount Domain:\\t\\tSTARFLEET.CORP\\r\\n\\tLogon ID:\\t\\t0x21C31F\\r\\n\\tLinked Logon ID:\\t\\t0x0\\r\\n\\tNetwork Account Name:\\t-\\r\\n\\tNetwork Account Domain:\\t-\\r\\n\\tLogon GUID:\\t\\t{410633b1-2f53-a43a-fc05-b7c2463fa65c}\\r\\n\\r\\nProcess Information:\\r\\n\\tProcess ID:\\t\\t0x0\\r\\n\\tProcess Name:\\t\\t-\\r\\n\\r\\nNetwork Information:\\r\\n\\tWorkstation Name:\\t-\\r\\n\\tSource Network Address:\\t::1\\r\\n\\tSource Port:\\t\\t64642\\r\\n\\r\\nDetailed Authentication Information:\\r\\n\\tLogon Process:\\t\\tKerberos\\r\\n\\tAuthentication Package:\\tKerberos\\r\\n\\tTransited Services:\\t-\\r\\n\\tPackage Name (NTLM only):\\t-\\r\\n\\tKey Length:\\t\\t0\\r\\n\\r\\nThis event is generated when a logon session is created. It is generated on the computer that was accessed.\\r\\n\\r\\nThe subject fields indicate the account on the local system which requested the logon. This is most commonly a service such as the Server service, or a local process such as Winlogon.exe or Services.exe.\\r\\n\\r\\nThe logon type field indicates the kind of logon that occurred. The most common types are 2 (interactive) and 3 (network).\\r\\n\\r\\nThe New Logon fields indicate the account for whom the new logon was created, i.e. the account that was logged on.\\r\\n\\r\\nThe network fields indicate where a remote logon request originated. Workstation name is not always available and may be left blank in some cases.\\r\\n\\r\\nThe impersonation level field indicates the extent to which a process in the logon session can impersonate.\\r\\n\\r\\nThe authentication information fields provide detailed information about this specific logon request.\\r\\n\\t- Logon GUID is a unique identifier that can be used to correlate this event with a KDC event.\\r\\n\\t- Transited services indicate which intermediate services have participated in this logon request.\\r\\n\\t- Package name indicates which sub-protocol was used among the NTLM protocols.\\r\\n\\t- Key length indicates the length of the generated session key. This will be 0 if no session key was requested.",
    "Opcode": "Info",
    "parser": "ad-rjo",
    "ProcessId": 684,
    "ProviderGuid": "{54849625-5478-4994-A5BA-3E3B0328C30D}",
    "ProviderName": "Microsoft-Windows-Security-Auditing",
    "RecordId": 32288,
    "serverHost": "THEBORG",
    "serverIP": "108.76.207.50",
    "severity": 3,
    "severity_": "Information",
    "src.process.uid": 684,
    "Task": "Logon",
    "threadId": "default",
    "ThreadId": 3508,
    "threadId_": "log_6",
    "TimeCreated": "2023-03-15 23:53:21Z",
    "timestamp_": 1678924401998.5493,
    "Version": 2
  },
  {
    "Channel": "Security",
    "Data.AuthenticationPackageName": "Kerberos",
    "Data.ElevatedToken": "%%1842",
    "Data.IpAddress": "10.38.0.30",
    "Data.IpPort": "49743",
    "Data.KeyLength": "0",
    "Data.LmPackageName": "-",
    "Data.LogonGuid": "{e79b326b-3603-53d8-6a4f-2246a62c5ecd}",
    "Data.LogonType": "3",
    "Data.ProcessId": "0x0",
    "Data.ProcessName": "-",
    "Data.SubjectDomainName": "-",
    "Data.SubjectLogonId": "0x0",
    "Data.SubjectUserName": "-",
    "Data.SubjectUserSid": "S-1-0-0",
    "Data.TargetDomainName": "FRANZBROT.LAB",
    "Data.TargetLinkedLogonId": "0x0",
    "Data.TargetLogonId": "0x1b18fbfd",
    "Data.TargetOutboundDomainName": "-",
    "Data.TargetOutboundUserName": "-",
    "Data.TargetUserName": "PRETZEL$",
    "Data.TargetUserSid": "S-1-5-21-2169085105-1765122269-1902597782-1104",
    "dataSource.category": "security",
    "dataSource.name": "win-events",
    "dataSource.vendor": "Jan Tietze",
    "Description": "An account was successfully logged on.\r\n\r\nSubject:\r\n\tSecurity ID:\t\tS-1-0-0\r\n\tAccount Name:\t\t-\r\n\tAccount Domain:\t\t-\r\n\tLogon ID:\t\t0x0\r\n\r\nLogon Information:\r\n\tLogon Type:\t\t3\r\n\tRestricted Admin Mode:\t-\r\n\tVirtual Account:\t\tNo\r\n\tElevated Token:\t\tYes\r\n\r\nImpersonation Level:\t\tDelegation\r\n\r\nNew Logon:\r\n\tSecurity ID:\t\tS-1-5-21-2169085105-1765122269-1902597782-1104\r\n\tAccount Name:\t\tPRETZEL$\r\n\tAccount Domain:\t\tFRANZBROT.LAB\r\n\tLogon ID:\t\t0x1B18FBFD\r\n\tLinked Logon ID:\t\t0x0\r\n\tNetwork Account Name:\t-\r\n\tNetwork Account Domain:\t-\r\n\tLogon GUID:\t\t{e79b326b-3603-53d8-6a4f-2246a62c5ecd}\r\n\r\nProcess Information:\r\n\tProcess ID:\t\t0x0\r\n\tProcess Name:\t\t-\r\n\r\nNetwork Information:\r\n\tWorkstation Name:\t-\r\n\tSource Network Address:\t10.38.0.30\r\n\tSource Port:\t\t49743\r\n\r\nDetailed Authentication Information:\r\n\tLogon Process:\t\tKerberos\r\n\tAuthentication Package:\tKerberos\r\n\tTransited Services:\t-\r\n\tPackage Name (NTLM only):\t-\r\n\tKey Length:\t\t0\r\n\r\nThis event is generated when a logon session is created. It is generated on the computer that was accessed.\r\n\r\nThe subject fields indicate the account on the local system which requested the logon. This is most commonly a service such as the Server service, or a local process such as Winlogon.exe or Services.exe.\r\n\r\nThe logon type field indicates the kind of logon that occurred. The most common types are 2 (interactive) and 3 (network).\r\n\r\nThe New Logon fields indicate the account for whom the new logon was created, i.e. the account that was logged on.\r\n\r\nThe network fields indicate where a remote logon request originated. Workstation name is not always available and may be left blank in some cases.\r\n\r\nThe impersonation level field indicates the extent to which a process in the logon session can impersonate.\r\n\r\nThe authentication information fields provide detailed information about this specific logon request.\r\n\t- Logon GUID is a unique identifier that can be used to correlate this event with a KDC event.\r\n\t- Transited services indicate which intermediate services have participated in this logon request.\r\n\t- Package name indicates which sub-protocol was used among the NTLM protocols.\r\n\t- Key length indicates the length of the generated session key. This will be 0 if no session key was requested.",
    "endpoint.name": "dc01",
    "endpoint.os": "windows",
    "endpoint.type": "server",
    "endpoint.uuid": "6a3b9204a632430ba10b07a3a49a7b5e",
    "EventID": 4624,
    "Level": "Information",
    "logfile": "event-log",
    "OriginalXml": "<Event xmlns='http://schemas.microsoft.com/win/2004/08/events/event'><System><Provider Name='Microsoft-Windows-Security-Auditing' Guid='{54849625-5478-4994-a5ba-3e3b0328c30d}'/><EventID>4624</EventID><Version>2</Version><Level>0</Level><Task>12544</Task><Opcode>0</Opcode><Keywords>0x8020000000000000</Keywords><TimeCreated SystemTime='2023-03-15T23:53:22.149613300Z'/><EventRecordID>2001558</EventRecordID><Correlation ActivityID='{23ba6de9-ebfa-4a97-97a8-22c86e2686f5}'/><Execution ProcessID='660' ThreadID='6256'/><Channel>Security</Channel><Computer>dc01.franzbrot.lab</Computer><Security/></System><EventData><Data Name='SubjectUserSid'>S-1-0-0</Data><Data Name='SubjectUserName'>-</Data><Data Name='SubjectDomainName'>-</Data><Data Name='SubjectLogonId'>0x0</Data><Data Name='TargetUserSid'>S-1-5-21-2169085105-1765122269-1902597782-1104</Data><Data Name='TargetUserName'>PRETZEL$</Data><Data Name='TargetDomainName'>FRANZBROT.LAB</Data><Data Name='TargetLogonId'>0x1b18fbfd</Data><Data Name='LogonType'>3</Data><Data Name='LogonProcessName'>Kerberos</Data><Data Name='AuthenticationPackageName'>Kerberos</Data><Data Name='WorkstationName'>-</Data><Data Name='LogonGuid'>{e79b326b-3603-53d8-6a4f-2246a62c5ecd}</Data><Data Name='TransmittedServices'>-</Data><Data Name='LmPackageName'>-</Data><Data Name='KeyLength'>0</Data><Data Name='ProcessId'>0x0</Data><Data Name='ProcessName'>-</Data><Data Name='IpAddress'>10.38.0.30</Data><Data Name='IpPort'>49743</Data><Data Name='ImpersonationLevel'>%%1840</Data><Data Name='RestrictedAdminMode'>-</Data><Data Name='TargetOutboundUserName'>-</Data><Data Name='TargetOutboundDomainName'>-</Data><Data Name='VirtualAccount'>%%1843</Data><Data Name='TargetLinkedLogonId'>0x0</Data><Data Name='ElevatedToken'>%%1842</Data></EventData></Event>",
    "serverHost": "usea1-purple-sentinelone-export-event-logs-4264180302120732rxc7",
    "serverIP": "10.192.103.252",
    "severity": 3,
    "site.id": "1507783031301602210",
    "System.Channel": "Security",
    "System.Computer": "dc01.franzbrot.lab",
    "System.Correlation.ActivityID": "{23ba6de9-ebfa-4a97-97a8-22c86e2686f5}",
    "System.EventID": "4624",
    "System.EventRecordID": "2001558",
    "System.Execution.ProcessID": "660",
    "System.Execution.ThreadID": "6256",
    "System.Keywords": "0x8020000000000000",
    "System.Level": "0",
    "System.Opcode": "0",
    "System.Provider.Guid": "{54849625-5478-4994-a5ba-3e3b0328c30d}",
    "System.Provider.Name": "Microsoft-Windows-Security-Auditing",
    "System.Task": "12544",
    "System.TimeCreated.SystemTime": "2023-03-15T23:53:22.149613300Z",
    "System.Version": "2",
    "threadId": "default"
  },
  {
    "ActivityId": "{33FC3432-D80B-431E-942C-8ADDF4EF394D}",
    "Channel": "System",
    "Computer": "RoarinSrv2022.roarindomain.roarinpenguin.com",
    "dataSource.category": "security",
    "dataSource.name": "Skylight Agent Metrics",
    "dataSource.vendor": "RoarinPenguin",
    "EventID": 1073748860,
    "Keywords": "Classic",
    "Level": "Information",
    "logfile": "C:\\Program Files (x86)\\Scalyr\\log\\windows_event_log_monitor.log",
    "Message": "The Microsoft Account Sign-in Assistant service entered the stopped state.",
    "metric": "EventLog",
    "monitor": "windows_event_log_monitor",
    "Opcode": 0,
    "parser": "agent-metrics",
    "path1": "EventLog",
    "ProcessId": 664,
    "ProviderGuid": "{555908D1-A6D7-4695-8E1E-26931D2012F4}",
    "ProviderName": "Service Control Manager",
    "RecordId": 55893,
    "serverHost": "RoarinSrv2022",
    "serverIP": "10.192.103.252",
    "severity": 3,
    "site.id": "1336402404792178959",
    "source": "tsdb",
    "threadId": "log_2",
    "ThreadId": 5736,
    "TimeCreated": "2023-03-15 23:53:21Z",
    "value": "Service Control Manager",
    "Version": "0\r"
  },
  {
    "Channel": "Security",
    "Data.AccessList": "%%1552\r\n\t\t\t\t",
    "Data.AccessMask": "0x1",
    "Data.AdditionalInfo": "Local Read (ExecQuery)",
    "Data.AdditionalInfo2": "ROOT\\CIMV2\\Security\\MicrosoftVolumeEncryption:SELECT * FROM Win32_EncryptableVolume",
    "Data.HandleId": "0x0",
    "Data.ObjectName": "ROOT\\CIMV2\\Security\\MicrosoftVolumeEncryption",
    "Data.ObjectServer": "WMI",
    "Data.ObjectType": "WMI Namespace",
    "Data.OperationType": "Object Access",
    "Data.Properties": "-",
    "Data.SubjectDomainName": "FRANZBROT",
    "Data.SubjectLogonId": "0x3e7",
    "Data.SubjectUserName": "CROISSANT$",
    "Data.SubjectUserSid": "S-1-5-18",
    "dataSource.category": "security",
    "dataSource.name": "win-events",
    "dataSource.vendor": "Jan Tietze",
    "Description": "An operation was performed on an object.\r\n\r\nSubject :\r\n\tSecurity ID:\t\tS-1-5-18\r\n\tAccount Name:\t\tCROISSANT$\r\n\tAccount Domain:\t\tFRANZBROT\r\n\tLogon ID:\t\t0x3E7\r\n\r\nObject:\r\n\tObject Server:\t\tWMI\r\n\tObject Type:\t\tWMI Namespace\r\n\tObject Name:\t\tROOT\\CIMV2\\Security\\MicrosoftVolumeEncryption\r\n\tHandle ID:\t\t0x0\r\n\r\nOperation:\r\n\tOperation Type:\t\tObject Access\r\n\tAccesses:\t\tUnknown specific access (bit 0)\r\n\t\t\t\t\r\n\tAccess Mask:\t\t0x1\r\n\tProperties:\t\t-\r\n\r\nAdditional Information:\r\n\tParameter 1:\t\tLocal Read (ExecQuery)\r\n\tParameter 2:\t\tROOT\\CIMV2\\Security\\MicrosoftVolumeEncryption:SELECT * FROM Win32_EncryptableVolume",
    "endpoint.name": "CROISSANT",
    "endpoint.os": "windows",
    "endpoint.type": "desktop",
    "endpoint.uuid": "53a74df0d48749bba831f7b71350eeb7",
    "EventID": 4662,
    "Level": "Information",
    "logfile": "event-log",
    "OriginalXml": "<Event xmlns='http://schemas.microsoft.com/win/2004/08/events/event'><System><Provider Name='Microsoft-Windows-Security-Auditing' Guid='{54849625-5478-4994-a5ba-3e3b0328c30d}'/><EventID>4662</EventID><Version>0</Version><Level>0</Level><Task>12804</Task><Opcode>0</Opcode><Keywords>0x8020000000000000</Keywords><TimeCreated SystemTime='2023-03-15T23:53:23.0478366Z'/><EventRecordID>1137038</EventRecordID><Correlation ActivityID='{da9799e9-cd64-47e0-8094-feec21c55a36}'/><Execution ProcessID='812' ThreadID='8684'/><Channel>Security</Channel><Computer>CROISSANT.franzbrot.lab</Computer><Security/></System><EventData><Data Name='SubjectUserSid'>S-1-5-18</Data><Data Name='SubjectUserName'>CROISSANT$</Data><Data Name='SubjectDomainName'>FRANZBROT</Data><Data Name='SubjectLogonId'>0x3e7</Data><Data Name='ObjectServer'>WMI</Data><Data Name='ObjectType'>WMI Namespace</Data><Data Name='ObjectName'>ROOT\\CIMV2\\Security\\MicrosoftVolumeEncryption</Data><Data Name='OperationType'>Object Access</Data><Data Name='HandleId'>0x0</Data><Data Name='AccessList'>%%1552\r\n\t\t\t\t</Data><Data Name='AccessMask'>0x1</Data><Data Name='Properties'>-</Data><Data Name='AdditionalInfo'>Local Read (ExecQuery)</Data><Data Name='AdditionalInfo2'>ROOT\\CIMV2\\Security\\MicrosoftVolumeEncryption:SELECT * FROM Win32_EncryptableVolume</Data></EventData></Event>",
    "serverHost": "usea1-purple-sentinelone-export-event-logs-4264180302120732rxc7",
    "serverIP": "10.192.103.252",
    "severity": 3,
    "site.id": "1507783031301602210",
    "System.Channel": "Security",
    "System.Computer": "CROISSANT.franzbrot.lab",
    "System.Correlation.ActivityID": "{da9799e9-cd64-47e0-8094-feec21c55a36}",
    "System.EventID": "4662",
    "System.EventRecordID": "1137038",
    "System.Execution.ProcessID": "812",
    "System.Execution.ThreadID": "8684",
    "System.Keywords": "0x8020000000000000",
    "System.Level": "0",
    "System.Opcode": "0",
    "System.Provider.Guid": "{54849625-5478-4994-a5ba-3e3b0328c30d}",
    "System.Provider.Name": "Microsoft-Windows-Security-Auditing",
    "System.Task": "12804",
    "System.TimeCreated.SystemTime": "2023-03-15T23:53:23.0478366Z",
    "System.Version": "0",
    "threadId": "default"
  },
  {
    "Channel": "Security",
    "Data.AccessList": "%%1552\r\n\t\t\t\t",
    "Data.AccessMask": "0x1",
    "Data.AdditionalInfo": "Local Read (ConnectServer)",
    "Data.AdditionalInfo2": "ROOT\\CIMV2\\Security\\MicrosoftVolumeEncryption",
    "Data.HandleId": "0x0",
    "Data.ObjectName": "ROOT\\CIMV2\\Security\\MicrosoftVolumeEncryption",
    "Data.ObjectServer": "WMI",
    "Data.ObjectType": "WMI Namespace",
    "Data.OperationType": "Object Access",
    "Data.Properties": "-",
    "Data.SubjectDomainName": "FRANZBROT",
    "Data.SubjectLogonId": "0x3e7",
    "Data.SubjectUserName": "CROISSANT$",
    "Data.SubjectUserSid": "S-1-5-18",
    "dataSource.category": "security",
    "dataSource.name": "win-events",
    "dataSource.vendor": "Jan Tietze",
    "Description": "An operation was performed on an object.\r\n\r\nSubject :\r\n\tSecurity ID:\t\tS-1-5-18\r\n\tAccount Name:\t\tCROISSANT$\r\n\tAccount Domain:\t\tFRANZBROT\r\n\tLogon ID:\t\t0x3E7\r\n\r\nObject:\r\n\tObject Server:\t\tWMI\r\n\tObject Type:\t\tWMI Namespace\r\n\tObject Name:\t\tROOT\\CIMV2\\Security\\MicrosoftVolumeEncryption\r\n\tHandle ID:\t\t0x0\r\n\r\nOperation:\r\n\tOperation Type:\t\tObject Access\r\n\tAccesses:\t\tUnknown specific access (bit 0)\r\n\t\t\t\t\r\n\tAccess Mask:\t\t0x1\r\n\tProperties:\t\t-\r\n\r\nAdditional Information:\r\n\tParameter 1:\t\tLocal Read (ConnectServer)\r\n\tParameter 2:\t\tROOT\\CIMV2\\Security\\MicrosoftVolumeEncryption",
    "endpoint.name": "CROISSANT",
    "endpoint.os": "windows",
    "endpoint.type": "desktop",
    "endpoint.uuid": "53a74df0d48749bba831f7b71350eeb7",
    "EventID": 4662,
    "Level": "Information",
    "logfile": "event-log",
    "OriginalXml": "<Event xmlns='http://schemas.microsoft.com/win/2004/08/events/event'><System><Provider Name='Microsoft-Windows-Security-Auditing' Guid='{54849625-5478-4994-a5ba-3e3b0328c30d}'/><EventID>4662</EventID><Version>0</Version><Level>0</Level><Task>12804</Task><Opcode>0</Opcode><Keywords>0x8020000000000000</Keywords><TimeCreated SystemTime='2023-03-15T23:53:23.0471091Z'/><EventRecordID>1137037</EventRecordID><Correlation ActivityID='{167f9e1a-439f-4590-9c4c-32e27af7b162}'/><Execution ProcessID='812' ThreadID='8684'/><Channel>Security</Channel><Computer>CROISSANT.franzbrot.lab</Computer><Security/></System><EventData><Data Name='SubjectUserSid'>S-1-5-18</Data><Data Name='SubjectUserName'>CROISSANT$</Data><Data Name='SubjectDomainName'>FRANZBROT</Data><Data Name='SubjectLogonId'>0x3e7</Data><Data Name='ObjectServer'>WMI</Data><Data Name='ObjectType'>WMI Namespace</Data><Data Name='ObjectName'>ROOT\\CIMV2\\Security\\MicrosoftVolumeEncryption</Data><Data Name='OperationType'>Object Access</Data><Data Name='HandleId'>0x0</Data><Data Name='AccessList'>%%1552\r\n\t\t\t\t</Data><Data Name='AccessMask'>0x1</Data><Data Name='Properties'>-</Data><Data Name='AdditionalInfo'>Local Read (ConnectServer)</Data><Data Name='AdditionalInfo2'>ROOT\\CIMV2\\Security\\MicrosoftVolumeEncryption</Data></EventData></Event>",
    "serverHost": "usea1-purple-sentinelone-export-event-logs-4264180302120732rxc7",
    "serverIP": "10.192.107.215",
    "severity": 3,
    "site.id": "1507783031301602210",
    "System.Channel": "Security",
    "System.Computer": "CROISSANT.franzbrot.lab",
    "System.Correlation.ActivityID": "{167f9e1a-439f-4590-9c4c-32e27af7b162}",
    "System.EventID": "4662",
    "System.EventRecordID": "1137037",
    "System.Execution.ProcessID": "812",
    "System.Execution.ThreadID": "8684",
    "System.Keywords": "0x8020000000000000",
    "System.Level": "0",
    "System.Opcode": "0",
    "System.Provider.Guid": "{54849625-5478-4994-a5ba-3e3b0328c30d}",
    "System.Provider.Name": "Microsoft-Windows-Security-Auditing",
    "System.Task": "12804",
    "System.TimeCreated.SystemTime": "2023-03-15T23:53:23.0471091Z",
    "System.Version": "0",
    "threadId": "default"
  },
  {
    "Channel": "Security",
    "Data.AccessList": "%%1552\r\n\t\t\t\t",
    "Data.AccessMask": "0x1",
    "Data.AdditionalInfo": "Local Read (ExecQuery)",
    "Data.AdditionalInfo2": "ROOT\\CIMV2\\Security\\MicrosoftVolumeEncryption:SELECT * FROM Win32_EncryptableVolume WHERE DeviceID='\\\\\\\\?\\\\Volume{c4c889ff-0f91-46dc-b247-fe1cda3768ad}\\\\'",
    "Data.HandleId": "0x0",
    "Data.ObjectName": "ROOT\\CIMV2\\Security\\MicrosoftVolumeEncryption",
    "Data.ObjectServer": "WMI",
    "Data.ObjectType": "WMI Namespace",
    "Data.OperationType": "Object Access",
    "Data.Properties": "-",
    "Data.SubjectDomainName": "FRANZBROT",
    "Data.SubjectLogonId": "0x3e7",
    "Data.SubjectUserName": "CROISSANT$",
    "Data.SubjectUserSid": "S-1-5-18",
    "dataSource.category": "security",
    "dataSource.name": "win-events",
    "dataSource.vendor": "Jan Tietze",
    "Description": "An operation was performed on an object.\r\n\r\nSubject :\r\n\tSecurity ID:\t\tS-1-5-18\r\n\tAccount Name:\t\tCROISSANT$\r\n\tAccount Domain:\t\tFRANZBROT\r\n\tLogon ID:\t\t0x3E7\r\n\r\nObject:\r\n\tObject Server:\t\tWMI\r\n\tObject Type:\t\tWMI Namespace\r\n\tObject Name:\t\tROOT\\CIMV2\\Security\\MicrosoftVolumeEncryption\r\n\tHandle ID:\t\t0x0\r\n\r\nOperation:\r\n\tOperation Type:\t\tObject Access\r\n\tAccesses:\t\tUnknown specific access (bit 0)\r\n\t\t\t\t\r\n\tAccess Mask:\t\t0x1\r\n\tProperties:\t\t-\r\n\r\nAdditional Information:\r\n\tParameter 1:\t\tLocal Read (ExecQuery)\r\n\tParameter 2:\t\tROOT\\CIMV2\\Security\\MicrosoftVolumeEncryption:SELECT * FROM Win32_EncryptableVolume WHERE DeviceID='\\\\\\\\?\\\\Volume{c4c889ff-0f91-46dc-b247-fe1cda3768ad}\\\\'",
    "endpoint.name": "CROISSANT",
    "endpoint.os": "windows",
    "endpoint.type": "desktop",
    "endpoint.uuid": "53a74df0d48749bba831f7b71350eeb7",
    "EventID": 4662,
    "Level": "Information",
    "logfile": "event-log",
    "OriginalXml": "<Event xmlns='http://schemas.microsoft.com/win/2004/08/events/event'><System><Provider Name='Microsoft-Windows-Security-Auditing' Guid='{54849625-5478-4994-a5ba-3e3b0328c30d}'/><EventID>4662</EventID><Version>0</Version><Level>0</Level><Task>12804</Task><Opcode>0</Opcode><Keywords>0x8020000000000000</Keywords><TimeCreated SystemTime='2023-03-15T23:53:23.0905187Z'/><EventRecordID>1137040</EventRecordID><Correlation ActivityID='{1a0daeff-f07f-4e81-ac26-4b8e05fdc140}'/><Execution ProcessID='812' ThreadID='8684'/><Channel>Security</Channel><Computer>CROISSANT.franzbrot.lab</Computer><Security/></System><EventData><Data Name='SubjectUserSid'>S-1-5-18</Data><Data Name='SubjectUserName'>CROISSANT$</Data><Data Name='SubjectDomainName'>FRANZBROT</Data><Data Name='SubjectLogonId'>0x3e7</Data><Data Name='ObjectServer'>WMI</Data><Data Name='ObjectType'>WMI Namespace</Data><Data Name='ObjectName'>ROOT\\CIMV2\\Security\\MicrosoftVolumeEncryption</Data><Data Name='OperationType'>Object Access</Data><Data Name='HandleId'>0x0</Data><Data Name='AccessList'>%%1552\r\n\t\t\t\t</Data><Data Name='AccessMask'>0x1</Data><Data Name='Properties'>-</Data><Data Name='AdditionalInfo'>Local Read (ExecQuery)</Data><Data Name='AdditionalInfo2'>ROOT\\CIMV2\\Security\\MicrosoftVolumeEncryption:SELECT * FROM Win32_EncryptableVolume WHERE DeviceID='\\\\\\\\?\\\\Volume{c4c889ff-0f91-46dc-b247-fe1cda3768ad}\\\\'</Data></EventData></Event>",
    "serverHost": "usea1-purple-sentinelone-export-event-logs-4264180302120732rxc7",
    "serverIP": "10.192.97.57",
    "severity": 3,
    "site.id": "1507783031301602210",
    "System.Channel": "Security",
    "System.Computer": "CROISSANT.franzbrot.lab",
    "System.Correlation.ActivityID": "{1a0daeff-f07f-4e81-ac26-4b8e05fdc140}",
    "System.EventID": "4662",
    "System.EventRecordID": "1137040",
    "System.Execution.ProcessID": "812",
    "System.Execution.ThreadID": "8684",
    "System.Keywords": "0x8020000000000000",
    "System.Level": "0",
    "System.Opcode": "0",
    "System.Provider.Guid": "{54849625-5478-4994-a5ba-3e3b0328c30d}",
    "System.Provider.Name": "Microsoft-Windows-Security-Auditing",
    "System.Task": "12804",
    "System.TimeCreated.SystemTime": "2023-03-15T23:53:23.0905187Z",
    "System.Version": "0",
    "threadId": "default"
  },
  {
    "Channel": "Security",
    "Data.AccessList": "%%1552\r\n\t\t\t\t",
    "Data.AccessMask": "0x1",
    "Data.AdditionalInfo": "Local Read (ConnectServer)",
    "Data.AdditionalInfo2": "ROOT\\CIMV2\\Security\\MicrosoftVolumeEncryption",
    "Data.HandleId": "0x0",
    "Data.ObjectName": "ROOT\\CIMV2\\Security\\MicrosoftVolumeEncryption",
    "Data.ObjectServer": "WMI",
    "Data.ObjectType": "WMI Namespace",
    "Data.OperationType": "Object Access",
    "Data.Properties": "-",
    "Data.SubjectDomainName": "FRANZBROT",
    "Data.SubjectLogonId": "0x3e7",
    "Data.SubjectUserName": "CROISSANT$",
    "Data.SubjectUserSid": "S-1-5-18",
    "dataSource.category": "security",
    "dataSource.name": "win-events",
    "dataSource.vendor": "Jan Tietze",
    "Description": "An operation was performed on an object.\r\n\r\nSubject :\r\n\tSecurity ID:\t\tS-1-5-18\r\n\tAccount Name:\t\tCROISSANT$\r\n\tAccount Domain:\t\tFRANZBROT\r\n\tLogon ID:\t\t0x3E7\r\n\r\nObject:\r\n\tObject Server:\t\tWMI\r\n\tObject Type:\t\tWMI Namespace\r\n\tObject Name:\t\tROOT\\CIMV2\\Security\\MicrosoftVolumeEncryption\r\n\tHandle ID:\t\t0x0\r\n\r\nOperation:\r\n\tOperation Type:\t\tObject Access\r\n\tAccesses:\t\tUnknown specific access (bit 0)\r\n\t\t\t\t\r\n\tAccess Mask:\t\t0x1\r\n\tProperties:\t\t-\r\n\r\nAdditional Information:\r\n\tParameter 1:\t\tLocal Read (ConnectServer)\r\n\tParameter 2:\t\tROOT\\CIMV2\\Security\\MicrosoftVolumeEncryption",
    "endpoint.name": "CROISSANT",
    "endpoint.os": "windows",
    "endpoint.type": "desktop",
    "endpoint.uuid": "53a74df0d48749bba831f7b71350eeb7",
    "EventID": 4662,
    "Level": "Information",
    "logfile": "event-log",
    "OriginalXml": "<Event xmlns='http://schemas.microsoft.com/win/2004/08/events/event'><System><Provider Name='Microsoft-Windows-Security-Auditing' Guid='{54849625-5478-4994-a5ba-3e3b0328c30d}'/><EventID>4662</EventID><Version>0</Version><Level>0</Level><Task>12804</Task><Opcode>0</Opcode><Keywords>0x8020000000000000</Keywords><TimeCreated SystemTime='2023-03-15T23:53:23.0900054Z'/><EventRecordID>1137039</EventRecordID><Correlation ActivityID='{fb1660fa-dfe3-44e3-85de-8a5e642e683c}'/><Execution ProcessID='812' ThreadID='8684'/><Channel>Security</Channel><Computer>CROISSANT.franzbrot.lab</Computer><Security/></System><EventData><Data Name='SubjectUserSid'>S-1-5-18</Data><Data Name='SubjectUserName'>CROISSANT$</Data><Data Name='SubjectDomainName'>FRANZBROT</Data><Data Name='SubjectLogonId'>0x3e7</Data><Data Name='ObjectServer'>WMI</Data><Data Name='ObjectType'>WMI Namespace</Data><Data Name='ObjectName'>ROOT\\CIMV2\\Security\\MicrosoftVolumeEncryption</Data><Data Name='OperationType'>Object Access</Data><Data Name='HandleId'>0x0</Data><Data Name='AccessList'>%%1552\r\n\t\t\t\t</Data><Data Name='AccessMask'>0x1</Data><Data Name='Properties'>-</Data><Data Name='AdditionalInfo'>Local Read (ConnectServer)</Data><Data Name='AdditionalInfo2'>ROOT\\CIMV2\\Security\\MicrosoftVolumeEncryption</Data></EventData></Event>",
    "serverHost": "usea1-purple-sentinelone-export-event-logs-4264180302120732rxc7",
    "serverIP": "10.192.103.252",
    "severity": 3,
    "site.id": "1507783031301602210",
    "System.Channel": "Security",
    "System.Computer": "CROISSANT.franzbrot.lab",
    "System.Correlation.ActivityID": "{fb1660fa-dfe3-44e3-85de-8a5e642e683c}",
    "System.EventID": "4662",
    "System.EventRecordID": "1137039",
    "System.Execution.ProcessID": "812",
    "System.Execution.ThreadID": "8684",
    "System.Keywords": "0x8020000000000000",
    "System.Level": "0",
    "System.Opcode": "0",
    "System.Provider.Guid": "{54849625-5478-4994-a5ba-3e3b0328c30d}",
    "System.Provider.Name": "Microsoft-Windows-Security-Auditing",
    "System.Task": "12804",
    "System.TimeCreated.SystemTime": "2023-03-15T23:53:23.0900054Z",
    "System.Version": "0",
    "threadId": "default"
  },
  {
    "Channel": "Security",
    "Data.AccessList": "%%1552\r\n\t\t\t\t",
    "Data.AccessMask": "0x1",
    "Data.AdditionalInfo": "Local Read (GetObject)",
    "Data.AdditionalInfo2": "ROOT\\CIMV2\\Security\\MicrosoftVolumeEncryption:Win32_EncryptableVolume",
    "Data.HandleId": "0x0",
    "Data.ObjectName": "ROOT\\CIMV2\\Security\\MicrosoftVolumeEncryption",
    "Data.ObjectServer": "WMI",
    "Data.ObjectType": "WMI Namespace",
    "Data.OperationType": "Object Access",
    "Data.Properties": "-",
    "Data.SubjectDomainName": "FRANZBROT",
    "Data.SubjectLogonId": "0x3e7",
    "Data.SubjectUserName": "CROISSANT$",
    "Data.SubjectUserSid": "S-1-5-18",
    "dataSource.category": "security",
    "dataSource.name": "win-events",
    "dataSource.vendor": "Jan Tietze",
    "Description": "An operation was performed on an object.\r\n\r\nSubject :\r\n\tSecurity ID:\t\tS-1-5-18\r\n\tAccount Name:\t\tCROISSANT$\r\n\tAccount Domain:\t\tFRANZBROT\r\n\tLogon ID:\t\t0x3E7\r\n\r\nObject:\r\n\tObject Server:\t\tWMI\r\n\tObject Type:\t\tWMI Namespace\r\n\tObject Name:\t\tROOT\\CIMV2\\Security\\MicrosoftVolumeEncryption\r\n\tHandle ID:\t\t0x0\r\n\r\nOperation:\r\n\tOperation Type:\t\tObject Access\r\n\tAccesses:\t\tUnknown specific access (bit 0)\r\n\t\t\t\t\r\n\tAccess Mask:\t\t0x1\r\n\tProperties:\t\t-\r\n\r\nAdditional Information:\r\n\tParameter 1:\t\tLocal Read (GetObject)\r\n\tParameter 2:\t\tROOT\\CIMV2\\Security\\MicrosoftVolumeEncryption:Win32_EncryptableVolume",
    "endpoint.name": "CROISSANT",
    "endpoint.os": "windows",
    "endpoint.type": "desktop",
    "endpoint.uuid": "53a74df0d48749bba831f7b71350eeb7",
    "EventID": 4662,
    "Level": "Information",
    "logfile": "event-log",
    "OriginalXml": "<Event xmlns='http://schemas.microsoft.com/win/2004/08/events/event'><System><Provider Name='Microsoft-Windows-Security-Auditing' Guid='{54849625-5478-4994-a5ba-3e3b0328c30d}'/><EventID>4662</EventID><Version>0</Version><Level>0</Level><Task>12804</Task><Opcode>0</Opcode><Keywords>0x8020000000000000</Keywords><TimeCreated SystemTime='2023-03-15T23:53:23.1018027Z'/><EventRecordID>1137041</EventRecordID><Correlation ActivityID='{63c4ca62-1893-4262-b368-d3c070313629}'/><Execution ProcessID='812' ThreadID='8684'/><Channel>Security</Channel><Computer>CROISSANT.franzbrot.lab</Computer><Security/></System><EventData><Data Name='SubjectUserSid'>S-1-5-18</Data><Data Name='SubjectUserName'>CROISSANT$</Data><Data Name='SubjectDomainName'>FRANZBROT</Data><Data Name='SubjectLogonId'>0x3e7</Data><Data Name='ObjectServer'>WMI</Data><Data Name='ObjectType'>WMI Namespace</Data><Data Name='ObjectName'>ROOT\\CIMV2\\Security\\MicrosoftVolumeEncryption</Data><Data Name='OperationType'>Object Access</Data><Data Name='HandleId'>0x0</Data><Data Name='AccessList'>%%1552\r\n\t\t\t\t</Data><Data Name='AccessMask'>0x1</Data><Data Name='Properties'>-</Data><Data Name='AdditionalInfo'>Local Read (GetObject)</Data><Data Name='AdditionalInfo2'>ROOT\\CIMV2\\Security\\MicrosoftVolumeEncryption:Win32_EncryptableVolume</Data></EventData></Event>",
    "serverHost": "usea1-purple-sentinelone-export-event-logs-4264180302120732rxc7",
    "serverIP": "10.192.107.215",
    "severity": 3,
    "site.id": "1507783031301602210",
    "System.Channel": "Security",
    "System.Computer": "CROISSANT.franzbrot.lab",
    "System.Correlation.ActivityID": "{63c4ca62-1893-4262-b368-d3c070313629}",
    "System.EventID": "4662",
    "System.EventRecordID": "1137041",
    "System.Execution.ProcessID": "812",
    "System.Execution.ThreadID": "8684",
    "System.Keywords": "0x8020000000000000",
    "System.Level": "0",
    "System.Opcode": "0",
    "System.Provider.Guid": "{54849625-5478-4994-a5ba-3e3b0328c30d}",
    "System.Provider.Name": "Microsoft-Windows-Security-Auditing",
    "System.Task": "12804",
    "System.TimeCreated.SystemTime": "2023-03-15T23:53:23.1018027Z",
    "System.Version": "0",
    "threadId": "default"
  },
  {
    "Channel": "Security",
    "Data.AccessList": "%%1552\r\n\t\t\t\t%%1553\r\n\t\t\t\t",
    "Data.AccessMask": "0x3",
    "Data.AdditionalInfo": "Local Execute (ExecMethod)",
    "Data.AdditionalInfo2": "ROOT\\CIMV2\\Security\\MicrosoftVolumeEncryption:\\\\CROISSANT\\ROOT\\CIMV2\\Security\\MicrosoftVolumeEncryption:Win32_EncryptableVolume.DeviceID=\"\\\\\\\\?\\\\Volume{c4c889ff-0f91-46dc-b247-fe1cda3768ad}\\\\\"::GetProtectionStatus",
    "Data.HandleId": "0x0",
    "Data.ObjectName": "ROOT\\CIMV2\\Security\\MicrosoftVolumeEncryption",
    "Data.ObjectServer": "WMI",
    "Data.ObjectType": "WMI Namespace",
    "Data.OperationType": "Object Access",
    "Data.Properties": "-",
    "Data.SubjectDomainName": "FRANZBROT",
    "Data.SubjectLogonId": "0x3e7",
    "Data.SubjectUserName": "CROISSANT$",
    "Data.SubjectUserSid": "S-1-5-18",
    "dataSource.category": "security",
    "dataSource.name": "win-events",
    "dataSource.vendor": "Jan Tietze",
    "Description": "An operation was performed on an object.\r\n\r\nSubject :\r\n\tSecurity ID:\t\tS-1-5-18\r\n\tAccount Name:\t\tCROISSANT$\r\n\tAccount Domain:\t\tFRANZBROT\r\n\tLogon ID:\t\t0x3E7\r\n\r\nObject:\r\n\tObject Server:\t\tWMI\r\n\tObject Type:\t\tWMI Namespace\r\n\tObject Name:\t\tROOT\\CIMV2\\Security\\MicrosoftVolumeEncryption\r\n\tHandle ID:\t\t0x0\r\n\r\nOperation:\r\n\tOperation Type:\t\tObject Access\r\n\tAccesses:\t\tUnknown specific access (bit 0)\r\n\t\t\t\tUnknown specific access (bit 1)\r\n\t\t\t\t\r\n\tAccess Mask:\t\t0x3\r\n\tProperties:\t\t-\r\n\r\nAdditional Information:\r\n\tParameter 1:\t\tLocal Execute (ExecMethod)\r\n\tParameter 2:\t\tROOT\\CIMV2\\Security\\MicrosoftVolumeEncryption:\\\\CROISSANT\\ROOT\\CIMV2\\Security\\MicrosoftVolumeEncryption:Win32_EncryptableVolume.DeviceID=\"\\\\\\\\?\\\\Volume{c4c889ff-0f91-46dc-b247-fe1cda3768ad}\\\\\"::GetProtectionStatus",
    "endpoint.name": "CROISSANT",
    "endpoint.os": "windows",
    "endpoint.type": "desktop",
    "endpoint.uuid": "53a74df0d48749bba831f7b71350eeb7",
    "EventID": 4662,
    "Level": "Information",
    "logfile": "event-log",
    "OriginalXml": "<Event xmlns='http://schemas.microsoft.com/win/2004/08/events/event'><System><Provider Name='Microsoft-Windows-Security-Auditing' Guid='{54849625-5478-4994-a5ba-3e3b0328c30d}'/><EventID>4662</EventID><Version>0</Version><Level>0</Level><Task>12804</Task><Opcode>0</Opcode><Keywords>0x8020000000000000</Keywords><TimeCreated SystemTime='2023-03-15T23:53:23.1065747Z'/><EventRecordID>1137042</EventRecordID><Correlation ActivityID='{8ee8b400-8a8f-46dd-a433-d0181b619662}'/><Execution ProcessID='812' ThreadID='8684'/><Channel>Security</Channel><Computer>CROISSANT.franzbrot.lab</Computer><Security/></System><EventData><Data Name='SubjectUserSid'>S-1-5-18</Data><Data Name='SubjectUserName'>CROISSANT$</Data><Data Name='SubjectDomainName'>FRANZBROT</Data><Data Name='SubjectLogonId'>0x3e7</Data><Data Name='ObjectServer'>WMI</Data><Data Name='ObjectType'>WMI Namespace</Data><Data Name='ObjectName'>ROOT\\CIMV2\\Security\\MicrosoftVolumeEncryption</Data><Data Name='OperationType'>Object Access</Data><Data Name='HandleId'>0x0</Data><Data Name='AccessList'>%%1552\r\n\t\t\t\t%%1553\r\n\t\t\t\t</Data><Data Name='AccessMask'>0x3</Data><Data Name='Properties'>-</Data><Data Name='AdditionalInfo'>Local Execute (ExecMethod)</Data><Data Name='AdditionalInfo2'>ROOT\\CIMV2\\Security\\MicrosoftVolumeEncryption:\\\\CROISSANT\\ROOT\\CIMV2\\Security\\MicrosoftVolumeEncryption:Win32_EncryptableVolume.DeviceID=\"\\\\\\\\?\\\\Volume{c4c889ff-0f91-46dc-b247-fe1cda3768ad}\\\\\"::GetProtectionStatus</Data></EventData></Event>",
    "serverHost": "usea1-purple-sentinelone-export-event-logs-4264180302120732rxc7",
    "serverIP": "10.192.103.252",
    "severity": 3,
    "site.id": "1507783031301602210",
    "System.Channel": "Security",
    "System.Computer": "CROISSANT.franzbrot.lab",
    "System.Correlation.ActivityID": "{8ee8b400-8a8f-46dd-a433-d0181b619662}",
    "System.EventID": "4662",
    "System.EventRecordID": "1137042",
    "System.Execution.ProcessID": "812",
    "System.Execution.ThreadID": "8684",
    "System.Keywords": "0x8020000000000000",
    "System.Level": "0",
    "System.Opcode": "0",
    "System.Provider.Guid": "{54849625-5478-4994-a5ba-3e3b0328c30d}",
    "System.Provider.Name": "Microsoft-Windows-Security-Auditing",
    "System.Task": "12804",
    "System.TimeCreated.SystemTime": "2023-03-15T23:53:23.1065747Z",
    "System.Version": "0",
    "threadId": "default"
  },
  {
    "Channel": "Security",
    "Data.AccessList": "%%1552\r\n\t\t\t\t",
    "Data.AccessMask": "0x1",
    "Data.AdditionalInfo": "Local Read (ConnectServer)",
    "Data.AdditionalInfo2": "ROOT\\CIMV2\\Security\\MicrosoftVolumeEncryption",
    "Data.HandleId": "0x0",
    "Data.ObjectName": "ROOT\\CIMV2\\Security\\MicrosoftVolumeEncryption",
    "Data.ObjectServer": "WMI",
    "Data.ObjectType": "WMI Namespace",
    "Data.OperationType": "Object Access",
    "Data.Properties": "-",
    "Data.SubjectDomainName": "STARFLEET",
    "Data.SubjectLogonId": "0x3e7",
    "Data.SubjectUserName": "THEENTERPRISE$",
    "Data.SubjectUserSid": "S-1-5-18",
    "dataSource.category": "security",
    "dataSource.name": "win-events",
    "dataSource.vendor": "Jan Tietze",
    "Description": "An operation was performed on an object.\r\n\r\nSubject :\r\n\tSecurity ID:\t\tS-1-5-18\r\n\tAccount Name:\t\tTHEENTERPRISE$\r\n\tAccount Domain:\t\tSTARFLEET\r\n\tLogon ID:\t\t0x3E7\r\n\r\nObject:\r\n\tObject Server:\t\tWMI\r\n\tObject Type:\t\tWMI Namespace\r\n\tObject Name:\t\tROOT\\CIMV2\\Security\\MicrosoftVolumeEncryption\r\n\tHandle ID:\t\t0x0\r\n\r\nOperation:\r\n\tOperation Type:\t\tObject Access\r\n\tAccesses:\t\tUnknown specific access (bit 0)\r\n\t\t\t\t\r\n\tAccess Mask:\t\t0x1\r\n\tProperties:\t\t-\r\n\r\nAdditional Information:\r\n\tParameter 1:\t\tLocal Read (ConnectServer)\r\n\tParameter 2:\t\tROOT\\CIMV2\\Security\\MicrosoftVolumeEncryption",
    "endpoint.name": "TheEnterprise",
    "endpoint.os": "windows",
    "endpoint.type": "desktop",
    "endpoint.uuid": "9dacd9f7d8d34c1ebf6f174d402fbd98",
    "EventID": 4662,
    "Level": "Information",
    "logfile": "event-log",
    "OriginalXml": "<Event xmlns='http://schemas.microsoft.com/win/2004/08/events/event'><System><Provider Name='Microsoft-Windows-Security-Auditing' Guid='{54849625-5478-4994-a5ba-3e3b0328c30d}'/><EventID>4662</EventID><Version>0</Version><Level>0</Level><Task>12804</Task><Opcode>0</Opcode><Keywords>0x8020000000000000</Keywords><TimeCreated SystemTime='2023-03-15T23:53:23.1803182Z'/><EventRecordID>31083</EventRecordID><Correlation ActivityID='{8422da7b-21b8-4e73-a4f1-50b289c7fc26}'/><Execution ProcessID='672' ThreadID='6708'/><Channel>Security</Channel><Computer>TheEnterprise.starfleet.corp</Computer><Security/></System><EventData><Data Name='SubjectUserSid'>S-1-5-18</Data><Data Name='SubjectUserName'>THEENTERPRISE$</Data><Data Name='SubjectDomainName'>STARFLEET</Data><Data Name='SubjectLogonId'>0x3e7</Data><Data Name='ObjectServer'>WMI</Data><Data Name='ObjectType'>WMI Namespace</Data><Data Name='ObjectName'>ROOT\\CIMV2\\Security\\MicrosoftVolumeEncryption</Data><Data Name='OperationType'>Object Access</Data><Data Name='HandleId'>0x0</Data><Data Name='AccessList'>%%1552\r\n\t\t\t\t</Data><Data Name='AccessMask'>0x1</Data><Data Name='Properties'>-</Data><Data Name='AdditionalInfo'>Local Read (ConnectServer)</Data><Data Name='AdditionalInfo2'>ROOT\\CIMV2\\Security\\MicrosoftVolumeEncryption</Data></EventData></Event>",
    "serverHost": "usea1-purple-sentinelone-export-event-logs-4264180302120732rxc7",
    "serverIP": "10.192.97.57",
    "severity": 3,
    "site.id": "1535547606855605874",
    "System.Channel": "Security",
    "System.Computer": "TheEnterprise.starfleet.corp",
    "System.Correlation.ActivityID": "{8422da7b-21b8-4e73-a4f1-50b289c7fc26}",
    "System.EventID": "4662",
    "System.EventRecordID": "31083",
    "System.Execution.ProcessID": "672",
    "System.Execution.ThreadID": "6708",
    "System.Keywords": "0x8020000000000000",
    "System.Level": "0",
    "System.Opcode": "0",
    "System.Provider.Guid": "{54849625-5478-4994-a5ba-3e3b0328c30d}",
    "System.Provider.Name": "Microsoft-Windows-Security-Auditing",
    "System.Task": "12804",
    "System.TimeCreated.SystemTime": "2023-03-15T23:53:23.1803182Z",
    "System.Version": "0",
    "threadId": "default"
  },
  {
    "Channel": "Security",
    "Data.AccessList": "%%1552\r\n\t\t\t\t",
    "Data.AccessMask": "0x1",
    "Data.AdditionalInfo": "Local Read (ExecQuery)",
    "Data.AdditionalInfo2": "ROOT\\CIMV2\\Security\\MicrosoftVolumeEncryption:SELECT * FROM Win32_EncryptableVolume",
    "Data.HandleId": "0x0",
    "Data.ObjectName": "ROOT\\CIMV2\\Security\\MicrosoftVolumeEncryption",
    "Data.ObjectServer": "WMI",
    "Data.ObjectType": "WMI Namespace",
    "Data.OperationType": "Object Access",
    "Data.Properties": "-",
    "Data.SubjectDomainName": "STARFLEET",
    "Data.SubjectLogonId": "0x3e7",
    "Data.SubjectUserName": "THEENTERPRISE$",
    "Data.SubjectUserSid": "S-1-5-18",
    "dataSource.category": "security",
    "dataSource.name": "win-events",
    "dataSource.vendor": "Jan Tietze",
    "Description": "An operation was performed on an object.\r\n\r\nSubject :\r\n\tSecurity ID:\t\tS-1-5-18\r\n\tAccount Name:\t\tTHEENTERPRISE$\r\n\tAccount Domain:\t\tSTARFLEET\r\n\tLogon ID:\t\t0x3E7\r\n\r\nObject:\r\n\tObject Server:\t\tWMI\r\n\tObject Type:\t\tWMI Namespace\r\n\tObject Name:\t\tROOT\\CIMV2\\Security\\MicrosoftVolumeEncryption\r\n\tHandle ID:\t\t0x0\r\n\r\nOperation:\r\n\tOperation Type:\t\tObject Access\r\n\tAccesses:\t\tUnknown specific access (bit 0)\r\n\t\t\t\t\r\n\tAccess Mask:\t\t0x1\r\n\tProperties:\t\t-\r\n\r\nAdditional Information:\r\n\tParameter 1:\t\tLocal Read (ExecQuery)\r\n\tParameter 2:\t\tROOT\\CIMV2\\Security\\MicrosoftVolumeEncryption:SELECT * FROM Win32_EncryptableVolume",
    "endpoint.name": "TheEnterprise",
    "endpoint.os": "windows",
    "endpoint.type": "desktop",
    "endpoint.uuid": "9dacd9f7d8d34c1ebf6f174d402fbd98",
    "EventID": 4662,
    "Level": "Information",
    "logfile": "event-log",
    "OriginalXml": "<Event xmlns='http://schemas.microsoft.com/win/2004/08/events/event'><System><Provider Name='Microsoft-Windows-Security-Auditing' Guid='{54849625-5478-4994-a5ba-3e3b0328c30d}'/><EventID>4662</EventID><Version>0</Version><Level>0</Level><Task>12804</Task><Opcode>0</Opcode><Keywords>0x8020000000000000</Keywords><TimeCreated SystemTime='2023-03-15T23:53:23.1813714Z'/><EventRecordID>31084</EventRecordID><Correlation ActivityID='{086c47dc-baca-4928-8dc5-7428f2ce32a6}'/><Execution ProcessID='672' ThreadID='6708'/><Channel>Security</Channel><Computer>TheEnterprise.starfleet.corp</Computer><Security/></System><EventData><Data Name='SubjectUserSid'>S-1-5-18</Data><Data Name='SubjectUserName'>THEENTERPRISE$</Data><Data Name='SubjectDomainName'>STARFLEET</Data><Data Name='SubjectLogonId'>0x3e7</Data><Data Name='ObjectServer'>WMI</Data><Data Name='ObjectType'>WMI Namespace</Data><Data Name='ObjectName'>ROOT\\CIMV2\\Security\\MicrosoftVolumeEncryption</Data><Data Name='OperationType'>Object Access</Data><Data Name='HandleId'>0x0</Data><Data Name='AccessList'>%%1552\r\n\t\t\t\t</Data><Data Name='AccessMask'>0x1</Data><Data Name='Properties'>-</Data><Data Name='AdditionalInfo'>Local Read (ExecQuery)</Data><Data Name='AdditionalInfo2'>ROOT\\CIMV2\\Security\\MicrosoftVolumeEncryption:SELECT * FROM Win32_EncryptableVolume</Data></EventData></Event>",
    "serverHost": "usea1-purple-sentinelone-export-event-logs-4264180302120732rxc7",
    "serverIP": "10.192.97.57",
    "severity": 3,
    "site.id": "1535547606855605874",
    "System.Channel": "Security",
    "System.Computer": "TheEnterprise.starfleet.corp",
    "System.Correlation.ActivityID": "{086c47dc-baca-4928-8dc5-7428f2ce32a6}",
    "System.EventID": "4662",
    "System.EventRecordID": "31084",
    "System.Execution.ProcessID": "672",
    "System.Execution.ThreadID": "6708",
    "System.Keywords": "0x8020000000000000",
    "System.Level": "0",
    "System.Opcode": "0",
    "System.Provider.Guid": "{54849625-5478-4994-a5ba-3e3b0328c30d}",
    "System.Provider.Name": "Microsoft-Windows-Security-Auditing",
    "System.Task": "12804",
    "System.TimeCreated.SystemTime": "2023-03-15T23:53:23.1813714Z",
    "System.Version": "0",
    "threadId": "default"
  },
