  {
    "Account_Domain": "WORKGROUP",
    "Account_Name": "BUILDO-WINDOWS$",
    "ActivityId": "{A18BB6F6-43D5-4A5B-BA3B-62DFC057CB3D}",
    "Channel": "Security",
    "Computer": "buildo-windows",
    "dataSource.category": "security",
    "dataSource.name": "Skylight Agent Metrics",
    "dataSource.vendor": "RoarinPenguin",
    "EventID": 5379,
    "Keywords": "Audit Success",
    "Level": "Information",
    "logfile": "C:\\Program Files (x86)\\Scalyr\\log\\windows_event_log_monitor.log",
    "Logon_Id": "0x3E7",
    "Message": "Credential Manager credentials were read.\r\n\r\nSubject:\r\n\tSecurity ID:\t\tS-1-5-18\r\n\tAccount Name:\t\tBUILDO-WINDOWS$\r\n\tAccount Domain:\t\tWORKGROUP\r\n\tLogon ID:\t\t0x3E7\r\n\tRead Operation:\t\tRead Credential\r\n\r\nThis event occurs when a user performs a read operation on stored credentials in Credential Manager.",
    "metric": "EventLog",
    "monitor": "windows_event_log_monitor",
    "Opcode": "Info",
    "parser": "agent-metrics",
    "path1": "EventLog",
    "ProcessId": 856,
    "ProviderGuid": "{54849625-5478-4994-A5BA-3E3B0328C30D}",
    "ProviderName": "Microsoft-Windows-Security-Auditing",
    "RecordId": 2202285,
    "serverHost": "buildo-windows",
    "serverIP": "10.192.107.215",
    "severity": 3,
    "site.id": "1336402404792178959",
    "source": "tsdb",
    "Task": "User Account Management",
    "threadId": "log_2",
    "ThreadId": 3996,
    "TimeCreated": "2023-03-15 23:53:09Z",
    "user.displayName": "BUILDO-WINDOWS$",
    "value": "Microsoft-Windows-Security-Auditing",
    "Version": "0\r"
  },
  {
    "Channel": "Security",
    "Data.LogonType": "3",
    "Data.TargetDomainName": "FRANZBROT",
    "Data.TargetLogonId": "0x1b18b5a4",
    "Data.TargetUserName": "PRETZEL$",
    "Data.TargetUserSid": "S-1-5-21-2169085105-1765122269-1902597782-1104",
    "dataSource.category": "security",
    "dataSource.name": "win-events",
    "dataSource.vendor": "Jan Tietze",
    "Description": "An account was logged off.\r\n\r\nSubject:\r\n\tSecurity ID:\t\tS-1-5-21-2169085105-1765122269-1902597782-1104\r\n\tAccount Name:\t\tPRETZEL$\r\n\tAccount Domain:\t\tFRANZBROT\r\n\tLogon ID:\t\t0x1B18B5A4\r\n\r\nLogon Type:\t\t\t3\r\n\r\nThis event is generated when a logon session is destroyed. It may be positively correlated with a logon event using the Logon ID value. Logon IDs are only unique between reboots on the same computer.",
    "endpoint.name": "dc01",
    "endpoint.os": "windows",
    "endpoint.type": "server",
    "endpoint.uuid": "6a3b9204a632430ba10b07a3a49a7b5e",
    "EventID": 4634,
    "Level": "Information",
    "logfile": "event-log",
    "OriginalXml": "<Event xmlns='http://schemas.microsoft.com/win/2004/08/events/event'><System><Provider Name='Microsoft-Windows-Security-Auditing' Guid='{54849625-5478-4994-a5ba-3e3b0328c30d}'/><EventID>4634</EventID><Version>0</Version><Level>0</Level><Task>12545</Task><Opcode>0</Opcode><Keywords>0x8020000000000000</Keywords><TimeCreated SystemTime='2023-03-15T23:53:10.739333000Z'/><EventRecordID>2001556</EventRecordID><Correlation/><Execution ProcessID='660' ThreadID='4824'/><Channel>Security</Channel><Computer>dc01.franzbrot.lab</Computer><Security/></System><EventData><Data Name='TargetUserSid'>S-1-5-21-2169085105-1765122269-1902597782-1104</Data><Data Name='TargetUserName'>PRETZEL$</Data><Data Name='TargetDomainName'>FRANZBROT</Data><Data Name='TargetLogonId'>0x1b18b5a4</Data><Data Name='LogonType'>3</Data></EventData></Event>",
    "serverHost": "usea1-purple-sentinelone-export-event-logs-4264180302120732rxc7",
    "serverIP": "10.192.107.215",
    "severity": 3,
    "site.id": "1507783031301602210",
    "System.Channel": "Security",
    "System.Computer": "dc01.franzbrot.lab",
    "System.EventID": "4634",
    "System.EventRecordID": "2001556",
    "System.Execution.ProcessID": "660",
    "System.Execution.ThreadID": "4824",
    "System.Keywords": "0x8020000000000000",
    "System.Level": "0",
    "System.Opcode": "0",
    "System.Provider.Guid": "{54849625-5478-4994-a5ba-3e3b0328c30d}",
    "System.Provider.Name": "Microsoft-Windows-Security-Auditing",
    "System.Task": "12545",
    "System.TimeCreated.SystemTime": "2023-03-15T23:53:10.739333000Z",
    "System.Version": "0",
    "threadId": "default"
  },
  {
    "Account_Domain": "WORKGROUP",
    "Account_Name": "THIB-ATOMIC$",
    "ActivityId": "{6B729022-7955-461A-9AF7-FB2B01CE57B9}",
    "Channel": "Security",
    "Computer": "Thib-Atomic",
    "dataSource.category": "security",
    "dataSource.name": "Skylight Agent Metrics",
    "dataSource.vendor": "RoarinPenguin",
    "EventID": 5379,
    "Keywords": "Audit Success",
    "Level": "Information",
    "logfile": "C:\\Program Files (x86)\\Scalyr\\log\\windows_event_log_monitor.log",
    "Logon_Id": "0x3E7",
    "Message": "Credential Manager credentials were read.\r\n\r\nSubject:\r\n\tSecurity ID:\t\tS-1-5-18\r\n\tAccount Name:\t\tTHIB-ATOMIC$\r\n\tAccount Domain:\t\tWORKGROUP\r\n\tLogon ID:\t\t0x3E7\r\n\tRead Operation:\t\tRead Credential\r\n\r\nThis event occurs when a user performs a read operation on stored credentials in Credential Manager.",
    "metric": "EventLog",
    "monitor": "windows_event_log_monitor",
    "Opcode": "Info",
    "parser": "agent-metrics",
    "path1": "EventLog",
    "ProcessId": 780,
    "ProviderGuid": "{54849625-5478-4994-A5BA-3E3B0328C30D}",
    "ProviderName": "Microsoft-Windows-Security-Auditing",
    "RecordId": 2393048,
    "serverHost": "ThibaultB-WindowsEvents",
    "serverIP": "10.192.97.57",
    "severity": 3,
    "site.id": "1336402404792178959",
    "source": "tsdb",
    "Task": "User Account Management",
    "threadId": "log_2",
    "ThreadId": 6048,
    "tier": "Purple",
    "TimeCreated": "2023-03-15 23:53:10Z",
    "user.displayName": "THIB-ATOMIC$",
    "value": "Microsoft-Windows-Security-Auditing",
    "Version": "0\r"
  },
  {
    "Channel": "Security",
    "Computer": "THEBORG.starfleet.corp",
    "dataSource.category": "security",
    "dataSource.name": "Active Directory ",
    "dataSource.vendor": "ActiveDirectory",
    "endpoint.name": "THEBORG.starfleet.corp",
    "event.category": "process",
    "event.details": "An account was logged off.\\r\\n\\r\\nSubject:\\r\\n\\tSecurity ID:\\t\\tS-1-5-18\\r\\n\\tAccount Name:\\t\\tTHEBORG$\\r\\n\\tAccount Domain:\\t\\tSTARFLEET\\r\\n\\tLogon ID:\\t\\t0x49BB6B\\r\\n\\r\\nLogon Type:\\t\\t\\t3\\r\\n\\r\\nThis event is generated when a logon session is destroyed. It may be positively correlated with a logon event using the Logon ID value. Logon IDs are only unique between reboots on the same computer.",
    "event.type": "Security",
    "EventID": 4634,
    "Keywords": "Audit Success",
    "Level": "Information",
    "logfile": "C:\\Program Files (x86)\\Scalyr\\log\\windows_event_log_monitor.log",
    "Message": "An account was logged off.\\r\\n\\r\\nSubject:\\r\\n\\tSecurity ID:\\t\\tS-1-5-18\\r\\n\\tAccount Name:\\t\\tTHEBORG$\\r\\n\\tAccount Domain:\\t\\tSTARFLEET\\r\\n\\tLogon ID:\\t\\t0x49BB6B\\r\\n\\r\\nLogon Type:\\t\\t\\t3\\r\\n\\r\\nThis event is generated when a logon session is destroyed. It may be positively correlated with a logon event using the Logon ID value. Logon IDs are only unique between reboots on the same computer.",
    "Opcode": "Info",
    "parser": "ad-rjo",
    "ProcessId": 692,
    "ProviderGuid": "{54849625-5478-4994-A5BA-3E3B0328C30D}",
    "ProviderName": "Microsoft-Windows-Security-Auditing",
    "RecordId": 41833,
    "serverHost": "THEBORG",
    "serverIP": "108.76.207.50",
    "severity": 3,
    "severity_": "Information",
    "src.process.uid": 692,
    "Task": "Logoff",
    "threadId": "default",
    "ThreadId": 4472,
    "threadId_": "log_2",
    "TimeCreated": "2023-03-15 23:53:12Z",
    "timestamp_": 1678924392781.562,
    "Version": 0
  },
  {
    "Channel": "Security",
    "Data.AccessList": "%%1552\r\n\t\t\t\t",
    "Data.AccessMask": "0x1",
    "Data.AdditionalInfo": "Local Read (ExecQuery)",
    "Data.AdditionalInfo2": "ROOT\\CIMV2\\Security\\MicrosoftVolumeEncryption:SELECT * FROM Win32_EncryptableVolume",
    "Data.HandleId": "0x0",
    "Data.ObjectName": "ROOT\\CIMV2\\Security\\MicrosoftVolumeEncryption",
    "Data.ObjectServer": "WMI",
    "Data.ObjectType": "WMI Namespace",
    "Data.OperationType": "Object Access",
    "Data.Properties": "-",
    "Data.SubjectDomainName": "FRANZBROT",
    "Data.SubjectLogonId": "0x3e7",
    "Data.SubjectUserName": "CROISSANT$",
    "Data.SubjectUserSid": "S-1-5-18",
    "dataSource.category": "security",
    "dataSource.name": "win-events",
    "dataSource.vendor": "Jan Tietze",
    "Description": "An operation was performed on an object.\r\n\r\nSubject :\r\n\tSecurity ID:\t\tS-1-5-18\r\n\tAccount Name:\t\tCROISSANT$\r\n\tAccount Domain:\t\tFRANZBROT\r\n\tLogon ID:\t\t0x3E7\r\n\r\nObject:\r\n\tObject Server:\t\tWMI\r\n\tObject Type:\t\tWMI Namespace\r\n\tObject Name:\t\tROOT\\CIMV2\\Security\\MicrosoftVolumeEncryption\r\n\tHandle ID:\t\t0x0\r\n\r\nOperation:\r\n\tOperation Type:\t\tObject Access\r\n\tAccesses:\t\tUnknown specific access (bit 0)\r\n\t\t\t\t\r\n\tAccess Mask:\t\t0x1\r\n\tProperties:\t\t-\r\n\r\nAdditional Information:\r\n\tParameter 1:\t\tLocal Read (ExecQuery)\r\n\tParameter 2:\t\tROOT\\CIMV2\\Security\\MicrosoftVolumeEncryption:SELECT * FROM Win32_EncryptableVolume",
    "endpoint.name": "CROISSANT",
    "endpoint.os": "windows",
    "endpoint.type": "desktop",
    "endpoint.uuid": "53a74df0d48749bba831f7b71350eeb7",
    "EventID": 4662,
    "Level": "Information",
    "logfile": "event-log",
    "OriginalXml": "<Event xmlns='http://schemas.microsoft.com/win/2004/08/events/event'><System><Provider Name='Microsoft-Windows-Security-Auditing' Guid='{54849625-5478-4994-a5ba-3e3b0328c30d}'/><EventID>4662</EventID><Version>0</Version><Level>0</Level><Task>12804</Task><Opcode>0</Opcode><Keywords>0x8020000000000000</Keywords><TimeCreated SystemTime='2023-03-15T23:53:12.8917631Z'/><EventRecordID>1137026</EventRecordID><Correlation ActivityID='{a222c193-e8b7-4cf8-961d-60395b0ff622}'/><Execution ProcessID='812' ThreadID='3252'/><Channel>Security</Channel><Computer>CROISSANT.franzbrot.lab</Computer><Security/></System><EventData><Data Name='SubjectUserSid'>S-1-5-18</Data><Data Name='SubjectUserName'>CROISSANT$</Data><Data Name='SubjectDomainName'>FRANZBROT</Data><Data Name='SubjectLogonId'>0x3e7</Data><Data Name='ObjectServer'>WMI</Data><Data Name='ObjectType'>WMI Namespace</Data><Data Name='ObjectName'>ROOT\\CIMV2\\Security\\MicrosoftVolumeEncryption</Data><Data Name='OperationType'>Object Access</Data><Data Name='HandleId'>0x0</Data><Data Name='AccessList'>%%1552\r\n\t\t\t\t</Data><Data Name='AccessMask'>0x1</Data><Data Name='Properties'>-</Data><Data Name='AdditionalInfo'>Local Read (ExecQuery)</Data><Data Name='AdditionalInfo2'>ROOT\\CIMV2\\Security\\MicrosoftVolumeEncryption:SELECT * FROM Win32_EncryptableVolume</Data></EventData></Event>",
    "serverHost": "usea1-purple-sentinelone-export-event-logs-4264180302120732rxc7",
    "serverIP": "10.192.97.57",
    "severity": 3,
    "site.id": "1507783031301602210",
    "System.Channel": "Security",
    "System.Computer": "CROISSANT.franzbrot.lab",
    "System.Correlation.ActivityID": "{a222c193-e8b7-4cf8-961d-60395b0ff622}",
    "System.EventID": "4662",
    "System.EventRecordID": "1137026",
    "System.Execution.ProcessID": "812",
    "System.Execution.ThreadID": "3252",
    "System.Keywords": "0x8020000000000000",
    "System.Level": "0",
    "System.Opcode": "0",
    "System.Provider.Guid": "{54849625-5478-4994-a5ba-3e3b0328c30d}",
    "System.Provider.Name": "Microsoft-Windows-Security-Auditing",
    "System.Task": "12804",
    "System.TimeCreated.SystemTime": "2023-03-15T23:53:12.8917631Z",
    "System.Version": "0",
    "threadId": "default"
  },
  {
    "Channel": "Security",
    "Data.AccessList": "%%1552\r\n\t\t\t\t",
    "Data.AccessMask": "0x1",
    "Data.AdditionalInfo": "Local Read (ConnectServer)",
    "Data.AdditionalInfo2": "ROOT\\CIMV2\\Security\\MicrosoftVolumeEncryption",
    "Data.HandleId": "0x0",
    "Data.ObjectName": "ROOT\\CIMV2\\Security\\MicrosoftVolumeEncryption",
    "Data.ObjectServer": "WMI",
    "Data.ObjectType": "WMI Namespace",
    "Data.OperationType": "Object Access",
    "Data.Properties": "-",
    "Data.SubjectDomainName": "FRANZBROT",
    "Data.SubjectLogonId": "0x3e7",
    "Data.SubjectUserName": "CROISSANT$",
    "Data.SubjectUserSid": "S-1-5-18",
    "dataSource.category": "security",
    "dataSource.name": "win-events",
    "dataSource.vendor": "Jan Tietze",
    "Description": "An operation was performed on an object.\r\n\r\nSubject :\r\n\tSecurity ID:\t\tS-1-5-18\r\n\tAccount Name:\t\tCROISSANT$\r\n\tAccount Domain:\t\tFRANZBROT\r\n\tLogon ID:\t\t0x3E7\r\n\r\nObject:\r\n\tObject Server:\t\tWMI\r\n\tObject Type:\t\tWMI Namespace\r\n\tObject Name:\t\tROOT\\CIMV2\\Security\\MicrosoftVolumeEncryption\r\n\tHandle ID:\t\t0x0\r\n\r\nOperation:\r\n\tOperation Type:\t\tObject Access\r\n\tAccesses:\t\tUnknown specific access (bit 0)\r\n\t\t\t\t\r\n\tAccess Mask:\t\t0x1\r\n\tProperties:\t\t-\r\n\r\nAdditional Information:\r\n\tParameter 1:\t\tLocal Read (ConnectServer)\r\n\tParameter 2:\t\tROOT\\CIMV2\\Security\\MicrosoftVolumeEncryption",
    "endpoint.name": "CROISSANT",
    "endpoint.os": "windows",
    "endpoint.type": "desktop",
    "endpoint.uuid": "53a74df0d48749bba831f7b71350eeb7",
    "EventID": 4662,
    "Level": "Information",
    "logfile": "event-log",
    "OriginalXml": "<Event xmlns='http://schemas.microsoft.com/win/2004/08/events/event'><System><Provider Name='Microsoft-Windows-Security-Auditing' Guid='{54849625-5478-4994-a5ba-3e3b0328c30d}'/><EventID>4662</EventID><Version>0</Version><Level>0</Level><Task>12804</Task><Opcode>0</Opcode><Keywords>0x8020000000000000</Keywords><TimeCreated SystemTime='2023-03-15T23:53:12.8911973Z'/><EventRecordID>1137025</EventRecordID><Correlation ActivityID='{314ffe0c-3e0d-4a67-872a-eb8f77dde2db}'/><Execution ProcessID='812' ThreadID='3252'/><Channel>Security</Channel><Computer>CROISSANT.franzbrot.lab</Computer><Security/></System><EventData><Data Name='SubjectUserSid'>S-1-5-18</Data><Data Name='SubjectUserName'>CROISSANT$</Data><Data Name='SubjectDomainName'>FRANZBROT</Data><Data Name='SubjectLogonId'>0x3e7</Data><Data Name='ObjectServer'>WMI</Data><Data Name='ObjectType'>WMI Namespace</Data><Data Name='ObjectName'>ROOT\\CIMV2\\Security\\MicrosoftVolumeEncryption</Data><Data Name='OperationType'>Object Access</Data><Data Name='HandleId'>0x0</Data><Data Name='AccessList'>%%1552\r\n\t\t\t\t</Data><Data Name='AccessMask'>0x1</Data><Data Name='Properties'>-</Data><Data Name='AdditionalInfo'>Local Read (ConnectServer)</Data><Data Name='AdditionalInfo2'>ROOT\\CIMV2\\Security\\MicrosoftVolumeEncryption</Data></EventData></Event>",
    "serverHost": "usea1-purple-sentinelone-export-event-logs-4264180302120732rxc7",
    "serverIP": "10.192.107.215",
    "severity": 3,
    "site.id": "1507783031301602210",
    "System.Channel": "Security",
    "System.Computer": "CROISSANT.franzbrot.lab",
    "System.Correlation.ActivityID": "{314ffe0c-3e0d-4a67-872a-eb8f77dde2db}",
    "System.EventID": "4662",
    "System.EventRecordID": "1137025",
    "System.Execution.ProcessID": "812",
    "System.Execution.ThreadID": "3252",
    "System.Keywords": "0x8020000000000000",
    "System.Level": "0",
    "System.Opcode": "0",
    "System.Provider.Guid": "{54849625-5478-4994-a5ba-3e3b0328c30d}",
    "System.Provider.Name": "Microsoft-Windows-Security-Auditing",
    "System.Task": "12804",
    "System.TimeCreated.SystemTime": "2023-03-15T23:53:12.8911973Z",
    "System.Version": "0",
    "threadId": "default"
  },
  {
    "Channel": "Security",
    "Data.AccessList": "%%1552\r\n\t\t\t\t",
    "Data.AccessMask": "0x1",
    "Data.AdditionalInfo": "Local Read (ConnectServer)",
    "Data.AdditionalInfo2": "ROOT\\CIMV2\\Security\\MicrosoftVolumeEncryption",
    "Data.HandleId": "0x0",
    "Data.ObjectName": "ROOT\\CIMV2\\Security\\MicrosoftVolumeEncryption",
    "Data.ObjectServer": "WMI",
    "Data.ObjectType": "WMI Namespace",
    "Data.OperationType": "Object Access",
    "Data.Properties": "-",
    "Data.SubjectDomainName": "FRANZBROT",
    "Data.SubjectLogonId": "0x3e7",
    "Data.SubjectUserName": "CROISSANT$",
    "Data.SubjectUserSid": "S-1-5-18",
    "dataSource.category": "security",
    "dataSource.name": "win-events",
    "dataSource.vendor": "Jan Tietze",
    "Description": "An operation was performed on an object.\r\n\r\nSubject :\r\n\tSecurity ID:\t\tS-1-5-18\r\n\tAccount Name:\t\tCROISSANT$\r\n\tAccount Domain:\t\tFRANZBROT\r\n\tLogon ID:\t\t0x3E7\r\n\r\nObject:\r\n\tObject Server:\t\tWMI\r\n\tObject Type:\t\tWMI Namespace\r\n\tObject Name:\t\tROOT\\CIMV2\\Security\\MicrosoftVolumeEncryption\r\n\tHandle ID:\t\t0x0\r\n\r\nOperation:\r\n\tOperation Type:\t\tObject Access\r\n\tAccesses:\t\tUnknown specific access (bit 0)\r\n\t\t\t\t\r\n\tAccess Mask:\t\t0x1\r\n\tProperties:\t\t-\r\n\r\nAdditional Information:\r\n\tParameter 1:\t\tLocal Read (ConnectServer)\r\n\tParameter 2:\t\tROOT\\CIMV2\\Security\\MicrosoftVolumeEncryption",
    "endpoint.name": "CROISSANT",
    "endpoint.os": "windows",
    "endpoint.type": "desktop",
    "endpoint.uuid": "53a74df0d48749bba831f7b71350eeb7",
    "EventID": 4662,
    "Level": "Information",
    "logfile": "event-log",
    "OriginalXml": "<Event xmlns='http://schemas.microsoft.com/win/2004/08/events/event'><System><Provider Name='Microsoft-Windows-Security-Auditing' Guid='{54849625-5478-4994-a5ba-3e3b0328c30d}'/><EventID>4662</EventID><Version>0</Version><Level>0</Level><Task>12804</Task><Opcode>0</Opcode><Keywords>0x8020000000000000</Keywords><TimeCreated SystemTime='2023-03-15T23:53:12.9195986Z'/><EventRecordID>1137027</EventRecordID><Correlation ActivityID='{b666c9bd-81ad-423e-b0d6-1ec727b4da69}'/><Execution ProcessID='812' ThreadID='3252'/><Channel>Security</Channel><Computer>CROISSANT.franzbrot.lab</Computer><Security/></System><EventData><Data Name='SubjectUserSid'>S-1-5-18</Data><Data Name='SubjectUserName'>CROISSANT$</Data><Data Name='SubjectDomainName'>FRANZBROT</Data><Data Name='SubjectLogonId'>0x3e7</Data><Data Name='ObjectServer'>WMI</Data><Data Name='ObjectType'>WMI Namespace</Data><Data Name='ObjectName'>ROOT\\CIMV2\\Security\\MicrosoftVolumeEncryption</Data><Data Name='OperationType'>Object Access</Data><Data Name='HandleId'>0x0</Data><Data Name='AccessList'>%%1552\r\n\t\t\t\t</Data><Data Name='AccessMask'>0x1</Data><Data Name='Properties'>-</Data><Data Name='AdditionalInfo'>Local Read (ConnectServer)</Data><Data Name='AdditionalInfo2'>ROOT\\CIMV2\\Security\\MicrosoftVolumeEncryption</Data></EventData></Event>",
    "serverHost": "usea1-purple-sentinelone-export-event-logs-4264180302120732rxc7",
    "serverIP": "10.192.107.215",
    "severity": 3,
    "site.id": "1507783031301602210",
    "System.Channel": "Security",
    "System.Computer": "CROISSANT.franzbrot.lab",
    "System.Correlation.ActivityID": "{b666c9bd-81ad-423e-b0d6-1ec727b4da69}",
    "System.EventID": "4662",
    "System.EventRecordID": "1137027",
    "System.Execution.ProcessID": "812",
    "System.Execution.ThreadID": "3252",
    "System.Keywords": "0x8020000000000000",
    "System.Level": "0",
    "System.Opcode": "0",
    "System.Provider.Guid": "{54849625-5478-4994-a5ba-3e3b0328c30d}",
    "System.Provider.Name": "Microsoft-Windows-Security-Auditing",
    "System.Task": "12804",
    "System.TimeCreated.SystemTime": "2023-03-15T23:53:12.9195986Z",
    "System.Version": "0",
    "threadId": "default"
  },
  {
    "Channel": "Security",
    "Data.AccessList": "%%1552\r\n\t\t\t\t",
    "Data.AccessMask": "0x1",
    "Data.AdditionalInfo": "Local Read (ExecQuery)",
    "Data.AdditionalInfo2": "ROOT\\CIMV2\\Security\\MicrosoftVolumeEncryption:SELECT * FROM Win32_EncryptableVolume WHERE DeviceID='\\\\\\\\?\\\\Volume{c4c889ff-0f91-46dc-b247-fe1cda3768ad}\\\\'",
    "Data.HandleId": "0x0",
    "Data.ObjectName": "ROOT\\CIMV2\\Security\\MicrosoftVolumeEncryption",
    "Data.ObjectServer": "WMI",
    "Data.ObjectType": "WMI Namespace",
    "Data.OperationType": "Object Access",
    "Data.Properties": "-",
    "Data.SubjectDomainName": "FRANZBROT",
    "Data.SubjectLogonId": "0x3e7",
    "Data.SubjectUserName": "CROISSANT$",
    "Data.SubjectUserSid": "S-1-5-18",
    "dataSource.category": "security",
    "dataSource.name": "win-events",
    "dataSource.vendor": "Jan Tietze",
    "Description": "An operation was performed on an object.\r\n\r\nSubject :\r\n\tSecurity ID:\t\tS-1-5-18\r\n\tAccount Name:\t\tCROISSANT$\r\n\tAccount Domain:\t\tFRANZBROT\r\n\tLogon ID:\t\t0x3E7\r\n\r\nObject:\r\n\tObject Server:\t\tWMI\r\n\tObject Type:\t\tWMI Namespace\r\n\tObject Name:\t\tROOT\\CIMV2\\Security\\MicrosoftVolumeEncryption\r\n\tHandle ID:\t\t0x0\r\n\r\nOperation:\r\n\tOperation Type:\t\tObject Access\r\n\tAccesses:\t\tUnknown specific access (bit 0)\r\n\t\t\t\t\r\n\tAccess Mask:\t\t0x1\r\n\tProperties:\t\t-\r\n\r\nAdditional Information:\r\n\tParameter 1:\t\tLocal Read (ExecQuery)\r\n\tParameter 2:\t\tROOT\\CIMV2\\Security\\MicrosoftVolumeEncryption:SELECT * FROM Win32_EncryptableVolume WHERE DeviceID='\\\\\\\\?\\\\Volume{c4c889ff-0f91-46dc-b247-fe1cda3768ad}\\\\'",
    "endpoint.name": "CROISSANT",
    "endpoint.os": "windows",
    "endpoint.type": "desktop",
    "endpoint.uuid": "53a74df0d48749bba831f7b71350eeb7",
    "EventID": 4662,
    "Level": "Information",
    "logfile": "event-log",
    "OriginalXml": "<Event xmlns='http://schemas.microsoft.com/win/2004/08/events/event'><System><Provider Name='Microsoft-Windows-Security-Auditing' Guid='{54849625-5478-4994-a5ba-3e3b0328c30d}'/><EventID>4662</EventID><Version>0</Version><Level>0</Level><Task>12804</Task><Opcode>0</Opcode><Keywords>0x8020000000000000</Keywords><TimeCreated SystemTime='2023-03-15T23:53:12.9202808Z'/><EventRecordID>1137028</EventRecordID><Correlation ActivityID='{34430834-d419-42cd-8a0e-0975bfcc420c}'/><Execution ProcessID='812' ThreadID='3252'/><Channel>Security</Channel><Computer>CROISSANT.franzbrot.lab</Computer><Security/></System><EventData><Data Name='SubjectUserSid'>S-1-5-18</Data><Data Name='SubjectUserName'>CROISSANT$</Data><Data Name='SubjectDomainName'>FRANZBROT</Data><Data Name='SubjectLogonId'>0x3e7</Data><Data Name='ObjectServer'>WMI</Data><Data Name='ObjectType'>WMI Namespace</Data><Data Name='ObjectName'>ROOT\\CIMV2\\Security\\MicrosoftVolumeEncryption</Data><Data Name='OperationType'>Object Access</Data><Data Name='HandleId'>0x0</Data><Data Name='AccessList'>%%1552\r\n\t\t\t\t</Data><Data Name='AccessMask'>0x1</Data><Data Name='Properties'>-</Data><Data Name='AdditionalInfo'>Local Read (ExecQuery)</Data><Data Name='AdditionalInfo2'>ROOT\\CIMV2\\Security\\MicrosoftVolumeEncryption:SELECT * FROM Win32_EncryptableVolume WHERE DeviceID='\\\\\\\\?\\\\Volume{c4c889ff-0f91-46dc-b247-fe1cda3768ad}\\\\'</Data></EventData></Event>",
    "serverHost": "usea1-purple-sentinelone-export-event-logs-4264180302120732rxc7",
    "serverIP": "10.192.107.215",
    "severity": 3,
    "site.id": "1507783031301602210",
    "System.Channel": "Security",
    "System.Computer": "CROISSANT.franzbrot.lab",
    "System.Correlation.ActivityID": "{34430834-d419-42cd-8a0e-0975bfcc420c}",
    "System.EventID": "4662",
    "System.EventRecordID": "1137028",
    "System.Execution.ProcessID": "812",
    "System.Execution.ThreadID": "3252",
    "System.Keywords": "0x8020000000000000",
    "System.Level": "0",
    "System.Opcode": "0",
    "System.Provider.Guid": "{54849625-5478-4994-a5ba-3e3b0328c30d}",
    "System.Provider.Name": "Microsoft-Windows-Security-Auditing",
    "System.Task": "12804",
    "System.TimeCreated.SystemTime": "2023-03-15T23:53:12.9202808Z",
    "System.Version": "0",
    "threadId": "default"
  },
  {
    "Channel": "Security",
    "Data.AccessList": "%%1552\r\n\t\t\t\t",
    "Data.AccessMask": "0x1",
    "Data.AdditionalInfo": "Local Read (GetObject)",
    "Data.AdditionalInfo2": "ROOT\\CIMV2\\Security\\MicrosoftVolumeEncryption:Win32_EncryptableVolume",
    "Data.HandleId": "0x0",
    "Data.ObjectName": "ROOT\\CIMV2\\Security\\MicrosoftVolumeEncryption",
    "Data.ObjectServer": "WMI",
    "Data.ObjectType": "WMI Namespace",
    "Data.OperationType": "Object Access",
    "Data.Properties": "-",
    "Data.SubjectDomainName": "FRANZBROT",
    "Data.SubjectLogonId": "0x3e7",
    "Data.SubjectUserName": "CROISSANT$",
    "Data.SubjectUserSid": "S-1-5-18",
    "dataSource.category": "security",
    "dataSource.name": "win-events",
    "dataSource.vendor": "Jan Tietze",
    "Description": "An operation was performed on an object.\r\n\r\nSubject :\r\n\tSecurity ID:\t\tS-1-5-18\r\n\tAccount Name:\t\tCROISSANT$\r\n\tAccount Domain:\t\tFRANZBROT\r\n\tLogon ID:\t\t0x3E7\r\n\r\nObject:\r\n\tObject Server:\t\tWMI\r\n\tObject Type:\t\tWMI Namespace\r\n\tObject Name:\t\tROOT\\CIMV2\\Security\\MicrosoftVolumeEncryption\r\n\tHandle ID:\t\t0x0\r\n\r\nOperation:\r\n\tOperation Type:\t\tObject Access\r\n\tAccesses:\t\tUnknown specific access (bit 0)\r\n\t\t\t\t\r\n\tAccess Mask:\t\t0x1\r\n\tProperties:\t\t-\r\n\r\nAdditional Information:\r\n\tParameter 1:\t\tLocal Read (GetObject)\r\n\tParameter 2:\t\tROOT\\CIMV2\\Security\\MicrosoftVolumeEncryption:Win32_EncryptableVolume",
    "endpoint.name": "CROISSANT",
    "endpoint.os": "windows",
    "endpoint.type": "desktop",
    "endpoint.uuid": "53a74df0d48749bba831f7b71350eeb7",
    "EventID": 4662,
    "Level": "Information",
    "logfile": "event-log",
    "OriginalXml": "<Event xmlns='http://schemas.microsoft.com/win/2004/08/events/event'><System><Provider Name='Microsoft-Windows-Security-Auditing' Guid='{54849625-5478-4994-a5ba-3e3b0328c30d}'/><EventID>4662</EventID><Version>0</Version><Level>0</Level><Task>12804</Task><Opcode>0</Opcode><Keywords>0x8020000000000000</Keywords><TimeCreated SystemTime='2023-03-15T23:53:12.9311862Z'/><EventRecordID>1137029</EventRecordID><Correlation ActivityID='{b654eeff-578e-493a-b36a-9aaca42d0344}'/><Execution ProcessID='812' ThreadID='3252'/><Channel>Security</Channel><Computer>CROISSANT.franzbrot.lab</Computer><Security/></System><EventData><Data Name='SubjectUserSid'>S-1-5-18</Data><Data Name='SubjectUserName'>CROISSANT$</Data><Data Name='SubjectDomainName'>FRANZBROT</Data><Data Name='SubjectLogonId'>0x3e7</Data><Data Name='ObjectServer'>WMI</Data><Data Name='ObjectType'>WMI Namespace</Data><Data Name='ObjectName'>ROOT\\CIMV2\\Security\\MicrosoftVolumeEncryption</Data><Data Name='OperationType'>Object Access</Data><Data Name='HandleId'>0x0</Data><Data Name='AccessList'>%%1552\r\n\t\t\t\t</Data><Data Name='AccessMask'>0x1</Data><Data Name='Properties'>-</Data><Data Name='AdditionalInfo'>Local Read (GetObject)</Data><Data Name='AdditionalInfo2'>ROOT\\CIMV2\\Security\\MicrosoftVolumeEncryption:Win32_EncryptableVolume</Data></EventData></Event>",
    "serverHost": "usea1-purple-sentinelone-export-event-logs-4264180302120732rxc7",
    "serverIP": "10.192.103.252",
    "severity": 3,
    "site.id": "1507783031301602210",
    "System.Channel": "Security",
    "System.Computer": "CROISSANT.franzbrot.lab",
    "System.Correlation.ActivityID": "{b654eeff-578e-493a-b36a-9aaca42d0344}",
    "System.EventID": "4662",
    "System.EventRecordID": "1137029",
    "System.Execution.ProcessID": "812",
    "System.Execution.ThreadID": "3252",
    "System.Keywords": "0x8020000000000000",
    "System.Level": "0",
    "System.Opcode": "0",
    "System.Provider.Guid": "{54849625-5478-4994-a5ba-3e3b0328c30d}",
    "System.Provider.Name": "Microsoft-Windows-Security-Auditing",
    "System.Task": "12804",
    "System.TimeCreated.SystemTime": "2023-03-15T23:53:12.9311862Z",
    "System.Version": "0",
    "threadId": "default"
  },
  {
    "Channel": "Security",
    "Data.AccessList": "%%1552\r\n\t\t\t\t%%1553\r\n\t\t\t\t",
    "Data.AccessMask": "0x3",
    "Data.AdditionalInfo": "Local Execute (ExecMethod)",
    "Data.AdditionalInfo2": "ROOT\\CIMV2\\Security\\MicrosoftVolumeEncryption:\\\\CROISSANT\\ROOT\\CIMV2\\Security\\MicrosoftVolumeEncryption:Win32_EncryptableVolume.DeviceID=\"\\\\\\\\?\\\\Volume{c4c889ff-0f91-46dc-b247-fe1cda3768ad}\\\\\"::GetProtectionStatus",
    "Data.HandleId": "0x0",
    "Data.ObjectName": "ROOT\\CIMV2\\Security\\MicrosoftVolumeEncryption",
    "Data.ObjectServer": "WMI",
    "Data.ObjectType": "WMI Namespace",
    "Data.OperationType": "Object Access",
    "Data.Properties": "-",
    "Data.SubjectDomainName": "FRANZBROT",
    "Data.SubjectLogonId": "0x3e7",
    "Data.SubjectUserName": "CROISSANT$",
    "Data.SubjectUserSid": "S-1-5-18",
    "dataSource.category": "security",
    "dataSource.name": "win-events",
    "dataSource.vendor": "Jan Tietze",
    "Description": "An operation was performed on an object.\r\n\r\nSubject :\r\n\tSecurity ID:\t\tS-1-5-18\r\n\tAccount Name:\t\tCROISSANT$\r\n\tAccount Domain:\t\tFRANZBROT\r\n\tLogon ID:\t\t0x3E7\r\n\r\nObject:\r\n\tObject Server:\t\tWMI\r\n\tObject Type:\t\tWMI Namespace\r\n\tObject Name:\t\tROOT\\CIMV2\\Security\\MicrosoftVolumeEncryption\r\n\tHandle ID:\t\t0x0\r\n\r\nOperation:\r\n\tOperation Type:\t\tObject Access\r\n\tAccesses:\t\tUnknown specific access (bit 0)\r\n\t\t\t\tUnknown specific access (bit 1)\r\n\t\t\t\t\r\n\tAccess Mask:\t\t0x3\r\n\tProperties:\t\t-\r\n\r\nAdditional Information:\r\n\tParameter 1:\t\tLocal Execute (ExecMethod)\r\n\tParameter 2:\t\tROOT\\CIMV2\\Security\\MicrosoftVolumeEncryption:\\\\CROISSANT\\ROOT\\CIMV2\\Security\\MicrosoftVolumeEncryption:Win32_EncryptableVolume.DeviceID=\"\\\\\\\\?\\\\Volume{c4c889ff-0f91-46dc-b247-fe1cda3768ad}\\\\\"::GetProtectionStatus",
    "endpoint.name": "CROISSANT",
    "endpoint.os": "windows",
    "endpoint.type": "desktop",
    "endpoint.uuid": "53a74df0d48749bba831f7b71350eeb7",
    "EventID": 4662,
    "Level": "Information",
    "logfile": "event-log",
    "OriginalXml": "<Event xmlns='http://schemas.microsoft.com/win/2004/08/events/event'><System><Provider Name='Microsoft-Windows-Security-Auditing' Guid='{54849625-5478-4994-a5ba-3e3b0328c30d}'/><EventID>4662</EventID><Version>0</Version><Level>0</Level><Task>12804</Task><Opcode>0</Opcode><Keywords>0x8020000000000000</Keywords><TimeCreated SystemTime='2023-03-15T23:53:12.9358034Z'/><EventRecordID>1137030</EventRecordID><Correlation ActivityID='{445c736b-feac-49ad-8f5b-ecfd87404da8}'/><Execution ProcessID='812' ThreadID='3252'/><Channel>Security</Channel><Computer>CROISSANT.franzbrot.lab</Computer><Security/></System><EventData><Data Name='SubjectUserSid'>S-1-5-18</Data><Data Name='SubjectUserName'>CROISSANT$</Data><Data Name='SubjectDomainName'>FRANZBROT</Data><Data Name='SubjectLogonId'>0x3e7</Data><Data Name='ObjectServer'>WMI</Data><Data Name='ObjectType'>WMI Namespace</Data><Data Name='ObjectName'>ROOT\\CIMV2\\Security\\MicrosoftVolumeEncryption</Data><Data Name='OperationType'>Object Access</Data><Data Name='HandleId'>0x0</Data><Data Name='AccessList'>%%1552\r\n\t\t\t\t%%1553\r\n\t\t\t\t</Data><Data Name='AccessMask'>0x3</Data><Data Name='Properties'>-</Data><Data Name='AdditionalInfo'>Local Execute (ExecMethod)</Data><Data Name='AdditionalInfo2'>ROOT\\CIMV2\\Security\\MicrosoftVolumeEncryption:\\\\CROISSANT\\ROOT\\CIMV2\\Security\\MicrosoftVolumeEncryption:Win32_EncryptableVolume.DeviceID=\"\\\\\\\\?\\\\Volume{c4c889ff-0f91-46dc-b247-fe1cda3768ad}\\\\\"::GetProtectionStatus</Data></EventData></Event>",
    "serverHost": "usea1-purple-sentinelone-export-event-logs-4264180302120732rxc7",
    "serverIP": "10.192.103.252",
    "severity": 3,
    "site.id": "1507783031301602210",
    "System.Channel": "Security",
    "System.Computer": "CROISSANT.franzbrot.lab",
    "System.Correlation.ActivityID": "{445c736b-feac-49ad-8f5b-ecfd87404da8}",
    "System.EventID": "4662",
    "System.EventRecordID": "1137030",
    "System.Execution.ProcessID": "812",
    "System.Execution.ThreadID": "3252",
    "System.Keywords": "0x8020000000000000",
    "System.Level": "0",
    "System.Opcode": "0",
    "System.Provider.Guid": "{54849625-5478-4994-a5ba-3e3b0328c30d}",
    "System.Provider.Name": "Microsoft-Windows-Security-Auditing",
    "System.Task": "12804",
    "System.TimeCreated.SystemTime": "2023-03-15T23:53:12.9358034Z",
    "System.Version": "0",
    "threadId": "default"
  },
  {
    "Channel": "Security",
    "Data.AccessList": "%%1552\r\n\t\t\t\t",
    "Data.AccessMask": "0x1",
    "Data.AdditionalInfo": "Local Read (ConnectServer)",
    "Data.AdditionalInfo2": "ROOT\\CIMV2\\Security\\MicrosoftVolumeEncryption",
    "Data.HandleId": "0x0",
    "Data.ObjectName": "ROOT\\CIMV2\\Security\\MicrosoftVolumeEncryption",
    "Data.ObjectServer": "WMI",
    "Data.ObjectType": "WMI Namespace",
    "Data.OperationType": "Object Access",
    "Data.Properties": "-",
    "Data.SubjectDomainName": "STARFLEET",
    "Data.SubjectLogonId": "0x3e7",
    "Data.SubjectUserName": "THEENTERPRISE$",
    "Data.SubjectUserSid": "S-1-5-18",
    "dataSource.category": "security",
    "dataSource.name": "win-events",
    "dataSource.vendor": "Jan Tietze",
    "Description": "An operation was performed on an object.\r\n\r\nSubject :\r\n\tSecurity ID:\t\tS-1-5-18\r\n\tAccount Name:\t\tTHEENTERPRISE$\r\n\tAccount Domain:\t\tSTARFLEET\r\n\tLogon ID:\t\t0x3E7\r\n\r\nObject:\r\n\tObject Server:\t\tWMI\r\n\tObject Type:\t\tWMI Namespace\r\n\tObject Name:\t\tROOT\\CIMV2\\Security\\MicrosoftVolumeEncryption\r\n\tHandle ID:\t\t0x0\r\n\r\nOperation:\r\n\tOperation Type:\t\tObject Access\r\n\tAccesses:\t\tUnknown specific access (bit 0)\r\n\t\t\t\t\r\n\tAccess Mask:\t\t0x1\r\n\tProperties:\t\t-\r\n\r\nAdditional Information:\r\n\tParameter 1:\t\tLocal Read (ConnectServer)\r\n\tParameter 2:\t\tROOT\\CIMV2\\Security\\MicrosoftVolumeEncryption",
    "endpoint.name": "TheEnterprise",
    "endpoint.os": "windows",
    "endpoint.type": "desktop",
    "endpoint.uuid": "9dacd9f7d8d34c1ebf6f174d402fbd98",
    "EventID": 4662,
    "Level": "Information",
    "logfile": "event-log",
    "OriginalXml": "<Event xmlns='http://schemas.microsoft.com/win/2004/08/events/event'><System><Provider Name='Microsoft-Windows-Security-Auditing' Guid='{54849625-5478-4994-a5ba-3e3b0328c30d}'/><EventID>4662</EventID><Version>0</Version><Level>0</Level><Task>12804</Task><Opcode>0</Opcode><Keywords>0x8020000000000000</Keywords><TimeCreated SystemTime='2023-03-15T23:53:13.1301597Z'/><EventRecordID>31077</EventRecordID><Correlation ActivityID='{7881fa47-59b8-40b0-a0c6-0680a49e332c}'/><Execution ProcessID='672' ThreadID='6708'/><Channel>Security</Channel><Computer>TheEnterprise.starfleet.corp</Computer><Security/></System><EventData><Data Name='SubjectUserSid'>S-1-5-18</Data><Data Name='SubjectUserName'>THEENTERPRISE$</Data><Data Name='SubjectDomainName'>STARFLEET</Data><Data Name='SubjectLogonId'>0x3e7</Data><Data Name='ObjectServer'>WMI</Data><Data Name='ObjectType'>WMI Namespace</Data><Data Name='ObjectName'>ROOT\\CIMV2\\Security\\MicrosoftVolumeEncryption</Data><Data Name='OperationType'>Object Access</Data><Data Name='HandleId'>0x0</Data><Data Name='AccessList'>%%1552\r\n\t\t\t\t</Data><Data Name='AccessMask'>0x1</Data><Data Name='Properties'>-</Data><Data Name='AdditionalInfo'>Local Read (ConnectServer)</Data><Data Name='AdditionalInfo2'>ROOT\\CIMV2\\Security\\MicrosoftVolumeEncryption</Data></EventData></Event>",
    "serverHost": "usea1-purple-sentinelone-export-event-logs-4264180302120732rxc7",
    "serverIP": "10.192.97.57",
    "severity": 3,
    "site.id": "1535547606855605874",
    "System.Channel": "Security",
    "System.Computer": "TheEnterprise.starfleet.corp",
    "System.Correlation.ActivityID": "{7881fa47-59b8-40b0-a0c6-0680a49e332c}",
    "System.EventID": "4662",
    "System.EventRecordID": "31077",
    "System.Execution.ProcessID": "672",
    "System.Execution.ThreadID": "6708",
    "System.Keywords": "0x8020000000000000",
    "System.Level": "0",
    "System.Opcode": "0",
    "System.Provider.Guid": "{54849625-5478-4994-a5ba-3e3b0328c30d}",
    "System.Provider.Name": "Microsoft-Windows-Security-Auditing",
    "System.Task": "12804",
    "System.TimeCreated.SystemTime": "2023-03-15T23:53:13.1301597Z",
    "System.Version": "0",
    "threadId": "default"
  },
  {
    "Channel": "Security",
    "Data.AccessList": "%%1552\r\n\t\t\t\t",
    "Data.AccessMask": "0x1",
    "Data.AdditionalInfo": "Local Read (ExecQuery)",
    "Data.AdditionalInfo2": "ROOT\\CIMV2\\Security\\MicrosoftVolumeEncryption:SELECT * FROM Win32_EncryptableVolume",
    "Data.HandleId": "0x0",
    "Data.ObjectName": "ROOT\\CIMV2\\Security\\MicrosoftVolumeEncryption",
    "Data.ObjectServer": "WMI",
    "Data.ObjectType": "WMI Namespace",
    "Data.OperationType": "Object Access",
    "Data.Properties": "-",
    "Data.SubjectDomainName": "STARFLEET",
    "Data.SubjectLogonId": "0x3e7",
    "Data.SubjectUserName": "THEENTERPRISE$",
    "Data.SubjectUserSid": "S-1-5-18",
    "dataSource.category": "security",
    "dataSource.name": "win-events",
    "dataSource.vendor": "Jan Tietze",
    "Description": "An operation was performed on an object.\r\n\r\nSubject :\r\n\tSecurity ID:\t\tS-1-5-18\r\n\tAccount Name:\t\tTHEENTERPRISE$\r\n\tAccount Domain:\t\tSTARFLEET\r\n\tLogon ID:\t\t0x3E7\r\n\r\nObject:\r\n\tObject Server:\t\tWMI\r\n\tObject Type:\t\tWMI Namespace\r\n\tObject Name:\t\tROOT\\CIMV2\\Security\\MicrosoftVolumeEncryption\r\n\tHandle ID:\t\t0x0\r\n\r\nOperation:\r\n\tOperation Type:\t\tObject Access\r\n\tAccesses:\t\tUnknown specific access (bit 0)\r\n\t\t\t\t\r\n\tAccess Mask:\t\t0x1\r\n\tProperties:\t\t-\r\n\r\nAdditional Information:\r\n\tParameter 1:\t\tLocal Read (ExecQuery)\r\n\tParameter 2:\t\tROOT\\CIMV2\\Security\\MicrosoftVolumeEncryption:SELECT * FROM Win32_EncryptableVolume",
    "endpoint.name": "TheEnterprise",
    "endpoint.os": "windows",
    "endpoint.type": "desktop",
    "endpoint.uuid": "9dacd9f7d8d34c1ebf6f174d402fbd98",
    "EventID": 4662,
    "Level": "Information",
    "logfile": "event-log",
    "OriginalXml": "<Event xmlns='http://schemas.microsoft.com/win/2004/08/events/event'><System><Provider Name='Microsoft-Windows-Security-Auditing' Guid='{54849625-5478-4994-a5ba-3e3b0328c30d}'/><EventID>4662</EventID><Version>0</Version><Level>0</Level><Task>12804</Task><Opcode>0</Opcode><Keywords>0x8020000000000000</Keywords><TimeCreated SystemTime='2023-03-15T23:53:13.1306824Z'/><EventRecordID>31078</EventRecordID><Correlation ActivityID='{ca30ecbe-526e-48bf-b1a1-b036a7dc1c9c}'/><Execution ProcessID='672' ThreadID='6708'/><Channel>Security</Channel><Computer>TheEnterprise.starfleet.corp</Computer><Security/></System><EventData><Data Name='SubjectUserSid'>S-1-5-18</Data><Data Name='SubjectUserName'>THEENTERPRISE$</Data><Data Name='SubjectDomainName'>STARFLEET</Data><Data Name='SubjectLogonId'>0x3e7</Data><Data Name='ObjectServer'>WMI</Data><Data Name='ObjectType'>WMI Namespace</Data><Data Name='ObjectName'>ROOT\\CIMV2\\Security\\MicrosoftVolumeEncryption</Data><Data Name='OperationType'>Object Access</Data><Data Name='HandleId'>0x0</Data><Data Name='AccessList'>%%1552\r\n\t\t\t\t</Data><Data Name='AccessMask'>0x1</Data><Data Name='Properties'>-</Data><Data Name='AdditionalInfo'>Local Read (ExecQuery)</Data><Data Name='AdditionalInfo2'>ROOT\\CIMV2\\Security\\MicrosoftVolumeEncryption:SELECT * FROM Win32_EncryptableVolume</Data></EventData></Event>",
    "serverHost": "usea1-purple-sentinelone-export-event-logs-4264180302120732rxc7",
    "serverIP": "10.192.103.252",
    "severity": 3,
    "site.id": "1535547606855605874",
    "System.Channel": "Security",
    "System.Computer": "TheEnterprise.starfleet.corp",
    "System.Correlation.ActivityID": "{ca30ecbe-526e-48bf-b1a1-b036a7dc1c9c}",
    "System.EventID": "4662",
    "System.EventRecordID": "31078",
    "System.Execution.ProcessID": "672",
    "System.Execution.ThreadID": "6708",
    "System.Keywords": "0x8020000000000000",
    "System.Level": "0",
    "System.Opcode": "0",
    "System.Provider.Guid": "{54849625-5478-4994-a5ba-3e3b0328c30d}",
    "System.Provider.Name": "Microsoft-Windows-Security-Auditing",
    "System.Task": "12804",
    "System.TimeCreated.SystemTime": "2023-03-15T23:53:13.1306824Z",
    "System.Version": "0",
    "threadId": "default"
  },
  {
    "Channel": "Security",
    "Data.AccessList": "%%1552\r\n\t\t\t\t",
    "Data.AccessMask": "0x1",
    "Data.AdditionalInfo": "Local Read (ExecQuery)",
    "Data.AdditionalInfo2": "ROOT\\CIMV2\\Security\\MicrosoftVolumeEncryption:SELECT * FROM Win32_EncryptableVolume WHERE DeviceID='\\\\\\\\?\\\\Volume{22386507-0000-0000-0000-300300000000}\\\\'",
    "Data.HandleId": "0x0",
    "Data.ObjectName": "ROOT\\CIMV2\\Security\\MicrosoftVolumeEncryption",
    "Data.ObjectServer": "WMI",
    "Data.ObjectType": "WMI Namespace",
    "Data.OperationType": "Object Access",
    "Data.Properties": "-",
    "Data.SubjectDomainName": "STARFLEET",
    "Data.SubjectLogonId": "0x3e7",
    "Data.SubjectUserName": "THEENTERPRISE$",
    "Data.SubjectUserSid": "S-1-5-18",
    "dataSource.category": "security",
    "dataSource.name": "win-events",
    "dataSource.vendor": "Jan Tietze",
    "Description": "An operation was performed on an object.\r\n\r\nSubject :\r\n\tSecurity ID:\t\tS-1-5-18\r\n\tAccount Name:\t\tTHEENTERPRISE$\r\n\tAccount Domain:\t\tSTARFLEET\r\n\tLogon ID:\t\t0x3E7\r\n\r\nObject:\r\n\tObject Server:\t\tWMI\r\n\tObject Type:\t\tWMI Namespace\r\n\tObject Name:\t\tROOT\\CIMV2\\Security\\MicrosoftVolumeEncryption\r\n\tHandle ID:\t\t0x0\r\n\r\nOperation:\r\n\tOperation Type:\t\tObject Access\r\n\tAccesses:\t\tUnknown specific access (bit 0)\r\n\t\t\t\t\r\n\tAccess Mask:\t\t0x1\r\n\tProperties:\t\t-\r\n\r\nAdditional Information:\r\n\tParameter 1:\t\tLocal Read (ExecQuery)\r\n\tParameter 2:\t\tROOT\\CIMV2\\Security\\MicrosoftVolumeEncryption:SELECT * FROM Win32_EncryptableVolume WHERE DeviceID='\\\\\\\\?\\\\Volume{22386507-0000-0000-0000-300300000000}\\\\'",
    "endpoint.name": "TheEnterprise",
    "endpoint.os": "windows",
    "endpoint.type": "desktop",
    "endpoint.uuid": "9dacd9f7d8d34c1ebf6f174d402fbd98",
    "EventID": 4662,
    "Level": "Information",
    "logfile": "event-log",
    "OriginalXml": "<Event xmlns='http://schemas.microsoft.com/win/2004/08/events/event'><System><Provider Name='Microsoft-Windows-Security-Auditing' Guid='{54849625-5478-4994-a5ba-3e3b0328c30d}'/><EventID>4662</EventID><Version>0</Version><Level>0</Level><Task>12804</Task><Opcode>0</Opcode><Keywords>0x8020000000000000</Keywords><TimeCreated SystemTime='2023-03-15T23:53:13.1447031Z'/><EventRecordID>31080</EventRecordID><Correlation ActivityID='{b5ebee8a-f4ac-406c-b876-7b02685990d3}'/><Execution ProcessID='672' ThreadID='6708'/><Channel>Security</Channel><Computer>TheEnterprise.starfleet.corp</Computer><Security/></System><EventData><Data Name='SubjectUserSid'>S-1-5-18</Data><Data Name='SubjectUserName'>THEENTERPRISE$</Data><Data Name='SubjectDomainName'>STARFLEET</Data><Data Name='SubjectLogonId'>0x3e7</Data><Data Name='ObjectServer'>WMI</Data><Data Name='ObjectType'>WMI Namespace</Data><Data Name='ObjectName'>ROOT\\CIMV2\\Security\\MicrosoftVolumeEncryption</Data><Data Name='OperationType'>Object Access</Data><Data Name='HandleId'>0x0</Data><Data Name='AccessList'>%%1552\r\n\t\t\t\t</Data><Data Name='AccessMask'>0x1</Data><Data Name='Properties'>-</Data><Data Name='AdditionalInfo'>Local Read (ExecQuery)</Data><Data Name='AdditionalInfo2'>ROOT\\CIMV2\\Security\\MicrosoftVolumeEncryption:SELECT * FROM Win32_EncryptableVolume WHERE DeviceID='\\\\\\\\?\\\\Volume{22386507-0000-0000-0000-300300000000}\\\\'</Data></EventData></Event>",
    "serverHost": "usea1-purple-sentinelone-export-event-logs-4264180302120732rxc7",
    "serverIP": "10.192.97.57",
    "severity": 3,
    "site.id": "1535547606855605874",
    "System.Channel": "Security",
    "System.Computer": "TheEnterprise.starfleet.corp",
    "System.Correlation.ActivityID": "{b5ebee8a-f4ac-406c-b876-7b02685990d3}",
    "System.EventID": "4662",
    "System.EventRecordID": "31080",
    "System.Execution.ProcessID": "672",
    "System.Execution.ThreadID": "6708",
    "System.Keywords": "0x8020000000000000",
    "System.Level": "0",
    "System.Opcode": "0",
    "System.Provider.Guid": "{54849625-5478-4994-a5ba-3e3b0328c30d}",
    "System.Provider.Name": "Microsoft-Windows-Security-Auditing",
    "System.Task": "12804",
    "System.TimeCreated.SystemTime": "2023-03-15T23:53:13.1447031Z",
    "System.Version": "0",
    "threadId": "default"
  },
  {
    "Channel": "Security",
    "Data.AccessList": "%%1552\r\n\t\t\t\t",
    "Data.AccessMask": "0x1",
    "Data.AdditionalInfo": "Local Read (ConnectServer)",
    "Data.AdditionalInfo2": "ROOT\\CIMV2\\Security\\MicrosoftVolumeEncryption",
    "Data.HandleId": "0x0",
    "Data.ObjectName": "ROOT\\CIMV2\\Security\\MicrosoftVolumeEncryption",
    "Data.ObjectServer": "WMI",
    "Data.ObjectType": "WMI Namespace",
    "Data.OperationType": "Object Access",
    "Data.Properties": "-",
    "Data.SubjectDomainName": "STARFLEET",
    "Data.SubjectLogonId": "0x3e7",
    "Data.SubjectUserName": "THEENTERPRISE$",
    "Data.SubjectUserSid": "S-1-5-18",
    "dataSource.category": "security",
    "dataSource.name": "win-events",
    "dataSource.vendor": "Jan Tietze",
    "Description": "An operation was performed on an object.\r\n\r\nSubject :\r\n\tSecurity ID:\t\tS-1-5-18\r\n\tAccount Name:\t\tTHEENTERPRISE$\r\n\tAccount Domain:\t\tSTARFLEET\r\n\tLogon ID:\t\t0x3E7\r\n\r\nObject:\r\n\tObject Server:\t\tWMI\r\n\tObject Type:\t\tWMI Namespace\r\n\tObject Name:\t\tROOT\\CIMV2\\Security\\MicrosoftVolumeEncryption\r\n\tHandle ID:\t\t0x0\r\n\r\nOperation:\r\n\tOperation Type:\t\tObject Access\r\n\tAccesses:\t\tUnknown specific access (bit 0)\r\n\t\t\t\t\r\n\tAccess Mask:\t\t0x1\r\n\tProperties:\t\t-\r\n\r\nAdditional Information:\r\n\tParameter 1:\t\tLocal Read (ConnectServer)\r\n\tParameter 2:\t\tROOT\\CIMV2\\Security\\MicrosoftVolumeEncryption",
    "endpoint.name": "TheEnterprise",
    "endpoint.os": "windows",
    "endpoint.type": "desktop",
    "endpoint.uuid": "9dacd9f7d8d34c1ebf6f174d402fbd98",
    "EventID": 4662,
    "Level": "Information",
    "logfile": "event-log",
    "OriginalXml": "<Event xmlns='http://schemas.microsoft.com/win/2004/08/events/event'><System><Provider Name='Microsoft-Windows-Security-Auditing' Guid='{54849625-5478-4994-a5ba-3e3b0328c30d}'/><EventID>4662</EventID><Version>0</Version><Level>0</Level><Task>12804</Task><Opcode>0</Opcode><Keywords>0x8020000000000000</Keywords><TimeCreated SystemTime='2023-03-15T23:53:13.1443961Z'/><EventRecordID>31079</EventRecordID><Correlation ActivityID='{32ebd7fb-d5f3-4ef4-bfc5-467b27552eec}'/><Execution ProcessID='672' ThreadID='6708'/><Channel>Security</Channel><Computer>TheEnterprise.starfleet.corp</Computer><Security/></System><EventData><Data Name='SubjectUserSid'>S-1-5-18</Data><Data Name='SubjectUserName'>THEENTERPRISE$</Data><Data Name='SubjectDomainName'>STARFLEET</Data><Data Name='SubjectLogonId'>0x3e7</Data><Data Name='ObjectServer'>WMI</Data><Data Name='ObjectType'>WMI Namespace</Data><Data Name='ObjectName'>ROOT\\CIMV2\\Security\\MicrosoftVolumeEncryption</Data><Data Name='OperationType'>Object Access</Data><Data Name='HandleId'>0x0</Data><Data Name='AccessList'>%%1552\r\n\t\t\t\t</Data><Data Name='AccessMask'>0x1</Data><Data Name='Properties'>-</Data><Data Name='AdditionalInfo'>Local Read (ConnectServer)</Data><Data Name='AdditionalInfo2'>ROOT\\CIMV2\\Security\\MicrosoftVolumeEncryption</Data></EventData></Event>",
    "serverHost": "usea1-purple-sentinelone-export-event-logs-4264180302120732rxc7",
    "serverIP": "10.192.97.57",
    "severity": 3,
    "site.id": "1535547606855605874",
    "System.Channel": "Security",
    "System.Computer": "TheEnterprise.starfleet.corp",
    "System.Correlation.ActivityID": "{32ebd7fb-d5f3-4ef4-bfc5-467b27552eec}",
    "System.EventID": "4662",
    "System.EventRecordID": "31079",
    "System.Execution.ProcessID": "672",
    "System.Execution.ThreadID": "6708",
    "System.Keywords": "0x8020000000000000",
    "System.Level": "0",
    "System.Opcode": "0",
    "System.Provider.Guid": "{54849625-5478-4994-a5ba-3e3b0328c30d}",
    "System.Provider.Name": "Microsoft-Windows-Security-Auditing",
    "System.Task": "12804",
    "System.TimeCreated.SystemTime": "2023-03-15T23:53:13.1443961Z",
    "System.Version": "0",
    "threadId": "default"
  },
