  {
    "Channel": "Security",
    "Data.AuthenticationPackageName": "Kerberos",
    "Data.ElevatedToken": "%%1842",
    "Data.IpAddress": "10.38.0.31",
    "Data.IpPort": "50580",
    "Data.KeyLength": "0",
    "Data.LmPackageName": "-",
    "Data.LogonGuid": "{aa21161a-dd87-e77e-8d90-3984b6c36d91}",
    "Data.LogonType": "3",
    "Data.ProcessId": "0x0",
    "Data.ProcessName": "-",
    "Data.SubjectDomainName": "-",
    "Data.SubjectLogonId": "0x0",
    "Data.SubjectUserName": "-",
    "Data.SubjectUserSid": "S-1-0-0",
    "Data.TargetDomainName": "FRANZBROT.LAB",
    "Data.TargetLinkedLogonId": "0x0",
    "Data.TargetLogonId": "0x1b18ff66",
    "Data.TargetOutboundDomainName": "-",
    "Data.TargetOutboundUserName": "-",
    "Data.TargetUserName": "CROISSANT$",
    "Data.TargetUserSid": "S-1-5-21-2169085105-1765122269-1902597782-2602",
    "dataSource.category": "security",
    "dataSource.name": "win-events",
    "dataSource.vendor": "Jan Tietze",
    "Description": "An account was successfully logged on.\r\n\r\nSubject:\r\n\tSecurity ID:\t\tS-1-0-0\r\n\tAccount Name:\t\t-\r\n\tAccount Domain:\t\t-\r\n\tLogon ID:\t\t0x0\r\n\r\nLogon Information:\r\n\tLogon Type:\t\t3\r\n\tRestricted Admin Mode:\t-\r\n\tVirtual Account:\t\tNo\r\n\tElevated Token:\t\tYes\r\n\r\nImpersonation Level:\t\tImpersonation\r\n\r\nNew Logon:\r\n\tSecurity ID:\t\tS-1-5-21-2169085105-1765122269-1902597782-2602\r\n\tAccount Name:\t\tCROISSANT$\r\n\tAccount Domain:\t\tFRANZBROT.LAB\r\n\tLogon ID:\t\t0x1B18FF66\r\n\tLinked Logon ID:\t\t0x0\r\n\tNetwork Account Name:\t-\r\n\tNetwork Account Domain:\t-\r\n\tLogon GUID:\t\t{aa21161a-dd87-e77e-8d90-3984b6c36d91}\r\n\r\nProcess Information:\r\n\tProcess ID:\t\t0x0\r\n\tProcess Name:\t\t-\r\n\r\nNetwork Information:\r\n\tWorkstation Name:\t-\r\n\tSource Network Address:\t10.38.0.31\r\n\tSource Port:\t\t50580\r\n\r\nDetailed Authentication Information:\r\n\tLogon Process:\t\tKerberos\r\n\tAuthentication Package:\tKerberos\r\n\tTransited Services:\t-\r\n\tPackage Name (NTLM only):\t-\r\n\tKey Length:\t\t0\r\n\r\nThis event is generated when a logon session is created. It is generated on the computer that was accessed.\r\n\r\nThe subject fields indicate the account on the local system which requested the logon. This is most commonly a service such as the Server service, or a local process such as Winlogon.exe or Services.exe.\r\n\r\nThe logon type field indicates the kind of logon that occurred. The most common types are 2 (interactive) and 3 (network).\r\n\r\nThe New Logon fields indicate the account for whom the new logon was created, i.e. the account that was logged on.\r\n\r\nThe network fields indicate where a remote logon request originated. Workstation name is not always available and may be left blank in some cases.\r\n\r\nThe impersonation level field indicates the extent to which a process in the logon session can impersonate.\r\n\r\nThe authentication information fields provide detailed information about this specific logon request.\r\n\t- Logon GUID is a unique identifier that can be used to correlate this event with a KDC event.\r\n\t- Transited services indicate which intermediate services have participated in this logon request.\r\n\t- Package name indicates which sub-protocol was used among the NTLM protocols.\r\n\t- Key length indicates the length of the generated session key. This will be 0 if no session key was requested.",
    "endpoint.name": "dc01",
    "endpoint.os": "windows",
    "endpoint.type": "server",
    "endpoint.uuid": "6a3b9204a632430ba10b07a3a49a7b5e",
    "EventID": 4624,
    "Level": "Information",
    "logfile": "event-log",
    "OriginalXml": "<Event xmlns='http://schemas.microsoft.com/win/2004/08/events/event'><System><Provider Name='Microsoft-Windows-Security-Auditing' Guid='{54849625-5478-4994-a5ba-3e3b0328c30d}'/><EventID>4624</EventID><Version>2</Version><Level>0</Level><Task>12544</Task><Opcode>0</Opcode><Keywords>0x8020000000000000</Keywords><TimeCreated SystemTime='2023-03-15T23:53:24.518578700Z'/><EventRecordID>2001563</EventRecordID><Correlation/><Execution ProcessID='660' ThreadID='1276'/><Channel>Security</Channel><Computer>dc01.franzbrot.lab</Computer><Security/></System><EventData><Data Name='SubjectUserSid'>S-1-0-0</Data><Data Name='SubjectUserName'>-</Data><Data Name='SubjectDomainName'>-</Data><Data Name='SubjectLogonId'>0x0</Data><Data Name='TargetUserSid'>S-1-5-21-2169085105-1765122269-1902597782-2602</Data><Data Name='TargetUserName'>CROISSANT$</Data><Data Name='TargetDomainName'>FRANZBROT.LAB</Data><Data Name='TargetLogonId'>0x1b18ff66</Data><Data Name='LogonType'>3</Data><Data Name='LogonProcessName'>Kerberos</Data><Data Name='AuthenticationPackageName'>Kerberos</Data><Data Name='WorkstationName'>-</Data><Data Name='LogonGuid'>{aa21161a-dd87-e77e-8d90-3984b6c36d91}</Data><Data Name='TransmittedServices'>-</Data><Data Name='LmPackageName'>-</Data><Data Name='KeyLength'>0</Data><Data Name='ProcessId'>0x0</Data><Data Name='ProcessName'>-</Data><Data Name='IpAddress'>10.38.0.31</Data><Data Name='IpPort'>50580</Data><Data Name='ImpersonationLevel'>%%1833</Data><Data Name='RestrictedAdminMode'>-</Data><Data Name='TargetOutboundUserName'>-</Data><Data Name='TargetOutboundDomainName'>-</Data><Data Name='VirtualAccount'>%%1843</Data><Data Name='TargetLinkedLogonId'>0x0</Data><Data Name='ElevatedToken'>%%1842</Data></EventData></Event>",
    "serverHost": "usea1-purple-sentinelone-export-event-logs-4264180302120732rxc7",
    "serverIP": "10.192.103.252",
    "severity": 3,
    "site.id": "1507783031301602210",
    "System.Channel": "Security",
    "System.Computer": "dc01.franzbrot.lab",
    "System.EventID": "4624",
    "System.EventRecordID": "2001563",
    "System.Execution.ProcessID": "660",
    "System.Execution.ThreadID": "1276",
    "System.Keywords": "0x8020000000000000",
    "System.Level": "0",
    "System.Opcode": "0",
    "System.Provider.Guid": "{54849625-5478-4994-a5ba-3e3b0328c30d}",
    "System.Provider.Name": "Microsoft-Windows-Security-Auditing",
    "System.Task": "12544",
    "System.TimeCreated.SystemTime": "2023-03-15T23:53:24.518578700Z",
    "System.Version": "2",
    "threadId": "default"
  },
  {
    "Channel": "Security",
    "Data.AuthenticationPackageName": "Kerberos",
    "Data.ElevatedToken": "%%1842",
    "Data.IpAddress": "10.38.0.31",
    "Data.IpPort": "49724",
    "Data.KeyLength": "0",
    "Data.LmPackageName": "-",
    "Data.LogonGuid": "{aa21161a-dd87-e77e-8d90-3984b6c36d91}",
    "Data.LogonType": "3",
    "Data.ProcessId": "0x0",
    "Data.ProcessName": "-",
    "Data.SubjectDomainName": "-",
    "Data.SubjectLogonId": "0x0",
    "Data.SubjectUserName": "-",
    "Data.SubjectUserSid": "S-1-0-0",
    "Data.TargetDomainName": "FRANZBROT.LAB",
    "Data.TargetLinkedLogonId": "0x0",
    "Data.TargetLogonId": "0x1b18ff79",
    "Data.TargetOutboundDomainName": "-",
    "Data.TargetOutboundUserName": "-",
    "Data.TargetUserName": "CROISSANT$",
    "Data.TargetUserSid": "S-1-5-21-2169085105-1765122269-1902597782-2602",
    "dataSource.category": "security",
    "dataSource.name": "win-events",
    "dataSource.vendor": "Jan Tietze",
    "Description": "An account was successfully logged on.\r\n\r\nSubject:\r\n\tSecurity ID:\t\tS-1-0-0\r\n\tAccount Name:\t\t-\r\n\tAccount Domain:\t\t-\r\n\tLogon ID:\t\t0x0\r\n\r\nLogon Information:\r\n\tLogon Type:\t\t3\r\n\tRestricted Admin Mode:\t-\r\n\tVirtual Account:\t\tNo\r\n\tElevated Token:\t\tYes\r\n\r\nImpersonation Level:\t\tDelegation\r\n\r\nNew Logon:\r\n\tSecurity ID:\t\tS-1-5-21-2169085105-1765122269-1902597782-2602\r\n\tAccount Name:\t\tCROISSANT$\r\n\tAccount Domain:\t\tFRANZBROT.LAB\r\n\tLogon ID:\t\t0x1B18FF79\r\n\tLinked Logon ID:\t\t0x0\r\n\tNetwork Account Name:\t-\r\n\tNetwork Account Domain:\t-\r\n\tLogon GUID:\t\t{aa21161a-dd87-e77e-8d90-3984b6c36d91}\r\n\r\nProcess Information:\r\n\tProcess ID:\t\t0x0\r\n\tProcess Name:\t\t-\r\n\r\nNetwork Information:\r\n\tWorkstation Name:\t-\r\n\tSource Network Address:\t10.38.0.31\r\n\tSource Port:\t\t49724\r\n\r\nDetailed Authentication Information:\r\n\tLogon Process:\t\tKerberos\r\n\tAuthentication Package:\tKerberos\r\n\tTransited Services:\t-\r\n\tPackage Name (NTLM only):\t-\r\n\tKey Length:\t\t0\r\n\r\nThis event is generated when a logon session is created. It is generated on the computer that was accessed.\r\n\r\nThe subject fields indicate the account on the local system which requested the logon. This is most commonly a service such as the Server service, or a local process such as Winlogon.exe or Services.exe.\r\n\r\nThe logon type field indicates the kind of logon that occurred. The most common types are 2 (interactive) and 3 (network).\r\n\r\nThe New Logon fields indicate the account for whom the new logon was created, i.e. the account that was logged on.\r\n\r\nThe network fields indicate where a remote logon request originated. Workstation name is not always available and may be left blank in some cases.\r\n\r\nThe impersonation level field indicates the extent to which a process in the logon session can impersonate.\r\n\r\nThe authentication information fields provide detailed information about this specific logon request.\r\n\t- Logon GUID is a unique identifier that can be used to correlate this event with a KDC event.\r\n\t- Transited services indicate which intermediate services have participated in this logon request.\r\n\t- Package name indicates which sub-protocol was used among the NTLM protocols.\r\n\t- Key length indicates the length of the generated session key. This will be 0 if no session key was requested.",
    "endpoint.name": "dc01",
    "endpoint.os": "windows",
    "endpoint.type": "server",
    "endpoint.uuid": "6a3b9204a632430ba10b07a3a49a7b5e",
    "EventID": 4624,
    "Level": "Information",
    "logfile": "event-log",
    "OriginalXml": "<Event xmlns='http://schemas.microsoft.com/win/2004/08/events/event'><System><Provider Name='Microsoft-Windows-Security-Auditing' Guid='{54849625-5478-4994-a5ba-3e3b0328c30d}'/><EventID>4624</EventID><Version>2</Version><Level>0</Level><Task>12544</Task><Opcode>0</Opcode><Keywords>0x8020000000000000</Keywords><TimeCreated SystemTime='2023-03-15T23:53:24.535866500Z'/><EventRecordID>2001564</EventRecordID><Correlation ActivityID='{55822e7f-da09-40e1-8f2a-9be615bda5e3}'/><Execution ProcessID='660' ThreadID='6256'/><Channel>Security</Channel><Computer>dc01.franzbrot.lab</Computer><Security/></System><EventData><Data Name='SubjectUserSid'>S-1-0-0</Data><Data Name='SubjectUserName'>-</Data><Data Name='SubjectDomainName'>-</Data><Data Name='SubjectLogonId'>0x0</Data><Data Name='TargetUserSid'>S-1-5-21-2169085105-1765122269-1902597782-2602</Data><Data Name='TargetUserName'>CROISSANT$</Data><Data Name='TargetDomainName'>FRANZBROT.LAB</Data><Data Name='TargetLogonId'>0x1b18ff79</Data><Data Name='LogonType'>3</Data><Data Name='LogonProcessName'>Kerberos</Data><Data Name='AuthenticationPackageName'>Kerberos</Data><Data Name='WorkstationName'>-</Data><Data Name='LogonGuid'>{aa21161a-dd87-e77e-8d90-3984b6c36d91}</Data><Data Name='TransmittedServices'>-</Data><Data Name='LmPackageName'>-</Data><Data Name='KeyLength'>0</Data><Data Name='ProcessId'>0x0</Data><Data Name='ProcessName'>-</Data><Data Name='IpAddress'>10.38.0.31</Data><Data Name='IpPort'>49724</Data><Data Name='ImpersonationLevel'>%%1840</Data><Data Name='RestrictedAdminMode'>-</Data><Data Name='TargetOutboundUserName'>-</Data><Data Name='TargetOutboundDomainName'>-</Data><Data Name='VirtualAccount'>%%1843</Data><Data Name='TargetLinkedLogonId'>0x0</Data><Data Name='ElevatedToken'>%%1842</Data></EventData></Event>",
    "serverHost": "usea1-purple-sentinelone-export-event-logs-4264180302120732rxc7",
    "serverIP": "10.192.97.57",
    "severity": 3,
    "site.id": "1507783031301602210",
    "System.Channel": "Security",
    "System.Computer": "dc01.franzbrot.lab",
    "System.Correlation.ActivityID": "{55822e7f-da09-40e1-8f2a-9be615bda5e3}",
    "System.EventID": "4624",
    "System.EventRecordID": "2001564",
    "System.Execution.ProcessID": "660",
    "System.Execution.ThreadID": "6256",
    "System.Keywords": "0x8020000000000000",
    "System.Level": "0",
    "System.Opcode": "0",
    "System.Provider.Guid": "{54849625-5478-4994-a5ba-3e3b0328c30d}",
    "System.Provider.Name": "Microsoft-Windows-Security-Auditing",
    "System.Task": "12544",
    "System.TimeCreated.SystemTime": "2023-03-15T23:53:24.535866500Z",
    "System.Version": "2",
    "threadId": "default"
  },
  {
    "Channel": "System",
    "dataSource.category": "security",
    "dataSource.name": "win-events",
    "dataSource.vendor": "Jan Tietze",
    "Description": "The processing of Group Policy failed. Windows attempted to read the file \\\\franzbrot.lab\\SysVol\\franzbrot.lab\\Policies\\{99AAFCF7-13E3-4F2A-A1C4-A6AC0E828171}\\gpt.ini from a domain controller and was not successful. Group Policy settings may not be applied until this event is resolved. This issue may be transient and could be caused by one or more of the following: \r\na) Name Resolution/Network Connectivity to the current domain controller. \r\nb) File Replication Service Latency (a file created on another domain controller has not replicated to the current domain controller). \r\nc) The Distributed File System (DFS) client has been disabled.",
    "endpoint.name": "CROISSANT",
    "endpoint.os": "windows",
    "endpoint.type": "desktop",
    "endpoint.uuid": "53a74df0d48749bba831f7b71350eeb7",
    "EventID": 1058,
    "Level": "Error",
    "logfile": "event-log",
    "OriginalXml": "<Event xmlns='http://schemas.microsoft.com/win/2004/08/events/event'><System><Provider Name='Microsoft-Windows-GroupPolicy' Guid='{aea1b4fa-97d1-45f2-a64c-4d69fffd92c9}'/><EventID>1058</EventID><Version>0</Version><Level>2</Level><Task>0</Task><Opcode>1</Opcode><Keywords>0x8000000000000000</Keywords><TimeCreated SystemTime='2023-03-15T23:53:24.5446429Z'/><EventRecordID>30222</EventRecordID><Correlation ActivityID='{35cd1e2b-adbe-47f3-a28b-79882094d813}'/><Execution ProcessID='1916' ThreadID='5268'/><Channel>System</Channel><Computer>CROISSANT.franzbrot.lab</Computer><Security UserID='S-1-5-18'/></System><EventData><Data Name='SupportInfo1'>4</Data><Data Name='SupportInfo2'>912</Data><Data Name='ProcessingMode'>0</Data><Data Name='ProcessingTimeInMilliseconds'>63</Data><Data Name='ErrorCode'>3</Data><Data Name='ErrorDescription'>The system cannot find the path specified. </Data><Data Name='DCName'>dc01.franzbrot.lab</Data><Data Name='GPOCNName'>CN={99AAFCF7-13E3-4F2A-A1C4-A6AC0E828171},CN=Policies,CN=System,DC=franzbrot,DC=lab</Data><Data Name='FilePath'>\\\\franzbrot.lab\\SysVol\\franzbrot.lab\\Policies\\{99AAFCF7-13E3-4F2A-A1C4-A6AC0E828171}\\gpt.ini</Data></EventData></Event>",
    "serverHost": "usea1-purple-sentinelone-export-event-logs-4264180302120732rxc7",
    "serverIP": "10.192.103.252",
    "severity": 3,
    "site.id": "1507783031301602210",
    "System.Channel": "System",
    "System.Computer": "CROISSANT.franzbrot.lab",
    "System.Correlation.ActivityID": "{35cd1e2b-adbe-47f3-a28b-79882094d813}",
    "System.EventID": "1058",
    "System.EventRecordID": "30222",
    "System.Execution.ProcessID": "1916",
    "System.Execution.ThreadID": "5268",
    "System.Keywords": "0x8000000000000000",
    "System.Level": "2",
    "System.Opcode": "1",
    "System.Provider.Guid": "{aea1b4fa-97d1-45f2-a64c-4d69fffd92c9}",
    "System.Provider.Name": "Microsoft-Windows-GroupPolicy",
    "System.Task": "0",
    "System.TimeCreated.SystemTime": "2023-03-15T23:53:24.5446429Z",
    "System.Version": "0",
    "threadId": "default"
  },
  {
    "Channel": "Security",
    "Data.LogonType": "3",
    "Data.TargetDomainName": "FRANZBROT",
    "Data.TargetLogonId": "0x2a85d36",
    "Data.TargetUserName": "CROISSANT$",
    "Data.TargetUserSid": "S-1-5-18",
    "dataSource.category": "security",
    "dataSource.name": "win-events",
    "dataSource.vendor": "Jan Tietze",
    "Description": "An account was logged off.\r\n\r\nSubject:\r\n\tSecurity ID:\t\tS-1-5-18\r\n\tAccount Name:\t\tCROISSANT$\r\n\tAccount Domain:\t\tFRANZBROT\r\n\tLogon ID:\t\t0x2A85D36\r\n\r\nLogon Type:\t\t\t3\r\n\r\nThis event is generated when a logon session is destroyed. It may be positively correlated with a logon event using the Logon ID value. Logon IDs are only unique between reboots on the same computer.",
    "endpoint.name": "CROISSANT",
    "endpoint.os": "windows",
    "endpoint.type": "desktop",
    "endpoint.uuid": "53a74df0d48749bba831f7b71350eeb7",
    "EventID": 4634,
    "Level": "Information",
    "logfile": "event-log",
    "OriginalXml": "<Event xmlns='http://schemas.microsoft.com/win/2004/08/events/event'><System><Provider Name='Microsoft-Windows-Security-Auditing' Guid='{54849625-5478-4994-a5ba-3e3b0328c30d}'/><EventID>4634</EventID><Version>0</Version><Level>0</Level><Task>12545</Task><Opcode>0</Opcode><Keywords>0x8020000000000000</Keywords><TimeCreated SystemTime='2023-03-15T23:53:24.5453493Z'/><EventRecordID>1137045</EventRecordID><Correlation/><Execution ProcessID='812' ThreadID='8684'/><Channel>Security</Channel><Computer>CROISSANT.franzbrot.lab</Computer><Security/></System><EventData><Data Name='TargetUserSid'>S-1-5-18</Data><Data Name='TargetUserName'>CROISSANT$</Data><Data Name='TargetDomainName'>FRANZBROT</Data><Data Name='TargetLogonId'>0x2a85d36</Data><Data Name='LogonType'>3</Data></EventData></Event>",
    "serverHost": "usea1-purple-sentinelone-export-event-logs-4264180302120732rxc7",
    "serverIP": "10.192.97.57",
    "severity": 3,
    "site.id": "1507783031301602210",
    "System.Channel": "Security",
    "System.Computer": "CROISSANT.franzbrot.lab",
    "System.EventID": "4634",
    "System.EventRecordID": "1137045",
    "System.Execution.ProcessID": "812",
    "System.Execution.ThreadID": "8684",
    "System.Keywords": "0x8020000000000000",
    "System.Level": "0",
    "System.Opcode": "0",
    "System.Provider.Guid": "{54849625-5478-4994-a5ba-3e3b0328c30d}",
    "System.Provider.Name": "Microsoft-Windows-Security-Auditing",
    "System.Task": "12545",
    "System.TimeCreated.SystemTime": "2023-03-15T23:53:24.5453493Z",
    "System.Version": "0",
    "threadId": "default"
  },
  {
    "Channel": "Security",
    "Data.LogonType": "3",
    "Data.TargetDomainName": "FRANZBROT",
    "Data.TargetLogonId": "0x1b18ff66",
    "Data.TargetUserName": "CROISSANT$",
    "Data.TargetUserSid": "S-1-5-21-2169085105-1765122269-1902597782-2602",
    "dataSource.category": "security",
    "dataSource.name": "win-events",
    "dataSource.vendor": "Jan Tietze",
    "Description": "An account was logged off.\r\n\r\nSubject:\r\n\tSecurity ID:\t\tS-1-5-21-2169085105-1765122269-1902597782-2602\r\n\tAccount Name:\t\tCROISSANT$\r\n\tAccount Domain:\t\tFRANZBROT\r\n\tLogon ID:\t\t0x1B18FF66\r\n\r\nLogon Type:\t\t\t3\r\n\r\nThis event is generated when a logon session is destroyed. It may be positively correlated with a logon event using the Logon ID value. Logon IDs are only unique between reboots on the same computer.",
    "endpoint.name": "dc01",
    "endpoint.os": "windows",
    "endpoint.type": "server",
    "endpoint.uuid": "6a3b9204a632430ba10b07a3a49a7b5e",
    "EventID": 4634,
    "Level": "Information",
    "logfile": "event-log",
    "OriginalXml": "<Event xmlns='http://schemas.microsoft.com/win/2004/08/events/event'><System><Provider Name='Microsoft-Windows-Security-Auditing' Guid='{54849625-5478-4994-a5ba-3e3b0328c30d}'/><EventID>4634</EventID><Version>0</Version><Level>0</Level><Task>12545</Task><Opcode>0</Opcode><Keywords>0x8020000000000000</Keywords><TimeCreated SystemTime='2023-03-15T23:53:24.545473000Z'/><EventRecordID>2001565</EventRecordID><Correlation/><Execution ProcessID='660' ThreadID='6256'/><Channel>Security</Channel><Computer>dc01.franzbrot.lab</Computer><Security/></System><EventData><Data Name='TargetUserSid'>S-1-5-21-2169085105-1765122269-1902597782-2602</Data><Data Name='TargetUserName'>CROISSANT$</Data><Data Name='TargetDomainName'>FRANZBROT</Data><Data Name='TargetLogonId'>0x1b18ff66</Data><Data Name='LogonType'>3</Data></EventData></Event>",
    "serverHost": "usea1-purple-sentinelone-export-event-logs-4264180302120732rxc7",
    "serverIP": "10.192.103.252",
    "severity": 3,
    "site.id": "1507783031301602210",
    "System.Channel": "Security",
    "System.Computer": "dc01.franzbrot.lab",
    "System.EventID": "4634",
    "System.EventRecordID": "2001565",
    "System.Execution.ProcessID": "660",
    "System.Execution.ThreadID": "6256",
    "System.Keywords": "0x8020000000000000",
    "System.Level": "0",
    "System.Opcode": "0",
    "System.Provider.Guid": "{54849625-5478-4994-a5ba-3e3b0328c30d}",
    "System.Provider.Name": "Microsoft-Windows-Security-Auditing",
    "System.Task": "12545",
    "System.TimeCreated.SystemTime": "2023-03-15T23:53:24.545473000Z",
    "System.Version": "0",
    "threadId": "default"
  },
  {
    "Channel": "System",
    "dataSource.category": "security",
    "dataSource.name": "win-events",
    "dataSource.vendor": "Jan Tietze",
    "Description": "The Group Policy settings for the computer were processed successfully. There were no changes detected since the last successful processing of Group Policy.",
    "endpoint.name": "CROISSANT",
    "endpoint.os": "windows",
    "endpoint.type": "desktop",
    "endpoint.uuid": "53a74df0d48749bba831f7b71350eeb7",
    "EventID": 1500,
    "Level": "Information",
    "logfile": "event-log",
    "OriginalXml": "<Event xmlns='http://schemas.microsoft.com/win/2004/08/events/event'><System><Provider Name='Microsoft-Windows-GroupPolicy' Guid='{aea1b4fa-97d1-45f2-a64c-4d69fffd92c9}'/><EventID>1500</EventID><Version>0</Version><Level>4</Level><Task>0</Task><Opcode>1</Opcode><Keywords>0x8000000000000000</Keywords><TimeCreated SystemTime='2023-03-15T23:53:24.5461149Z'/><EventRecordID>30223</EventRecordID><Correlation ActivityID='{35cd1e2b-adbe-47f3-a28b-79882094d813}'/><Execution ProcessID='1916' ThreadID='5268'/><Channel>System</Channel><Computer>CROISSANT.franzbrot.lab</Computer><Security UserID='S-1-5-18'/></System><EventData><Data Name='SupportInfo1'>1</Data><Data Name='SupportInfo2'>4214</Data><Data Name='ProcessingMode'>0</Data><Data Name='ProcessingTimeInMilliseconds'>63</Data><Data Name='DCName'>\\\\dc01.franzbrot.lab</Data></EventData></Event>",
    "serverHost": "usea1-purple-sentinelone-export-event-logs-4264180302120732rxc7",
    "serverIP": "10.192.97.57",
    "severity": 3,
    "site.id": "1507783031301602210",
    "System.Channel": "System",
    "System.Computer": "CROISSANT.franzbrot.lab",
    "System.Correlation.ActivityID": "{35cd1e2b-adbe-47f3-a28b-79882094d813}",
    "System.EventID": "1500",
    "System.EventRecordID": "30223",
    "System.Execution.ProcessID": "1916",
    "System.Execution.ThreadID": "5268",
    "System.Keywords": "0x8000000000000000",
    "System.Level": "4",
    "System.Opcode": "1",
    "System.Provider.Guid": "{aea1b4fa-97d1-45f2-a64c-4d69fffd92c9}",
    "System.Provider.Name": "Microsoft-Windows-GroupPolicy",
    "System.Task": "0",
    "System.TimeCreated.SystemTime": "2023-03-15T23:53:24.5461149Z",
    "System.Version": "0",
    "threadId": "default"
  },
  {
    "Channel": "Security",
    "Data.LogonType": "3",
    "Data.TargetDomainName": "FRANZBROT",
    "Data.TargetLogonId": "0x1b18fef2",
    "Data.TargetUserName": "CROISSANT$",
    "Data.TargetUserSid": "S-1-5-21-2169085105-1765122269-1902597782-2602",
    "dataSource.category": "security",
    "dataSource.name": "win-events",
    "dataSource.vendor": "Jan Tietze",
    "Description": "An account was logged off.\r\n\r\nSubject:\r\n\tSecurity ID:\t\tS-1-5-21-2169085105-1765122269-1902597782-2602\r\n\tAccount Name:\t\tCROISSANT$\r\n\tAccount Domain:\t\tFRANZBROT\r\n\tLogon ID:\t\t0x1B18FEF2\r\n\r\nLogon Type:\t\t\t3\r\n\r\nThis event is generated when a logon session is destroyed. It may be positively correlated with a logon event using the Logon ID value. Logon IDs are only unique between reboots on the same computer.",
    "endpoint.name": "dc01",
    "endpoint.os": "windows",
    "endpoint.type": "server",
    "endpoint.uuid": "6a3b9204a632430ba10b07a3a49a7b5e",
    "EventID": 4634,
    "Level": "Information",
    "logfile": "event-log",
    "OriginalXml": "<Event xmlns='http://schemas.microsoft.com/win/2004/08/events/event'><System><Provider Name='Microsoft-Windows-Security-Auditing' Guid='{54849625-5478-4994-a5ba-3e3b0328c30d}'/><EventID>4634</EventID><Version>0</Version><Level>0</Level><Task>12545</Task><Opcode>0</Opcode><Keywords>0x8020000000000000</Keywords><TimeCreated SystemTime='2023-03-15T23:53:24.547327100Z'/><EventRecordID>2001566</EventRecordID><Correlation/><Execution ProcessID='660' ThreadID='6256'/><Channel>Security</Channel><Computer>dc01.franzbrot.lab</Computer><Security/></System><EventData><Data Name='TargetUserSid'>S-1-5-21-2169085105-1765122269-1902597782-2602</Data><Data Name='TargetUserName'>CROISSANT$</Data><Data Name='TargetDomainName'>FRANZBROT</Data><Data Name='TargetLogonId'>0x1b18fef2</Data><Data Name='LogonType'>3</Data></EventData></Event>",
    "serverHost": "usea1-purple-sentinelone-export-event-logs-4264180302120732rxc7",
    "serverIP": "10.192.103.252",
    "severity": 3,
    "site.id": "1507783031301602210",
    "System.Channel": "Security",
    "System.Computer": "dc01.franzbrot.lab",
    "System.EventID": "4634",
    "System.EventRecordID": "2001566",
    "System.Execution.ProcessID": "660",
    "System.Execution.ThreadID": "6256",
    "System.Keywords": "0x8020000000000000",
    "System.Level": "0",
    "System.Opcode": "0",
    "System.Provider.Guid": "{54849625-5478-4994-a5ba-3e3b0328c30d}",
    "System.Provider.Name": "Microsoft-Windows-Security-Auditing",
    "System.Task": "12545",
    "System.TimeCreated.SystemTime": "2023-03-15T23:53:24.547327100Z",
    "System.Version": "0",
    "threadId": "default"
  },
  {
    "Channel": "Security",
    "Data.SubjectDomainName": "FRANZBROT",
    "Data.SubjectLogonId": "0x3e7",
    "Data.SubjectUserName": "CROISSANT$",
    "Data.SubjectUserSid": "S-1-5-18",
    "dataSource.category": "security",
    "dataSource.name": "win-events",
    "dataSource.vendor": "Jan Tietze",
    "Description": "A scheduled task was updated.\r\n\r\nSubject:\r\n\tSecurity ID:\t\tS-1-5-18\r\n\tAccount Name:\t\tCROISSANT$\r\n\tAccount Domain:\t\tFRANZBROT\r\n\tLogon ID:\t\t0x3E7\r\n\r\nTask Information:\r\n\tTask Name: \t\t\\Microsoft\\Windows\\GroupPolicy\\{3E0A038B-D834-4930-9981-E89C9BFF83AA}\r\n\tTask New Content: \t\t<?xml version=\"1.0\" encoding=\"UTF-16\"?>\r\n<Task version=\"1.4\" xmlns=\"http://schemas.microsoft.com/windows/2004/02/mit/task\">\r\n  <RegistrationInfo>\r\n    <Author>CROISSANT$</Author>\r\n    <URI>\\Microsoft\\Windows\\GroupPolicy\\{3E0A038B-D834-4930-9981-E89C9BFF83AA}</URI>\r\n  </RegistrationInfo>\r\n  <Triggers>\r\n    <TimeTrigger id=\"GP Periodic Timer Trigger\">\r\n      <Repetition>\r\n        <Interval>PT1M</Interval>\r\n        <StopAtDurationEnd>false</StopAtDurationEnd>\r\n      </Repetition>\r\n      <StartBoundary>2023-03-14T23:07:23-07:00</StartBoundary>\r\n      <Enabled>true</Enabled>\r\n    </TimeTrigger>\r\n    <WnfStateChangeTrigger id=\"GP WNF Trigger\">\r\n      <Enabled>false</Enabled>\r\n      <StateName>7508BCA33A0D8B41</StateName>\r\n      <Data>01</Data>\r\n      <DataOffset>28</DataOffset>\r\n    </WnfStateChangeTrigger>\r\n  </Triggers>\r\n  <Principals>\r\n    <Principal id=\"Author\">\r\n      <RunLevel>LeastPrivilege</RunLevel>\r\n      <UserId>S-1-5-20</UserId>\r\n    </Principal>\r\n  </Principals>\r\n  <Settings>\r\n    <MultipleInstancesPolicy>IgnoreNew</MultipleInstancesPolicy>\r\n    <DisallowStartIfOnBatteries>false</DisallowStartIfOnBatteries>\r\n    <StopIfGoingOnBatteries>false</StopIfGoingOnBatteries>\r\n    <AllowHardTerminate>true</AllowHardTerminate>\r\n    <StartWhenAvailable>true</StartWhenAvailable>\r\n    <RunOnlyIfNetworkAvailable>false</RunOnlyIfNetworkAvailable>\r\n    <IdleSettings>\r\n      <Duration>PT10M</Duration>\r\n      <WaitTimeout>PT1H</WaitTimeout>\r\n      <StopOnIdleEnd>false</StopOnIdleEnd>\r\n      <RestartOnIdle>false</RestartOnIdle>\r\n    </IdleSettings>\r\n    <AllowStartOnDemand>true</AllowStartOnDemand>\r\n    <Enabled>true</Enabled>\r\n    <Hidden>false</Hidden>\r\n    <RunOnlyIfIdle>false</RunOnlyIfIdle>\r\n    <DisallowStartOnRemoteAppSession>false</DisallowStartOnRemoteAppSession>\r\n    <UseUnifiedSchedulingEngine>true</UseUnifiedSchedulingEngine>\r\n    <WakeToRun>false</WakeToRun>\r\n    <ExecutionTimeLimit>PT72H</ExecutionTimeLimit>\r\n    <Priority>6</Priority>\r\n  </Settings>\r\n  <Actions Context=\"Author\">\r\n    <Exec id=\"Group Policy Background Processing\">\r\n      <Command>gpupdate.exe</Command>\r\n      <Arguments>/target:computer</Arguments>\r\n    </Exec>\r\n  </Actions>\r\n</Task>\r\n\r\nOther Information:\r\n\tProcessCreationTime: \t\t10414574138294307\r\n\tClientProcessId: \t\t\t1916\r\n\tParentProcessId: \t\t\t764\r\n\tFQDN: \t\t0\r\n\t",
    "endpoint.name": "CROISSANT",
    "endpoint.os": "windows",
    "endpoint.type": "desktop",
    "endpoint.uuid": "53a74df0d48749bba831f7b71350eeb7",
    "EventID": 4702,
    "Level": "Information",
    "logfile": "event-log",
    "OriginalXml": "<Event xmlns='http://schemas.microsoft.com/win/2004/08/events/event'><System><Provider Name='Microsoft-Windows-Security-Auditing' Guid='{54849625-5478-4994-a5ba-3e3b0328c30d}'/><EventID>4702</EventID><Version>1</Version><Level>0</Level><Task>12804</Task><Opcode>0</Opcode><Keywords>0x8020000000000000</Keywords><TimeCreated SystemTime='2023-03-15T23:53:24.5567282Z'/><EventRecordID>1137046</EventRecordID><Correlation ActivityID='{1d5e4056-812e-4b2a-91b6-48a53aab06d9}'/><Execution ProcessID='812' ThreadID='3252'/><Channel>Security</Channel><Computer>CROISSANT.franzbrot.lab</Computer><Security/></System><EventData><Data Name='SubjectUserSid'>S-1-5-18</Data><Data Name='SubjectUserName'>CROISSANT$</Data><Data Name='SubjectDomainName'>FRANZBROT</Data><Data Name='SubjectLogonId'>0x3e7</Data><Data Name='TaskName'>\\Microsoft\\Windows\\GroupPolicy\\{3E0A038B-D834-4930-9981-E89C9BFF83AA}</Data><Data Name='TaskContentNew'>&lt;?xml version=\"1.0\" encoding=\"UTF-16\"?&gt;\r\n&lt;Task version=\"1.4\" xmlns=\"http://schemas.microsoft.com/windows/2004/02/mit/task\"&gt;\r\n  &lt;RegistrationInfo&gt;\r\n    &lt;Author&gt;CROISSANT$&lt;/Author&gt;\r\n    &lt;URI&gt;\\Microsoft\\Windows\\GroupPolicy\\{3E0A038B-D834-4930-9981-E89C9BFF83AA}&lt;/URI&gt;\r\n  &lt;/RegistrationInfo&gt;\r\n  &lt;Triggers&gt;\r\n    &lt;TimeTrigger id=\"GP Periodic Timer Trigger\"&gt;\r\n      &lt;Repetition&gt;\r\n        &lt;Interval&gt;PT1M&lt;/Interval&gt;\r\n        &lt;StopAtDurationEnd&gt;false&lt;/StopAtDurationEnd&gt;\r\n      &lt;/Repetition&gt;\r\n      &lt;StartBoundary&gt;2023-03-14T23:07:23-07:00&lt;/StartBoundary&gt;\r\n      &lt;Enabled&gt;true&lt;/Enabled&gt;\r\n    &lt;/TimeTrigger&gt;\r\n    &lt;WnfStateChangeTrigger id=\"GP WNF Trigger\"&gt;\r\n      &lt;Enabled&gt;false&lt;/Enabled&gt;\r\n      &lt;StateName&gt;7508BCA33A0D8B41&lt;/StateName&gt;\r\n      &lt;Data&gt;01&lt;/Data&gt;\r\n      &lt;DataOffset&gt;28&lt;/DataOffset&gt;\r\n    &lt;/WnfStateChangeTrigger&gt;\r\n  &lt;/Triggers&gt;\r\n  &lt;Principals&gt;\r\n    &lt;Principal id=\"Author\"&gt;\r\n      &lt;RunLevel&gt;LeastPrivilege&lt;/RunLevel&gt;\r\n      &lt;UserId&gt;S-1-5-20&lt;/UserId&gt;\r\n    &lt;/Principal&gt;\r\n  &lt;/Principals&gt;\r\n  &lt;Settings&gt;\r\n    &lt;MultipleInstancesPolicy&gt;IgnoreNew&lt;/MultipleInstancesPolicy&gt;\r\n    &lt;DisallowStartIfOnBatteries&gt;false&lt;/DisallowStartIfOnBatteries&gt;\r\n    &lt;StopIfGoingOnBatteries&gt;false&lt;/StopIfGoingOnBatteries&gt;\r\n    &lt;AllowHardTerminate&gt;true&lt;/AllowHardTerminate&gt;\r\n    &lt;StartWhenAvailable&gt;true&lt;/StartWhenAvailable&gt;\r\n    &lt;RunOnlyIfNetworkAvailable&gt;false&lt;/RunOnlyIfNetworkAvailable&gt;\r\n    &lt;IdleSettings&gt;\r\n      &lt;Duration&gt;PT10M&lt;/Duration&gt;\r\n      &lt;WaitTimeout&gt;PT1H&lt;/WaitTimeout&gt;\r\n      &lt;StopOnIdleEnd&gt;false&lt;/StopOnIdleEnd&gt;\r\n      &lt;RestartOnIdle&gt;false&lt;/RestartOnIdle&gt;\r\n    &lt;/IdleSettings&gt;\r\n    &lt;AllowStartOnDemand&gt;true&lt;/AllowStartOnDemand&gt;\r\n    &lt;Enabled&gt;true&lt;/Enabled&gt;\r\n    &lt;Hidden&gt;false&lt;/Hidden&gt;\r\n    &lt;RunOnlyIfIdle&gt;false&lt;/RunOnlyIfIdle&gt;\r\n    &lt;DisallowStartOnRemoteAppSession&gt;false&lt;/DisallowStartOnRemoteAppSession&gt;\r\n    &lt;UseUnifiedSchedulingEngine&gt;true&lt;/UseUnifiedSchedulingEngine&gt;\r\n    &lt;WakeToRun&gt;false&lt;/WakeToRun&gt;\r\n    &lt;ExecutionTimeLimit&gt;PT72H&lt;/ExecutionTimeLimit&gt;\r\n    &lt;Priority&gt;6&lt;/Priority&gt;\r\n  &lt;/Settings&gt;\r\n  &lt;Actions Context=\"Author\"&gt;\r\n    &lt;Exec id=\"Group Policy Background Processing\"&gt;\r\n      &lt;Command&gt;gpupdate.exe&lt;/Command&gt;\r\n      &lt;Arguments&gt;/target:computer&lt;/Arguments&gt;\r\n    &lt;/Exec&gt;\r\n  &lt;/Actions&gt;\r\n&lt;/Task&gt;</Data><Data Name='ClientProcessStartKey'>10414574138294307</Data><Data Name='ClientProcessId'>1916</Data><Data Name='ParentProcessId'>764</Data><Data Name='RpcCallClientLocality'>0</Data><Data Name='FQDN'>CROISSANT.franzbrot.lab</Data></EventData></Event>",
    "serverHost": "usea1-purple-sentinelone-export-event-logs-4264180302120732rxc7",
    "serverIP": "10.192.107.215",
    "severity": 3,
    "site.id": "1507783031301602210",
    "System.Channel": "Security",
    "System.Computer": "CROISSANT.franzbrot.lab",
    "System.Correlation.ActivityID": "{1d5e4056-812e-4b2a-91b6-48a53aab06d9}",
    "System.EventID": "4702",
    "System.EventRecordID": "1137046",
    "System.Execution.ProcessID": "812",
    "System.Execution.ThreadID": "3252",
    "System.Keywords": "0x8020000000000000",
    "System.Level": "0",
    "System.Opcode": "0",
    "System.Provider.Guid": "{54849625-5478-4994-a5ba-3e3b0328c30d}",
    "System.Provider.Name": "Microsoft-Windows-Security-Auditing",
    "System.Task": "12804",
    "System.TimeCreated.SystemTime": "2023-03-15T23:53:24.5567282Z",
    "System.Version": "1",
    "threadId": "default"
  },
