[
  {
    "Account_Domain": "FRANZBROT",
    "Account_Name": "PRETZEL$",
    "ActivityId": "{3FE59C51-8C91-4908-A23F-B6C380E17606}",
    "Channel": "Security",
    "Computer": "pretzel.franzbrot.lab",
    "dataSource.category": "security",
    "dataSource.name": "Skylight Agent Metrics",
    "dataSource.vendor": "RoarinPenguin",
    "EventID": 4662,
    "Keywords": "Audit Success",
    "Level": "Information",
    "logfile": "C:\\Program Files (x86)\\Scalyr\\log\\windows_event_log_monitor.log",
    "Logon_Id": "0x3E7",
    "Message": "An operation was performed on an object.\r\n\r\nSubject :\r\n\tSecurity ID:\t\tS-1-5-18\r\n\tAccount Name:\t\tPRETZEL$\r\n\tAccount Domain:\t\tFRANZBROT\r\n\tLogon ID:\t\t0x3E7\r\n\r\nObject:\r\n\tObject Server:\t\tWMI\r\n\tObject Type:\t\tWMI Namespace\r\n\tObject Name:\t\tROOT\\CIMV2\\Security\\MicrosoftVolumeEncryption\r\n\tHandle ID:\t\t0x0\r\n\r\nOperation:\r\n\tOperation Type:\t\tObject Access\r\n\tAccesses:\t\tUnknown specific access (bit 0)\r\n\t\t\t\t\r\n\tAccess Mask:\t\t0x1\r\n\tProperties:\t\t-\r\n\r\nAdditional Information:\r\n\tParameter 1:\t\tLocal Read (ConnectServer)\r\n\tParameter 2:\t\tROOT\\CIMV2\\Security\\MicrosoftVolumeEncryption",
    "metric": "EventLog",
    "monitor": "windows_event_log_monitor",
    "Opcode": "Info",
    "parser": "agent-metrics",
    "path1": "EventLog",
    "ProcessId": 776,
    "ProviderGuid": "{54849625-5478-4994-A5BA-3E3B0328C30D}",
    "ProviderName": "Microsoft-Windows-Security-Auditing",
    "RecordId": 1460303,
    "serverHost": "pretzel",
    "serverIP": "10.192.107.215",
    "severity": 3,
    "site.id": "1336402404792178959",
    "source": "tsdb",
    "Task": "Other Object Access Events",
    "threadId": "log_2",
    "ThreadId": 1108,
    "TimeCreated": "2023-03-15 23:53:08Z",
    "user.displayName": "PRETZEL$",
    "value": "Microsoft-Windows-Security-Auditing",
    "Version": "0\r"
  },
  {
    "Account_Domain": "FRANZBROT",
    "Account_Name": "PRETZEL$",
    "ActivityId": "{5ED77CFA-5637-4B81-A7AD-34C419B817DD}",
    "Channel": "Security",
    "Computer": "pretzel.franzbrot.lab",
    "dataSource.category": "security",
    "dataSource.name": "Skylight Agent Metrics",
    "dataSource.vendor": "RoarinPenguin",
    "EventID": 4662,
    "Keywords": "Audit Success",
    "Level": "Information",
    "logfile": "C:\\Program Files (x86)\\Scalyr\\log\\windows_event_log_monitor.log",
    "Logon_Id": "0x3E7",
    "Message": "An operation was performed on an object.\r\n\r\nSubject :\r\n\tSecurity ID:\t\tS-1-5-18\r\n\tAccount Name:\t\tPRETZEL$\r\n\tAccount Domain:\t\tFRANZBROT\r\n\tLogon ID:\t\t0x3E7\r\n\r\nObject:\r\n\tObject Server:\t\tWMI\r\n\tObject Type:\t\tWMI Namespace\r\n\tObject Name:\t\tROOT\\CIMV2\\Security\\MicrosoftVolumeEncryption\r\n\tHandle ID:\t\t0x0\r\n\r\nOperation:\r\n\tOperation Type:\t\tObject Access\r\n\tAccesses:\t\tUnknown specific access (bit 0)\r\n\t\t\t\t\r\n\tAccess Mask:\t\t0x1\r\n\tProperties:\t\t-\r\n\r\nAdditional Information:\r\n\tParameter 1:\t\tLocal Read (ExecQuery)\r\n\tParameter 2:\t\tROOT\\CIMV2\\Security\\MicrosoftVolumeEncryption:SELECT * FROM Win32_EncryptableVolume",
    "metric": "EventLog",
    "monitor": "windows_event_log_monitor",
    "Opcode": "Info",
    "parser": "agent-metrics",
    "path1": "EventLog",
    "ProcessId": 776,
    "ProviderGuid": "{54849625-5478-4994-A5BA-3E3B0328C30D}",
    "ProviderName": "Microsoft-Windows-Security-Auditing",
    "RecordId": 1460304,
    "serverHost": "pretzel",
    "serverIP": "10.192.107.215",
    "severity": 3,
    "site.id": "1336402404792178959",
    "source": "tsdb",
    "Task": "Other Object Access Events",
    "threadId": "log_2",
    "ThreadId": 1108,
    "TimeCreated": "2023-03-15 23:53:08Z",
    "user.displayName": "PRETZEL$",
    "value": "Microsoft-Windows-Security-Auditing",
    "Version": "0\r"
  },
  {
    "Account_Domain": "FRANZBROT",
    "Account_Name": "PRETZEL$",
    "ActivityId": "{6B09BF3D-C4A6-4AF2-967E-9464841C8A12}",
    "Channel": "Security",
    "Computer": "pretzel.franzbrot.lab",
    "dataSource.category": "security",
    "dataSource.name": "Skylight Agent Metrics",
    "dataSource.vendor": "RoarinPenguin",
    "EventID": 4662,
    "Keywords": "Audit Success",
    "Level": "Information",
    "logfile": "C:\\Program Files (x86)\\Scalyr\\log\\windows_event_log_monitor.log",
    "Logon_Id": "0x3E7",
    "Message": "An operation was performed on an object.\r\n\r\nSubject :\r\n\tSecurity ID:\t\tS-1-5-18\r\n\tAccount Name:\t\tPRETZEL$\r\n\tAccount Domain:\t\tFRANZBROT\r\n\tLogon ID:\t\t0x3E7\r\n\r\nObject:\r\n\tObject Server:\t\tWMI\r\n\tObject Type:\t\tWMI Namespace\r\n\tObject Name:\t\tROOT\\CIMV2\\Security\\MicrosoftVolumeEncryption\r\n\tHandle ID:\t\t0x0\r\n\r\nOperation:\r\n\tOperation Type:\t\tObject Access\r\n\tAccesses:\t\tUnknown specific access (bit 0)\r\n\t\t\t\t\r\n\tAccess Mask:\t\t0x1\r\n\tProperties:\t\t-\r\n\r\nAdditional Information:\r\n\tParameter 1:\t\tLocal Read (ConnectServer)\r\n\tParameter 2:\t\tROOT\\CIMV2\\Security\\MicrosoftVolumeEncryption",
    "metric": "EventLog",
    "monitor": "windows_event_log_monitor",
    "Opcode": "Info",
    "parser": "agent-metrics",
    "path1": "EventLog",
    "ProcessId": 776,
    "ProviderGuid": "{54849625-5478-4994-A5BA-3E3B0328C30D}",
    "ProviderName": "Microsoft-Windows-Security-Auditing",
    "RecordId": 1460305,
    "serverHost": "pretzel",
    "serverIP": "10.192.107.215",
    "severity": 3,
    "site.id": "1336402404792178959",
    "source": "tsdb",
    "Task": "Other Object Access Events",
    "threadId": "log_2",
    "ThreadId": 1108,
    "TimeCreated": "2023-03-15 23:53:08Z",
    "user.displayName": "PRETZEL$",
    "value": "Microsoft-Windows-Security-Auditing",
    "Version": "0\r"
  },
  {
    "Account_Domain": "FRANZBROT",
    "Account_Name": "PRETZEL$",
    "ActivityId": "{70FA919D-D912-4B32-BD30-05E769FFA8C7}",
    "Channel": "Security",
    "Computer": "pretzel.franzbrot.lab",
    "dataSource.category": "security",
    "dataSource.name": "Skylight Agent Metrics",
    "dataSource.vendor": "RoarinPenguin",
    "DeviceID": "'\\\\\\\\\\\\\\\\?\\\\\\\\Volume{f7b9f45f-edde-11ec-ab3c-eb5f1ef6d768}\\\\\\\\'",
    "EventID": 4662,
    "Keywords": "Audit Success",
    "Level": "Information",
    "logfile": "C:\\Program Files (x86)\\Scalyr\\log\\windows_event_log_monitor.log",
    "Logon_Id": "0x3E7",
    "Message": "An operation was performed on an object.\r\n\r\nSubject :\r\n\tSecurity ID:\t\tS-1-5-18\r\n\tAccount Name:\t\tPRETZEL$\r\n\tAccount Domain:\t\tFRANZBROT\r\n\tLogon ID:\t\t0x3E7\r\n\r\nObject:\r\n\tObject Server:\t\tWMI\r\n\tObject Type:\t\tWMI Namespace\r\n\tObject Name:\t\tROOT\\CIMV2\\Security\\MicrosoftVolumeEncryption\r\n\tHandle ID:\t\t0x0\r\n\r\nOperation:\r\n\tOperation Type:\t\tObject Access\r\n\tAccesses:\t\tUnknown specific access (bit 0)\r\n\t\t\t\t\r\n\tAccess Mask:\t\t0x1\r\n\tProperties:\t\t-\r\n\r\nAdditional Information:\r\n\tParameter 1:\t\tLocal Read (ExecQuery)\r\n\tParameter 2:\t\tROOT\\CIMV2\\Security\\MicrosoftVolumeEncryption:SELECT * FROM Win32_EncryptableVolume WHERE DeviceID='\\\\\\\\?\\\\Volume{f7b9f45f-edde-11ec-ab3c-eb5f1ef6d768}\\\\'",
    "metric": "EventLog",
    "monitor": "windows_event_log_monitor",
    "Opcode": "Info",
    "parser": "agent-metrics",
    "path1": "EventLog",
    "ProcessId": 776,
    "ProviderGuid": "{54849625-5478-4994-A5BA-3E3B0328C30D}",
    "ProviderName": "Microsoft-Windows-Security-Auditing",
    "RecordId": 1460306,
    "serverHost": "pretzel",
    "serverIP": "10.192.107.215",
    "severity": 3,
    "site.id": "1336402404792178959",
    "source": "tsdb",
    "Task": "Other Object Access Events",
    "threadId": "log_2",
    "ThreadId": 1108,
    "TimeCreated": "2023-03-15 23:53:08Z",
    "user.displayName": "PRETZEL$",
    "value": "Microsoft-Windows-Security-Auditing",
    "Version": "0\r"
  },
  {
    "Account_Domain": "FRANZBROT",
    "Account_Name": "PRETZEL$",
    "ActivityId": "{321A104C-C829-47F3-B0AF-743D37AB4D10}",
    "Channel": "Security",
    "Computer": "pretzel.franzbrot.lab",
    "dataSource.category": "security",
    "dataSource.name": "Skylight Agent Metrics",
    "dataSource.vendor": "RoarinPenguin",
    "EventID": 4662,
    "Keywords": "Audit Success",
    "Level": "Information",
    "logfile": "C:\\Program Files (x86)\\Scalyr\\log\\windows_event_log_monitor.log",
    "Logon_Id": "0x3E7",
    "Message": "An operation was performed on an object.\r\n\r\nSubject :\r\n\tSecurity ID:\t\tS-1-5-18\r\n\tAccount Name:\t\tPRETZEL$\r\n\tAccount Domain:\t\tFRANZBROT\r\n\tLogon ID:\t\t0x3E7\r\n\r\nObject:\r\n\tObject Server:\t\tWMI\r\n\tObject Type:\t\tWMI Namespace\r\n\tObject Name:\t\tROOT\\CIMV2\\Security\\MicrosoftVolumeEncryption\r\n\tHandle ID:\t\t0x0\r\n\r\nOperation:\r\n\tOperation Type:\t\tObject Access\r\n\tAccesses:\t\tUnknown specific access (bit 0)\r\n\t\t\t\t\r\n\tAccess Mask:\t\t0x1\r\n\tProperties:\t\t-\r\n\r\nAdditional Information:\r\n\tParameter 1:\t\tLocal Read (GetObject)\r\n\tParameter 2:\t\tROOT\\CIMV2\\Security\\MicrosoftVolumeEncryption:Win32_EncryptableVolume",
    "metric": "EventLog",
    "monitor": "windows_event_log_monitor",
    "Opcode": "Info",
    "parser": "agent-metrics",
    "path1": "EventLog",
    "ProcessId": 776,
    "ProviderGuid": "{54849625-5478-4994-A5BA-3E3B0328C30D}",
    "ProviderName": "Microsoft-Windows-Security-Auditing",
    "RecordId": 1460307,
    "serverHost": "pretzel",
    "serverIP": "10.192.107.215",
    "severity": 3,
    "site.id": "1336402404792178959",
    "source": "tsdb",
    "Task": "Other Object Access Events",
    "threadId": "log_2",
    "ThreadId": 1108,
    "TimeCreated": "2023-03-15 23:53:08Z",
    "user.displayName": "PRETZEL$",
    "value": "Microsoft-Windows-Security-Auditing",
    "Version": "0\r"
  },
  {
    "Account_Domain": "FRANZBROT",
    "Account_Name": "PRETZEL$",
    "ActivityId": "{48DD11B9-9495-4D9F-AB57-0DFD0817CE50}",
    "Channel": "Security",
    "Computer": "pretzel.franzbrot.lab",
    "dataSource.category": "security",
    "dataSource.name": "Skylight Agent Metrics",
    "dataSource.vendor": "RoarinPenguin",
    "EventID": 4662,
    "Keywords": "Audit Success",
    "Level": "Information",
    "logfile": "C:\\Program Files (x86)\\Scalyr\\log\\windows_event_log_monitor.log",
    "Logon_Id": "0x3E7",
    "Message": "An operation was performed on an object.\r\n\r\nSubject :\r\n\tSecurity ID:\t\tS-1-5-18\r\n\tAccount Name:\t\tPRETZEL$\r\n\tAccount Domain:\t\tFRANZBROT\r\n\tLogon ID:\t\t0x3E7\r\n\r\nObject:\r\n\tObject Server:\t\tWMI\r\n\tObject Type:\t\tWMI Namespace\r\n\tObject Name:\t\tROOT\\CIMV2\\Security\\MicrosoftVolumeEncryption\r\n\tHandle ID:\t\t0x0\r\n\r\nOperation:\r\n\tOperation Type:\t\tObject Access\r\n\tAccesses:\t\tUnknown specific access (bit 0)\r\n\t\t\t\tUnknown specific access (bit 1)\r\n\t\t\t\t\r\n\tAccess Mask:\t\t0x3\r\n\tProperties:\t\t-\r\n\r\nAdditional Information:\r\n\tParameter 1:\t\tLocal Execute (ExecMethod)\r\n\tParameter 2:\t\tROOT\\CIMV2\\Security\\MicrosoftVolumeEncryption:\\\\PRETZEL\\ROOT\\CIMV2\\Security\\MicrosoftVolumeEncryption:Win32_EncryptableVolume.DeviceID=\"\\\\\\\\?\\\\Volume{f7b9f45f-edde-11ec-ab3c-eb5f1ef6d768}\\\\\"::GetProtectionStatus",
    "metric": "EventLog",
    "monitor": "windows_event_log_monitor",
    "Opcode": "Info",
    "parser": "agent-metrics",
    "path1": "EventLog",
    "ProcessId": 776,
    "ProviderGuid": "{54849625-5478-4994-A5BA-3E3B0328C30D}",
    "ProviderName": "Microsoft-Windows-Security-Auditing",
    "RecordId": 1460308,
    "serverHost": "pretzel",
    "serverIP": "10.192.107.215",
    "severity": 3,
    "site.id": "1336402404792178959",
    "source": "tsdb",
    "Task": "Other Object Access Events",
    "threadId": "log_2",
    "ThreadId": 1108,
    "TimeCreated": "2023-03-15 23:53:08Z",
    "user.displayName": "PRETZEL$",
    "value": "Microsoft-Windows-Security-Auditing",
    "Version": "0\r"
  },
  {
    "Channel": "Security",
    "Data.AccessList": "%%1552\r\n\t\t\t\t",
    "Data.AccessMask": "0x1",
    "Data.AdditionalInfo": "Local Read (ConnectServer)",
    "Data.AdditionalInfo2": "ROOT\\CIMV2\\Security\\MicrosoftVolumeEncryption",
    "Data.HandleId": "0x0",
    "Data.ObjectName": "ROOT\\CIMV2\\Security\\MicrosoftVolumeEncryption",
    "Data.ObjectServer": "WMI",
    "Data.ObjectType": "WMI Namespace",
    "Data.OperationType": "Object Access",
    "Data.Properties": "-",
    "Data.SubjectDomainName": "STARFLEET",
    "Data.SubjectLogonId": "0x3e7",
    "Data.SubjectUserName": "THEMELBOURNE$",
    "Data.SubjectUserSid": "S-1-5-18",
    "dataSource.category": "security",
    "dataSource.name": "win-events",
    "dataSource.vendor": "Jan Tietze",
    "Description": "An operation was performed on an object.\r\n\r\nSubject :\r\n\tSecurity ID:\t\tS-1-5-18\r\n\tAccount Name:\t\tTHEMELBOURNE$\r\n\tAccount Domain:\t\tSTARFLEET\r\n\tLogon ID:\t\t0x3E7\r\n\r\nObject:\r\n\tObject Server:\t\tWMI\r\n\tObject Type:\t\tWMI Namespace\r\n\tObject Name:\t\tROOT\\CIMV2\\Security\\MicrosoftVolumeEncryption\r\n\tHandle ID:\t\t0x0\r\n\r\nOperation:\r\n\tOperation Type:\t\tObject Access\r\n\tAccesses:\t\tUnknown specific access (bit 0)\r\n\t\t\t\t\r\n\tAccess Mask:\t\t0x1\r\n\tProperties:\t\t-\r\n\r\nAdditional Information:\r\n\tParameter 1:\t\tLocal Read (ConnectServer)\r\n\tParameter 2:\t\tROOT\\CIMV2\\Security\\MicrosoftVolumeEncryption",
    "endpoint.name": "TheMelbourne",
    "endpoint.os": "windows",
    "endpoint.type": "desktop",
    "endpoint.uuid": "dd6e49bfe9a8401a989c3aba3972a199",
    "EventID": 4662,
    "Level": "Information",
    "logfile": "event-log",
    "OriginalXml": "<Event xmlns='http://schemas.microsoft.com/win/2004/08/events/event'><System><Provider Name='Microsoft-Windows-Security-Auditing' Guid='{54849625-5478-4994-a5ba-3e3b0328c30d}'/><EventID>4662</EventID><Version>0</Version><Level>0</Level><Task>12804</Task><Opcode>0</Opcode><Keywords>0x8020000000000000</Keywords><TimeCreated SystemTime='2023-03-15T23:53:09.4974199Z'/><EventRecordID>38395</EventRecordID><Correlation ActivityID='{a84f6781-7778-42bd-96c2-320b555aa251}'/><Execution ProcessID='660' ThreadID='732'/><Channel>Security</Channel><Computer>TheMelbourne.starfleet.corp</Computer><Security/></System><EventData><Data Name='SubjectUserSid'>S-1-5-18</Data><Data Name='SubjectUserName'>THEMELBOURNE$</Data><Data Name='SubjectDomainName'>STARFLEET</Data><Data Name='SubjectLogonId'>0x3e7</Data><Data Name='ObjectServer'>WMI</Data><Data Name='ObjectType'>WMI Namespace</Data><Data Name='ObjectName'>ROOT\\CIMV2\\Security\\MicrosoftVolumeEncryption</Data><Data Name='OperationType'>Object Access</Data><Data Name='HandleId'>0x0</Data><Data Name='AccessList'>%%1552\r\n\t\t\t\t</Data><Data Name='AccessMask'>0x1</Data><Data Name='Properties'>-</Data><Data Name='AdditionalInfo'>Local Read (ConnectServer)</Data><Data Name='AdditionalInfo2'>ROOT\\CIMV2\\Security\\MicrosoftVolumeEncryption</Data></EventData></Event>",
    "serverHost": "usea1-purple-sentinelone-export-event-logs-4264180302120732rxc7",
    "serverIP": "10.192.107.215",
    "severity": 3,
    "site.id": "1535547606855605874",
    "System.Channel": "Security",
    "System.Computer": "TheMelbourne.starfleet.corp",
    "System.Correlation.ActivityID": "{a84f6781-7778-42bd-96c2-320b555aa251}",
    "System.EventID": "4662",
    "System.EventRecordID": "38395",
    "System.Execution.ProcessID": "660",
    "System.Execution.ThreadID": "732",
    "System.Keywords": "0x8020000000000000",
    "System.Level": "0",
    "System.Opcode": "0",
    "System.Provider.Guid": "{54849625-5478-4994-a5ba-3e3b0328c30d}",
    "System.Provider.Name": "Microsoft-Windows-Security-Auditing",
    "System.Task": "12804",
    "System.TimeCreated.SystemTime": "2023-03-15T23:53:09.4974199Z",
    "System.Version": "0",
    "threadId": "default"
  },
  {
    "Channel": "Security",
    "Data.AccessList": "%%1552\r\n\t\t\t\t",
    "Data.AccessMask": "0x1",
    "Data.AdditionalInfo": "Local Read (ExecQuery)",
    "Data.AdditionalInfo2": "ROOT\\CIMV2\\Security\\MicrosoftVolumeEncryption:SELECT * FROM Win32_EncryptableVolume",
    "Data.HandleId": "0x0",
    "Data.ObjectName": "ROOT\\CIMV2\\Security\\MicrosoftVolumeEncryption",
    "Data.ObjectServer": "WMI",
    "Data.ObjectType": "WMI Namespace",
    "Data.OperationType": "Object Access",
    "Data.Properties": "-",
    "Data.SubjectDomainName": "STARFLEET",
    "Data.SubjectLogonId": "0x3e7",
    "Data.SubjectUserName": "THEMELBOURNE$",
    "Data.SubjectUserSid": "S-1-5-18",
    "dataSource.category": "security",
    "dataSource.name": "win-events",
    "dataSource.vendor": "Jan Tietze",
    "Description": "An operation was performed on an object.\r\n\r\nSubject :\r\n\tSecurity ID:\t\tS-1-5-18\r\n\tAccount Name:\t\tTHEMELBOURNE$\r\n\tAccount Domain:\t\tSTARFLEET\r\n\tLogon ID:\t\t0x3E7\r\n\r\nObject:\r\n\tObject Server:\t\tWMI\r\n\tObject Type:\t\tWMI Namespace\r\n\tObject Name:\t\tROOT\\CIMV2\\Security\\MicrosoftVolumeEncryption\r\n\tHandle ID:\t\t0x0\r\n\r\nOperation:\r\n\tOperation Type:\t\tObject Access\r\n\tAccesses:\t\tUnknown specific access (bit 0)\r\n\t\t\t\t\r\n\tAccess Mask:\t\t0x1\r\n\tProperties:\t\t-\r\n\r\nAdditional Information:\r\n\tParameter 1:\t\tLocal Read (ExecQuery)\r\n\tParameter 2:\t\tROOT\\CIMV2\\Security\\MicrosoftVolumeEncryption:SELECT * FROM Win32_EncryptableVolume",
    "endpoint.name": "TheMelbourne",
    "endpoint.os": "windows",
    "endpoint.type": "desktop",
    "endpoint.uuid": "dd6e49bfe9a8401a989c3aba3972a199",
    "EventID": 4662,
    "Level": "Information",
    "logfile": "event-log",
    "OriginalXml": "<Event xmlns='http://schemas.microsoft.com/win/2004/08/events/event'><System><Provider Name='Microsoft-Windows-Security-Auditing' Guid='{54849625-5478-4994-a5ba-3e3b0328c30d}'/><EventID>4662</EventID><Version>0</Version><Level>0</Level><Task>12804</Task><Opcode>0</Opcode><Keywords>0x8020000000000000</Keywords><TimeCreated SystemTime='2023-03-15T23:53:09.4981550Z'/><EventRecordID>38396</EventRecordID><Correlation ActivityID='{e1c37c4d-3874-4375-ab47-ddc777b60b11}'/><Execution ProcessID='660' ThreadID='732'/><Channel>Security</Channel><Computer>TheMelbourne.starfleet.corp</Computer><Security/></System><EventData><Data Name='SubjectUserSid'>S-1-5-18</Data><Data Name='SubjectUserName'>THEMELBOURNE$</Data><Data Name='SubjectDomainName'>STARFLEET</Data><Data Name='SubjectLogonId'>0x3e7</Data><Data Name='ObjectServer'>WMI</Data><Data Name='ObjectType'>WMI Namespace</Data><Data Name='ObjectName'>ROOT\\CIMV2\\Security\\MicrosoftVolumeEncryption</Data><Data Name='OperationType'>Object Access</Data><Data Name='HandleId'>0x0</Data><Data Name='AccessList'>%%1552\r\n\t\t\t\t</Data><Data Name='AccessMask'>0x1</Data><Data Name='Properties'>-</Data><Data Name='AdditionalInfo'>Local Read (ExecQuery)</Data><Data Name='AdditionalInfo2'>ROOT\\CIMV2\\Security\\MicrosoftVolumeEncryption:SELECT * FROM Win32_EncryptableVolume</Data></EventData></Event>",
    "serverHost": "usea1-purple-sentinelone-export-event-logs-4264180302120732rxc7",
    "serverIP": "10.192.103.252",
    "severity": 3,
    "site.id": "1535547606855605874",
    "System.Channel": "Security",
    "System.Computer": "TheMelbourne.starfleet.corp",
    "System.Correlation.ActivityID": "{e1c37c4d-3874-4375-ab47-ddc777b60b11}",
    "System.EventID": "4662",
    "System.EventRecordID": "38396",
    "System.Execution.ProcessID": "660",
    "System.Execution.ThreadID": "732",
    "System.Keywords": "0x8020000000000000",
    "System.Level": "0",
    "System.Opcode": "0",
    "System.Provider.Guid": "{54849625-5478-4994-a5ba-3e3b0328c30d}",
    "System.Provider.Name": "Microsoft-Windows-Security-Auditing",
    "System.Task": "12804",
    "System.TimeCreated.SystemTime": "2023-03-15T23:53:09.4981550Z",
    "System.Version": "0",
    "threadId": "default"
  },
  {
    "Channel": "Security",
    "Data.AccessList": "%%1552\r\n\t\t\t\t",
    "Data.AccessMask": "0x1",
    "Data.AdditionalInfo": "Local Read (ExecQuery)",
    "Data.AdditionalInfo2": "ROOT\\CIMV2\\Security\\MicrosoftVolumeEncryption:SELECT * FROM Win32_EncryptableVolume WHERE DeviceID='\\\\\\\\?\\\\Volume{22386507-0000-0000-0000-300300000000}\\\\'",
    "Data.HandleId": "0x0",
    "Data.ObjectName": "ROOT\\CIMV2\\Security\\MicrosoftVolumeEncryption",
    "Data.ObjectServer": "WMI",
    "Data.ObjectType": "WMI Namespace",
    "Data.OperationType": "Object Access",
    "Data.Properties": "-",
    "Data.SubjectDomainName": "STARFLEET",
    "Data.SubjectLogonId": "0x3e7",
    "Data.SubjectUserName": "THEMELBOURNE$",
    "Data.SubjectUserSid": "S-1-5-18",
    "dataSource.category": "security",
    "dataSource.name": "win-events",
    "dataSource.vendor": "Jan Tietze",
    "Description": "An operation was performed on an object.\r\n\r\nSubject :\r\n\tSecurity ID:\t\tS-1-5-18\r\n\tAccount Name:\t\tTHEMELBOURNE$\r\n\tAccount Domain:\t\tSTARFLEET\r\n\tLogon ID:\t\t0x3E7\r\n\r\nObject:\r\n\tObject Server:\t\tWMI\r\n\tObject Type:\t\tWMI Namespace\r\n\tObject Name:\t\tROOT\\CIMV2\\Security\\MicrosoftVolumeEncryption\r\n\tHandle ID:\t\t0x0\r\n\r\nOperation:\r\n\tOperation Type:\t\tObject Access\r\n\tAccesses:\t\tUnknown specific access (bit 0)\r\n\t\t\t\t\r\n\tAccess Mask:\t\t0x1\r\n\tProperties:\t\t-\r\n\r\nAdditional Information:\r\n\tParameter 1:\t\tLocal Read (ExecQuery)\r\n\tParameter 2:\t\tROOT\\CIMV2\\Security\\MicrosoftVolumeEncryption:SELECT * FROM Win32_EncryptableVolume WHERE DeviceID='\\\\\\\\?\\\\Volume{22386507-0000-0000-0000-300300000000}\\\\'",
    "endpoint.name": "TheMelbourne",
    "endpoint.os": "windows",
    "endpoint.type": "desktop",
    "endpoint.uuid": "dd6e49bfe9a8401a989c3aba3972a199",
    "EventID": 4662,
    "Level": "Information",
    "logfile": "event-log",
    "OriginalXml": "<Event xmlns='http://schemas.microsoft.com/win/2004/08/events/event'><System><Provider Name='Microsoft-Windows-Security-Auditing' Guid='{54849625-5478-4994-a5ba-3e3b0328c30d}'/><EventID>4662</EventID><Version>0</Version><Level>0</Level><Task>12804</Task><Opcode>0</Opcode><Keywords>0x8020000000000000</Keywords><TimeCreated SystemTime='2023-03-15T23:53:09.5115786Z'/><EventRecordID>38398</EventRecordID><Correlation ActivityID='{8ccaf3e2-88b3-4342-b113-b3145b6654e1}'/><Execution ProcessID='660' ThreadID='732'/><Channel>Security</Channel><Computer>TheMelbourne.starfleet.corp</Computer><Security/></System><EventData><Data Name='SubjectUserSid'>S-1-5-18</Data><Data Name='SubjectUserName'>THEMELBOURNE$</Data><Data Name='SubjectDomainName'>STARFLEET</Data><Data Name='SubjectLogonId'>0x3e7</Data><Data Name='ObjectServer'>WMI</Data><Data Name='ObjectType'>WMI Namespace</Data><Data Name='ObjectName'>ROOT\\CIMV2\\Security\\MicrosoftVolumeEncryption</Data><Data Name='OperationType'>Object Access</Data><Data Name='HandleId'>0x0</Data><Data Name='AccessList'>%%1552\r\n\t\t\t\t</Data><Data Name='AccessMask'>0x1</Data><Data Name='Properties'>-</Data><Data Name='AdditionalInfo'>Local Read (ExecQuery)</Data><Data Name='AdditionalInfo2'>ROOT\\CIMV2\\Security\\MicrosoftVolumeEncryption:SELECT * FROM Win32_EncryptableVolume WHERE DeviceID='\\\\\\\\?\\\\Volume{22386507-0000-0000-0000-300300000000}\\\\'</Data></EventData></Event>",
    "serverHost": "usea1-purple-sentinelone-export-event-logs-4264180302120732rxc7",
    "serverIP": "10.192.107.215",
    "severity": 3,
    "site.id": "1535547606855605874",
    "System.Channel": "Security",
    "System.Computer": "TheMelbourne.starfleet.corp",
    "System.Correlation.ActivityID": "{8ccaf3e2-88b3-4342-b113-b3145b6654e1}",
    "System.EventID": "4662",
    "System.EventRecordID": "38398",
    "System.Execution.ProcessID": "660",
    "System.Execution.ThreadID": "732",
    "System.Keywords": "0x8020000000000000",
    "System.Level": "0",
    "System.Opcode": "0",
    "System.Provider.Guid": "{54849625-5478-4994-a5ba-3e3b0328c30d}",
    "System.Provider.Name": "Microsoft-Windows-Security-Auditing",
    "System.Task": "12804",
    "System.TimeCreated.SystemTime": "2023-03-15T23:53:09.5115786Z",
    "System.Version": "0",
    "threadId": "default"
  },
  {
    "Channel": "Security",
    "Data.AccessList": "%%1552\r\n\t\t\t\t",
    "Data.AccessMask": "0x1",
    "Data.AdditionalInfo": "Local Read (ConnectServer)",
    "Data.AdditionalInfo2": "ROOT\\CIMV2\\Security\\MicrosoftVolumeEncryption",
    "Data.HandleId": "0x0",
    "Data.ObjectName": "ROOT\\CIMV2\\Security\\MicrosoftVolumeEncryption",
    "Data.ObjectServer": "WMI",
    "Data.ObjectType": "WMI Namespace",
    "Data.OperationType": "Object Access",
    "Data.Properties": "-",
    "Data.SubjectDomainName": "STARFLEET",
    "Data.SubjectLogonId": "0x3e7",
    "Data.SubjectUserName": "THEMELBOURNE$",
    "Data.SubjectUserSid": "S-1-5-18",
    "dataSource.category": "security",
    "dataSource.name": "win-events",
    "dataSource.vendor": "Jan Tietze",
    "Description": "An operation was performed on an object.\r\n\r\nSubject :\r\n\tSecurity ID:\t\tS-1-5-18\r\n\tAccount Name:\t\tTHEMELBOURNE$\r\n\tAccount Domain:\t\tSTARFLEET\r\n\tLogon ID:\t\t0x3E7\r\n\r\nObject:\r\n\tObject Server:\t\tWMI\r\n\tObject Type:\t\tWMI Namespace\r\n\tObject Name:\t\tROOT\\CIMV2\\Security\\MicrosoftVolumeEncryption\r\n\tHandle ID:\t\t0x0\r\n\r\nOperation:\r\n\tOperation Type:\t\tObject Access\r\n\tAccesses:\t\tUnknown specific access (bit 0)\r\n\t\t\t\t\r\n\tAccess Mask:\t\t0x1\r\n\tProperties:\t\t-\r\n\r\nAdditional Information:\r\n\tParameter 1:\t\tLocal Read (ConnectServer)\r\n\tParameter 2:\t\tROOT\\CIMV2\\Security\\MicrosoftVolumeEncryption",
    "endpoint.name": "TheMelbourne",
    "endpoint.os": "windows",
    "endpoint.type": "desktop",
    "endpoint.uuid": "dd6e49bfe9a8401a989c3aba3972a199",
    "EventID": 4662,
    "Level": "Information",
    "logfile": "event-log",
    "OriginalXml": "<Event xmlns='http://schemas.microsoft.com/win/2004/08/events/event'><System><Provider Name='Microsoft-Windows-Security-Auditing' Guid='{54849625-5478-4994-a5ba-3e3b0328c30d}'/><EventID>4662</EventID><Version>0</Version><Level>0</Level><Task>12804</Task><Opcode>0</Opcode><Keywords>0x8020000000000000</Keywords><TimeCreated SystemTime='2023-03-15T23:53:09.5112449Z'/><EventRecordID>38397</EventRecordID><Correlation ActivityID='{e3864c9c-a568-44ca-a8ad-7a72c374e446}'/><Execution ProcessID='660' ThreadID='732'/><Channel>Security</Channel><Computer>TheMelbourne.starfleet.corp</Computer><Security/></System><EventData><Data Name='SubjectUserSid'>S-1-5-18</Data><Data Name='SubjectUserName'>THEMELBOURNE$</Data><Data Name='SubjectDomainName'>STARFLEET</Data><Data Name='SubjectLogonId'>0x3e7</Data><Data Name='ObjectServer'>WMI</Data><Data Name='ObjectType'>WMI Namespace</Data><Data Name='ObjectName'>ROOT\\CIMV2\\Security\\MicrosoftVolumeEncryption</Data><Data Name='OperationType'>Object Access</Data><Data Name='HandleId'>0x0</Data><Data Name='AccessList'>%%1552\r\n\t\t\t\t</Data><Data Name='AccessMask'>0x1</Data><Data Name='Properties'>-</Data><Data Name='AdditionalInfo'>Local Read (ConnectServer)</Data><Data Name='AdditionalInfo2'>ROOT\\CIMV2\\Security\\MicrosoftVolumeEncryption</Data></EventData></Event>",
    "serverHost": "usea1-purple-sentinelone-export-event-logs-4264180302120732rxc7",
    "serverIP": "10.192.107.215",
    "severity": 3,
    "site.id": "1535547606855605874",
    "System.Channel": "Security",
    "System.Computer": "TheMelbourne.starfleet.corp",
    "System.Correlation.ActivityID": "{e3864c9c-a568-44ca-a8ad-7a72c374e446}",
    "System.EventID": "4662",
    "System.EventRecordID": "38397",
    "System.Execution.ProcessID": "660",
    "System.Execution.ThreadID": "732",
    "System.Keywords": "0x8020000000000000",
    "System.Level": "0",
    "System.Opcode": "0",
    "System.Provider.Guid": "{54849625-5478-4994-a5ba-3e3b0328c30d}",
    "System.Provider.Name": "Microsoft-Windows-Security-Auditing",
    "System.Task": "12804",
    "System.TimeCreated.SystemTime": "2023-03-15T23:53:09.5112449Z",
    "System.Version": "0",
    "threadId": "default"
  },
  {
    "Channel": "Security",
    "Data.AccessList": "%%1552\r\n\t\t\t\t",
    "Data.AccessMask": "0x1",
    "Data.AdditionalInfo": "Local Read (GetObject)",
    "Data.AdditionalInfo2": "ROOT\\CIMV2\\Security\\MicrosoftVolumeEncryption:Win32_EncryptableVolume",
    "Data.HandleId": "0x0",
    "Data.ObjectName": "ROOT\\CIMV2\\Security\\MicrosoftVolumeEncryption",
    "Data.ObjectServer": "WMI",
    "Data.ObjectType": "WMI Namespace",
    "Data.OperationType": "Object Access",
    "Data.Properties": "-",
    "Data.SubjectDomainName": "STARFLEET",
    "Data.SubjectLogonId": "0x3e7",
    "Data.SubjectUserName": "THEMELBOURNE$",
    "Data.SubjectUserSid": "S-1-5-18",
    "dataSource.category": "security",
    "dataSource.name": "win-events",
    "dataSource.vendor": "Jan Tietze",
    "Description": "An operation was performed on an object.\r\n\r\nSubject :\r\n\tSecurity ID:\t\tS-1-5-18\r\n\tAccount Name:\t\tTHEMELBOURNE$\r\n\tAccount Domain:\t\tSTARFLEET\r\n\tLogon ID:\t\t0x3E7\r\n\r\nObject:\r\n\tObject Server:\t\tWMI\r\n\tObject Type:\t\tWMI Namespace\r\n\tObject Name:\t\tROOT\\CIMV2\\Security\\MicrosoftVolumeEncryption\r\n\tHandle ID:\t\t0x0\r\n\r\nOperation:\r\n\tOperation Type:\t\tObject Access\r\n\tAccesses:\t\tUnknown specific access (bit 0)\r\n\t\t\t\t\r\n\tAccess Mask:\t\t0x1\r\n\tProperties:\t\t-\r\n\r\nAdditional Information:\r\n\tParameter 1:\t\tLocal Read (GetObject)\r\n\tParameter 2:\t\tROOT\\CIMV2\\Security\\MicrosoftVolumeEncryption:Win32_EncryptableVolume",
    "endpoint.name": "TheMelbourne",
    "endpoint.os": "windows",
    "endpoint.type": "desktop",
    "endpoint.uuid": "dd6e49bfe9a8401a989c3aba3972a199",
    "EventID": 4662,
    "Level": "Information",
    "logfile": "event-log",
    "OriginalXml": "<Event xmlns='http://schemas.microsoft.com/win/2004/08/events/event'><System><Provider Name='Microsoft-Windows-Security-Auditing' Guid='{54849625-5478-4994-a5ba-3e3b0328c30d}'/><EventID>4662</EventID><Version>0</Version><Level>0</Level><Task>12804</Task><Opcode>0</Opcode><Keywords>0x8020000000000000</Keywords><TimeCreated SystemTime='2023-03-15T23:53:09.5177774Z'/><EventRecordID>38399</EventRecordID><Correlation ActivityID='{a137c077-5707-42c8-843f-4fce032c2089}'/><Execution ProcessID='660' ThreadID='732'/><Channel>Security</Channel><Computer>TheMelbourne.starfleet.corp</Computer><Security/></System><EventData><Data Name='SubjectUserSid'>S-1-5-18</Data><Data Name='SubjectUserName'>THEMELBOURNE$</Data><Data Name='SubjectDomainName'>STARFLEET</Data><Data Name='SubjectLogonId'>0x3e7</Data><Data Name='ObjectServer'>WMI</Data><Data Name='ObjectType'>WMI Namespace</Data><Data Name='ObjectName'>ROOT\\CIMV2\\Security\\MicrosoftVolumeEncryption</Data><Data Name='OperationType'>Object Access</Data><Data Name='HandleId'>0x0</Data><Data Name='AccessList'>%%1552\r\n\t\t\t\t</Data><Data Name='AccessMask'>0x1</Data><Data Name='Properties'>-</Data><Data Name='AdditionalInfo'>Local Read (GetObject)</Data><Data Name='AdditionalInfo2'>ROOT\\CIMV2\\Security\\MicrosoftVolumeEncryption:Win32_EncryptableVolume</Data></EventData></Event>",
    "serverHost": "usea1-purple-sentinelone-export-event-logs-4264180302120732rxc7",
    "serverIP": "10.192.107.215",
    "severity": 3,
    "site.id": "1535547606855605874",
    "System.Channel": "Security",
    "System.Computer": "TheMelbourne.starfleet.corp",
    "System.Correlation.ActivityID": "{a137c077-5707-42c8-843f-4fce032c2089}",
    "System.EventID": "4662",
    "System.EventRecordID": "38399",
    "System.Execution.ProcessID": "660",
    "System.Execution.ThreadID": "732",
    "System.Keywords": "0x8020000000000000",
    "System.Level": "0",
    "System.Opcode": "0",
    "System.Provider.Guid": "{54849625-5478-4994-a5ba-3e3b0328c30d}",
    "System.Provider.Name": "Microsoft-Windows-Security-Auditing",
    "System.Task": "12804",
    "System.TimeCreated.SystemTime": "2023-03-15T23:53:09.5177774Z",
    "System.Version": "0",
    "threadId": "default"
  },
  {
    "Channel": "Security",
    "Data.AccessList": "%%1552\r\n\t\t\t\t%%1553\r\n\t\t\t\t",
    "Data.AccessMask": "0x3",
    "Data.AdditionalInfo": "Local Execute (ExecMethod)",
    "Data.AdditionalInfo2": "ROOT\\CIMV2\\Security\\MicrosoftVolumeEncryption:\\\\THEMELBOURNE\\ROOT\\CIMV2\\Security\\MicrosoftVolumeEncryption:Win32_EncryptableVolume.DeviceID=\"\\\\\\\\?\\\\Volume{22386507-0000-0000-0000-300300000000}\\\\\"::GetProtectionStatus",
    "Data.HandleId": "0x0",
    "Data.ObjectName": "ROOT\\CIMV2\\Security\\MicrosoftVolumeEncryption",
    "Data.ObjectServer": "WMI",
    "Data.ObjectType": "WMI Namespace",
    "Data.OperationType": "Object Access",
    "Data.Properties": "-",
    "Data.SubjectDomainName": "STARFLEET",
    "Data.SubjectLogonId": "0x3e7",
    "Data.SubjectUserName": "THEMELBOURNE$",
    "Data.SubjectUserSid": "S-1-5-18",
    "dataSource.category": "security",
    "dataSource.name": "win-events",
    "dataSource.vendor": "Jan Tietze",
    "Description": "An operation was performed on an object.\r\n\r\nSubject :\r\n\tSecurity ID:\t\tS-1-5-18\r\n\tAccount Name:\t\tTHEMELBOURNE$\r\n\tAccount Domain:\t\tSTARFLEET\r\n\tLogon ID:\t\t0x3E7\r\n\r\nObject:\r\n\tObject Server:\t\tWMI\r\n\tObject Type:\t\tWMI Namespace\r\n\tObject Name:\t\tROOT\\CIMV2\\Security\\MicrosoftVolumeEncryption\r\n\tHandle ID:\t\t0x0\r\n\r\nOperation:\r\n\tOperation Type:\t\tObject Access\r\n\tAccesses:\t\tUnknown specific access (bit 0)\r\n\t\t\t\tUnknown specific access (bit 1)\r\n\t\t\t\t\r\n\tAccess Mask:\t\t0x3\r\n\tProperties:\t\t-\r\n\r\nAdditional Information:\r\n\tParameter 1:\t\tLocal Execute (ExecMethod)\r\n\tParameter 2:\t\tROOT\\CIMV2\\Security\\MicrosoftVolumeEncryption:\\\\THEMELBOURNE\\ROOT\\CIMV2\\Security\\MicrosoftVolumeEncryption:Win32_EncryptableVolume.DeviceID=\"\\\\\\\\?\\\\Volume{22386507-0000-0000-0000-300300000000}\\\\\"::GetProtectionStatus",
    "endpoint.name": "TheMelbourne",
    "endpoint.os": "windows",
    "endpoint.type": "desktop",
    "endpoint.uuid": "dd6e49bfe9a8401a989c3aba3972a199",
    "EventID": 4662,
    "Level": "Information",
    "logfile": "event-log",
    "OriginalXml": "<Event xmlns='http://schemas.microsoft.com/win/2004/08/events/event'><System><Provider Name='Microsoft-Windows-Security-Auditing' Guid='{54849625-5478-4994-a5ba-3e3b0328c30d}'/><EventID>4662</EventID><Version>0</Version><Level>0</Level><Task>12804</Task><Opcode>0</Opcode><Keywords>0x8020000000000000</Keywords><TimeCreated SystemTime='2023-03-15T23:53:09.5209082Z'/><EventRecordID>38400</EventRecordID><Correlation ActivityID='{c7ac3261-6ceb-45f0-8c32-15600a0d9f76}'/><Execution ProcessID='660' ThreadID='732'/><Channel>Security</Channel><Computer>TheMelbourne.starfleet.corp</Computer><Security/></System><EventData><Data Name='SubjectUserSid'>S-1-5-18</Data><Data Name='SubjectUserName'>THEMELBOURNE$</Data><Data Name='SubjectDomainName'>STARFLEET</Data><Data Name='SubjectLogonId'>0x3e7</Data><Data Name='ObjectServer'>WMI</Data><Data Name='ObjectType'>WMI Namespace</Data><Data Name='ObjectName'>ROOT\\CIMV2\\Security\\MicrosoftVolumeEncryption</Data><Data Name='OperationType'>Object Access</Data><Data Name='HandleId'>0x0</Data><Data Name='AccessList'>%%1552\r\n\t\t\t\t%%1553\r\n\t\t\t\t</Data><Data Name='AccessMask'>0x3</Data><Data Name='Properties'>-</Data><Data Name='AdditionalInfo'>Local Execute (ExecMethod)</Data><Data Name='AdditionalInfo2'>ROOT\\CIMV2\\Security\\MicrosoftVolumeEncryption:\\\\THEMELBOURNE\\ROOT\\CIMV2\\Security\\MicrosoftVolumeEncryption:Win32_EncryptableVolume.DeviceID=\"\\\\\\\\?\\\\Volume{22386507-0000-0000-0000-300300000000}\\\\\"::GetProtectionStatus</Data></EventData></Event>",
    "serverHost": "usea1-purple-sentinelone-export-event-logs-4264180302120732rxc7",
    "serverIP": "10.192.107.215",
    "severity": 3,
    "site.id": "1535547606855605874",
    "System.Channel": "Security",
    "System.Computer": "TheMelbourne.starfleet.corp",
    "System.Correlation.ActivityID": "{c7ac3261-6ceb-45f0-8c32-15600a0d9f76}",
    "System.EventID": "4662",
    "System.EventRecordID": "38400",
    "System.Execution.ProcessID": "660",
    "System.Execution.ThreadID": "732",
    "System.Keywords": "0x8020000000000000",
    "System.Level": "0",
    "System.Opcode": "0",
    "System.Provider.Guid": "{54849625-5478-4994-a5ba-3e3b0328c30d}",
    "System.Provider.Name": "Microsoft-Windows-Security-Auditing",
    "System.Task": "12804",
    "System.TimeCreated.SystemTime": "2023-03-15T23:53:09.5209082Z",
    "System.Version": "0",
    "threadId": "default"
  },
  {
    "Account_Domain": "WORKGROUP",
    "Account_Name": "THIB-ATOMIC$",
    "ActivityId": "{0D0147C1-2833-4C71-BBB5-072DC1DEDA31}",
    "Channel": "Security",
    "Computer": "Thib-Atomic",
    "dataSource.category": "security",
    "dataSource.name": "Skylight Agent Metrics",
    "dataSource.vendor": "RoarinPenguin",
    "EventID": 4662,
    "Keywords": "Audit Success",
    "Level": "Information",
    "logfile": "C:\\Program Files (x86)\\Scalyr\\log\\windows_event_log_monitor.log",
    "Logon_Id": "0x3E7",
    "Message": "An operation was performed on an object.\r\n\r\nSubject :\r\n\tSecurity ID:\t\tS-1-5-18\r\n\tAccount Name:\t\tTHIB-ATOMIC$\r\n\tAccount Domain:\t\tWORKGROUP\r\n\tLogon ID:\t\t0x3E7\r\n\r\nObject:\r\n\tObject Server:\t\tWMI\r\n\tObject Type:\t\tWMI Namespace\r\n\tObject Name:\t\tROOT\\CIMV2\\Security\\MicrosoftVolumeEncryption\r\n\tHandle ID:\t\t0x0\r\n\r\nOperation:\r\n\tOperation Type:\t\tObject Access\r\n\tAccesses:\t\tUnknown specific access (bit 0)\r\n\t\t\t\t\r\n\tAccess Mask:\t\t0x1\r\n\tProperties:\t\t-\r\n\r\nAdditional Information:\r\n\tParameter 1:\t\tLocal Read (ConnectServer)\r\n\tParameter 2:\t\tROOT\\CIMV2\\Security\\MicrosoftVolumeEncryption",
    "metric": "EventLog",
    "monitor": "windows_event_log_monitor",
    "Opcode": "Info",
    "parser": "agent-metrics",
    "path1": "EventLog",
    "ProcessId": 780,
    "ProviderGuid": "{54849625-5478-4994-A5BA-3E3B0328C30D}",
    "ProviderName": "Microsoft-Windows-Security-Auditing",
    "RecordId": 2393042,
    "serverHost": "ThibaultB-WindowsEvents",
    "serverIP": "10.192.97.57",
    "severity": 3,
    "site.id": "1336402404792178959",
    "source": "tsdb",
    "Task": "Other Object Access Events",
    "threadId": "log_2",
    "ThreadId": 6048,
    "tier": "Purple",
    "TimeCreated": "2023-03-15 23:53:08Z",
    "user.displayName": "THIB-ATOMIC$",
    "value": "Microsoft-Windows-Security-Auditing",
    "Version": "0\r"
  },
  {
    "Account_Domain": "WORKGROUP",
    "Account_Name": "THIB-ATOMIC$",
    "ActivityId": "{D1C85AEA-0ADE-4B17-8440-4B365D9F43F1}",
    "Channel": "Security",
    "Computer": "Thib-Atomic",
    "dataSource.category": "security",
    "dataSource.name": "Skylight Agent Metrics",
    "dataSource.vendor": "RoarinPenguin",
    "EventID": 4662,
    "Keywords": "Audit Success",
    "Level": "Information",
    "logfile": "C:\\Program Files (x86)\\Scalyr\\log\\windows_event_log_monitor.log",
    "Logon_Id": "0x3E7",
    "Message": "An operation was performed on an object.\r\n\r\nSubject :\r\n\tSecurity ID:\t\tS-1-5-18\r\n\tAccount Name:\t\tTHIB-ATOMIC$\r\n\tAccount Domain:\t\tWORKGROUP\r\n\tLogon ID:\t\t0x3E7\r\n\r\nObject:\r\n\tObject Server:\t\tWMI\r\n\tObject Type:\t\tWMI Namespace\r\n\tObject Name:\t\tROOT\\CIMV2\\Security\\MicrosoftVolumeEncryption\r\n\tHandle ID:\t\t0x0\r\n\r\nOperation:\r\n\tOperation Type:\t\tObject Access\r\n\tAccesses:\t\tUnknown specific access (bit 0)\r\n\t\t\t\t\r\n\tAccess Mask:\t\t0x1\r\n\tProperties:\t\t-\r\n\r\nAdditional Information:\r\n\tParameter 1:\t\tLocal Read (ExecQuery)\r\n\tParameter 2:\t\tROOT\\CIMV2\\Security\\MicrosoftVolumeEncryption:SELECT * FROM Win32_EncryptableVolume",
    "metric": "EventLog",
    "monitor": "windows_event_log_monitor",
    "Opcode": "Info",
    "parser": "agent-metrics",
    "path1": "EventLog",
    "ProcessId": 780,
    "ProviderGuid": "{54849625-5478-4994-A5BA-3E3B0328C30D}",
    "ProviderName": "Microsoft-Windows-Security-Auditing",
    "RecordId": 2393043,
    "serverHost": "ThibaultB-WindowsEvents",
    "serverIP": "10.192.97.57",
    "severity": 3,
    "site.id": "1336402404792178959",
    "source": "tsdb",
    "Task": "Other Object Access Events",
    "threadId": "log_2",
    "ThreadId": 6048,
    "tier": "Purple",
    "TimeCreated": "2023-03-15 23:53:08Z",
    "user.displayName": "THIB-ATOMIC$",
    "value": "Microsoft-Windows-Security-Auditing",
    "Version": "0\r"
  },
  {
    "Account_Domain": "WORKGROUP",
    "Account_Name": "THIB-ATOMIC$",
    "ActivityId": "{DDA7450D-E923-477A-8A82-6E6E1F07EC02}",
    "Channel": "Security",
    "Computer": "Thib-Atomic",
    "dataSource.category": "security",
    "dataSource.name": "Skylight Agent Metrics",
    "dataSource.vendor": "RoarinPenguin",
    "EventID": 4662,
    "Keywords": "Audit Success",
    "Level": "Information",
    "logfile": "C:\\Program Files (x86)\\Scalyr\\log\\windows_event_log_monitor.log",
    "Logon_Id": "0x3E7",
    "Message": "An operation was performed on an object.\r\n\r\nSubject :\r\n\tSecurity ID:\t\tS-1-5-18\r\n\tAccount Name:\t\tTHIB-ATOMIC$\r\n\tAccount Domain:\t\tWORKGROUP\r\n\tLogon ID:\t\t0x3E7\r\n\r\nObject:\r\n\tObject Server:\t\tWMI\r\n\tObject Type:\t\tWMI Namespace\r\n\tObject Name:\t\tROOT\\CIMV2\\Security\\MicrosoftVolumeEncryption\r\n\tHandle ID:\t\t0x0\r\n\r\nOperation:\r\n\tOperation Type:\t\tObject Access\r\n\tAccesses:\t\tUnknown specific access (bit 0)\r\n\t\t\t\t\r\n\tAccess Mask:\t\t0x1\r\n\tProperties:\t\t-\r\n\r\nAdditional Information:\r\n\tParameter 1:\t\tLocal Read (ConnectServer)\r\n\tParameter 2:\t\tROOT\\CIMV2\\Security\\MicrosoftVolumeEncryption",
    "metric": "EventLog",
    "monitor": "windows_event_log_monitor",
    "Opcode": "Info",
    "parser": "agent-metrics",
    "path1": "EventLog",
    "ProcessId": 780,
    "ProviderGuid": "{54849625-5478-4994-A5BA-3E3B0328C30D}",
    "ProviderName": "Microsoft-Windows-Security-Auditing",
    "RecordId": 2393044,
    "serverHost": "ThibaultB-WindowsEvents",
    "serverIP": "10.192.97.57",
    "severity": 3,
    "site.id": "1336402404792178959",
    "source": "tsdb",
    "Task": "Other Object Access Events",
    "threadId": "log_2",
    "ThreadId": 6048,
    "tier": "Purple",
    "TimeCreated": "2023-03-15 23:53:08Z",
    "user.displayName": "THIB-ATOMIC$",
    "value": "Microsoft-Windows-Security-Auditing",
    "Version": "0\r"
  },
  {
    "Account_Domain": "WORKGROUP",
    "Account_Name": "THIB-ATOMIC$",
    "ActivityId": "{2ABEA3E2-6F5D-4F9C-A5E5-68E3A76DE739}",
    "Channel": "Security",
    "Computer": "Thib-Atomic",
    "dataSource.category": "security",
    "dataSource.name": "Skylight Agent Metrics",
    "dataSource.vendor": "RoarinPenguin",
    "DeviceID": "'\\\\\\\\\\\\\\\\?\\\\\\\\Volume{36bc809d-2653-4a24-8181-42720d603084}\\\\\\\\'",
    "EventID": 4662,
    "Keywords": "Audit Success",
    "Level": "Information",
    "logfile": "C:\\Program Files (x86)\\Scalyr\\log\\windows_event_log_monitor.log",
    "Logon_Id": "0x3E7",
    "Message": "An operation was performed on an object.\r\n\r\nSubject :\r\n\tSecurity ID:\t\tS-1-5-18\r\n\tAccount Name:\t\tTHIB-ATOMIC$\r\n\tAccount Domain:\t\tWORKGROUP\r\n\tLogon ID:\t\t0x3E7\r\n\r\nObject:\r\n\tObject Server:\t\tWMI\r\n\tObject Type:\t\tWMI Namespace\r\n\tObject Name:\t\tROOT\\CIMV2\\Security\\MicrosoftVolumeEncryption\r\n\tHandle ID:\t\t0x0\r\n\r\nOperation:\r\n\tOperation Type:\t\tObject Access\r\n\tAccesses:\t\tUnknown specific access (bit 0)\r\n\t\t\t\t\r\n\tAccess Mask:\t\t0x1\r\n\tProperties:\t\t-\r\n\r\nAdditional Information:\r\n\tParameter 1:\t\tLocal Read (ExecQuery)\r\n\tParameter 2:\t\tROOT\\CIMV2\\Security\\MicrosoftVolumeEncryption:SELECT * FROM Win32_EncryptableVolume WHERE DeviceID='\\\\\\\\?\\\\Volume{36bc809d-2653-4a24-8181-42720d603084}\\\\'",
    "metric": "EventLog",
    "monitor": "windows_event_log_monitor",
    "Opcode": "Info",
    "parser": "agent-metrics",
    "path1": "EventLog",
    "ProcessId": 780,
    "ProviderGuid": "{54849625-5478-4994-A5BA-3E3B0328C30D}",
    "ProviderName": "Microsoft-Windows-Security-Auditing",
    "RecordId": 2393045,
    "serverHost": "ThibaultB-WindowsEvents",
    "serverIP": "10.192.97.57",
    "severity": 3,
    "site.id": "1336402404792178959",
    "source": "tsdb",
    "Task": "Other Object Access Events",
    "threadId": "log_2",
    "ThreadId": 6048,
    "tier": "Purple",
    "TimeCreated": "2023-03-15 23:53:08Z",
    "user.displayName": "THIB-ATOMIC$",
    "value": "Microsoft-Windows-Security-Auditing",
    "Version": "0\r"
  },
  {
    "Account_Domain": "WORKGROUP",
    "Account_Name": "THIB-ATOMIC$",
    "ActivityId": "{BB1F9CB7-5E86-42EB-BE3D-699A8BFC7928}",
    "Channel": "Security",
    "Computer": "Thib-Atomic",
    "dataSource.category": "security",
    "dataSource.name": "Skylight Agent Metrics",
    "dataSource.vendor": "RoarinPenguin",
    "EventID": 4662,
    "Keywords": "Audit Success",
    "Level": "Information",
    "logfile": "C:\\Program Files (x86)\\Scalyr\\log\\windows_event_log_monitor.log",
    "Logon_Id": "0x3E7",
    "Message": "An operation was performed on an object.\r\n\r\nSubject :\r\n\tSecurity ID:\t\tS-1-5-18\r\n\tAccount Name:\t\tTHIB-ATOMIC$\r\n\tAccount Domain:\t\tWORKGROUP\r\n\tLogon ID:\t\t0x3E7\r\n\r\nObject:\r\n\tObject Server:\t\tWMI\r\n\tObject Type:\t\tWMI Namespace\r\n\tObject Name:\t\tROOT\\CIMV2\\Security\\MicrosoftVolumeEncryption\r\n\tHandle ID:\t\t0x0\r\n\r\nOperation:\r\n\tOperation Type:\t\tObject Access\r\n\tAccesses:\t\tUnknown specific access (bit 0)\r\n\t\t\t\t\r\n\tAccess Mask:\t\t0x1\r\n\tProperties:\t\t-\r\n\r\nAdditional Information:\r\n\tParameter 1:\t\tLocal Read (GetObject)\r\n\tParameter 2:\t\tROOT\\CIMV2\\Security\\MicrosoftVolumeEncryption:Win32_EncryptableVolume",
    "metric": "EventLog",
    "monitor": "windows_event_log_monitor",
    "Opcode": "Info",
    "parser": "agent-metrics",
    "path1": "EventLog",
    "ProcessId": 780,
    "ProviderGuid": "{54849625-5478-4994-A5BA-3E3B0328C30D}",
    "ProviderName": "Microsoft-Windows-Security-Auditing",
    "RecordId": 2393046,
    "serverHost": "ThibaultB-WindowsEvents",
    "serverIP": "10.192.97.57",
    "severity": 3,
    "site.id": "1336402404792178959",
    "source": "tsdb",
    "Task": "Other Object Access Events",
    "threadId": "log_2",
    "ThreadId": 6048,
    "tier": "Purple",
    "TimeCreated": "2023-03-15 23:53:08Z",
    "user.displayName": "THIB-ATOMIC$",
    "value": "Microsoft-Windows-Security-Auditing",
    "Version": "0\r"
  },
  {
    "Account_Domain": "WORKGROUP",
    "Account_Name": "THIB-ATOMIC$",
    "ActivityId": "{891F9DA4-CFEE-4FEC-83F4-44BA7C6147A8}",
    "Channel": "Security",
    "Computer": "Thib-Atomic",
    "dataSource.category": "security",
    "dataSource.name": "Skylight Agent Metrics",
    "dataSource.vendor": "RoarinPenguin",
    "EventID": 4662,
    "Keywords": "Audit Success",
    "Level": "Information",
    "logfile": "C:\\Program Files (x86)\\Scalyr\\log\\windows_event_log_monitor.log",
    "Logon_Id": "0x3E7",
    "Message": "An operation was performed on an object.\r\n\r\nSubject :\r\n\tSecurity ID:\t\tS-1-5-18\r\n\tAccount Name:\t\tTHIB-ATOMIC$\r\n\tAccount Domain:\t\tWORKGROUP\r\n\tLogon ID:\t\t0x3E7\r\n\r\nObject:\r\n\tObject Server:\t\tWMI\r\n\tObject Type:\t\tWMI Namespace\r\n\tObject Name:\t\tROOT\\CIMV2\\Security\\MicrosoftVolumeEncryption\r\n\tHandle ID:\t\t0x0\r\n\r\nOperation:\r\n\tOperation Type:\t\tObject Access\r\n\tAccesses:\t\tUnknown specific access (bit 0)\r\n\t\t\t\tUnknown specific access (bit 1)\r\n\t\t\t\t\r\n\tAccess Mask:\t\t0x3\r\n\tProperties:\t\t-\r\n\r\nAdditional Information:\r\n\tParameter 1:\t\tLocal Execute (ExecMethod)\r\n\tParameter 2:\t\tROOT\\CIMV2\\Security\\MicrosoftVolumeEncryption:\\\\THIB-ATOMIC\\ROOT\\CIMV2\\Security\\MicrosoftVolumeEncryption:Win32_EncryptableVolume.DeviceID=\"\\\\\\\\?\\\\Volume{36bc809d-2653-4a24-8181-42720d603084}\\\\\"::GetProtectionStatus",
    "metric": "EventLog",
    "monitor": "windows_event_log_monitor",
    "Opcode": "Info",
    "parser": "agent-metrics",
    "path1": "EventLog",
    "ProcessId": 780,
    "ProviderGuid": "{54849625-5478-4994-A5BA-3E3B0328C30D}",
    "ProviderName": "Microsoft-Windows-Security-Auditing",
    "RecordId": 2393047,
    "serverHost": "ThibaultB-WindowsEvents",
    "serverIP": "10.192.97.57",
    "severity": 3,
    "site.id": "1336402404792178959",
    "source": "tsdb",
    "Task": "Other Object Access Events",
    "threadId": "log_2",
    "ThreadId": 6048,
    "tier": "Purple",
    "TimeCreated": "2023-03-15 23:53:08Z",
    "user.displayName": "THIB-ATOMIC$",
    "value": "Microsoft-Windows-Security-Auditing",
    "Version": "0\r"
  },
